2023-03-09 17:10:08.738 [info] Log level: Info
2023-03-09 17:10:08.738 [info] Validating found git in: "git"
2023-03-09 17:10:08.738 [info] Using git "2.34.1" from "git"
2023-03-09 17:10:08.748 [info] > git rev-parse --show-toplevel [19ms]
2023-03-09 17:10:08.802 [info] > git rev-parse --git-dir --git-common-dir [23ms]
2023-03-09 17:10:08.809 [info] Open repository: /root
2023-03-09 17:10:08.819 [info] > git rev-parse --show-toplevel [6ms]
2023-03-09 17:10:08.833 [info] > git rev-parse --show-toplevel [10ms]
2023-03-09 17:10:08.836 [info] > git config --get commit.template [18ms]
2023-03-09 17:10:08.921 [info] > git rev-parse --show-toplevel [85ms]
2023-03-09 17:10:09.026 [info] > git rev-parse --show-toplevel [102ms]
2023-03-09 17:10:09.034 [info] > git rev-parse --show-toplevel [4ms]
2023-03-09 17:10:09.038 [info] > git for-each-ref --format=%(refname)%00%(upstream:short)%00%(objectname)%00%(upstream:track)%00%(upstream:remotename)%00%(upstream:remoteref) refs/heads/main refs/remotes/main [110ms]
2023-03-09 17:10:09.045 [info] > git rev-parse --show-toplevel [6ms]
2023-03-09 17:10:09.054 [info] > git rev-parse --show-toplevel [5ms]
2023-03-09 17:10:09.065 [info] > git rev-parse --git-dir --git-common-dir [5ms]
2023-03-09 17:10:09.067 [info] Open repository: /root/.nvm
2023-03-09 17:10:09.078 [info] > git rev-parse --show-toplevel [5ms]
2023-03-09 17:10:09.083 [info] > git config --get commit.template [6ms]
2023-03-09 17:10:09.084 [info] > git rev-parse --show-toplevel [3ms]
2023-03-09 17:10:09.092 [info] > git rev-parse --show-toplevel [4ms]
2023-03-09 17:10:09.096 [info] > git for-each-ref --format %(refname) %(objectname) %(*objectname) refs/tags [5ms]
2023-03-09 17:10:09.100 [info] > git rev-parse --show-toplevel [5ms]
2023-03-09 17:10:09.104 [info] > git status -z -uall [4ms]
2023-03-09 17:10:09.110 [info] > git rev-parse --show-toplevel [7ms]
2023-03-09 17:10:09.115 [info] > git config --get commit.template [6ms]
2023-03-09 17:10:09.115 [info] > git rev-parse --show-toplevel [1ms]
2023-03-09 17:10:09.125 [info] > git for-each-ref --format %(refname) %(objectname) %(*objectname) refs/tags [3ms]
2023-03-09 17:10:09.130 [info] > git rev-parse --show-toplevel [11ms]
2023-03-09 17:10:09.135 [info] > git status -z -uall [92ms]
2023-03-09 17:10:09.135 [info] > git status -z -uall [5ms]
2023-03-09 17:10:09.136 [info] > git rev-parse --git-dir --git-common-dir [3ms]
2023-03-09 17:10:09.139 [info] Open repository: /root/hardhat-simple-storage-fcc
2023-03-09 17:10:09.203 [info] > git rev-parse --show-toplevel [59ms]
2023-03-09 17:10:09.209 [info] > git rev-parse --show-toplevel [1ms]
2023-03-09 17:10:09.221 [info] > git config --get commit.template [18ms]
2023-03-09 17:10:09.221 [info] > git config --get commit.template [22ms]
2023-03-09 17:10:09.222 [info] > git show --textconv :test/unit/FundMe.test.js [6ms]
2023-03-09 17:10:09.234 [info] > git ls-files --stage -- /root/test/unit/FundMe.test.js [14ms]
2023-03-09 17:10:09.248 [info] > git for-each-ref --format=%(refname)%00%(upstream:short)%00%(objectname)%00%(upstream:track)%00%(upstream:remotename)%00%(upstream:remoteref) refs/heads/main refs/remotes/main [13ms]
2023-03-09 17:10:09.252 [info] > git for-each-ref --format=%(refname)%00%(upstream:short)%00%(objectname)%00%(upstream:track)%00%(upstream:remotename)%00%(upstream:remoteref) refs/heads/main refs/remotes/main [23ms]
2023-03-09 17:10:09.484 [info] > git status -z -uall [232ms]
2023-03-09 17:10:09.484 [info] > git status -z -uall [227ms]
2023-03-09 17:10:09.528 [info] > git check-ignore -v -z --stdin [1ms]
2023-03-09 17:11:38.633 [info] > git config --get commit.template [3ms]
2023-03-09 17:11:38.635 [info] > git for-each-ref --format=%(refname)%00%(upstream:short)%00%(objectname)%00%(upstream:track)%00%(upstream:remotename)%00%(upstream:remoteref) refs/heads/main refs/remotes/main [1ms]
2023-03-09 17:11:38.679 [info] > git status -z -uall [42ms]
2023-03-09 17:11:43.718 [info] > git config --get commit.template [0ms]
2023-03-09 17:11:43.721 [info] > git for-each-ref --format=%(refname)%00%(upstream:short)%00%(objectname)%00%(upstream:track)%00%(upstream:remotename)%00%(upstream:remoteref) refs/heads/main refs/remotes/main [0ms]
2023-03-09 17:11:43.764 [info] > git status -z -uall [41ms]
2023-03-09 17:11:48.800 [info] > git config --get commit.template [3ms]
2023-03-09 17:11:48.800 [info] > git for-each-ref --format=%(refname)%00%(upstream:short)%00%(objectname)%00%(upstream:track)%00%(upstream:remotename)%00%(upstream:remoteref) refs/heads/main refs/remotes/main [1ms]
2023-03-09 17:11:48.843 [info] > git status -z -uall [41ms]
2023-03-09 17:11:53.876 [info] > git config --get commit.template [1ms]
2023-03-09 17:11:53.879 [info] > git for-each-ref --format=%(refname)%00%(upstream:short)%00%(objectname)%00%(upstream:track)%00%(upstream:remotename)%00%(upstream:remoteref) refs/heads/main refs/remotes/main [1ms]
2023-03-09 17:11:53.922 [info] > git status -z -uall [41ms]
2023-03-09 17:12:00.201 [info] > git config --get commit.template [0ms]
2023-03-09 17:12:00.203 [info] > git for-each-ref --format=%(refname)%00%(upstream:short)%00%(objectname)%00%(upstream:track)%00%(upstream:remotename)%00%(upstream:remoteref) refs/heads/main refs/remotes/main [0ms]
2023-03-09 17:12:00.248 [info] > git status -z -uall [42ms]
2023-03-09 17:12:05.278 [info] > git config --get commit.template [2ms]
2023-03-09 17:12:05.278 [info] > git for-each-ref --format=%(refname)%00%(upstream:short)%00%(objectname)%00%(upstream:track)%00%(upstream:remotename)%00%(upstream:remoteref) refs/heads/main refs/remotes/main [1ms]
2023-03-09 17:12:05.321 [info] > git status -z -uall [40ms]
2023-03-09 17:12:10.350 [info] > git config --get commit.template [0ms]
2023-03-09 17:12:10.353 [info] > git for-each-ref --format=%(refname)%00%(upstream:short)%00%(objectname)%00%(upstream:track)%00%(upstream:remotename)%00%(upstream:remoteref) refs/heads/main refs/remotes/main [0ms]
2023-03-09 17:12:10.397 [info] > git status -z -uall [42ms]
2023-03-09 17:12:15.427 [info] > git config --get commit.template [3ms]
2023-03-09 17:12:15.427 [info] > git for-each-ref --format=%(refname)%00%(upstream:short)%00%(objectname)%00%(upstream:track)%00%(upstream:remotename)%00%(upstream:remoteref) refs/heads/main refs/remotes/main [1ms]
2023-03-09 17:12:15.471 [info] > git status -z -uall [42ms]
2023-03-09 17:12:20.501 [info] > git config --get commit.template [3ms]
2023-03-09 17:12:20.501 [info] > git for-each-ref --format=%(refname)%00%(upstream:short)%00%(objectname)%00%(upstream:track)%00%(upstream:remotename)%00%(upstream:remoteref) refs/heads/main refs/remotes/main [0ms]
2023-03-09 17:12:20.545 [info] > git status -z -uall [41ms]
2023-03-09 17:12:25.574 [info] > git config --get commit.template [3ms]
2023-03-09 17:12:25.575 [info] > git for-each-ref --format=%(refname)%00%(upstream:short)%00%(objectname)%00%(upstream:track)%00%(upstream:remotename)%00%(upstream:remoteref) refs/heads/main refs/remotes/main [1ms]
2023-03-09 17:12:25.618 [info] > git status -z -uall [40ms]
2023-03-09 17:12:30.646 [info] > git config --get commit.template [2ms]
2023-03-09 17:12:30.649 [info] > git for-each-ref --format=%(refname)%00%(upstream:short)%00%(objectname)%00%(upstream:track)%00%(upstream:remotename)%00%(upstream:remoteref) refs/heads/main refs/remotes/main [1ms]
2023-03-09 17:12:30.695 [info] > git status -z -uall [43ms]
