[Info  - 6:52:07 PM] Solidity by Nomic Foundation Starting ...
[Info  - 6:52:07 PM] env: production
[Info  - 6:52:07 PM] Client starting
[Info  - 6:52:08 PM] Language server starting
[Info  - 6:52:08 PM]   Release: hardhat-solidity@0.6.10
[Info  - 6:52:08 PM]   Environment: production
[Info  - 6:52:08 PM]   Telemetry Enabled: false
[Info  - 6:52:08 PM]   Telemetry Tracking Id: 0067dfea6e...
[Info  - 6:52:08 PM]   Workspace Folders:
[Info  - 6:52:08 PM]     root (file:///root)
[Info  - 6:52:08 PM] Fetching latest solidity versions
[Info  - 6:52:09 PM] Language server ready
[Info  - 6:52:09 PM] [indexing] Found projects:
[Info  - 6:52:09 PM] [indexing] -  Type: Hardhat
[Info  - 6:52:09 PM] [indexing]    Base path: /root/folder/hardhat-simple-storage-fcc
[Info  - 6:52:09 PM] [indexing]    Config file: /root/folder/hardhat-simple-storage-fcc/hardhat.config.js
[Info  - 6:52:09 PM] [indexing] Initializing /root/folder/hardhat-simple-storage-fcc/hardhat.config.js
[Info  - 6:52:09 PM] [hardhat-simple-storage-fcc] Local HRE loaded
[Info  - 6:52:09 PM] [indexing] Done /root/folder/hardhat-simple-storage-fcc/hardhat.config.js
[Info  - 6:52:09 PM] [indexing] Scanning workspace folders for sol files
[Info  - 6:52:09 PM] [indexing] Scan complete, 20 sol files found
[Info  - 6:52:31 PM] Telemetry disabled
Downloading compiler 0.8.1
Downloading compiler 0.8.8
[Info  - 7:29:05 PM] [hardhat-simple-storage-fcc] Config file changed. Restarting worker process.
[Info  - 7:29:05 PM] [hardhat-simple-storage-fcc] Child process exited: null
[Info  - 7:29:06 PM] [hardhat-simple-storage-fcc] Local HRE loaded
[Info  - 7:52:23 PM] [hardhat-simple-storage-fcc] Config file changed. Restarting worker process.
[Info  - 7:52:23 PM] [hardhat-simple-storage-fcc] Child process exited: null
[Info  - 7:52:23 PM] [hardhat-simple-storage-fcc] Local HRE loaded
[Info  - 7:53:56 PM] [hardhat-simple-storage-fcc] Config file changed. Restarting worker process.
[Info  - 7:53:56 PM] [hardhat-simple-storage-fcc] Child process exited: null
[Info  - 7:53:56 PM] [hardhat-simple-storage-fcc] Config file changed. Restarting worker process.
[Info  - 7:53:56 PM] [hardhat-simple-storage-fcc] Child process exited: null
[Info  - 7:53:57 PM] [hardhat-simple-storage-fcc] Local HRE loaded
[Info  - 7:55:27 PM] [hardhat-simple-storage-fcc] Config file changed. Restarting worker process.
[Info  - 7:55:27 PM] [hardhat-simple-storage-fcc] Child process exited: null
[Info  - 7:55:27 PM] [hardhat-simple-storage-fcc] Local HRE loaded
[Info  - 7:55:41 PM] [hardhat-simple-storage-fcc] Config file changed. Restarting worker process.
[Info  - 7:55:41 PM] [hardhat-simple-storage-fcc] Child process exited: null
[Info  - 7:55:41 PM] [hardhat-simple-storage-fcc] Local HRE loaded
[Info  - 7:56:27 PM] [hardhat-simple-storage-fcc] Config file changed. Restarting worker process.
[Info  - 7:56:27 PM] [hardhat-simple-storage-fcc] Child process exited: null
[Info  - 7:56:28 PM] [hardhat-simple-storage-fcc] Local HRE loaded
