2023-03-23 18:11:20.076 [info] Extension host with pid 292 started
2023-03-23 18:11:20.163 [info] ExtensionService#_doActivateExtension vscode.emmet, startup: false, activationEvent: 'onLanguage'
2023-03-23 18:11:20.164 [info] ExtensionService#_doActivateExtension vscode.git-base, startup: true, activationEvent: '*', root cause: vscode.git
2023-03-23 18:11:20.187 [info] ExtensionService#_doActivateExtension vscode.npm, startup: true, activationEvent: 'workspaceContains:package.json'
2023-03-23 18:11:20.223 [info] Lock '/root/.vscode-server/data/User/workspaceStorage/7357c8406dd7ab776bfe1fd154ad47e5/vscode.lock': Lock acquired.
2023-03-23 18:11:20.301 [info] ExtensionService#_doActivateExtension vscode.git, startup: true, activationEvent: '*'
2023-03-23 18:11:20.301 [info] ExtensionService#_doActivateExtension vscode.github, startup: true, activationEvent: '*'
2023-03-23 18:11:20.482 [info] ExtensionService#_doActivateExtension NomicFoundation.hardhat-solidity, startup: true, activationEvent: 'workspaceContains:**/hardhat.config.{ts,js},**/foundry.toml'
2023-03-23 18:11:20.921 [info] ExtensionService#_doActivateExtension vscode.configuration-editing, startup: false, activationEvent: 'onLanguage:jsonc'
2023-03-23 18:11:20.922 [info] ExtensionService#_doActivateExtension vscode.json-language-features, startup: false, activationEvent: 'onLanguage:jsonc'
2023-03-23 18:11:20.922 [info] ExtensionService#_doActivateExtension vscode.typescript-language-features, startup: false, activationEvent: 'onLanguage:jsonc'
2023-03-23 18:11:21.169 [info] Eager extensions activated
2023-03-23 18:11:21.169 [info] ExtensionService#_doActivateExtension vscode.debug-auto-launch, startup: false, activationEvent: 'onStartupFinished'
2023-03-23 18:11:21.170 [info] ExtensionService#_doActivateExtension vscode.merge-conflict, startup: false, activationEvent: 'onStartupFinished'
2023-03-23 18:11:21.170 [info] ExtensionService#_doActivateExtension esbenp.prettier-vscode, startup: false, activationEvent: 'onStartupFinished'
2023-03-23 18:11:21.292 [warning] [Decorations] CAPPING events from decorations provider vscode.git 510
2023-03-23 18:11:21.383 [warning] [Decorations] CAPPING events from decorations provider vscode.git 511
2023-03-23 18:11:31.110 [warning] [Decorations] CAPPING events from decorations provider vscode.git 529
2023-03-23 18:11:41.319 [warning] [Decorations] CAPPING events from decorations provider vscode.git 529
2023-03-23 18:11:46.353 [warning] [Decorations] CAPPING events from decorations provider vscode.git 529
2023-03-23 18:11:51.388 [warning] [Decorations] CAPPING events from decorations provider vscode.git 532
2023-03-23 18:12:12.951 [warning] [Decorations] CAPPING events from decorations provider vscode.git 530
2023-03-23 19:48:04.508 [warning] [Decorations] CAPPING events from decorations provider vscode.git 530
2023-03-23 19:48:10.237 [warning] [Decorations] CAPPING events from decorations provider vscode.git 530
2023-03-23 19:51:00.114 [warning] [Decorations] CAPPING events from decorations provider vscode.git 530
2023-03-23 19:59:02.376 [warning] [Decorations] CAPPING events from decorations provider vscode.git 530
2023-03-23 20:16:50.656 [warning] [Decorations] CAPPING events from decorations provider vscode.git 530
2023-03-23 20:16:55.700 [warning] [Decorations] CAPPING events from decorations provider vscode.git 530
2023-03-23 20:19:26.868 [warning] [Decorations] CAPPING events from decorations provider vscode.git 530
2023-03-23 20:19:31.899 [warning] [Decorations] CAPPING events from decorations provider vscode.git 530
2023-03-23 20:19:36.931 [warning] [Decorations] CAPPING events from decorations provider vscode.git 530
2023-03-23 20:19:41.961 [warning] [Decorations] CAPPING events from decorations provider vscode.git 530
2023-03-23 20:19:46.999 [warning] [Decorations] CAPPING events from decorations provider vscode.git 530
2023-03-23 20:19:52.030 [warning] [Decorations] CAPPING events from decorations provider vscode.git 530
2023-03-23 20:19:57.065 [warning] [Decorations] CAPPING events from decorations provider vscode.git 530
2023-03-23 20:20:02.097 [warning] [Decorations] CAPPING events from decorations provider vscode.git 530
2023-03-23 20:20:07.130 [warning] [Decorations] CAPPING events from decorations provider vscode.git 530
2023-03-23 20:20:12.166 [warning] [Decorations] CAPPING events from decorations provider vscode.git 530
2023-03-23 20:20:17.199 [warning] [Decorations] CAPPING events from decorations provider vscode.git 530
2023-03-23 20:20:22.232 [warning] [Decorations] CAPPING events from decorations provider vscode.git 530
2023-03-23 20:20:27.263 [warning] [Decorations] CAPPING events from decorations provider vscode.git 530
2023-03-23 20:20:32.295 [warning] [Decorations] CAPPING events from decorations provider vscode.git 530
2023-03-23 20:20:37.325 [warning] [Decorations] CAPPING events from decorations provider vscode.git 530
2023-03-23 20:20:47.694 [warning] [Decorations] CAPPING events from decorations provider vscode.git 530
2023-03-23 20:20:51.109 [info] ExtensionService#_doActivateExtension vscode.extension-editing, startup: false, activationEvent: 'onLanguage:ignore'
2023-03-23 20:20:52.723 [warning] [Decorations] CAPPING events from decorations provider vscode.git 530
2023-03-23 20:20:57.753 [warning] [Decorations] CAPPING events from decorations provider vscode.git 530
2023-03-23 20:21:02.784 [warning] [Decorations] CAPPING events from decorations provider vscode.git 530
2023-03-23 20:28:49.660 [warning] [Decorations] CAPPING events from decorations provider vscode.git 533
2023-03-23 20:28:54.692 [warning] [Decorations] CAPPING events from decorations provider vscode.git 528
2023-03-23 20:29:04.660 [warning] [Decorations] CAPPING events from decorations provider vscode.git 528
2023-03-23 20:29:16.213 [warning] [Decorations] CAPPING events from decorations provider vscode.git 528
2023-03-23 20:29:21.248 [warning] [Decorations] CAPPING events from decorations provider vscode.git 528
2023-03-23 20:29:26.278 [warning] [Decorations] CAPPING events from decorations provider vscode.git 528
2023-03-23 20:29:31.308 [warning] [Decorations] CAPPING events from decorations provider vscode.git 528
2023-03-23 20:29:39.916 [warning] [Decorations] CAPPING events from decorations provider vscode.git 528
