2023-02-25 13:43:05.966 [info] Log level: Info
2023-02-25 13:43:05.966 [info] Validating found git in: "git"
2023-02-25 13:43:05.966 [info] Using git "2.34.1" from "git"
2023-02-25 13:43:05.966 [info] > git rev-parse --show-toplevel [4ms]
2023-02-25 13:43:05.966 [info] fatal: not a git repository (or any of the parent directories): .git
2023-02-25 13:43:05.966 [info] > git rev-parse --show-toplevel [1ms]
2023-02-25 13:43:05.966 [info] fatal: not a git repository (or any of the parent directories): .git
2023-02-25 13:43:05.966 [info] > git rev-parse --show-toplevel [1ms]
2023-02-25 13:43:05.966 [info] fatal: not a git repository (or any of the parent directories): .git
2023-02-25 13:43:05.966 [info] > git rev-parse --show-toplevel [1ms]
2023-02-25 13:43:05.966 [info] fatal: not a git repository (or any of the parent directories): .git
2023-02-25 13:43:05.966 [info] > git rev-parse --show-toplevel [707ms]
2023-02-25 13:43:05.966 [info] fatal: not a git repository (or any of the parent directories): .git
2023-02-25 13:43:05.968 [info] > git rev-parse --show-toplevel [75ms]
2023-02-25 13:43:05.968 [info] fatal: not a git repository (or any of the parent directories): .git
2023-02-25 13:43:05.975 [info] > git rev-parse --show-toplevel [3ms]
2023-02-25 13:43:05.975 [info] fatal: not a git repository (or any of the parent directories): .git
2023-02-25 13:43:05.981 [info] > git rev-parse --show-toplevel [2ms]
2023-02-25 13:43:05.984 [info] > git rev-parse --git-dir --git-common-dir [0ms]
2023-02-25 13:43:05.992 [info] Open repository: /root/.nvm
2023-02-25 13:43:06.009 [info] > git rev-parse --show-toplevel [12ms]
2023-02-25 13:43:06.009 [info] fatal: not a git repository (or any of the parent directories): .git
2023-02-25 13:43:06.017 [info] > git config --get commit.template [13ms]
2023-02-25 13:43:06.019 [info] > git rev-parse --show-toplevel [7ms]
2023-02-25 13:43:06.019 [info] fatal: not a git repository (or any of the parent directories): .git
2023-02-25 13:43:06.032 [info] > git rev-parse --show-toplevel [8ms]
2023-02-25 13:43:06.032 [info] fatal: not a git repository (or any of the parent directories): .git
2023-02-25 13:43:06.038 [info] > git for-each-ref --format %(refname) %(objectname) %(*objectname) refs/tags [8ms]
2023-02-25 13:43:06.049 [info] > git rev-parse --show-toplevel [12ms]
2023-02-25 13:43:06.050 [info] fatal: not a git repository (or any of the parent directories): .git
2023-02-25 13:43:06.053 [info] > git for-each-ref --sort -committerdate --format %(refname) %(objectname) %(*objectname) [7ms]
2023-02-25 13:43:06.054 [info] > git rev-parse --show-toplevel [2ms]
2023-02-25 13:43:06.054 [info] fatal: not a git repository (or any of the parent directories): .git
2023-02-25 13:43:06.057 [info] > git rev-parse --show-toplevel [1ms]
2023-02-25 13:43:06.057 [info] fatal: not a git repository (or any of the parent directories): .git
2023-02-25 13:43:06.060 [info] > git rev-parse --show-toplevel [1ms]
2023-02-25 13:43:06.060 [info] fatal: not a git repository (or any of the parent directories): .git
2023-02-25 13:43:06.069 [info] > git status -z -uall [27ms]
2023-02-25 13:43:06.080 [info] > git config --get commit.template [3ms]
2023-02-25 13:43:06.081 [info] > git for-each-ref --format %(refname) %(objectname) %(*objectname) refs/tags [1ms]
2023-02-25 13:43:06.176 [info] > git status -z -uall [93ms]
2023-02-25 13:43:06.177 [info] > git for-each-ref --sort -committerdate --format %(refname) %(objectname) %(*objectname) [92ms]
2023-02-25 13:43:07.141 [info] > git rev-parse --show-toplevel [1ms]
2023-02-25 13:43:07.141 [info] fatal: not a git repository (or any of the parent directories): .git
2023-02-25 13:53:27.397 [info] > git rev-parse --show-toplevel [19ms]
2023-02-25 13:53:27.397 [info] fatal: not a git repository (or any of the parent directories): .git
2023-02-25 13:53:55.715 [info] > git rev-parse --show-toplevel [3ms]
2023-02-25 13:53:55.715 [info] fatal: not a git repository (or any of the parent directories): .git
2023-02-25 13:53:57.696 [info] > git rev-parse --show-toplevel [2ms]
2023-02-25 13:53:57.696 [info] fatal: not a git repository (or any of the parent directories): .git
2023-02-25 13:54:09.769 [info] > git rev-parse --show-toplevel [3ms]
2023-02-25 13:54:09.769 [info] fatal: not a git repository (or any of the parent directories): .git
2023-02-25 13:54:17.194 [info] > git rev-parse --show-toplevel [1ms]
2023-02-25 13:54:17.194 [info] fatal: not a git repository (or any of the parent directories): .git
2023-02-25 13:54:41.893 [info] > git rev-parse --show-toplevel [3ms]
2023-02-25 13:54:41.893 [info] fatal: not a git repository (or any of the parent directories): .git
2023-02-25 13:54:44.881 [info] > git rev-parse --show-toplevel [1ms]
2023-02-25 13:54:44.881 [info] fatal: not a git repository (or any of the parent directories): .git
2023-02-25 13:54:45.653 [info] > git rev-parse --show-toplevel [3ms]
2023-02-25 13:54:45.653 [info] fatal: not a git repository (or any of the parent directories): .git
2023-02-25 13:56:15.171 [info] > git rev-parse --show-toplevel [1ms]
2023-02-25 13:56:15.172 [info] fatal: not a git repository (or any of the parent directories): .git
2023-02-25 13:56:19.497 [info] > git rev-parse --show-toplevel [3ms]
2023-02-25 13:56:19.497 [info] fatal: not a git repository (or any of the parent directories): .git
2023-02-25 13:58:22.486 [info] > git rev-parse --show-toplevel [2ms]
2023-02-25 13:58:22.486 [info] fatal: not a git repository (or any of the parent directories): .git
2023-02-25 13:58:26.445 [info] > git rev-parse --show-toplevel [2ms]
2023-02-25 13:58:26.445 [info] fatal: not a git repository (or any of the parent directories): .git
2023-02-25 14:01:57.648 [info] > git rev-parse --show-toplevel [2ms]
2023-02-25 14:01:57.648 [info] fatal: not a git repository (or any of the parent directories): .git
2023-02-25 14:01:58.497 [info] > git rev-parse --show-toplevel [3ms]
2023-02-25 14:01:58.497 [info] fatal: not a git repository (or any of the parent directories): .git
2023-02-25 14:02:03.744 [info] > git rev-parse --show-toplevel [2ms]
2023-02-25 14:02:03.744 [info] fatal: not a git repository (or any of the parent directories): .git
2023-02-25 14:02:09.298 [info] > git rev-parse --show-toplevel [2ms]
2023-02-25 14:02:09.298 [info] fatal: not a git repository (or any of the parent directories): .git
2023-02-25 14:02:17.565 [info] > git rev-parse --show-toplevel [1ms]
2023-02-25 14:02:17.566 [info] fatal: not a git repository (or any of the parent directories): .git
2023-02-25 14:02:21.910 [info] > git rev-parse --show-toplevel [2ms]
2023-02-25 14:02:21.910 [info] fatal: not a git repository (or any of the parent directories): .git
2023-02-25 14:04:11.589 [info] > git rev-parse --show-toplevel [3ms]
2023-02-25 14:04:11.589 [info] fatal: not a git repository (or any of the parent directories): .git
2023-02-25 14:04:28.699 [info] > git rev-parse --show-toplevel [3ms]
2023-02-25 14:04:28.699 [info] fatal: not a git repository (or any of the parent directories): .git
2023-02-25 14:05:26.292 [info] > git rev-parse --show-toplevel [2ms]
2023-02-25 14:05:26.292 [info] fatal: not a git repository (or any of the parent directories): .git
2023-02-25 14:05:30.516 [info] > git rev-parse --show-toplevel [3ms]
2023-02-25 14:05:30.516 [info] fatal: not a git repository (or any of the parent directories): .git
2023-02-25 14:17:39.026 [info] > git rev-parse --show-toplevel [2ms]
2023-02-25 14:17:39.026 [info] fatal: not a git repository (or any of the parent directories): .git
2023-02-25 14:17:41.127 [info] > git check-ignore -v -z --stdin [1ms]
2023-02-25 14:17:58.370 [info] > git rev-parse --show-toplevel [2ms]
2023-02-25 14:17:58.370 [info] fatal: not a git repository (or any of the parent directories): .git
2023-02-25 14:18:17.170 [info] > git rev-parse --show-toplevel [2ms]
2023-02-25 14:18:17.170 [info] fatal: not a git repository (or any of the parent directories): .git
2023-02-25 14:18:30.443 [info] > git rev-parse --show-toplevel [3ms]
2023-02-25 14:18:30.443 [info] fatal: not a git repository (or any of the parent directories): .git
2023-02-25 14:18:31.416 [info] > git rev-parse --show-toplevel [2ms]
2023-02-25 14:18:31.417 [info] fatal: not a git repository (or any of the parent directories): .git
2023-02-25 14:21:14.190 [info] > git rev-parse --show-toplevel [3ms]
2023-02-25 14:21:14.190 [info] fatal: not a git repository (or any of the parent directories): .git
2023-02-25 14:21:17.990 [info] > git rev-parse --show-toplevel [6ms]
2023-02-25 14:21:17.990 [info] fatal: not a git repository (or any of the parent directories): .git
2023-02-25 14:21:28.926 [info] > git rev-parse --show-toplevel [2ms]
2023-02-25 14:21:28.926 [info] fatal: not a git repository (or any of the parent directories): .git
2023-02-25 14:21:45.692 [info] > git rev-parse --show-toplevel [11ms]
2023-02-25 14:21:45.693 [info] fatal: not a git repository (or any of the parent directories): .git
2023-02-25 14:21:46.430 [info] > git rev-parse --show-toplevel [2ms]
2023-02-25 14:21:46.430 [info] fatal: not a git repository (or any of the parent directories): .git
2023-02-25 14:21:55.169 [info] > git rev-parse --show-toplevel [2ms]
2023-02-25 14:21:55.169 [info] fatal: not a git repository (or any of the parent directories): .git
2023-02-25 14:22:00.619 [info] > git rev-parse --show-toplevel [2ms]
2023-02-25 14:22:00.619 [info] fatal: not a git repository (or any of the parent directories): .git
2023-02-25 14:22:05.955 [info] > git rev-parse --show-toplevel [2ms]
2023-02-25 14:22:05.955 [info] fatal: not a git repository (or any of the parent directories): .git
2023-02-25 14:22:07.629 [info] > git rev-parse --show-toplevel [1ms]
2023-02-25 14:22:07.629 [info] fatal: not a git repository (or any of the parent directories): .git
2023-02-25 14:22:08.112 [info] > git rev-parse --show-toplevel [2ms]
2023-02-25 14:22:08.112 [info] fatal: not a git repository (or any of the parent directories): .git
2023-02-25 14:22:09.085 [info] > git rev-parse --show-toplevel [1ms]
2023-02-25 14:22:09.085 [info] fatal: not a git repository (or any of the parent directories): .git
2023-02-25 14:22:11.272 [info] > git rev-parse --show-toplevel [2ms]
2023-02-25 14:22:11.272 [info] fatal: not a git repository (or any of the parent directories): .git
2023-02-25 14:23:44.922 [info] > git rev-parse --show-toplevel [4ms]
2023-02-25 14:23:44.922 [info] fatal: not a git repository (or any of the parent directories): .git
2023-02-25 14:23:46.500 [info] > git rev-parse --show-toplevel [2ms]
2023-02-25 14:23:46.500 [info] fatal: not a git repository (or any of the parent directories): .git
2023-02-25 14:23:49.728 [info] > git rev-parse --show-toplevel [2ms]
2023-02-25 14:23:49.728 [info] fatal: not a git repository (or any of the parent directories): .git
2023-02-25 14:23:53.228 [info] > git rev-parse --show-toplevel [2ms]
2023-02-25 14:23:53.228 [info] fatal: not a git repository (or any of the parent directories): .git
2023-02-25 14:23:55.135 [info] > git rev-parse --show-toplevel [2ms]
2023-02-25 14:23:55.135 [info] fatal: not a git repository (or any of the parent directories): .git
2023-02-25 14:23:56.141 [info] > git rev-parse --show-toplevel [2ms]
2023-02-25 14:23:56.141 [info] fatal: not a git repository (or any of the parent directories): .git
2023-02-25 14:23:57.609 [info] > git rev-parse --show-toplevel [3ms]
2023-02-25 14:23:57.609 [info] fatal: not a git repository (or any of the parent directories): .git
2023-02-25 14:23:58.828 [info] > git rev-parse --show-toplevel [3ms]
2023-02-25 14:23:58.828 [info] fatal: not a git repository (or any of the parent directories): .git
2023-02-25 14:24:01.191 [info] > git rev-parse --show-toplevel [2ms]
2023-02-25 14:24:01.191 [info] fatal: not a git repository (or any of the parent directories): .git
2023-02-25 14:24:08.507 [info] > git rev-parse --show-toplevel [2ms]
2023-02-25 14:24:08.507 [info] fatal: not a git repository (or any of the parent directories): .git
2023-02-25 14:34:02.198 [info] > git rev-parse --show-toplevel [3ms]
2023-02-25 14:34:02.199 [info] fatal: not a git repository (or any of the parent directories): .git
2023-02-25 14:34:02.452 [info] > git rev-parse --show-toplevel [2ms]
2023-02-25 14:34:02.452 [info] fatal: not a git repository (or any of the parent directories): .git
2023-02-25 14:34:03.173 [info] > git rev-parse --show-toplevel [1ms]
2023-02-25 14:34:03.173 [info] fatal: not a git repository (or any of the parent directories): .git
2023-02-25 14:34:03.651 [info] > git rev-parse --show-toplevel [3ms]
2023-02-25 14:34:03.651 [info] fatal: not a git repository (or any of the parent directories): .git
2023-02-25 14:34:04.765 [info] > git rev-parse --show-toplevel [1ms]
2023-02-25 14:34:04.765 [info] fatal: not a git repository (or any of the parent directories): .git
2023-02-25 14:34:05.750 [info] > git rev-parse --show-toplevel [1ms]
2023-02-25 14:34:05.751 [info] fatal: not a git repository (or any of the parent directories): .git
