2023-03-22 18:19:38.762 [info] Log level: Info
2023-03-22 18:19:38.762 [info] Validating found git in: "git"
2023-03-22 18:19:38.762 [info] Using git "2.34.1" from "git"
2023-03-22 18:19:38.762 [info] > git rev-parse --show-toplevel [7ms]
2023-03-22 18:19:38.763 [info] > git rev-parse --git-dir --git-common-dir [1ms]
2023-03-22 18:19:38.769 [info] Open repository: /root
2023-03-22 18:19:38.793 [info] > git rev-parse --show-toplevel [18ms]
2023-03-22 18:19:38.903 [info] > git config --get commit.template [123ms]
2023-03-22 18:19:38.942 [info] > git rev-parse --show-toplevel [143ms]
2023-03-22 18:19:38.995 [info] > git rev-parse --show-toplevel [45ms]
2023-03-22 18:19:39.001 [info] > git for-each-ref --format=%(refname)%00%(upstream:short)%00%(objectname)%00%(upstream:track)%00%(upstream:remotename)%00%(upstream:remoteref) refs/heads/main refs/remotes/main [43ms]
2023-03-22 18:19:39.010 [info] > git rev-parse --show-toplevel [10ms]
2023-03-22 18:19:39.018 [info] > git rev-parse --show-toplevel [0ms]
2023-03-22 18:19:39.023 [info] > git rev-parse --show-toplevel [1ms]
2023-03-22 18:19:39.032 [info] > git status -z -uall [26ms]
2023-03-22 18:19:39.050 [info] > git rev-parse --git-dir --git-common-dir [22ms]
2023-03-22 18:19:39.053 [info] Open repository: /root/.nvm
2023-03-22 18:19:39.072 [info] > git rev-parse --show-toplevel [12ms]
2023-03-22 18:19:39.078 [info] > git config --get commit.template [7ms]
2023-03-22 18:19:39.078 [info] > git config --get commit.template [12ms]
2023-03-22 18:19:39.079 [info] > git rev-parse --show-toplevel [2ms]
2023-03-22 18:19:39.093 [info] > git for-each-ref --format %(refname) %(objectname) %(*objectname) refs/tags [1ms]
2023-03-22 18:19:39.104 [info] > git for-each-ref --format=%(refname)%00%(upstream:short)%00%(objectname)%00%(upstream:track)%00%(upstream:remotename)%00%(upstream:remoteref) refs/heads/main refs/remotes/main [16ms]
2023-03-22 18:19:39.120 [info] > git rev-parse --show-toplevel [36ms]
2023-03-22 18:19:39.141 [info] > git status -z -uall [38ms]
2023-03-22 18:19:39.141 [info] > git status -z -uall [21ms]
2023-03-22 18:19:39.141 [info] > git rev-parse --show-toplevel [14ms]
2023-03-22 18:19:39.193 [info] > git rev-parse --show-toplevel [47ms]
2023-03-22 18:19:39.209 [info] > git rev-parse --show-toplevel [9ms]
2023-03-22 18:19:39.215 [info] > git rev-parse --show-toplevel [0ms]
2023-03-22 18:19:39.220 [info] > git rev-parse --git-dir --git-common-dir [1ms]
2023-03-22 18:19:39.222 [info] Open repository: /root/hardhat-simple-storage-fcc
2023-03-22 18:19:39.237 [info] > git config --get commit.template [5ms]
2023-03-22 18:19:39.237 [info] > git rev-parse --show-toplevel [10ms]
2023-03-22 18:19:39.249 [info] > git rev-parse --show-toplevel [5ms]
2023-03-22 18:19:39.264 [info] > git show --textconv HEAD:contracts/FundMe.sol [6ms]
2023-03-22 18:19:39.265 [info] > git for-each-ref --format=%(refname)%00%(upstream:short)%00%(objectname)%00%(upstream:track)%00%(upstream:remotename)%00%(upstream:remoteref) refs/heads/main refs/remotes/main [17ms]
2023-03-22 18:19:39.271 [info] > git ls-tree -l HEAD -- /root/contracts/FundMe.sol [8ms]
2023-03-22 18:19:39.272 [info] > git status -z -uall [2ms]
2023-03-22 18:19:39.358 [info] > git check-ignore -v -z --stdin [51ms]
2023-03-22 18:19:39.361 [info] > git ls-tree -l HEAD -- /root/contracts/FundMe.sol [4ms]
2023-03-22 18:19:39.361 [info] > git ls-tree -l HEAD -- /root/contracts/FundMe.sol [8ms]
2023-03-22 18:19:45.017 [info] > git show --textconv :contracts/FundMe.sol [4ms]
2023-03-22 18:19:45.018 [info] > git ls-files --stage -- /root/contracts/FundMe.sol [1ms]
2023-03-22 18:19:45.021 [info] > git cat-file -s 98cc65dbc92754c65dd9900b334c98cdb7836f6d [0ms]
2023-03-22 18:19:45.314 [info] > git config --get commit.template [0ms]
2023-03-22 18:19:45.317 [info] > git for-each-ref --format=%(refname)%00%(upstream:short)%00%(objectname)%00%(upstream:track)%00%(upstream:remotename)%00%(upstream:remoteref) refs/heads/main refs/remotes/main [0ms]
2023-03-22 18:19:45.334 [info] > git status -z -uall [14ms]
2023-03-22 18:20:31.426 [info] > git config --get commit.template [1ms]
2023-03-22 18:20:31.429 [info] > git for-each-ref --format=%(refname)%00%(upstream:short)%00%(objectname)%00%(upstream:track)%00%(upstream:remotename)%00%(upstream:remoteref) refs/heads/main refs/remotes/main [1ms]
2023-03-22 18:20:31.446 [info] > git status -z -uall [14ms]
2023-03-22 18:20:36.461 [info] > git config --get commit.template [3ms]
2023-03-22 18:20:36.462 [info] > git for-each-ref --format=%(refname)%00%(upstream:short)%00%(objectname)%00%(upstream:track)%00%(upstream:remotename)%00%(upstream:remoteref) refs/heads/main refs/remotes/main [1ms]
2023-03-22 18:20:36.478 [info] > git status -z -uall [14ms]
2023-03-22 18:20:41.491 [info] > git config --get commit.template [1ms]
2023-03-22 18:20:41.494 [info] > git for-each-ref --format=%(refname)%00%(upstream:short)%00%(objectname)%00%(upstream:track)%00%(upstream:remotename)%00%(upstream:remoteref) refs/heads/main refs/remotes/main [0ms]
2023-03-22 18:20:41.510 [info] > git status -z -uall [13ms]
2023-03-22 18:20:43.028 [info] > git show --textconv :test/sourcing/Sourcing nvm.sh should use the default if available and no nvm node is loaded [3ms]
2023-03-22 18:20:43.029 [info] > git ls-files --stage -- /root/.nvm/test/sourcing/Sourcing nvm.sh should use the default if available and no nvm node is loaded [1ms]
2023-03-22 18:20:43.033 [info] > git cat-file -s fe837f26642c318b39d4d08e5a5da2148f4e5ad6 [1ms]
2023-03-22 18:20:43.294 [info] > git check-ignore -v -z --stdin [0ms]
2023-03-22 18:20:48.741 [info] > git config --get commit.template [1ms]
2023-03-22 18:20:48.746 [info] > git for-each-ref --format=%(refname)%00%(upstream:short)%00%(objectname)%00%(upstream:track)%00%(upstream:remotename)%00%(upstream:remoteref) refs/heads/main refs/remotes/main [2ms]
2023-03-22 18:20:48.763 [info] > git status -z -uall [14ms]
2023-03-22 18:20:53.776 [info] > git config --get commit.template [1ms]
2023-03-22 18:20:53.779 [info] > git for-each-ref --format=%(refname)%00%(upstream:short)%00%(objectname)%00%(upstream:track)%00%(upstream:remotename)%00%(upstream:remoteref) refs/heads/main refs/remotes/main [1ms]
2023-03-22 18:20:53.795 [info] > git status -z -uall [13ms]
2023-03-22 18:20:58.807 [info] > git config --get commit.template [0ms]
2023-03-22 18:20:58.810 [info] > git for-each-ref --format=%(refname)%00%(upstream:short)%00%(objectname)%00%(upstream:track)%00%(upstream:remotename)%00%(upstream:remoteref) refs/heads/main refs/remotes/main [1ms]
2023-03-22 18:20:58.825 [info] > git status -z -uall [13ms]
2023-03-22 18:21:08.261 [info] > git config --get commit.template [5ms]
2023-03-22 18:21:08.262 [info] > git for-each-ref --format=%(refname)%00%(upstream:short)%00%(objectname)%00%(upstream:track)%00%(upstream:remotename)%00%(upstream:remoteref) refs/heads/main refs/remotes/main [1ms]
2023-03-22 18:21:08.280 [info] > git status -z -uall [14ms]
2023-03-22 18:21:13.292 [info] > git config --get commit.template [1ms]
2023-03-22 18:21:13.295 [info] > git for-each-ref --format=%(refname)%00%(upstream:short)%00%(objectname)%00%(upstream:track)%00%(upstream:remotename)%00%(upstream:remoteref) refs/heads/main refs/remotes/main [0ms]
2023-03-22 18:21:13.311 [info] > git status -z -uall [13ms]
2023-03-22 18:21:17.382 [info] > git check-ignore -v -z --stdin [3ms]
2023-03-22 18:21:17.383 [info] > git check-ignore -v -z --stdin [1ms]
2023-03-22 18:21:18.325 [info] > git config --get commit.template [3ms]
2023-03-22 18:21:18.325 [info] > git for-each-ref --format=%(refname)%00%(upstream:short)%00%(objectname)%00%(upstream:track)%00%(upstream:remotename)%00%(upstream:remoteref) refs/heads/main refs/remotes/main [0ms]
2023-03-22 18:21:18.341 [info] > git status -z -uall [13ms]
2023-03-22 18:21:23.355 [info] > git config --get commit.template [3ms]
2023-03-22 18:21:23.355 [info] > git for-each-ref --format=%(refname)%00%(upstream:short)%00%(objectname)%00%(upstream:track)%00%(upstream:remotename)%00%(upstream:remoteref) refs/heads/main refs/remotes/main [0ms]
2023-03-22 18:21:23.372 [info] > git status -z -uall [13ms]
2023-03-22 18:21:23.630 [info] > git ls-tree -l HEAD -- /root/contracts/FundMe.sol [2ms]
2023-03-22 18:21:28.382 [info] > git config --get commit.template [0ms]
2023-03-22 18:21:28.385 [info] > git for-each-ref --format=%(refname)%00%(upstream:short)%00%(objectname)%00%(upstream:track)%00%(upstream:remotename)%00%(upstream:remoteref) refs/heads/main refs/remotes/main [0ms]
2023-03-22 18:21:28.401 [info] > git status -z -uall [13ms]
2023-03-22 18:21:33.413 [info] > git config --get commit.template [0ms]
2023-03-22 18:21:33.416 [info] > git for-each-ref --format=%(refname)%00%(upstream:short)%00%(objectname)%00%(upstream:track)%00%(upstream:remotename)%00%(upstream:remoteref) refs/heads/main refs/remotes/main [0ms]
2023-03-22 18:21:33.432 [info] > git status -z -uall [14ms]
2023-03-22 18:21:38.445 [info] > git config --get commit.template [1ms]
2023-03-22 18:21:38.449 [info] > git for-each-ref --format=%(refname)%00%(upstream:short)%00%(objectname)%00%(upstream:track)%00%(upstream:remotename)%00%(upstream:remoteref) refs/heads/main refs/remotes/main [1ms]
2023-03-22 18:21:38.467 [info] > git status -z -uall [15ms]
2023-03-22 18:21:43.480 [info] > git config --get commit.template [4ms]
2023-03-22 18:21:43.480 [info] > git for-each-ref --format=%(refname)%00%(upstream:short)%00%(objectname)%00%(upstream:track)%00%(upstream:remotename)%00%(upstream:remoteref) refs/heads/main refs/remotes/main [0ms]
2023-03-22 18:21:43.496 [info] > git status -z -uall [13ms]
2023-03-22 18:21:48.512 [info] > git config --get commit.template [3ms]
2023-03-22 18:21:48.512 [info] > git for-each-ref --format=%(refname)%00%(upstream:short)%00%(objectname)%00%(upstream:track)%00%(upstream:remotename)%00%(upstream:remoteref) refs/heads/main refs/remotes/main [1ms]
2023-03-22 18:21:48.528 [info] > git status -z -uall [13ms]
2023-03-22 18:21:53.540 [info] > git config --get commit.template [1ms]
2023-03-22 18:21:53.543 [info] > git for-each-ref --format=%(refname)%00%(upstream:short)%00%(objectname)%00%(upstream:track)%00%(upstream:remotename)%00%(upstream:remoteref) refs/heads/main refs/remotes/main [1ms]
2023-03-22 18:21:53.559 [info] > git status -z -uall [13ms]
2023-03-22 18:21:58.572 [info] > git config --get commit.template [2ms]
2023-03-22 18:21:58.572 [info] > git for-each-ref --format=%(refname)%00%(upstream:short)%00%(objectname)%00%(upstream:track)%00%(upstream:remotename)%00%(upstream:remoteref) refs/heads/main refs/remotes/main [1ms]
2023-03-22 18:21:58.587 [info] > git status -z -uall [13ms]
2023-03-22 18:22:03.601 [info] > git config --get commit.template [4ms]
2023-03-22 18:22:03.601 [info] > git for-each-ref --format=%(refname)%00%(upstream:short)%00%(objectname)%00%(upstream:track)%00%(upstream:remotename)%00%(upstream:remoteref) refs/heads/main refs/remotes/main [1ms]
2023-03-22 18:22:03.617 [info] > git status -z -uall [13ms]
2023-03-22 18:22:08.628 [info] > git config --get commit.template [0ms]
2023-03-22 18:22:08.632 [info] > git for-each-ref --format=%(refname)%00%(upstream:short)%00%(objectname)%00%(upstream:track)%00%(upstream:remotename)%00%(upstream:remoteref) refs/heads/main refs/remotes/main [0ms]
2023-03-22 18:22:08.647 [info] > git status -z -uall [13ms]
2023-03-22 18:22:13.660 [info] > git config --get commit.template [3ms]
2023-03-22 18:22:13.660 [info] > git for-each-ref --format=%(refname)%00%(upstream:short)%00%(objectname)%00%(upstream:track)%00%(upstream:remotename)%00%(upstream:remoteref) refs/heads/main refs/remotes/main [1ms]
2023-03-22 18:22:13.676 [info] > git status -z -uall [14ms]
2023-03-22 18:22:18.689 [info] > git for-each-ref --format=%(refname)%00%(upstream:short)%00%(objectname)%00%(upstream:track)%00%(upstream:remotename)%00%(upstream:remoteref) refs/heads/main refs/remotes/main [1ms]
2023-03-22 18:22:18.690 [info] > git config --get commit.template [4ms]
2023-03-22 18:22:18.706 [info] > git status -z -uall [13ms]
2023-03-22 18:22:39.327 [info] > git config --get commit.template [1ms]
2023-03-22 18:22:39.332 [info] > git for-each-ref --format=%(refname)%00%(upstream:short)%00%(objectname)%00%(upstream:track)%00%(upstream:remotename)%00%(upstream:remoteref) refs/heads/main refs/remotes/main [1ms]
2023-03-22 18:22:39.349 [info] > git status -z -uall [14ms]
2023-03-22 18:22:44.363 [info] > git config --get commit.template [3ms]
2023-03-22 18:22:44.363 [info] > git for-each-ref --format=%(refname)%00%(upstream:short)%00%(objectname)%00%(upstream:track)%00%(upstream:remotename)%00%(upstream:remoteref) refs/heads/main refs/remotes/main [0ms]
2023-03-22 18:22:44.379 [info] > git status -z -uall [13ms]
2023-03-22 18:22:49.392 [info] > git config --get commit.template [3ms]
2023-03-22 18:22:49.392 [info] > git for-each-ref --format=%(refname)%00%(upstream:short)%00%(objectname)%00%(upstream:track)%00%(upstream:remotename)%00%(upstream:remoteref) refs/heads/main refs/remotes/main [0ms]
2023-03-22 18:22:49.408 [info] > git status -z -uall [13ms]
2023-03-22 18:22:54.434 [info] > git config --get commit.template [9ms]
2023-03-22 18:22:54.434 [info] > git for-each-ref --format=%(refname)%00%(upstream:short)%00%(objectname)%00%(upstream:track)%00%(upstream:remotename)%00%(upstream:remoteref) refs/heads/main refs/remotes/main [1ms]
2023-03-22 18:22:54.457 [info] > git status -z -uall [15ms]
2023-03-22 18:22:59.472 [info] > git config --get commit.template [3ms]
2023-03-22 18:22:59.472 [info] > git for-each-ref --format=%(refname)%00%(upstream:short)%00%(objectname)%00%(upstream:track)%00%(upstream:remotename)%00%(upstream:remoteref) refs/heads/main refs/remotes/main [1ms]
2023-03-22 18:22:59.490 [info] > git status -z -uall [13ms]
2023-03-22 18:23:04.503 [info] > git config --get commit.template [2ms]
2023-03-22 18:23:04.504 [info] > git for-each-ref --format=%(refname)%00%(upstream:short)%00%(objectname)%00%(upstream:track)%00%(upstream:remotename)%00%(upstream:remoteref) refs/heads/main refs/remotes/main [1ms]
2023-03-22 18:23:04.520 [info] > git status -z -uall [13ms]
2023-03-22 18:23:09.530 [info] > git config --get commit.template [0ms]
2023-03-22 18:23:09.534 [info] > git for-each-ref --format=%(refname)%00%(upstream:short)%00%(objectname)%00%(upstream:track)%00%(upstream:remotename)%00%(upstream:remoteref) refs/heads/main refs/remotes/main [1ms]
2023-03-22 18:23:09.550 [info] > git status -z -uall [14ms]
2023-03-22 18:23:14.562 [info] > git config --get commit.template [0ms]
2023-03-22 18:23:14.565 [info] > git for-each-ref --format=%(refname)%00%(upstream:short)%00%(objectname)%00%(upstream:track)%00%(upstream:remotename)%00%(upstream:remoteref) refs/heads/main refs/remotes/main [1ms]
2023-03-22 18:23:14.582 [info] > git status -z -uall [14ms]
2023-03-22 18:23:19.594 [info] > git config --get commit.template [0ms]
2023-03-22 18:23:19.597 [info] > git for-each-ref --format=%(refname)%00%(upstream:short)%00%(objectname)%00%(upstream:track)%00%(upstream:remotename)%00%(upstream:remoteref) refs/heads/main refs/remotes/main [0ms]
2023-03-22 18:23:19.615 [info] > git status -z -uall [14ms]
2023-03-22 18:23:24.625 [info] > git config --get commit.template [0ms]
2023-03-22 18:23:24.628 [info] > git for-each-ref --format=%(refname)%00%(upstream:short)%00%(objectname)%00%(upstream:track)%00%(upstream:remotename)%00%(upstream:remoteref) refs/heads/main refs/remotes/main [1ms]
2023-03-22 18:23:24.644 [info] > git status -z -uall [14ms]
2023-03-22 18:23:29.657 [info] > git config --get commit.template [2ms]
2023-03-22 18:23:29.658 [info] > git for-each-ref --format=%(refname)%00%(upstream:short)%00%(objectname)%00%(upstream:track)%00%(upstream:remotename)%00%(upstream:remoteref) refs/heads/main refs/remotes/main [1ms]
2023-03-22 18:23:29.673 [info] > git status -z -uall [13ms]
2023-03-22 18:23:34.684 [info] > git config --get commit.template [1ms]
2023-03-22 18:23:34.687 [info] > git for-each-ref --format=%(refname)%00%(upstream:short)%00%(objectname)%00%(upstream:track)%00%(upstream:remotename)%00%(upstream:remoteref) refs/heads/main refs/remotes/main [1ms]
2023-03-22 18:23:34.703 [info] > git status -z -uall [14ms]
2023-03-22 18:23:39.717 [info] > git config --get commit.template [3ms]
2023-03-22 18:23:39.717 [info] > git for-each-ref --format=%(refname)%00%(upstream:short)%00%(objectname)%00%(upstream:track)%00%(upstream:remotename)%00%(upstream:remoteref) refs/heads/main refs/remotes/main [0ms]
2023-03-22 18:23:39.734 [info] > git status -z -uall [14ms]
2023-03-22 18:23:50.344 [info] > git config --get commit.template [3ms]
2023-03-22 18:23:50.344 [info] > git for-each-ref --format=%(refname)%00%(upstream:short)%00%(objectname)%00%(upstream:track)%00%(upstream:remotename)%00%(upstream:remoteref) refs/heads/main refs/remotes/main [0ms]
2023-03-22 18:23:50.360 [info] > git status -z -uall [13ms]
2023-03-22 18:24:53.777 [info] > git config --get commit.template [1ms]
2023-03-22 18:24:53.781 [info] > git for-each-ref --format=%(refname)%00%(upstream:short)%00%(objectname)%00%(upstream:track)%00%(upstream:remotename)%00%(upstream:remoteref) refs/heads/main refs/remotes/main [1ms]
2023-03-22 18:24:53.799 [info] > git status -z -uall [15ms]
2023-03-22 18:24:58.813 [info] > git config --get commit.template [2ms]
2023-03-22 18:24:58.814 [info] > git for-each-ref --format=%(refname)%00%(upstream:short)%00%(objectname)%00%(upstream:track)%00%(upstream:remotename)%00%(upstream:remoteref) refs/heads/main refs/remotes/main [1ms]
2023-03-22 18:24:58.830 [info] > git status -z -uall [14ms]
2023-03-22 18:25:03.841 [info] > git config --get commit.template [0ms]
2023-03-22 18:25:03.845 [info] > git for-each-ref --format=%(refname)%00%(upstream:short)%00%(objectname)%00%(upstream:track)%00%(upstream:remotename)%00%(upstream:remoteref) refs/heads/main refs/remotes/main [1ms]
2023-03-22 18:25:03.861 [info] > git status -z -uall [14ms]
2023-03-22 18:25:08.874 [info] > git config --get commit.template [2ms]
2023-03-22 18:25:08.875 [info] > git for-each-ref --format=%(refname)%00%(upstream:short)%00%(objectname)%00%(upstream:track)%00%(upstream:remotename)%00%(upstream:remoteref) refs/heads/main refs/remotes/main [1ms]
2023-03-22 18:25:08.894 [info] > git status -z -uall [13ms]
2023-03-22 18:25:16.347 [info] > git config --get commit.template [3ms]
2023-03-22 18:25:16.347 [info] > git for-each-ref --format=%(refname)%00%(upstream:short)%00%(objectname)%00%(upstream:track)%00%(upstream:remotename)%00%(upstream:remoteref) refs/heads/main refs/remotes/main [0ms]
2023-03-22 18:25:16.364 [info] > git status -z -uall [14ms]
2023-03-22 18:25:21.377 [info] > git config --get commit.template [3ms]
2023-03-22 18:25:21.378 [info] > git for-each-ref --format=%(refname)%00%(upstream:short)%00%(objectname)%00%(upstream:track)%00%(upstream:remotename)%00%(upstream:remoteref) refs/heads/main refs/remotes/main [0ms]
2023-03-22 18:25:21.395 [info] > git status -z -uall [14ms]
2023-03-22 18:25:26.409 [info] > git config --get commit.template [4ms]
2023-03-22 18:25:26.409 [info] > git for-each-ref --format=%(refname)%00%(upstream:short)%00%(objectname)%00%(upstream:track)%00%(upstream:remotename)%00%(upstream:remoteref) refs/heads/main refs/remotes/main [1ms]
2023-03-22 18:25:26.425 [info] > git status -z -uall [14ms]
2023-03-22 18:27:03.454 [info] > git config --get commit.template [1ms]
2023-03-22 18:27:03.459 [info] > git for-each-ref --format=%(refname)%00%(upstream:short)%00%(objectname)%00%(upstream:track)%00%(upstream:remotename)%00%(upstream:remoteref) refs/heads/main refs/remotes/main [1ms]
2023-03-22 18:27:03.476 [info] > git status -z -uall [15ms]
2023-03-22 18:27:04.586 [info] > git show --textconv :deploy/01-deploy-fund-me.js [6ms]
2023-03-22 18:27:04.587 [info] > git ls-files --stage -- /root/deploy/01-deploy-fund-me.js [2ms]
2023-03-22 18:27:04.592 [info] > git cat-file -s de1075b3cecb0718b5ce89bde54fec103569fa10 [1ms]
2023-03-22 18:27:06.059 [info] > git show --textconv :deploy/00-deploy-mocks.js [4ms]
2023-03-22 18:27:06.060 [info] > git ls-files --stage -- /root/deploy/00-deploy-mocks.js [1ms]
2023-03-22 18:27:06.072 [info] > git cat-file -s 457b3e6fa66593ea1fcacbebe545cfb1dc677632 [3ms]
2023-03-22 18:27:08.489 [info] > git config --get commit.template [2ms]
2023-03-22 18:27:08.489 [info] > git for-each-ref --format=%(refname)%00%(upstream:short)%00%(objectname)%00%(upstream:track)%00%(upstream:remotename)%00%(upstream:remoteref) refs/heads/main refs/remotes/main [1ms]
2023-03-22 18:27:08.509 [info] > git status -z -uall [14ms]
2023-03-22 18:27:13.520 [info] > git config --get commit.template [1ms]
2023-03-22 18:27:13.523 [info] > git for-each-ref --format=%(refname)%00%(upstream:short)%00%(objectname)%00%(upstream:track)%00%(upstream:remotename)%00%(upstream:remoteref) refs/heads/main refs/remotes/main [1ms]
2023-03-22 18:27:13.539 [info] > git status -z -uall [14ms]
2023-03-22 18:27:33.335 [info] > git config --get commit.template [5ms]
2023-03-22 18:27:33.335 [info] > git for-each-ref --format=%(refname)%00%(upstream:short)%00%(objectname)%00%(upstream:track)%00%(upstream:remotename)%00%(upstream:remoteref) refs/heads/main refs/remotes/main [1ms]
2023-03-22 18:27:33.353 [info] > git status -z -uall [14ms]
2023-03-22 18:27:38.367 [info] > git config --get commit.template [3ms]
2023-03-22 18:27:38.367 [info] > git for-each-ref --format=%(refname)%00%(upstream:short)%00%(objectname)%00%(upstream:track)%00%(upstream:remotename)%00%(upstream:remoteref) refs/heads/main refs/remotes/main [1ms]
2023-03-22 18:27:38.383 [info] > git status -z -uall [14ms]
2023-03-22 18:27:44.358 [info] > git config --get commit.template [1ms]
2023-03-22 18:27:44.361 [info] > git for-each-ref --format=%(refname)%00%(upstream:short)%00%(objectname)%00%(upstream:track)%00%(upstream:remotename)%00%(upstream:remoteref) refs/heads/main refs/remotes/main [0ms]
2023-03-22 18:27:44.376 [info] > git status -z -uall [13ms]
2023-03-22 18:28:14.772 [info] > git config --get commit.template [3ms]
2023-03-22 18:28:14.773 [info] > git for-each-ref --format=%(refname)%00%(upstream:short)%00%(objectname)%00%(upstream:track)%00%(upstream:remotename)%00%(upstream:remoteref) refs/heads/main refs/remotes/main [1ms]
2023-03-22 18:28:14.789 [info] > git status -z -uall [14ms]
2023-03-22 18:28:19.803 [info] > git config --get commit.template [3ms]
2023-03-22 18:28:19.803 [info] > git for-each-ref --format=%(refname)%00%(upstream:short)%00%(objectname)%00%(upstream:track)%00%(upstream:remotename)%00%(upstream:remoteref) refs/heads/main refs/remotes/main [1ms]
2023-03-22 18:28:19.819 [info] > git status -z -uall [14ms]
2023-03-22 18:28:24.834 [info] > git config --get commit.template [3ms]
2023-03-22 18:28:24.834 [info] > git for-each-ref --format=%(refname)%00%(upstream:short)%00%(objectname)%00%(upstream:track)%00%(upstream:remotename)%00%(upstream:remoteref) refs/heads/main refs/remotes/main [1ms]
2023-03-22 18:28:24.852 [info] > git status -z -uall [15ms]
2023-03-22 18:28:37.019 [info] > git config --get commit.template [1ms]
2023-03-22 18:28:37.023 [info] > git for-each-ref --format=%(refname)%00%(upstream:short)%00%(objectname)%00%(upstream:track)%00%(upstream:remotename)%00%(upstream:remoteref) refs/heads/main refs/remotes/main [1ms]
2023-03-22 18:28:37.042 [info] > git status -z -uall [16ms]
2023-03-22 18:28:42.055 [info] > git config --get commit.template [3ms]
2023-03-22 18:28:42.055 [info] > git for-each-ref --format=%(refname)%00%(upstream:short)%00%(objectname)%00%(upstream:track)%00%(upstream:remotename)%00%(upstream:remoteref) refs/heads/main refs/remotes/main [0ms]
2023-03-22 18:28:42.072 [info] > git status -z -uall [15ms]
2023-03-22 18:28:47.834 [info] > git config --get commit.template [3ms]
2023-03-22 18:28:47.834 [info] > git for-each-ref --format=%(refname)%00%(upstream:short)%00%(objectname)%00%(upstream:track)%00%(upstream:remotename)%00%(upstream:remoteref) refs/heads/main refs/remotes/main [0ms]
2023-03-22 18:28:47.852 [info] > git status -z -uall [14ms]
2023-03-22 18:28:57.440 [info] > git config --get commit.template [0ms]
2023-03-22 18:28:57.443 [info] > git for-each-ref --format=%(refname)%00%(upstream:short)%00%(objectname)%00%(upstream:track)%00%(upstream:remotename)%00%(upstream:remoteref) refs/heads/main refs/remotes/main [0ms]
2023-03-22 18:28:57.459 [info] > git status -z -uall [13ms]
2023-03-22 18:29:04.225 [info] > git config --get commit.template [4ms]
2023-03-22 18:29:04.226 [info] > git for-each-ref --format=%(refname)%00%(upstream:short)%00%(objectname)%00%(upstream:track)%00%(upstream:remotename)%00%(upstream:remoteref) refs/heads/main refs/remotes/main [1ms]
2023-03-22 18:29:04.244 [info] > git status -z -uall [14ms]
2023-03-22 18:29:09.259 [info] > git config --get commit.template [3ms]
2023-03-22 18:29:09.259 [info] > git for-each-ref --format=%(refname)%00%(upstream:short)%00%(objectname)%00%(upstream:track)%00%(upstream:remotename)%00%(upstream:remoteref) refs/heads/main refs/remotes/main [0ms]
2023-03-22 18:29:09.275 [info] > git status -z -uall [14ms]
2023-03-22 18:29:14.289 [info] > git config --get commit.template [3ms]
2023-03-22 18:29:14.290 [info] > git for-each-ref --format=%(refname)%00%(upstream:short)%00%(objectname)%00%(upstream:track)%00%(upstream:remotename)%00%(upstream:remoteref) refs/heads/main refs/remotes/main [1ms]
2023-03-22 18:29:14.307 [info] > git status -z -uall [14ms]
2023-03-22 18:29:19.320 [info] > git config --get commit.template [3ms]
2023-03-22 18:29:19.320 [info] > git for-each-ref --format=%(refname)%00%(upstream:short)%00%(objectname)%00%(upstream:track)%00%(upstream:remotename)%00%(upstream:remoteref) refs/heads/main refs/remotes/main [0ms]
2023-03-22 18:29:19.337 [info] > git status -z -uall [14ms]
2023-03-22 18:29:24.348 [info] > git config --get commit.template [1ms]
2023-03-22 18:29:24.351 [info] > git for-each-ref --format=%(refname)%00%(upstream:short)%00%(objectname)%00%(upstream:track)%00%(upstream:remotename)%00%(upstream:remoteref) refs/heads/main refs/remotes/main [1ms]
2023-03-22 18:29:24.369 [info] > git status -z -uall [15ms]
2023-03-22 18:29:29.384 [info] > git config --get commit.template [4ms]
2023-03-22 18:29:29.385 [info] > git for-each-ref --format=%(refname)%00%(upstream:short)%00%(objectname)%00%(upstream:track)%00%(upstream:remotename)%00%(upstream:remoteref) refs/heads/main refs/remotes/main [2ms]
2023-03-22 18:29:29.402 [info] > git status -z -uall [14ms]
2023-03-22 18:29:34.413 [info] > git config --get commit.template [1ms]
2023-03-22 18:29:34.416 [info] > git for-each-ref --format=%(refname)%00%(upstream:short)%00%(objectname)%00%(upstream:track)%00%(upstream:remotename)%00%(upstream:remoteref) refs/heads/main refs/remotes/main [0ms]
2023-03-22 18:29:34.432 [info] > git status -z -uall [14ms]
2023-03-22 18:29:39.445 [info] > git config --get commit.template [3ms]
2023-03-22 18:29:39.446 [info] > git for-each-ref --format=%(refname)%00%(upstream:short)%00%(objectname)%00%(upstream:track)%00%(upstream:remotename)%00%(upstream:remoteref) refs/heads/main refs/remotes/main [0ms]
2023-03-22 18:29:39.462 [info] > git status -z -uall [14ms]
2023-03-22 18:29:45.302 [info] > git config --get commit.template [1ms]
2023-03-22 18:29:45.305 [info] > git for-each-ref --format=%(refname)%00%(upstream:short)%00%(objectname)%00%(upstream:track)%00%(upstream:remotename)%00%(upstream:remoteref) refs/heads/main refs/remotes/main [1ms]
2023-03-22 18:29:45.323 [info] > git status -z -uall [13ms]
2023-03-22 18:29:50.335 [info] > git config --get commit.template [3ms]
2023-03-22 18:29:50.336 [info] > git for-each-ref --format=%(refname)%00%(upstream:short)%00%(objectname)%00%(upstream:track)%00%(upstream:remotename)%00%(upstream:remoteref) refs/heads/main refs/remotes/main [0ms]
2023-03-22 18:29:50.354 [info] > git status -z -uall [14ms]
2023-03-22 18:29:55.368 [info] > git config --get commit.template [3ms]
2023-03-22 18:29:55.368 [info] > git for-each-ref --format=%(refname)%00%(upstream:short)%00%(objectname)%00%(upstream:track)%00%(upstream:remotename)%00%(upstream:remoteref) refs/heads/main refs/remotes/main [1ms]
2023-03-22 18:29:55.387 [info] > git status -z -uall [14ms]
2023-03-22 18:30:00.894 [info] > git config --get commit.template [1ms]
2023-03-22 18:30:00.899 [info] > git for-each-ref --format=%(refname)%00%(upstream:short)%00%(objectname)%00%(upstream:track)%00%(upstream:remotename)%00%(upstream:remoteref) refs/heads/main refs/remotes/main [1ms]
2023-03-22 18:30:00.917 [info] > git status -z -uall [15ms]
2023-03-22 18:30:22.937 [info] > git config --get commit.template [3ms]
2023-03-22 18:30:22.937 [info] > git for-each-ref --format=%(refname)%00%(upstream:short)%00%(objectname)%00%(upstream:track)%00%(upstream:remotename)%00%(upstream:remoteref) refs/heads/main refs/remotes/main [1ms]
2023-03-22 18:30:22.953 [info] > git status -z -uall [14ms]
2023-03-22 18:30:27.968 [info] > git config --get commit.template [4ms]
2023-03-22 18:30:27.968 [info] > git for-each-ref --format=%(refname)%00%(upstream:short)%00%(objectname)%00%(upstream:track)%00%(upstream:remotename)%00%(upstream:remoteref) refs/heads/main refs/remotes/main [1ms]
2023-03-22 18:30:27.984 [info] > git status -z -uall [13ms]
2023-03-22 18:30:32.999 [info] > git config --get commit.template [3ms]
2023-03-22 18:30:32.999 [info] > git for-each-ref --format=%(refname)%00%(upstream:short)%00%(objectname)%00%(upstream:track)%00%(upstream:remotename)%00%(upstream:remoteref) refs/heads/main refs/remotes/main [0ms]
2023-03-22 18:30:33.016 [info] > git status -z -uall [13ms]
2023-03-22 18:30:38.030 [info] > git config --get commit.template [3ms]
2023-03-22 18:30:38.031 [info] > git for-each-ref --format=%(refname)%00%(upstream:short)%00%(objectname)%00%(upstream:track)%00%(upstream:remotename)%00%(upstream:remoteref) refs/heads/main refs/remotes/main [0ms]
2023-03-22 18:30:38.046 [info] > git status -z -uall [13ms]
2023-03-22 18:30:43.056 [info] > git config --get commit.template [0ms]
2023-03-22 18:30:43.059 [info] > git for-each-ref --format=%(refname)%00%(upstream:short)%00%(objectname)%00%(upstream:track)%00%(upstream:remotename)%00%(upstream:remoteref) refs/heads/main refs/remotes/main [1ms]
2023-03-22 18:30:43.075 [info] > git status -z -uall [13ms]
2023-03-22 18:30:48.088 [info] > git config --get commit.template [3ms]
2023-03-22 18:30:48.089 [info] > git for-each-ref --format=%(refname)%00%(upstream:short)%00%(objectname)%00%(upstream:track)%00%(upstream:remotename)%00%(upstream:remoteref) refs/heads/main refs/remotes/main [1ms]
2023-03-22 18:30:48.106 [info] > git status -z -uall [15ms]
2023-03-22 18:30:53.265 [info] > git config --get commit.template [4ms]
2023-03-22 18:30:53.266 [info] > git for-each-ref --format=%(refname)%00%(upstream:short)%00%(objectname)%00%(upstream:track)%00%(upstream:remotename)%00%(upstream:remoteref) refs/heads/main refs/remotes/main [1ms]
2023-03-22 18:30:53.288 [info] > git status -z -uall [18ms]
2023-03-22 18:31:07.313 [info] > git config --get commit.template [1ms]
2023-03-22 18:31:07.317 [info] > git for-each-ref --format=%(refname)%00%(upstream:short)%00%(objectname)%00%(upstream:track)%00%(upstream:remotename)%00%(upstream:remoteref) refs/heads/main refs/remotes/main [1ms]
2023-03-22 18:31:07.334 [info] > git status -z -uall [15ms]
2023-03-22 18:31:12.346 [info] > git config --get commit.template [0ms]
2023-03-22 18:31:12.349 [info] > git for-each-ref --format=%(refname)%00%(upstream:short)%00%(objectname)%00%(upstream:track)%00%(upstream:remotename)%00%(upstream:remoteref) refs/heads/main refs/remotes/main [1ms]
2023-03-22 18:31:12.365 [info] > git status -z -uall [14ms]
2023-03-22 18:31:17.378 [info] > git config --get commit.template [3ms]
2023-03-22 18:31:17.378 [info] > git for-each-ref --format=%(refname)%00%(upstream:short)%00%(objectname)%00%(upstream:track)%00%(upstream:remotename)%00%(upstream:remoteref) refs/heads/main refs/remotes/main [1ms]
2023-03-22 18:31:17.394 [info] > git status -z -uall [14ms]
2023-03-22 18:31:24.081 [info] > git config --get commit.template [4ms]
2023-03-22 18:31:24.081 [info] > git for-each-ref --format=%(refname)%00%(upstream:short)%00%(objectname)%00%(upstream:track)%00%(upstream:remotename)%00%(upstream:remoteref) refs/heads/main refs/remotes/main [1ms]
2023-03-22 18:31:24.099 [info] > git status -z -uall [15ms]
2023-03-22 18:31:37.314 [info] > git config --get commit.template [0ms]
2023-03-22 18:31:37.317 [info] > git for-each-ref --format=%(refname)%00%(upstream:short)%00%(objectname)%00%(upstream:track)%00%(upstream:remotename)%00%(upstream:remoteref) refs/heads/main refs/remotes/main [1ms]
2023-03-22 18:31:37.333 [info] > git status -z -uall [14ms]
2023-03-22 18:31:42.347 [info] > git config --get commit.template [1ms]
2023-03-22 18:31:42.351 [info] > git for-each-ref --format=%(refname)%00%(upstream:short)%00%(objectname)%00%(upstream:track)%00%(upstream:remotename)%00%(upstream:remoteref) refs/heads/main refs/remotes/main [1ms]
2023-03-22 18:31:42.368 [info] > git status -z -uall [14ms]
2023-03-22 18:31:47.381 [info] > git config --get commit.template [3ms]
2023-03-22 18:31:47.382 [info] > git for-each-ref --format=%(refname)%00%(upstream:short)%00%(objectname)%00%(upstream:track)%00%(upstream:remotename)%00%(upstream:remoteref) refs/heads/main refs/remotes/main [1ms]
2023-03-22 18:31:47.398 [info] > git status -z -uall [13ms]
2023-03-22 18:31:52.411 [info] > git config --get commit.template [4ms]
2023-03-22 18:31:52.411 [info] > git for-each-ref --format=%(refname)%00%(upstream:short)%00%(objectname)%00%(upstream:track)%00%(upstream:remotename)%00%(upstream:remoteref) refs/heads/main refs/remotes/main [1ms]
2023-03-22 18:31:52.427 [info] > git status -z -uall [14ms]
2023-03-22 18:31:58.344 [info] > git config --get commit.template [3ms]
2023-03-22 18:31:58.345 [info] > git for-each-ref --format=%(refname)%00%(upstream:short)%00%(objectname)%00%(upstream:track)%00%(upstream:remotename)%00%(upstream:remoteref) refs/heads/main refs/remotes/main [1ms]
2023-03-22 18:31:58.362 [info] > git status -z -uall [14ms]
2023-03-22 18:32:03.376 [info] > git config --get commit.template [3ms]
2023-03-22 18:32:03.376 [info] > git for-each-ref --format=%(refname)%00%(upstream:short)%00%(objectname)%00%(upstream:track)%00%(upstream:remotename)%00%(upstream:remoteref) refs/heads/main refs/remotes/main [1ms]
2023-03-22 18:32:03.392 [info] > git status -z -uall [14ms]
2023-03-22 18:32:08.406 [info] > git config --get commit.template [3ms]
2023-03-22 18:32:08.406 [info] > git for-each-ref --format=%(refname)%00%(upstream:short)%00%(objectname)%00%(upstream:track)%00%(upstream:remotename)%00%(upstream:remoteref) refs/heads/main refs/remotes/main [1ms]
2023-03-22 18:32:08.422 [info] > git status -z -uall [14ms]
2023-03-22 18:32:13.433 [info] > git config --get commit.template [0ms]
2023-03-22 18:32:13.436 [info] > git for-each-ref --format=%(refname)%00%(upstream:short)%00%(objectname)%00%(upstream:track)%00%(upstream:remotename)%00%(upstream:remoteref) refs/heads/main refs/remotes/main [0ms]
2023-03-22 18:32:13.452 [info] > git status -z -uall [13ms]
2023-03-22 18:32:18.465 [info] > git config --get commit.template [2ms]
2023-03-22 18:32:18.466 [info] > git for-each-ref --format=%(refname)%00%(upstream:short)%00%(objectname)%00%(upstream:track)%00%(upstream:remotename)%00%(upstream:remoteref) refs/heads/main refs/remotes/main [1ms]
2023-03-22 18:32:18.481 [info] > git status -z -uall [13ms]
2023-03-22 18:32:24.451 [info] > git config --get commit.template [1ms]
2023-03-22 18:32:24.454 [info] > git for-each-ref --format=%(refname)%00%(upstream:short)%00%(objectname)%00%(upstream:track)%00%(upstream:remotename)%00%(upstream:remoteref) refs/heads/main refs/remotes/main [1ms]
2023-03-22 18:32:24.470 [info] > git status -z -uall [14ms]
2023-03-22 18:32:29.482 [info] > git config --get commit.template [3ms]
2023-03-22 18:32:29.482 [info] > git for-each-ref --format=%(refname)%00%(upstream:short)%00%(objectname)%00%(upstream:track)%00%(upstream:remotename)%00%(upstream:remoteref) refs/heads/main refs/remotes/main [1ms]
2023-03-22 18:32:29.498 [info] > git status -z -uall [14ms]
2023-03-22 18:32:35.839 [info] > git config --get commit.template [4ms]
2023-03-22 18:32:35.839 [info] > git for-each-ref --format=%(refname)%00%(upstream:short)%00%(objectname)%00%(upstream:track)%00%(upstream:remotename)%00%(upstream:remoteref) refs/heads/main refs/remotes/main [1ms]
2023-03-22 18:32:35.857 [info] > git status -z -uall [14ms]
2023-03-22 18:32:40.871 [info] > git config --get commit.template [4ms]
2023-03-22 18:32:40.871 [info] > git for-each-ref --format=%(refname)%00%(upstream:short)%00%(objectname)%00%(upstream:track)%00%(upstream:remotename)%00%(upstream:remoteref) refs/heads/main refs/remotes/main [1ms]
2023-03-22 18:32:40.887 [info] > git status -z -uall [14ms]
2023-03-22 18:32:45.900 [info] > git config --get commit.template [3ms]
2023-03-22 18:32:45.900 [info] > git for-each-ref --format=%(refname)%00%(upstream:short)%00%(objectname)%00%(upstream:track)%00%(upstream:remotename)%00%(upstream:remoteref) refs/heads/main refs/remotes/main [0ms]
2023-03-22 18:32:45.916 [info] > git status -z -uall [14ms]
2023-03-22 18:32:51.802 [info] > git config --get commit.template [2ms]
2023-03-22 18:32:51.802 [info] > git for-each-ref --format=%(refname)%00%(upstream:short)%00%(objectname)%00%(upstream:track)%00%(upstream:remotename)%00%(upstream:remoteref) refs/heads/main refs/remotes/main [1ms]
2023-03-22 18:32:51.818 [info] > git status -z -uall [14ms]
2023-03-22 18:32:56.831 [info] > git config --get commit.template [3ms]
2023-03-22 18:32:56.832 [info] > git for-each-ref --format=%(refname)%00%(upstream:short)%00%(objectname)%00%(upstream:track)%00%(upstream:remotename)%00%(upstream:remoteref) refs/heads/main refs/remotes/main [0ms]
2023-03-22 18:32:56.847 [info] > git status -z -uall [13ms]
2023-03-22 18:33:01.860 [info] > git config --get commit.template [3ms]
2023-03-22 18:33:01.860 [info] > git for-each-ref --format=%(refname)%00%(upstream:short)%00%(objectname)%00%(upstream:track)%00%(upstream:remotename)%00%(upstream:remoteref) refs/heads/main refs/remotes/main [1ms]
2023-03-22 18:33:01.876 [info] > git status -z -uall [14ms]
2023-03-22 18:33:06.888 [info] > git config --get commit.template [3ms]
2023-03-22 18:33:06.889 [info] > git for-each-ref --format=%(refname)%00%(upstream:short)%00%(objectname)%00%(upstream:track)%00%(upstream:remotename)%00%(upstream:remoteref) refs/heads/main refs/remotes/main [1ms]
2023-03-22 18:33:06.909 [info] > git status -z -uall [14ms]
2023-03-22 18:33:12.717 [info] > git config --get commit.template [1ms]
2023-03-22 18:33:12.720 [info] > git for-each-ref --format=%(refname)%00%(upstream:short)%00%(objectname)%00%(upstream:track)%00%(upstream:remotename)%00%(upstream:remoteref) refs/heads/main refs/remotes/main [1ms]
2023-03-22 18:33:12.737 [info] > git status -z -uall [14ms]
2023-03-22 18:33:17.752 [info] > git config --get commit.template [2ms]
2023-03-22 18:33:17.753 [info] > git for-each-ref --format=%(refname)%00%(upstream:short)%00%(objectname)%00%(upstream:track)%00%(upstream:remotename)%00%(upstream:remoteref) refs/heads/main refs/remotes/main [1ms]
2023-03-22 18:33:17.772 [info] > git status -z -uall [13ms]
2023-03-22 18:33:22.786 [info] > git config --get commit.template [3ms]
2023-03-22 18:33:22.786 [info] > git for-each-ref --format=%(refname)%00%(upstream:short)%00%(objectname)%00%(upstream:track)%00%(upstream:remotename)%00%(upstream:remoteref) refs/heads/main refs/remotes/main [1ms]
2023-03-22 18:33:22.806 [info] > git status -z -uall [13ms]
2023-03-22 18:33:27.819 [info] > git config --get commit.template [3ms]
2023-03-22 18:33:27.820 [info] > git for-each-ref --format=%(refname)%00%(upstream:short)%00%(objectname)%00%(upstream:track)%00%(upstream:remotename)%00%(upstream:remoteref) refs/heads/main refs/remotes/main [1ms]
2023-03-22 18:33:27.839 [info] > git status -z -uall [13ms]
2023-03-22 18:33:37.428 [info] > git config --get commit.template [4ms]
2023-03-22 18:33:37.428 [info] > git for-each-ref --format=%(refname)%00%(upstream:short)%00%(objectname)%00%(upstream:track)%00%(upstream:remotename)%00%(upstream:remoteref) refs/heads/main refs/remotes/main [1ms]
2023-03-22 18:33:37.445 [info] > git status -z -uall [14ms]
2023-03-22 18:34:56.504 [info] > git config --get commit.template [4ms]
2023-03-22 18:34:56.505 [info] > git for-each-ref --format=%(refname)%00%(upstream:short)%00%(objectname)%00%(upstream:track)%00%(upstream:remotename)%00%(upstream:remoteref) refs/heads/main refs/remotes/main [1ms]
2023-03-22 18:34:56.522 [info] > git status -z -uall [14ms]
2023-03-22 18:35:01.535 [info] > git config --get commit.template [2ms]
2023-03-22 18:35:01.536 [info] > git for-each-ref --format=%(refname)%00%(upstream:short)%00%(objectname)%00%(upstream:track)%00%(upstream:remotename)%00%(upstream:remoteref) refs/heads/main refs/remotes/main [1ms]
2023-03-22 18:35:01.551 [info] > git status -z -uall [13ms]
2023-03-22 18:35:06.565 [info] > git config --get commit.template [3ms]
2023-03-22 18:35:06.566 [info] > git for-each-ref --format=%(refname)%00%(upstream:short)%00%(objectname)%00%(upstream:track)%00%(upstream:remotename)%00%(upstream:remoteref) refs/heads/main refs/remotes/main [0ms]
2023-03-22 18:35:06.582 [info] > git status -z -uall [14ms]
2023-03-22 18:35:11.592 [info] > git config --get commit.template [1ms]
2023-03-22 18:35:11.595 [info] > git for-each-ref --format=%(refname)%00%(upstream:short)%00%(objectname)%00%(upstream:track)%00%(upstream:remotename)%00%(upstream:remoteref) refs/heads/main refs/remotes/main [1ms]
2023-03-22 18:35:11.612 [info] > git status -z -uall [15ms]
2023-03-22 18:35:16.623 [info] > git config --get commit.template [0ms]
2023-03-22 18:35:16.626 [info] > git for-each-ref --format=%(refname)%00%(upstream:short)%00%(objectname)%00%(upstream:track)%00%(upstream:remotename)%00%(upstream:remoteref) refs/heads/main refs/remotes/main [1ms]
2023-03-22 18:35:16.642 [info] > git status -z -uall [13ms]
2023-03-22 18:35:21.654 [info] > git config --get commit.template [3ms]
2023-03-22 18:35:21.654 [info] > git for-each-ref --format=%(refname)%00%(upstream:short)%00%(objectname)%00%(upstream:track)%00%(upstream:remotename)%00%(upstream:remoteref) refs/heads/main refs/remotes/main [0ms]
2023-03-22 18:35:21.671 [info] > git status -z -uall [14ms]
2023-03-22 18:35:26.684 [info] > git config --get commit.template [3ms]
2023-03-22 18:35:26.684 [info] > git for-each-ref --format=%(refname)%00%(upstream:short)%00%(objectname)%00%(upstream:track)%00%(upstream:remotename)%00%(upstream:remoteref) refs/heads/main refs/remotes/main [1ms]
2023-03-22 18:35:26.701 [info] > git status -z -uall [14ms]
2023-03-22 18:35:31.713 [info] > git config --get commit.template [3ms]
2023-03-22 18:35:31.713 [info] > git for-each-ref --format=%(refname)%00%(upstream:short)%00%(objectname)%00%(upstream:track)%00%(upstream:remotename)%00%(upstream:remoteref) refs/heads/main refs/remotes/main [0ms]
2023-03-22 18:35:31.729 [info] > git status -z -uall [13ms]
2023-03-22 18:35:36.949 [info] > git config --get commit.template [0ms]
2023-03-22 18:35:36.953 [info] > git for-each-ref --format=%(refname)%00%(upstream:short)%00%(objectname)%00%(upstream:track)%00%(upstream:remotename)%00%(upstream:remoteref) refs/heads/main refs/remotes/main [1ms]
2023-03-22 18:35:36.976 [info] > git status -z -uall [20ms]
2023-03-22 18:35:41.992 [info] > git config --get commit.template [3ms]
2023-03-22 18:35:41.992 [info] > git for-each-ref --format=%(refname)%00%(upstream:short)%00%(objectname)%00%(upstream:track)%00%(upstream:remotename)%00%(upstream:remoteref) refs/heads/main refs/remotes/main [0ms]
2023-03-22 18:35:42.009 [info] > git status -z -uall [13ms]
2023-03-22 18:35:47.291 [info] > git config --get commit.template [4ms]
2023-03-22 18:35:47.291 [info] > git for-each-ref --format=%(refname)%00%(upstream:short)%00%(objectname)%00%(upstream:track)%00%(upstream:remotename)%00%(upstream:remoteref) refs/heads/main refs/remotes/main [0ms]
2023-03-22 18:35:47.309 [info] > git status -z -uall [14ms]
2023-03-22 18:35:52.322 [info] > git config --get commit.template [3ms]
2023-03-22 18:35:52.322 [info] > git for-each-ref --format=%(refname)%00%(upstream:short)%00%(objectname)%00%(upstream:track)%00%(upstream:remotename)%00%(upstream:remoteref) refs/heads/main refs/remotes/main [1ms]
2023-03-22 18:35:52.338 [info] > git status -z -uall [14ms]
2023-03-22 18:35:57.351 [info] > git for-each-ref --format=%(refname)%00%(upstream:short)%00%(objectname)%00%(upstream:track)%00%(upstream:remotename)%00%(upstream:remoteref) refs/heads/main refs/remotes/main [1ms]
2023-03-22 18:35:57.351 [info] > git config --get commit.template [3ms]
2023-03-22 18:35:57.367 [info] > git status -z -uall [13ms]
2023-03-22 18:36:02.381 [info] > git config --get commit.template [3ms]
2023-03-22 18:36:02.382 [info] > git for-each-ref --format=%(refname)%00%(upstream:short)%00%(objectname)%00%(upstream:track)%00%(upstream:remotename)%00%(upstream:remoteref) refs/heads/main refs/remotes/main [0ms]
2023-03-22 18:36:02.398 [info] > git status -z -uall [14ms]
2023-03-22 18:36:09.637 [info] > git config --get commit.template [4ms]
2023-03-22 18:36:09.638 [info] > git for-each-ref --format=%(refname)%00%(upstream:short)%00%(objectname)%00%(upstream:track)%00%(upstream:remotename)%00%(upstream:remoteref) refs/heads/main refs/remotes/main [1ms]
2023-03-22 18:36:09.655 [info] > git status -z -uall [14ms]
2023-03-22 18:36:14.669 [info] > git config --get commit.template [3ms]
2023-03-22 18:36:14.669 [info] > git for-each-ref --format=%(refname)%00%(upstream:short)%00%(objectname)%00%(upstream:track)%00%(upstream:remotename)%00%(upstream:remoteref) refs/heads/main refs/remotes/main [1ms]
2023-03-22 18:36:14.685 [info] > git status -z -uall [14ms]
2023-03-22 18:36:19.697 [info] > git config --get commit.template [3ms]
2023-03-22 18:36:19.698 [info] > git for-each-ref --format=%(refname)%00%(upstream:short)%00%(objectname)%00%(upstream:track)%00%(upstream:remotename)%00%(upstream:remoteref) refs/heads/main refs/remotes/main [1ms]
2023-03-22 18:36:19.714 [info] > git status -z -uall [14ms]
2023-03-22 18:36:24.727 [info] > git config --get commit.template [3ms]
2023-03-22 18:36:24.727 [info] > git for-each-ref --format=%(refname)%00%(upstream:short)%00%(objectname)%00%(upstream:track)%00%(upstream:remotename)%00%(upstream:remoteref) refs/heads/main refs/remotes/main [1ms]
2023-03-22 18:36:24.742 [info] > git status -z -uall [13ms]
2023-03-22 18:36:29.755 [info] > git config --get commit.template [2ms]
2023-03-22 18:36:29.755 [info] > git for-each-ref --format=%(refname)%00%(upstream:short)%00%(objectname)%00%(upstream:track)%00%(upstream:remotename)%00%(upstream:remoteref) refs/heads/main refs/remotes/main [1ms]
2023-03-22 18:36:29.771 [info] > git status -z -uall [14ms]
2023-03-22 18:36:37.775 [info] > git config --get commit.template [3ms]
2023-03-22 18:36:37.775 [info] > git for-each-ref --format=%(refname)%00%(upstream:short)%00%(objectname)%00%(upstream:track)%00%(upstream:remotename)%00%(upstream:remoteref) refs/heads/main refs/remotes/main [1ms]
2023-03-22 18:36:37.792 [info] > git status -z -uall [15ms]
2023-03-22 18:36:42.806 [info] > git config --get commit.template [3ms]
2023-03-22 18:36:42.806 [info] > git for-each-ref --format=%(refname)%00%(upstream:short)%00%(objectname)%00%(upstream:track)%00%(upstream:remotename)%00%(upstream:remoteref) refs/heads/main refs/remotes/main [0ms]
2023-03-22 18:36:42.822 [info] > git status -z -uall [13ms]
2023-03-22 18:36:47.835 [info] > git config --get commit.template [2ms]
2023-03-22 18:36:47.835 [info] > git for-each-ref --format=%(refname)%00%(upstream:short)%00%(objectname)%00%(upstream:track)%00%(upstream:remotename)%00%(upstream:remoteref) refs/heads/main refs/remotes/main [1ms]
2023-03-22 18:36:47.851 [info] > git status -z -uall [14ms]
2023-03-22 18:36:52.864 [info] > git config --get commit.template [3ms]
2023-03-22 18:36:52.865 [info] > git for-each-ref --format=%(refname)%00%(upstream:short)%00%(objectname)%00%(upstream:track)%00%(upstream:remotename)%00%(upstream:remoteref) refs/heads/main refs/remotes/main [1ms]
2023-03-22 18:36:52.880 [info] > git status -z -uall [13ms]
2023-03-22 18:37:28.075 [info] > git config --get commit.template [1ms]
2023-03-22 18:37:28.079 [info] > git for-each-ref --format=%(refname)%00%(upstream:short)%00%(objectname)%00%(upstream:track)%00%(upstream:remotename)%00%(upstream:remoteref) refs/heads/main refs/remotes/main [0ms]
2023-03-22 18:37:28.096 [info] > git status -z -uall [14ms]
2023-03-22 18:37:33.109 [info] > git config --get commit.template [3ms]
2023-03-22 18:37:33.110 [info] > git for-each-ref --format=%(refname)%00%(upstream:short)%00%(objectname)%00%(upstream:track)%00%(upstream:remotename)%00%(upstream:remoteref) refs/heads/main refs/remotes/main [0ms]
2023-03-22 18:37:33.125 [info] > git status -z -uall [13ms]
2023-03-22 18:37:38.138 [info] > git config --get commit.template [3ms]
2023-03-22 18:37:38.139 [info] > git for-each-ref --format=%(refname)%00%(upstream:short)%00%(objectname)%00%(upstream:track)%00%(upstream:remotename)%00%(upstream:remoteref) refs/heads/main refs/remotes/main [1ms]
2023-03-22 18:37:38.155 [info] > git status -z -uall [13ms]
2023-03-22 18:37:43.173 [info] > git config --get commit.template [6ms]
2023-03-22 18:37:43.174 [info] > git for-each-ref --format=%(refname)%00%(upstream:short)%00%(objectname)%00%(upstream:track)%00%(upstream:remotename)%00%(upstream:remoteref) refs/heads/main refs/remotes/main [1ms]
2023-03-22 18:37:43.196 [info] > git status -z -uall [16ms]
2023-03-22 18:37:48.210 [info] > git config --get commit.template [3ms]
2023-03-22 18:37:48.210 [info] > git for-each-ref --format=%(refname)%00%(upstream:short)%00%(objectname)%00%(upstream:track)%00%(upstream:remotename)%00%(upstream:remoteref) refs/heads/main refs/remotes/main [0ms]
2023-03-22 18:37:48.226 [info] > git status -z -uall [14ms]
2023-03-22 18:37:53.240 [info] > git config --get commit.template [2ms]
2023-03-22 18:37:53.240 [info] > git for-each-ref --format=%(refname)%00%(upstream:short)%00%(objectname)%00%(upstream:track)%00%(upstream:remotename)%00%(upstream:remoteref) refs/heads/main refs/remotes/main [1ms]
2023-03-22 18:37:53.256 [info] > git status -z -uall [14ms]
2023-03-22 18:37:58.269 [info] > git config --get commit.template [3ms]
2023-03-22 18:37:58.269 [info] > git for-each-ref --format=%(refname)%00%(upstream:short)%00%(objectname)%00%(upstream:track)%00%(upstream:remotename)%00%(upstream:remoteref) refs/heads/main refs/remotes/main [0ms]
2023-03-22 18:37:58.284 [info] > git status -z -uall [13ms]
2023-03-22 18:38:03.297 [info] > git config --get commit.template [2ms]
2023-03-22 18:38:03.298 [info] > git for-each-ref --format=%(refname)%00%(upstream:short)%00%(objectname)%00%(upstream:track)%00%(upstream:remotename)%00%(upstream:remoteref) refs/heads/main refs/remotes/main [1ms]
2023-03-22 18:38:03.314 [info] > git status -z -uall [14ms]
2023-03-22 18:38:08.327 [info] > git config --get commit.template [3ms]
2023-03-22 18:38:08.327 [info] > git for-each-ref --format=%(refname)%00%(upstream:short)%00%(objectname)%00%(upstream:track)%00%(upstream:remotename)%00%(upstream:remoteref) refs/heads/main refs/remotes/main [1ms]
2023-03-22 18:38:08.343 [info] > git status -z -uall [14ms]
2023-03-22 18:38:13.356 [info] > git config --get commit.template [3ms]
2023-03-22 18:38:13.357 [info] > git for-each-ref --format=%(refname)%00%(upstream:short)%00%(objectname)%00%(upstream:track)%00%(upstream:remotename)%00%(upstream:remoteref) refs/heads/main refs/remotes/main [0ms]
2023-03-22 18:38:13.372 [info] > git status -z -uall [13ms]
2023-03-22 18:38:18.385 [info] > git config --get commit.template [3ms]
2023-03-22 18:38:18.385 [info] > git for-each-ref --format=%(refname)%00%(upstream:short)%00%(objectname)%00%(upstream:track)%00%(upstream:remotename)%00%(upstream:remoteref) refs/heads/main refs/remotes/main [1ms]
2023-03-22 18:38:18.401 [info] > git status -z -uall [14ms]
2023-03-22 18:38:23.414 [info] > git config --get commit.template [3ms]
2023-03-22 18:38:23.415 [info] > git for-each-ref --format=%(refname)%00%(upstream:short)%00%(objectname)%00%(upstream:track)%00%(upstream:remotename)%00%(upstream:remoteref) refs/heads/main refs/remotes/main [1ms]
2023-03-22 18:38:23.430 [info] > git status -z -uall [13ms]
2023-03-22 18:38:28.443 [info] > git config --get commit.template [3ms]
2023-03-22 18:38:28.444 [info] > git for-each-ref --format=%(refname)%00%(upstream:short)%00%(objectname)%00%(upstream:track)%00%(upstream:remotename)%00%(upstream:remoteref) refs/heads/main refs/remotes/main [1ms]
2023-03-22 18:38:28.460 [info] > git status -z -uall [14ms]
2023-03-22 18:38:33.471 [info] > git config --get commit.template [1ms]
2023-03-22 18:38:33.474 [info] > git for-each-ref --format=%(refname)%00%(upstream:short)%00%(objectname)%00%(upstream:track)%00%(upstream:remotename)%00%(upstream:remoteref) refs/heads/main refs/remotes/main [1ms]
2023-03-22 18:38:33.490 [info] > git status -z -uall [14ms]
2023-03-22 18:38:38.502 [info] > git config --get commit.template [3ms]
2023-03-22 18:38:38.502 [info] > git for-each-ref --format=%(refname)%00%(upstream:short)%00%(objectname)%00%(upstream:track)%00%(upstream:remotename)%00%(upstream:remoteref) refs/heads/main refs/remotes/main [0ms]
2023-03-22 18:38:38.518 [info] > git status -z -uall [14ms]
2023-03-22 18:39:13.478 [info] > git config --get commit.template [1ms]
2023-03-22 18:39:13.483 [info] > git for-each-ref --format=%(refname)%00%(upstream:short)%00%(objectname)%00%(upstream:track)%00%(upstream:remotename)%00%(upstream:remoteref) refs/heads/main refs/remotes/main [1ms]
2023-03-22 18:39:13.500 [info] > git status -z -uall [14ms]
2023-03-22 18:39:18.512 [info] > git config --get commit.template [3ms]
2023-03-22 18:39:18.513 [info] > git for-each-ref --format=%(refname)%00%(upstream:short)%00%(objectname)%00%(upstream:track)%00%(upstream:remotename)%00%(upstream:remoteref) refs/heads/main refs/remotes/main [1ms]
2023-03-22 18:39:18.528 [info] > git status -z -uall [13ms]
2023-03-22 18:39:23.540 [info] > git config --get commit.template [1ms]
2023-03-22 18:39:23.543 [info] > git for-each-ref --format=%(refname)%00%(upstream:short)%00%(objectname)%00%(upstream:track)%00%(upstream:remotename)%00%(upstream:remoteref) refs/heads/main refs/remotes/main [1ms]
2023-03-22 18:39:23.559 [info] > git status -z -uall [13ms]
2023-03-22 18:39:28.571 [info] > git config --get commit.template [3ms]
2023-03-22 18:39:28.571 [info] > git for-each-ref --format=%(refname)%00%(upstream:short)%00%(objectname)%00%(upstream:track)%00%(upstream:remotename)%00%(upstream:remoteref) refs/heads/main refs/remotes/main [1ms]
2023-03-22 18:39:28.587 [info] > git status -z -uall [14ms]
2023-03-22 18:39:33.600 [info] > git config --get commit.template [3ms]
2023-03-22 18:39:33.600 [info] > git for-each-ref --format=%(refname)%00%(upstream:short)%00%(objectname)%00%(upstream:track)%00%(upstream:remotename)%00%(upstream:remoteref) refs/heads/main refs/remotes/main [0ms]
2023-03-22 18:39:33.617 [info] > git status -z -uall [14ms]
2023-03-22 18:39:38.632 [info] > git config --get commit.template [4ms]
2023-03-22 18:39:38.632 [info] > git for-each-ref --format=%(refname)%00%(upstream:short)%00%(objectname)%00%(upstream:track)%00%(upstream:remotename)%00%(upstream:remoteref) refs/heads/main refs/remotes/main [1ms]
2023-03-22 18:39:38.649 [info] > git status -z -uall [15ms]
2023-03-22 18:39:43.660 [info] > git config --get commit.template [1ms]
2023-03-22 18:39:43.663 [info] > git for-each-ref --format=%(refname)%00%(upstream:short)%00%(objectname)%00%(upstream:track)%00%(upstream:remotename)%00%(upstream:remoteref) refs/heads/main refs/remotes/main [1ms]
2023-03-22 18:39:43.680 [info] > git status -z -uall [13ms]
2023-03-22 18:39:48.693 [info] > git config --get commit.template [3ms]
2023-03-22 18:39:48.694 [info] > git for-each-ref --format=%(refname)%00%(upstream:short)%00%(objectname)%00%(upstream:track)%00%(upstream:remotename)%00%(upstream:remoteref) refs/heads/main refs/remotes/main [0ms]
2023-03-22 18:39:48.710 [info] > git status -z -uall [14ms]
2023-03-22 18:39:53.722 [info] > git config --get commit.template [3ms]
2023-03-22 18:39:53.722 [info] > git for-each-ref --format=%(refname)%00%(upstream:short)%00%(objectname)%00%(upstream:track)%00%(upstream:remotename)%00%(upstream:remoteref) refs/heads/main refs/remotes/main [1ms]
2023-03-22 18:39:53.742 [info] > git status -z -uall [14ms]
