2023-03-07 21:08:03.328 [info] Extension host with pid 254 started
2023-03-07 21:08:03.335 [info] Lock '/root/.vscode-server/data/User/workspaceStorage/7357c8406dd7ab776bfe1fd154ad47e5/vscode.lock': Lock acquired.
2023-03-07 21:08:03.406 [info] ExtensionService#_doActivateExtension vscode.emmet, startup: false, activationEvent: 'onLanguage'
2023-03-07 21:08:03.407 [info] ExtensionService#_doActivateExtension NomicFoundation.hardhat-solidity, startup: false, activationEvent: 'onLanguage:solidity'
2023-03-07 21:08:03.407 [info] ExtensionService#_doActivateExtension vscode.git-base, startup: true, activationEvent: '*', root cause: vscode.git
2023-03-07 21:08:03.911 [info] ExtensionService#_doActivateExtension vscode.npm, startup: true, activationEvent: 'workspaceContains:package.json'
2023-03-07 21:08:04.003 [info] ExtensionService#_doActivateExtension vscode.git, startup: true, activationEvent: '*'
2023-03-07 21:08:04.004 [info] ExtensionService#_doActivateExtension vscode.github, startup: true, activationEvent: '*'
2023-03-07 21:08:04.214 [info] Eager extensions activated
2023-03-07 21:08:04.215 [info] ExtensionService#_doActivateExtension vscode.debug-auto-launch, startup: false, activationEvent: 'onStartupFinished'
2023-03-07 21:08:04.215 [info] ExtensionService#_doActivateExtension vscode.merge-conflict, startup: false, activationEvent: 'onStartupFinished'
2023-03-07 21:08:04.215 [info] ExtensionService#_doActivateExtension esbenp.prettier-vscode, startup: false, activationEvent: 'onStartupFinished'
2023-03-07 21:08:04.493 [warning] [Decorations] CAPPING events from decorations provider vscode.git 1661
2023-03-07 21:08:04.595 [warning] [Decorations] CAPPING events from decorations provider vscode.git 1661
2023-03-07 21:08:04.610 [info] ExtensionService#_doActivateExtension vscode.configuration-editing, startup: false, activationEvent: 'onLanguage:jsonc'
2023-03-07 21:08:04.611 [info] ExtensionService#_doActivateExtension vscode.json-language-features, startup: false, activationEvent: 'onLanguage:jsonc'
2023-03-07 21:08:04.611 [info] ExtensionService#_doActivateExtension vscode.typescript-language-features, startup: false, activationEvent: 'onLanguage:jsonc'
2023-03-07 21:08:08.276 [warning] [Decorations] CAPPING events from decorations provider vscode.git 1662
2023-03-07 21:08:14.513 [warning] [Decorations] CAPPING events from decorations provider vscode.git 1662
2023-03-07 21:08:19.562 [warning] [Decorations] CAPPING events from decorations provider vscode.git 1653
2023-03-07 21:08:24.614 [warning] [Decorations] CAPPING events from decorations provider vscode.git 1653
2023-03-07 21:08:29.660 [warning] [Decorations] CAPPING events from decorations provider vscode.git 1653
2023-03-07 21:08:35.615 [warning] [Decorations] CAPPING events from decorations provider vscode.git 1654
2023-03-07 21:08:40.663 [warning] [Decorations] CAPPING events from decorations provider vscode.git 1654
2023-03-07 21:08:45.711 [warning] [Decorations] CAPPING events from decorations provider vscode.git 1654
2023-03-07 21:08:52.626 [warning] [Decorations] CAPPING events from decorations provider vscode.git 1654
2023-03-07 21:08:57.676 [warning] [Decorations] CAPPING events from decorations provider vscode.git 1654
2023-03-07 21:09:02.724 [warning] [Decorations] CAPPING events from decorations provider vscode.git 1654
2023-03-07 21:09:07.771 [warning] [Decorations] CAPPING events from decorations provider vscode.git 1654
2023-03-07 21:09:12.821 [warning] [Decorations] CAPPING events from decorations provider vscode.git 1654
2023-03-07 21:09:17.867 [warning] [Decorations] CAPPING events from decorations provider vscode.git 1654
2023-03-07 21:09:22.916 [warning] [Decorations] CAPPING events from decorations provider vscode.git 1654
2023-03-07 21:09:27.962 [warning] [Decorations] CAPPING events from decorations provider vscode.git 1654
2023-03-07 21:09:33.013 [warning] [Decorations] CAPPING events from decorations provider vscode.git 1654
2023-03-07 21:09:38.059 [warning] [Decorations] CAPPING events from decorations provider vscode.git 1654
2023-03-07 21:09:43.106 [warning] [Decorations] CAPPING events from decorations provider vscode.git 1654
2023-03-07 21:09:48.153 [warning] [Decorations] CAPPING events from decorations provider vscode.git 1654
2023-03-07 21:09:53.201 [warning] [Decorations] CAPPING events from decorations provider vscode.git 1654
2023-03-07 21:09:58.248 [warning] [Decorations] CAPPING events from decorations provider vscode.git 1654
2023-03-07 21:10:03.296 [warning] [Decorations] CAPPING events from decorations provider vscode.git 1654
2023-03-07 21:10:08.344 [warning] [Decorations] CAPPING events from decorations provider vscode.git 1654
2023-03-07 21:10:13.393 [warning] [Decorations] CAPPING events from decorations provider vscode.git 1654
2023-03-07 21:10:18.439 [warning] [Decorations] CAPPING events from decorations provider vscode.git 1654
2023-03-07 21:10:23.488 [warning] [Decorations] CAPPING events from decorations provider vscode.git 1654
2023-03-07 21:10:28.534 [warning] [Decorations] CAPPING events from decorations provider vscode.git 1654
2023-03-07 21:10:33.584 [warning] [Decorations] CAPPING events from decorations provider vscode.git 1654
2023-03-07 21:10:38.630 [warning] [Decorations] CAPPING events from decorations provider vscode.git 1654
2023-03-07 21:10:43.678 [warning] [Decorations] CAPPING events from decorations provider vscode.git 1654
2023-03-07 21:10:48.723 [warning] [Decorations] CAPPING events from decorations provider vscode.git 1654
2023-03-07 21:10:53.773 [warning] [Decorations] CAPPING events from decorations provider vscode.git 1654
2023-03-07 21:10:58.821 [warning] [Decorations] CAPPING events from decorations provider vscode.git 1654
2023-03-07 21:11:03.870 [warning] [Decorations] CAPPING events from decorations provider vscode.git 1654
2023-03-07 21:11:08.917 [warning] [Decorations] CAPPING events from decorations provider vscode.git 1654
2023-03-07 21:11:13.967 [warning] [Decorations] CAPPING events from decorations provider vscode.git 1654
2023-03-07 21:11:19.013 [warning] [Decorations] CAPPING events from decorations provider vscode.git 1654
2023-03-07 21:11:24.063 [warning] [Decorations] CAPPING events from decorations provider vscode.git 1654
2023-03-07 21:11:29.109 [warning] [Decorations] CAPPING events from decorations provider vscode.git 1654
2023-03-07 21:11:34.156 [warning] [Decorations] CAPPING events from decorations provider vscode.git 1654
2023-03-07 21:23:21.874 [warning] [Decorations] CAPPING events from decorations provider vscode.git 1654
2023-03-07 21:23:21.906 [info] Extension host terminating: received terminate message from renderer
2023-03-07 21:23:21.906 [info] Lock '/root/.vscode-server/data/User/workspaceStorage/7357c8406dd7ab776bfe1fd154ad47e5/vscode.lock': Marking the lockfile as scheduled to be released in 6000 ms.
2023-03-07 21:23:21.922 [error] Canceled: Canceled
	at new a (/root/.vscode-server/bin/92da9481c0904c6adfe372c12da3b7748d74bdcb/out/vs/workbench/api/node/extensionHostProcess.js:96:88793)
	at c.O (/root/.vscode-server/bin/92da9481c0904c6adfe372c12da3b7748d74bdcb/out/vs/workbench/api/node/extensionHostProcess.js:106:11260)
	at Proxy.V.<computed>.Q.charCodeAt.V.<computed> (/root/.vscode-server/bin/92da9481c0904c6adfe372c12da3b7748d74bdcb/out/vs/workbench/api/node/extensionHostProcess.js:106:8550)
	at l.g (/root/.vscode-server/bin/92da9481c0904c6adfe372c12da3b7748d74bdcb/out/vs/workbench/api/node/extensionHostProcess.js:96:108198)
	at l.executeCommand (/root/.vscode-server/bin/92da9481c0904c6adfe372c12da3b7748d74bdcb/out/vs/workbench/api/node/extensionHostProcess.js:96:107574)
	at O.registerCommand.description (/root/.vscode-server/bin/92da9481c0904c6adfe372c12da3b7748d74bdcb/out/vs/workbench/api/node/extensionHostProcess.js:96:106867)
	at l.h (/root/.vscode-server/bin/92da9481c0904c6adfe372c12da3b7748d74bdcb/out/vs/workbench/api/node/extensionHostProcess.js:96:108784)
	at l.g (/root/.vscode-server/bin/92da9481c0904c6adfe372c12da3b7748d74bdcb/out/vs/workbench/api/node/extensionHostProcess.js:96:107674)
	at l.executeCommand (/root/.vscode-server/bin/92da9481c0904c6adfe372c12da3b7748d74bdcb/out/vs/workbench/api/node/extensionHostProcess.js:96:107574)
	at Object.executeCommand (/root/.vscode-server/bin/92da9481c0904c6adfe372c12da3b7748d74bdcb/out/vs/workbench/api/node/extensionHostProcess.js:117:30781)
	at D (/root/.vscode-server/bin/92da9481c0904c6adfe372c12da3b7748d74bdcb/extensions/git/dist/main.js:2:1467127)
	at f.invoke (/root/.vscode-server/bin/92da9481c0904c6adfe372c12da3b7748d74bdcb/out/vs/workbench/api/node/extensionHostProcess.js:63:145)
	at g.deliver (/root/.vscode-server/bin/92da9481c0904c6adfe372c12da3b7748d74bdcb/out/vs/workbench/api/node/extensionHostProcess.js:63:2066)
	at h.fire (/root/.vscode-server/bin/92da9481c0904c6adfe372c12da3b7748d74bdcb/out/vs/workbench/api/node/extensionHostProcess.js:63:1704)
	at Object.m [as dispose] (/root/.vscode-server/bin/92da9481c0904c6adfe372c12da3b7748d74bdcb/extensions/git/dist/main.js:2:1481856)
	at /root/.vscode-server/bin/92da9481c0904c6adfe372c12da3b7748d74bdcb/extensions/git/dist/main.js:2:1485923
	at Array.forEach (<anonymous>)
	at g.dispose (/root/.vscode-server/bin/92da9481c0904c6adfe372c12da3b7748d74bdcb/extensions/git/dist/main.js:2:1485909)
	at D.<anonymous> (/root/.vscode-server/bin/92da9481c0904c6adfe372c12da3b7748d74bdcb/out/vs/workbench/api/node/extensionHostProcess.js:94:12431)
	at D.dispose (/root/.vscode-server/bin/92da9481c0904c6adfe372c12da3b7748d74bdcb/out/vs/workbench/api/node/extensionHostProcess.js:94:12566)
	at D.<anonymous> (/root/.vscode-server/bin/92da9481c0904c6adfe372c12da3b7748d74bdcb/extensions/git/dist/main.js:2:1469257)
	at D.dispose (/root/.vscode-server/bin/92da9481c0904c6adfe372c12da3b7748d74bdcb/out/vs/workbench/api/node/extensionHostProcess.js:94:12566)
	at k (/root/.vscode-server/bin/92da9481c0904c6adfe372c12da3b7748d74bdcb/out/vs/workbench/api/node/extensionHostProcess.js:10:12074)
	at f.X (/root/.vscode-server/bin/92da9481c0904c6adfe372c12da3b7748d74bdcb/out/vs/workbench/api/node/extensionHostProcess.js:108:11284)
	at /root/.vscode-server/bin/92da9481c0904c6adfe372c12da3b7748d74bdcb/out/vs/workbench/api/node/extensionHostProcess.js:108:9088
	at Array.map (<anonymous>)
	at f.Q (/root/.vscode-server/bin/92da9481c0904c6adfe372c12da3b7748d74bdcb/out/vs/workbench/api/node/extensionHostProcess.js:108:9075)
	at f.terminate (/root/.vscode-server/bin/92da9481c0904c6adfe372c12da3b7748d74bdcb/out/vs/workbench/api/node/extensionHostProcess.js:108:9347)
	at u.terminate (/root/.vscode-server/bin/92da9481c0904c6adfe372c12da3b7748d74bdcb/out/vs/workbench/api/node/extensionHostProcess.js:112:1397)
	at p (/root/.vscode-server/bin/92da9481c0904c6adfe372c12da3b7748d74bdcb/out/vs/workbench/api/node/extensionHostProcess.js:122:18592)
	at /root/.vscode-server/bin/92da9481c0904c6adfe372c12da3b7748d74bdcb/out/vs/workbench/api/node/extensionHostProcess.js:122:16502
	at f.invoke (/root/.vscode-server/bin/92da9481c0904c6adfe372c12da3b7748d74bdcb/out/vs/workbench/api/node/extensionHostProcess.js:63:145)
	at g.deliver (/root/.vscode-server/bin/92da9481c0904c6adfe372c12da3b7748d74bdcb/out/vs/workbench/api/node/extensionHostProcess.js:63:2066)
	at h.fire (/root/.vscode-server/bin/92da9481c0904c6adfe372c12da3b7748d74bdcb/out/vs/workbench/api/node/extensionHostProcess.js:63:1704)
	at p.fire (/root/.vscode-server/bin/92da9481c0904c6adfe372c12da3b7748d74bdcb/out/vs/workbench/api/node/extensionHostProcess.js:72:14907)
	at t.E (/root/.vscode-server/bin/92da9481c0904c6adfe372c12da3b7748d74bdcb/out/vs/workbench/api/node/extensionHostProcess.js:72:18973)
	at /root/.vscode-server/bin/92da9481c0904c6adfe372c12da3b7748d74bdcb/out/vs/workbench/api/node/extensionHostProcess.js:72:16961
	at f.invoke (/root/.vscode-server/bin/92da9481c0904c6adfe372c12da3b7748d74bdcb/out/vs/workbench/api/node/extensionHostProcess.js:63:145)
	at g.deliver (/root/.vscode-server/bin/92da9481c0904c6adfe372c12da3b7748d74bdcb/out/vs/workbench/api/node/extensionHostProcess.js:63:2066)
	at h.fire (/root/.vscode-server/bin/92da9481c0904c6adfe372c12da3b7748d74bdcb/out/vs/workbench/api/node/extensionHostProcess.js:63:1704)
	at u.acceptChunk (/root/.vscode-server/bin/92da9481c0904c6adfe372c12da3b7748d74bdcb/out/vs/workbench/api/node/extensionHostProcess.js:72:12638)
	at /root/.vscode-server/bin/92da9481c0904c6adfe372c12da3b7748d74bdcb/out/vs/workbench/api/node/extensionHostProcess.js:72:11925
	at f.invoke (/root/.vscode-server/bin/92da9481c0904c6adfe372c12da3b7748d74bdcb/out/vs/workbench/api/node/extensionHostProcess.js:63:145)
	at g.deliver (/root/.vscode-server/bin/92da9481c0904c6adfe372c12da3b7748d74bdcb/out/vs/workbench/api/node/extensionHostProcess.js:63:2066)
	at h.fire (/root/.vscode-server/bin/92da9481c0904c6adfe372c12da3b7748d74bdcb/out/vs/workbench/api/node/extensionHostProcess.js:63:1704)
	at h.u (/root/.vscode-server/bin/92da9481c0904c6adfe372c12da3b7748d74bdcb/out/vs/workbench/api/node/extensionHostProcess.js:72:28911)
	at h.acceptFrame (/root/.vscode-server/bin/92da9481c0904c6adfe372c12da3b7748d74bdcb/out/vs/workbench/api/node/extensionHostProcess.js:72:28717)
	at f.l (/root/.vscode-server/bin/92da9481c0904c6adfe372c12da3b7748d74bdcb/out/vs/workbench/api/node/extensionHostProcess.js:72:27304)
	at /root/.vscode-server/bin/92da9481c0904c6adfe372c12da3b7748d74bdcb/out/vs/workbench/api/node/extensionHostProcess.js:72:24627
	at Socket.t (/root/.vscode-server/bin/92da9481c0904c6adfe372c12da3b7748d74bdcb/out/vs/workbench/api/node/extensionHostProcess.js:72:22461)
	at Socket.emit (node:events:526:28)
	at Socket.emit (node:domain:475:12)
	at addChunk (node:internal/streams/readable:315:12)
	at readableAddChunk (node:internal/streams/readable:289:9)
	at Socket.Readable.push (node:internal/streams/readable:228:10)
	at TCP.onStreamRead (node:internal/stream_base_commons:190:23) setContext undefined
2023-03-07 21:23:21.922 [error] Canceled: Canceled
	at new a (/root/.vscode-server/bin/92da9481c0904c6adfe372c12da3b7748d74bdcb/out/vs/workbench/api/node/extensionHostProcess.js:96:88793)
	at c.O (/root/.vscode-server/bin/92da9481c0904c6adfe372c12da3b7748d74bdcb/out/vs/workbench/api/node/extensionHostProcess.js:106:11260)
	at Proxy.V.<computed>.Q.charCodeAt.V.<computed> (/root/.vscode-server/bin/92da9481c0904c6adfe372c12da3b7748d74bdcb/out/vs/workbench/api/node/extensionHostProcess.js:106:8550)
	at l.g (/root/.vscode-server/bin/92da9481c0904c6adfe372c12da3b7748d74bdcb/out/vs/workbench/api/node/extensionHostProcess.js:96:108198)
	at l.executeCommand (/root/.vscode-server/bin/92da9481c0904c6adfe372c12da3b7748d74bdcb/out/vs/workbench/api/node/extensionHostProcess.js:96:107574)
	at O.registerCommand.description (/root/.vscode-server/bin/92da9481c0904c6adfe372c12da3b7748d74bdcb/out/vs/workbench/api/node/extensionHostProcess.js:96:106867)
	at l.h (/root/.vscode-server/bin/92da9481c0904c6adfe372c12da3b7748d74bdcb/out/vs/workbench/api/node/extensionHostProcess.js:96:108784)
	at l.g (/root/.vscode-server/bin/92da9481c0904c6adfe372c12da3b7748d74bdcb/out/vs/workbench/api/node/extensionHostProcess.js:96:107674)
	at l.executeCommand (/root/.vscode-server/bin/92da9481c0904c6adfe372c12da3b7748d74bdcb/out/vs/workbench/api/node/extensionHostProcess.js:96:107574)
	at Object.executeCommand (/root/.vscode-server/bin/92da9481c0904c6adfe372c12da3b7748d74bdcb/out/vs/workbench/api/node/extensionHostProcess.js:117:30781)
	at D (/root/.vscode-server/bin/92da9481c0904c6adfe372c12da3b7748d74bdcb/extensions/git/dist/main.js:2:1467127)
	at f.invoke (/root/.vscode-server/bin/92da9481c0904c6adfe372c12da3b7748d74bdcb/out/vs/workbench/api/node/extensionHostProcess.js:63:145)
	at g.deliver (/root/.vscode-server/bin/92da9481c0904c6adfe372c12da3b7748d74bdcb/out/vs/workbench/api/node/extensionHostProcess.js:63:2066)
	at h.fire (/root/.vscode-server/bin/92da9481c0904c6adfe372c12da3b7748d74bdcb/out/vs/workbench/api/node/extensionHostProcess.js:63:1704)
	at Object.m [as dispose] (/root/.vscode-server/bin/92da9481c0904c6adfe372c12da3b7748d74bdcb/extensions/git/dist/main.js:2:1481856)
	at /root/.vscode-server/bin/92da9481c0904c6adfe372c12da3b7748d74bdcb/extensions/git/dist/main.js:2:1485923
	at Array.forEach (<anonymous>)
	at g.dispose (/root/.vscode-server/bin/92da9481c0904c6adfe372c12da3b7748d74bdcb/extensions/git/dist/main.js:2:1485909)
	at D.<anonymous> (/root/.vscode-server/bin/92da9481c0904c6adfe372c12da3b7748d74bdcb/out/vs/workbench/api/node/extensionHostProcess.js:94:12431)
	at D.dispose (/root/.vscode-server/bin/92da9481c0904c6adfe372c12da3b7748d74bdcb/out/vs/workbench/api/node/extensionHostProcess.js:94:12566)
	at D.<anonymous> (/root/.vscode-server/bin/92da9481c0904c6adfe372c12da3b7748d74bdcb/extensions/git/dist/main.js:2:1469257)
	at D.dispose (/root/.vscode-server/bin/92da9481c0904c6adfe372c12da3b7748d74bdcb/out/vs/workbench/api/node/extensionHostProcess.js:94:12566)
	at k (/root/.vscode-server/bin/92da9481c0904c6adfe372c12da3b7748d74bdcb/out/vs/workbench/api/node/extensionHostProcess.js:10:12074)
	at f.X (/root/.vscode-server/bin/92da9481c0904c6adfe372c12da3b7748d74bdcb/out/vs/workbench/api/node/extensionHostProcess.js:108:11284)
	at /root/.vscode-server/bin/92da9481c0904c6adfe372c12da3b7748d74bdcb/out/vs/workbench/api/node/extensionHostProcess.js:108:9088
	at Array.map (<anonymous>)
	at f.Q (/root/.vscode-server/bin/92da9481c0904c6adfe372c12da3b7748d74bdcb/out/vs/workbench/api/node/extensionHostProcess.js:108:9075)
	at f.terminate (/root/.vscode-server/bin/92da9481c0904c6adfe372c12da3b7748d74bdcb/out/vs/workbench/api/node/extensionHostProcess.js:108:9347)
	at u.terminate (/root/.vscode-server/bin/92da9481c0904c6adfe372c12da3b7748d74bdcb/out/vs/workbench/api/node/extensionHostProcess.js:112:1397)
	at p (/root/.vscode-server/bin/92da9481c0904c6adfe372c12da3b7748d74bdcb/out/vs/workbench/api/node/extensionHostProcess.js:122:18592)
	at /root/.vscode-server/bin/92da9481c0904c6adfe372c12da3b7748d74bdcb/out/vs/workbench/api/node/extensionHostProcess.js:122:16502
	at f.invoke (/root/.vscode-server/bin/92da9481c0904c6adfe372c12da3b7748d74bdcb/out/vs/workbench/api/node/extensionHostProcess.js:63:145)
	at g.deliver (/root/.vscode-server/bin/92da9481c0904c6adfe372c12da3b7748d74bdcb/out/vs/workbench/api/node/extensionHostProcess.js:63:2066)
	at h.fire (/root/.vscode-server/bin/92da9481c0904c6adfe372c12da3b7748d74bdcb/out/vs/workbench/api/node/extensionHostProcess.js:63:1704)
	at p.fire (/root/.vscode-server/bin/92da9481c0904c6adfe372c12da3b7748d74bdcb/out/vs/workbench/api/node/extensionHostProcess.js:72:14907)
	at t.E (/root/.vscode-server/bin/92da9481c0904c6adfe372c12da3b7748d74bdcb/out/vs/workbench/api/node/extensionHostProcess.js:72:18973)
	at /root/.vscode-server/bin/92da9481c0904c6adfe372c12da3b7748d74bdcb/out/vs/workbench/api/node/extensionHostProcess.js:72:16961
	at f.invoke (/root/.vscode-server/bin/92da9481c0904c6adfe372c12da3b7748d74bdcb/out/vs/workbench/api/node/extensionHostProcess.js:63:145)
	at g.deliver (/root/.vscode-server/bin/92da9481c0904c6adfe372c12da3b7748d74bdcb/out/vs/workbench/api/node/extensionHostProcess.js:63:2066)
	at h.fire (/root/.vscode-server/bin/92da9481c0904c6adfe372c12da3b7748d74bdcb/out/vs/workbench/api/node/extensionHostProcess.js:63:1704)
	at u.acceptChunk (/root/.vscode-server/bin/92da9481c0904c6adfe372c12da3b7748d74bdcb/out/vs/workbench/api/node/extensionHostProcess.js:72:12638)
	at /root/.vscode-server/bin/92da9481c0904c6adfe372c12da3b7748d74bdcb/out/vs/workbench/api/node/extensionHostProcess.js:72:11925
	at f.invoke (/root/.vscode-server/bin/92da9481c0904c6adfe372c12da3b7748d74bdcb/out/vs/workbench/api/node/extensionHostProcess.js:63:145)
	at g.deliver (/root/.vscode-server/bin/92da9481c0904c6adfe372c12da3b7748d74bdcb/out/vs/workbench/api/node/extensionHostProcess.js:63:2066)
	at h.fire (/root/.vscode-server/bin/92da9481c0904c6adfe372c12da3b7748d74bdcb/out/vs/workbench/api/node/extensionHostProcess.js:63:1704)
	at h.u (/root/.vscode-server/bin/92da9481c0904c6adfe372c12da3b7748d74bdcb/out/vs/workbench/api/node/extensionHostProcess.js:72:28911)
	at h.acceptFrame (/root/.vscode-server/bin/92da9481c0904c6adfe372c12da3b7748d74bdcb/out/vs/workbench/api/node/extensionHostProcess.js:72:28717)
	at f.l (/root/.vscode-server/bin/92da9481c0904c6adfe372c12da3b7748d74bdcb/out/vs/workbench/api/node/extensionHostProcess.js:72:27304)
	at /root/.vscode-server/bin/92da9481c0904c6adfe372c12da3b7748d74bdcb/out/vs/workbench/api/node/extensionHostProcess.js:72:24627
	at Socket.t (/root/.vscode-server/bin/92da9481c0904c6adfe372c12da3b7748d74bdcb/out/vs/workbench/api/node/extensionHostProcess.js:72:22461)
	at Socket.emit (node:events:526:28)
	at Socket.emit (node:domain:475:12)
	at addChunk (node:internal/streams/readable:315:12)
	at readableAddChunk (node:internal/streams/readable:289:9)
	at Socket.Readable.push (node:internal/streams/readable:228:10)
	at TCP.onStreamRead (node:internal/stream_base_commons:190:23) setContext undefined
2023-03-07 21:23:21.922 [error] Canceled: Canceled
	at new a (/root/.vscode-server/bin/92da9481c0904c6adfe372c12da3b7748d74bdcb/out/vs/workbench/api/node/extensionHostProcess.js:96:88793)
	at c.O (/root/.vscode-server/bin/92da9481c0904c6adfe372c12da3b7748d74bdcb/out/vs/workbench/api/node/extensionHostProcess.js:106:11260)
	at Proxy.V.<computed>.Q.charCodeAt.V.<computed> (/root/.vscode-server/bin/92da9481c0904c6adfe372c12da3b7748d74bdcb/out/vs/workbench/api/node/extensionHostProcess.js:106:8550)
	at l.g (/root/.vscode-server/bin/92da9481c0904c6adfe372c12da3b7748d74bdcb/out/vs/workbench/api/node/extensionHostProcess.js:96:108198)
	at l.executeCommand (/root/.vscode-server/bin/92da9481c0904c6adfe372c12da3b7748d74bdcb/out/vs/workbench/api/node/extensionHostProcess.js:96:107574)
	at O.registerCommand.description (/root/.vscode-server/bin/92da9481c0904c6adfe372c12da3b7748d74bdcb/out/vs/workbench/api/node/extensionHostProcess.js:96:106867)
	at l.h (/root/.vscode-server/bin/92da9481c0904c6adfe372c12da3b7748d74bdcb/out/vs/workbench/api/node/extensionHostProcess.js:96:108784)
	at l.g (/root/.vscode-server/bin/92da9481c0904c6adfe372c12da3b7748d74bdcb/out/vs/workbench/api/node/extensionHostProcess.js:96:107674)
	at l.executeCommand (/root/.vscode-server/bin/92da9481c0904c6adfe372c12da3b7748d74bdcb/out/vs/workbench/api/node/extensionHostProcess.js:96:107574)
	at Object.executeCommand (/root/.vscode-server/bin/92da9481c0904c6adfe372c12da3b7748d74bdcb/out/vs/workbench/api/node/extensionHostProcess.js:117:30781)
	at D (/root/.vscode-server/bin/92da9481c0904c6adfe372c12da3b7748d74bdcb/extensions/git/dist/main.js:2:1467127)
	at f.invoke (/root/.vscode-server/bin/92da9481c0904c6adfe372c12da3b7748d74bdcb/out/vs/workbench/api/node/extensionHostProcess.js:63:145)
	at g.deliver (/root/.vscode-server/bin/92da9481c0904c6adfe372c12da3b7748d74bdcb/out/vs/workbench/api/node/extensionHostProcess.js:63:2066)
	at h.fire (/root/.vscode-server/bin/92da9481c0904c6adfe372c12da3b7748d74bdcb/out/vs/workbench/api/node/extensionHostProcess.js:63:1704)
	at Object.m [as dispose] (/root/.vscode-server/bin/92da9481c0904c6adfe372c12da3b7748d74bdcb/extensions/git/dist/main.js:2:1481856)
	at /root/.vscode-server/bin/92da9481c0904c6adfe372c12da3b7748d74bdcb/extensions/git/dist/main.js:2:1485923
	at Array.forEach (<anonymous>)
	at g.dispose (/root/.vscode-server/bin/92da9481c0904c6adfe372c12da3b7748d74bdcb/extensions/git/dist/main.js:2:1485909)
	at D.<anonymous> (/root/.vscode-server/bin/92da9481c0904c6adfe372c12da3b7748d74bdcb/out/vs/workbench/api/node/extensionHostProcess.js:94:12431)
	at D.dispose (/root/.vscode-server/bin/92da9481c0904c6adfe372c12da3b7748d74bdcb/out/vs/workbench/api/node/extensionHostProcess.js:94:12566)
	at D.<anonymous> (/root/.vscode-server/bin/92da9481c0904c6adfe372c12da3b7748d74bdcb/extensions/git/dist/main.js:2:1469257)
	at D.dispose (/root/.vscode-server/bin/92da9481c0904c6adfe372c12da3b7748d74bdcb/out/vs/workbench/api/node/extensionHostProcess.js:94:12566)
	at k (/root/.vscode-server/bin/92da9481c0904c6adfe372c12da3b7748d74bdcb/out/vs/workbench/api/node/extensionHostProcess.js:10:12074)
	at f.X (/root/.vscode-server/bin/92da9481c0904c6adfe372c12da3b7748d74bdcb/out/vs/workbench/api/node/extensionHostProcess.js:108:11284)
	at /root/.vscode-server/bin/92da9481c0904c6adfe372c12da3b7748d74bdcb/out/vs/workbench/api/node/extensionHostProcess.js:108:9088
	at Array.map (<anonymous>)
	at f.Q (/root/.vscode-server/bin/92da9481c0904c6adfe372c12da3b7748d74bdcb/out/vs/workbench/api/node/extensionHostProcess.js:108:9075)
	at f.terminate (/root/.vscode-server/bin/92da9481c0904c6adfe372c12da3b7748d74bdcb/out/vs/workbench/api/node/extensionHostProcess.js:108:9347)
	at u.terminate (/root/.vscode-server/bin/92da9481c0904c6adfe372c12da3b7748d74bdcb/out/vs/workbench/api/node/extensionHostProcess.js:112:1397)
	at p (/root/.vscode-server/bin/92da9481c0904c6adfe372c12da3b7748d74bdcb/out/vs/workbench/api/node/extensionHostProcess.js:122:18592)
	at /root/.vscode-server/bin/92da9481c0904c6adfe372c12da3b7748d74bdcb/out/vs/workbench/api/node/extensionHostProcess.js:122:16502
	at f.invoke (/root/.vscode-server/bin/92da9481c0904c6adfe372c12da3b7748d74bdcb/out/vs/workbench/api/node/extensionHostProcess.js:63:145)
	at g.deliver (/root/.vscode-server/bin/92da9481c0904c6adfe372c12da3b7748d74bdcb/out/vs/workbench/api/node/extensionHostProcess.js:63:2066)
	at h.fire (/root/.vscode-server/bin/92da9481c0904c6adfe372c12da3b7748d74bdcb/out/vs/workbench/api/node/extensionHostProcess.js:63:1704)
	at p.fire (/root/.vscode-server/bin/92da9481c0904c6adfe372c12da3b7748d74bdcb/out/vs/workbench/api/node/extensionHostProcess.js:72:14907)
	at t.E (/root/.vscode-server/bin/92da9481c0904c6adfe372c12da3b7748d74bdcb/out/vs/workbench/api/node/extensionHostProcess.js:72:18973)
	at /root/.vscode-server/bin/92da9481c0904c6adfe372c12da3b7748d74bdcb/out/vs/workbench/api/node/extensionHostProcess.js:72:16961
	at f.invoke (/root/.vscode-server/bin/92da9481c0904c6adfe372c12da3b7748d74bdcb/out/vs/workbench/api/node/extensionHostProcess.js:63:145)
	at g.deliver (/root/.vscode-server/bin/92da9481c0904c6adfe372c12da3b7748d74bdcb/out/vs/workbench/api/node/extensionHostProcess.js:63:2066)
	at h.fire (/root/.vscode-server/bin/92da9481c0904c6adfe372c12da3b7748d74bdcb/out/vs/workbench/api/node/extensionHostProcess.js:63:1704)
	at u.acceptChunk (/root/.vscode-server/bin/92da9481c0904c6adfe372c12da3b7748d74bdcb/out/vs/workbench/api/node/extensionHostProcess.js:72:12638)
	at /root/.vscode-server/bin/92da9481c0904c6adfe372c12da3b7748d74bdcb/out/vs/workbench/api/node/extensionHostProcess.js:72:11925
	at f.invoke (/root/.vscode-server/bin/92da9481c0904c6adfe372c12da3b7748d74bdcb/out/vs/workbench/api/node/extensionHostProcess.js:63:145)
	at g.deliver (/root/.vscode-server/bin/92da9481c0904c6adfe372c12da3b7748d74bdcb/out/vs/workbench/api/node/extensionHostProcess.js:63:2066)
	at h.fire (/root/.vscode-server/bin/92da9481c0904c6adfe372c12da3b7748d74bdcb/out/vs/workbench/api/node/extensionHostProcess.js:63:1704)
	at h.u (/root/.vscode-server/bin/92da9481c0904c6adfe372c12da3b7748d74bdcb/out/vs/workbench/api/node/extensionHostProcess.js:72:28911)
	at h.acceptFrame (/root/.vscode-server/bin/92da9481c0904c6adfe372c12da3b7748d74bdcb/out/vs/workbench/api/node/extensionHostProcess.js:72:28717)
	at f.l (/root/.vscode-server/bin/92da9481c0904c6adfe372c12da3b7748d74bdcb/out/vs/workbench/api/node/extensionHostProcess.js:72:27304)
	at /root/.vscode-server/bin/92da9481c0904c6adfe372c12da3b7748d74bdcb/out/vs/workbench/api/node/extensionHostProcess.js:72:24627
	at Socket.t (/root/.vscode-server/bin/92da9481c0904c6adfe372c12da3b7748d74bdcb/out/vs/workbench/api/node/extensionHostProcess.js:72:22461)
	at Socket.emit (node:events:526:28)
	at Socket.emit (node:domain:475:12)
	at addChunk (node:internal/streams/readable:315:12)
	at readableAddChunk (node:internal/streams/readable:289:9)
	at Socket.Readable.push (node:internal/streams/readable:228:10)
	at TCP.onStreamRead (node:internal/stream_base_commons:190:23) setContext undefined
2023-03-07 21:23:21.930 [info] Extension host with pid 254 exiting with code 0
