2023-02-25 14:35:37.140 [info] Extension host with pid 5472 started
2023-02-25 14:35:37.147 [info] Lock '/root/.vscode-server/data/User/workspaceStorage/7357c8406dd7ab776bfe1fd154ad47e5/vscode.lock': Lock acquired.
2023-02-25 14:35:37.164 [info] ExtensionService#_doActivateExtension vscode.emmet, startup: false, activationEvent: 'onLanguage'
2023-02-25 14:35:37.165 [info] ExtensionService#_doActivateExtension vscode.git-base, startup: true, activationEvent: '*', root cause: vscode.git
2023-02-25 14:35:37.179 [info] ExtensionService#_doActivateExtension vscode.npm, startup: true, activationEvent: 'workspaceContains:package.json'
2023-02-25 14:35:37.212 [info] ExtensionService#_doActivateExtension vscode.git, startup: true, activationEvent: '*'
2023-02-25 14:35:37.212 [info] ExtensionService#_doActivateExtension vscode.github, startup: true, activationEvent: '*'
2023-02-25 14:35:37.291 [info] ExtensionService#_doActivateExtension NomicFoundation.hardhat-solidity, startup: true, activationEvent: 'workspaceContains:**/hardhat.config.{ts,js},**/foundry.toml'
2023-02-25 14:35:37.778 [info] ExtensionService#_doActivateExtension vscode.debug-auto-launch, startup: false, activationEvent: 'onStartupFinished'
2023-02-25 14:35:37.778 [info] ExtensionService#_doActivateExtension vscode.merge-conflict, startup: false, activationEvent: 'onStartupFinished'
2023-02-25 14:35:37.778 [info] ExtensionService#_doActivateExtension esbenp.prettier-vscode, startup: false, activationEvent: 'onStartupFinished'
2023-02-25 14:35:37.778 [info] Eager extensions activated
2023-02-25 14:35:44.834 [info] ExtensionService#_doActivateExtension vscode.typescript-language-features, startup: false, activationEvent: 'onLanguage:javascript'
2023-02-25 14:42:08.225 [warning] [Decorations] CAPPING events from decorations provider vscode.git 2310
2023-02-25 14:42:10.539 [warning] [Decorations] CAPPING events from decorations provider vscode.git 2310
2023-02-25 14:42:15.582 [warning] [Decorations] CAPPING events from decorations provider vscode.git 2310
2023-02-25 14:42:20.624 [warning] [Decorations] CAPPING events from decorations provider vscode.git 2310
2023-02-25 14:42:25.664 [warning] [Decorations] CAPPING events from decorations provider vscode.git 2310
2023-02-25 14:42:30.705 [warning] [Decorations] CAPPING events from decorations provider vscode.git 2310
2023-02-25 14:42:36.928 [warning] [Decorations] CAPPING events from decorations provider vscode.git 2310
2023-02-25 14:42:41.976 [warning] [Decorations] CAPPING events from decorations provider vscode.git 2310
2023-02-25 14:42:47.025 [warning] [Decorations] CAPPING events from decorations provider vscode.git 2310
2023-02-25 14:42:52.067 [warning] [Decorations] CAPPING events from decorations provider vscode.git 2310
2023-02-25 14:42:57.118 [warning] [Decorations] CAPPING events from decorations provider vscode.git 2310
2023-02-25 14:43:02.173 [warning] [Decorations] CAPPING events from decorations provider vscode.git 2310
