2023-03-06 20:32:22.147 [info] Log level: Info
2023-03-06 20:32:22.147 [info] Validating found git in: "git"
2023-03-06 20:32:22.147 [info] Using git "2.34.1" from "git"
2023-03-06 20:32:22.147 [info] > git rev-parse --show-toplevel [18ms]
2023-03-06 20:32:22.157 [info] > git rev-parse --git-dir --git-common-dir [4ms]
2023-03-06 20:32:22.167 [info] Open repository: /root
2023-03-06 20:32:22.181 [info] > git rev-parse --show-toplevel [8ms]
2023-03-06 20:32:22.188 [info] > git rev-parse --show-toplevel [3ms]
2023-03-06 20:32:22.193 [info] > git config --get commit.template [13ms]
2023-03-06 20:32:22.194 [info] > git rev-parse --show-toplevel [2ms]
2023-03-06 20:32:22.202 [info] > git rev-parse --show-toplevel [5ms]
2023-03-06 20:32:22.235 [info] > git for-each-ref --format=%(refname)%00%(upstream:short)%00%(objectname)%00%(upstream:track)%00%(upstream:remotename)%00%(upstream:remoteref) refs/heads/main refs/remotes/main [35ms]
2023-03-06 20:32:22.247 [info] > git rev-parse --show-toplevel [41ms]
2023-03-06 20:32:22.251 [info] > git rev-parse --show-toplevel [1ms]
2023-03-06 20:32:22.254 [info] > git rev-parse --show-toplevel [1ms]
2023-03-06 20:32:22.256 [info] > git rev-parse --git-dir --git-common-dir [0ms]
2023-03-06 20:32:22.259 [info] Open repository: /root/.nvm
2023-03-06 20:32:22.266 [info] > git rev-parse --show-toplevel [4ms]
2023-03-06 20:32:22.270 [info] > git config --get commit.template [4ms]
2023-03-06 20:32:22.270 [info] > git rev-parse --show-toplevel [1ms]
2023-03-06 20:32:22.277 [info] > git rev-parse --show-toplevel [3ms]
2023-03-06 20:32:22.279 [info] > git for-each-ref --format %(refname) %(objectname) %(*objectname) refs/tags [3ms]
2023-03-06 20:32:22.285 [info] > git status -z -uall [47ms]
2023-03-06 20:32:22.285 [info] > git status -z -uall [3ms]
2023-03-06 20:32:22.332 [info] > git rev-parse --show-toplevel [53ms]
2023-03-06 20:32:22.364 [info] > git config --get commit.template [13ms]
2023-03-06 20:32:22.364 [info] > git rev-parse --show-toplevel [28ms]
2023-03-06 20:32:22.380 [info] > git rev-parse --show-toplevel [11ms]
2023-03-06 20:32:22.384 [info] > git config --get commit.template [20ms]
2023-03-06 20:32:22.389 [info] > git rev-parse --git-dir --git-common-dir [6ms]
2023-03-06 20:32:22.394 [info] Open repository: /root/hardhat-simple-storage-fcc
2023-03-06 20:32:22.608 [info] > git rev-parse --show-toplevel [211ms]
2023-03-06 20:32:22.611 [info] > git for-each-ref --format=%(refname)%00%(upstream:short)%00%(objectname)%00%(upstream:track)%00%(upstream:remotename)%00%(upstream:remoteref) refs/heads/main refs/remotes/main [225ms]
2023-03-06 20:32:22.688 [info] > git status -z -uall [75ms]
2023-03-06 20:32:22.688 [info] > git rev-parse --show-toplevel [77ms]
2023-03-06 20:32:22.690 [info] > git config --get commit.template [134ms]
2023-03-06 20:32:22.690 [info] > git for-each-ref --format %(refname) %(objectname) %(*objectname) refs/tags [136ms]
2023-03-06 20:32:22.886 [info] > git status -z -uall [193ms]
2023-03-06 20:32:22.886 [info] > git check-ignore -v -z --stdin [129ms]
2023-03-06 20:32:23.101 [info] > git for-each-ref --format=%(refname)%00%(upstream:short)%00%(objectname)%00%(upstream:track)%00%(upstream:remotename)%00%(upstream:remoteref) refs/heads/main refs/remotes/main [332ms]
2023-03-06 20:32:23.106 [info] > git status -z -uall [2ms]
2023-03-06 20:32:23.157 [info] > git show --textconv :deploy/01-deploy-fund-me.js [7ms]
2023-03-06 20:32:23.159 [info] > git ls-files --stage -- /root/deploy/01-deploy-fund-me.js [3ms]
2023-03-06 20:32:23.172 [info] > git cat-file -s 8df4b9f75e05fea50def9dcf11221b3c13229024 [8ms]
2023-03-06 20:36:22.150 [info] > git config --get commit.template [1ms]
2023-03-06 20:36:22.153 [info] > git for-each-ref --format=%(refname)%00%(upstream:short)%00%(objectname)%00%(upstream:track)%00%(upstream:remotename)%00%(upstream:remoteref) refs/heads/main refs/remotes/main [0ms]
2023-03-06 20:36:22.171 [info] > git status -z -uall [15ms]
2023-03-06 20:37:32.378 [info] > git config --get commit.template [0ms]
2023-03-06 20:37:32.381 [info] > git for-each-ref --format=%(refname)%00%(upstream:short)%00%(objectname)%00%(upstream:track)%00%(upstream:remotename)%00%(upstream:remoteref) refs/heads/main refs/remotes/main [1ms]
2023-03-06 20:37:32.401 [info] > git status -z -uall [17ms]
2023-03-06 20:37:37.440 [info] > git config --get commit.template [3ms]
2023-03-06 20:37:37.440 [info] > git for-each-ref --format=%(refname)%00%(upstream:short)%00%(objectname)%00%(upstream:track)%00%(upstream:remotename)%00%(upstream:remoteref) refs/heads/main refs/remotes/main [1ms]
2023-03-06 20:37:37.458 [info] > git status -z -uall [16ms]
2023-03-06 20:37:42.494 [info] > git config --get commit.template [3ms]
2023-03-06 20:37:42.495 [info] > git for-each-ref --format=%(refname)%00%(upstream:short)%00%(objectname)%00%(upstream:track)%00%(upstream:remotename)%00%(upstream:remoteref) refs/heads/main refs/remotes/main [1ms]
2023-03-06 20:37:42.512 [info] > git status -z -uall [15ms]
2023-03-06 20:37:47.540 [info] > git config --get commit.template [0ms]
2023-03-06 20:37:47.543 [info] > git for-each-ref --format=%(refname)%00%(upstream:short)%00%(objectname)%00%(upstream:track)%00%(upstream:remotename)%00%(upstream:remoteref) refs/heads/main refs/remotes/main [0ms]
2023-03-06 20:37:47.560 [info] > git status -z -uall [15ms]
2023-03-06 20:37:52.593 [info] > git config --get commit.template [1ms]
2023-03-06 20:37:52.596 [info] > git for-each-ref --format=%(refname)%00%(upstream:short)%00%(objectname)%00%(upstream:track)%00%(upstream:remotename)%00%(upstream:remoteref) refs/heads/main refs/remotes/main [0ms]
2023-03-06 20:37:52.614 [info] > git status -z -uall [14ms]
2023-03-06 20:37:57.643 [info] > git config --get commit.template [3ms]
2023-03-06 20:37:57.643 [info] > git for-each-ref --format=%(refname)%00%(upstream:short)%00%(objectname)%00%(upstream:track)%00%(upstream:remotename)%00%(upstream:remoteref) refs/heads/main refs/remotes/main [0ms]
2023-03-06 20:37:57.661 [info] > git status -z -uall [14ms]
2023-03-06 20:38:02.690 [info] > git config --get commit.template [3ms]
2023-03-06 20:38:02.691 [info] > git for-each-ref --format=%(refname)%00%(upstream:short)%00%(objectname)%00%(upstream:track)%00%(upstream:remotename)%00%(upstream:remoteref) refs/heads/main refs/remotes/main [0ms]
2023-03-06 20:38:02.708 [info] > git status -z -uall [15ms]
2023-03-06 20:38:03.878 [info] > git ls-files --stage -- /root/hardhat.config.js [1ms]
2023-03-06 20:38:03.881 [info] > git show --textconv :hardhat.config.js [7ms]
2023-03-06 20:38:03.881 [info] > git cat-file -s ead698e296d5853dfab559126aa5fec6c323ef4d [0ms]
2023-03-06 20:38:13.420 [info] > git config --get commit.template [0ms]
2023-03-06 20:38:13.423 [info] > git for-each-ref --format=%(refname)%00%(upstream:short)%00%(objectname)%00%(upstream:track)%00%(upstream:remotename)%00%(upstream:remoteref) refs/heads/main refs/remotes/main [1ms]
2023-03-06 20:38:13.442 [info] > git status -z -uall [16ms]
2023-03-06 20:38:18.471 [info] > git config --get commit.template [3ms]
2023-03-06 20:38:18.472 [info] > git for-each-ref --format=%(refname)%00%(upstream:short)%00%(objectname)%00%(upstream:track)%00%(upstream:remotename)%00%(upstream:remoteref) refs/heads/main refs/remotes/main [2ms]
2023-03-06 20:38:18.491 [info] > git status -z -uall [17ms]
2023-03-06 20:38:23.521 [info] > git config --get commit.template [4ms]
2023-03-06 20:38:23.521 [info] > git for-each-ref --format=%(refname)%00%(upstream:short)%00%(objectname)%00%(upstream:track)%00%(upstream:remotename)%00%(upstream:remoteref) refs/heads/main refs/remotes/main [2ms]
2023-03-06 20:38:23.539 [info] > git status -z -uall [15ms]
2023-03-06 20:38:28.568 [info] > git config --get commit.template [2ms]
2023-03-06 20:38:28.569 [info] > git for-each-ref --format=%(refname)%00%(upstream:short)%00%(objectname)%00%(upstream:track)%00%(upstream:remotename)%00%(upstream:remoteref) refs/heads/main refs/remotes/main [1ms]
2023-03-06 20:38:28.586 [info] > git status -z -uall [15ms]
2023-03-06 21:01:15.622 [info] > git config --get commit.template [1ms]
2023-03-06 21:01:15.631 [info] > git for-each-ref --format=%(refname)%00%(upstream:short)%00%(objectname)%00%(upstream:track)%00%(upstream:remotename)%00%(upstream:remoteref) refs/heads/main refs/remotes/main [1ms]
2023-03-06 21:01:15.656 [info] > git status -z -uall [17ms]
2023-03-06 21:01:20.693 [info] > git config --get commit.template [3ms]
2023-03-06 21:01:20.694 [info] > git for-each-ref --format=%(refname)%00%(upstream:short)%00%(objectname)%00%(upstream:track)%00%(upstream:remotename)%00%(upstream:remoteref) refs/heads/main refs/remotes/main [1ms]
2023-03-06 21:01:20.713 [info] > git status -z -uall [17ms]
2023-03-06 21:02:39.027 [info] > git config --get commit.template [0ms]
2023-03-06 21:02:39.032 [info] > git for-each-ref --format=%(refname)%00%(upstream:short)%00%(objectname)%00%(upstream:track)%00%(upstream:remotename)%00%(upstream:remoteref) refs/heads/main refs/remotes/main [1ms]
2023-03-06 21:02:39.054 [info] > git status -z -uall [15ms]
2023-03-06 21:08:58.039 [info] > git config --get commit.template [1ms]
2023-03-06 21:08:58.044 [info] > git for-each-ref --format=%(refname)%00%(upstream:short)%00%(objectname)%00%(upstream:track)%00%(upstream:remotename)%00%(upstream:remoteref) refs/heads/main refs/remotes/main [1ms]
2023-03-06 21:08:58.064 [info] > git status -z -uall [16ms]
2023-03-06 21:09:40.333 [info] > git config --get commit.template [4ms]
2023-03-06 21:09:40.333 [info] > git for-each-ref --format=%(refname)%00%(upstream:short)%00%(objectname)%00%(upstream:track)%00%(upstream:remotename)%00%(upstream:remoteref) refs/heads/main refs/remotes/main [1ms]
2023-03-06 21:09:40.353 [info] > git status -z -uall [17ms]
2023-03-06 21:09:45.708 [info] > git config --get commit.template [4ms]
2023-03-06 21:09:45.708 [info] > git for-each-ref --format=%(refname)%00%(upstream:short)%00%(objectname)%00%(upstream:track)%00%(upstream:remotename)%00%(upstream:remoteref) refs/heads/main refs/remotes/main [1ms]
2023-03-06 21:09:45.726 [info] > git status -z -uall [16ms]
