2023-03-23 18:11:21.070 [info] Log level: Info
2023-03-23 18:11:21.070 [info] Validating found git in: "git"
2023-03-23 18:11:21.070 [info] Using git "" from "git"
2023-03-23 18:11:21.070 [info] > git rev-parse --show-toplevel [428ms]
2023-03-23 18:11:21.070 [info] > git rev-parse --git-dir --git-common-dir [146ms]
2023-03-23 18:11:21.070 [info] Open repository: /root
2023-03-23 18:11:21.097 [info] > git rev-parse --show-toplevel [28ms]
2023-03-23 18:11:21.106 [info] > git rev-parse --show-toplevel [6ms]
2023-03-23 18:11:21.111 [info] > git config --get commit.template [37ms]
2023-03-23 18:11:21.113 [info] > git rev-parse --show-toplevel [3ms]
2023-03-23 18:11:21.138 [info] > git rev-parse --show-toplevel [19ms]
2023-03-23 18:11:21.142 [info] > git rev-parse --show-toplevel [1ms]
2023-03-23 18:11:21.145 [info] > git for-each-ref --format=%(refname)%00%(upstream:short)%00%(objectname)%00%(upstream:track)%00%(upstream:remotename)%00%(upstream:remoteref) refs/heads/main refs/remotes/main [25ms]
2023-03-23 18:11:21.234 [info] > git status -z -uall [86ms]
2023-03-23 18:11:21.235 [info] > git rev-parse --show-toplevel [90ms]
2023-03-23 18:11:21.274 [info] > git rev-parse --git-dir --git-common-dir [37ms]
2023-03-23 18:11:21.277 [info] Open repository: /root/.nvm
2023-03-23 18:11:21.306 [info] > git rev-parse --show-toplevel [25ms]
2023-03-23 18:11:21.323 [info] > git config --get commit.template [20ms]
2023-03-23 18:11:21.323 [info] > git config --get commit.template [23ms]
2023-03-23 18:11:21.335 [info] > git rev-parse --show-toplevel [26ms]
2023-03-23 18:11:21.346 [info] > git rev-parse --show-toplevel [8ms]
2023-03-23 18:11:21.351 [info] > git for-each-ref --format=%(refname)%00%(upstream:short)%00%(objectname)%00%(upstream:track)%00%(upstream:remotename)%00%(upstream:remoteref) refs/heads/main refs/remotes/main [8ms]
2023-03-23 18:11:21.354 [info] > git for-each-ref --format %(refname) %(objectname) %(*objectname) refs/tags [13ms]
2023-03-23 18:11:21.358 [info] > git rev-parse --show-toplevel [9ms]
2023-03-23 18:11:21.362 [info] > git status -z -uall [4ms]
2023-03-23 18:11:21.367 [info] > git rev-parse --show-toplevel [6ms]
2023-03-23 18:11:21.370 [info] > git config --get commit.template [3ms]
2023-03-23 18:11:21.370 [info] > git rev-parse --show-toplevel [1ms]
2023-03-23 18:11:21.376 [info] > git status -z -uall [22ms]
2023-03-23 18:11:21.388 [info] > git for-each-ref --format %(refname) %(objectname) %(*objectname) refs/tags [12ms]
2023-03-23 18:11:21.391 [info] > git rev-parse --show-toplevel [18ms]
2023-03-23 18:11:21.395 [info] > git status -z -uall [3ms]
2023-03-23 18:11:21.398 [info] > git rev-parse --show-toplevel [4ms]
2023-03-23 18:11:21.401 [info] > git rev-parse --git-dir --git-common-dir [0ms]
2023-03-23 18:11:21.404 [info] Open repository: /root/hardhat-simple-storage-fcc
2023-03-23 18:11:21.411 [info] > git rev-parse --show-toplevel [4ms]
2023-03-23 18:11:21.416 [info] > git rev-parse --show-toplevel [1ms]
2023-03-23 18:11:21.420 [info] > git config --get commit.template [9ms]
2023-03-23 18:11:21.426 [info] > git rev-parse --show-toplevel [7ms]
2023-03-23 18:11:21.429 [info] > git for-each-ref --format=%(refname)%00%(upstream:short)%00%(objectname)%00%(upstream:track)%00%(upstream:remotename)%00%(upstream:remoteref) refs/heads/main refs/remotes/main [3ms]
2023-03-23 18:11:21.433 [info] > git status -z -uall [1ms]
2023-03-23 18:11:31.081 [info] > git config --get commit.template [0ms]
2023-03-23 18:11:31.085 [info] > git for-each-ref --format=%(refname)%00%(upstream:short)%00%(objectname)%00%(upstream:track)%00%(upstream:remotename)%00%(upstream:remoteref) refs/heads/main refs/remotes/main [0ms]
2023-03-23 18:11:31.102 [info] > git status -z -uall [14ms]
2023-03-23 18:11:41.289 [info] > git config --get commit.template [1ms]
2023-03-23 18:11:41.293 [info] > git for-each-ref --format=%(refname)%00%(upstream:short)%00%(objectname)%00%(upstream:track)%00%(upstream:remotename)%00%(upstream:remoteref) refs/heads/main refs/remotes/main [1ms]
2023-03-23 18:11:41.311 [info] > git status -z -uall [15ms]
2023-03-23 18:11:43.370 [info] > git check-ignore -v -z --stdin [6ms]
2023-03-23 18:11:43.370 [info] > git check-ignore -v -z --stdin [3ms]
2023-03-23 18:11:43.371 [info] > git check-ignore -v -z --stdin [2ms]
2023-03-23 18:11:46.330 [info] > git config --get commit.template [3ms]
2023-03-23 18:11:46.330 [info] > git for-each-ref --format=%(refname)%00%(upstream:short)%00%(objectname)%00%(upstream:track)%00%(upstream:remotename)%00%(upstream:remoteref) refs/heads/main refs/remotes/main [1ms]
2023-03-23 18:11:46.347 [info] > git status -z -uall [15ms]
2023-03-23 18:11:47.959 [info] > git check-ignore -v -z --stdin [1ms]
2023-03-23 18:11:48.616 [info] > git check-ignore -v -z --stdin [1ms]
2023-03-23 18:11:49.133 [info] > git show --textconv :test/staging/FundMe.staging.test.js [6ms]
2023-03-23 18:11:49.135 [info] > git ls-files --stage -- /root/test/staging/FundMe.staging.test.js [2ms]
2023-03-23 18:11:51.362 [info] > git config --get commit.template [2ms]
2023-03-23 18:11:51.362 [info] > git for-each-ref --format=%(refname)%00%(upstream:short)%00%(objectname)%00%(upstream:track)%00%(upstream:remotename)%00%(upstream:remoteref) refs/heads/main refs/remotes/main [1ms]
2023-03-23 18:11:51.380 [info] > git status -z -uall [15ms]
2023-03-23 18:12:12.922 [info] > git config --get commit.template [1ms]
2023-03-23 18:12:12.926 [info] > git for-each-ref --format=%(refname)%00%(upstream:short)%00%(objectname)%00%(upstream:track)%00%(upstream:remotename)%00%(upstream:remoteref) refs/heads/main refs/remotes/main [1ms]
2023-03-23 18:12:12.945 [info] > git status -z -uall [15ms]
2023-03-23 19:48:04.481 [info] > git config --get commit.template [3ms]
2023-03-23 19:48:04.482 [info] > git for-each-ref --format=%(refname)%00%(upstream:short)%00%(objectname)%00%(upstream:track)%00%(upstream:remotename)%00%(upstream:remoteref) refs/heads/main refs/remotes/main [2ms]
2023-03-23 19:48:04.499 [info] > git status -z -uall [15ms]
2023-03-23 19:48:10.212 [info] > git config --get commit.template [3ms]
2023-03-23 19:48:10.212 [info] > git for-each-ref --format=%(refname)%00%(upstream:short)%00%(objectname)%00%(upstream:track)%00%(upstream:remotename)%00%(upstream:remoteref) refs/heads/main refs/remotes/main [1ms]
2023-03-23 19:48:10.229 [info] > git status -z -uall [15ms]
2023-03-23 19:51:00.088 [info] > git config --get commit.template [4ms]
2023-03-23 19:51:00.088 [info] > git for-each-ref --format=%(refname)%00%(upstream:short)%00%(objectname)%00%(upstream:track)%00%(upstream:remotename)%00%(upstream:remoteref) refs/heads/main refs/remotes/main [0ms]
2023-03-23 19:51:00.106 [info] > git status -z -uall [15ms]
2023-03-23 19:59:02.346 [info] > git config --get commit.template [4ms]
2023-03-23 19:59:02.347 [info] > git for-each-ref --format=%(refname)%00%(upstream:short)%00%(objectname)%00%(upstream:track)%00%(upstream:remotename)%00%(upstream:remoteref) refs/heads/main refs/remotes/main [1ms]
2023-03-23 19:59:02.365 [info] > git status -z -uall [16ms]
2023-03-23 20:16:50.616 [info] > git config --get commit.template [0ms]
2023-03-23 20:16:50.624 [info] > git for-each-ref --format=%(refname)%00%(upstream:short)%00%(objectname)%00%(upstream:track)%00%(upstream:remotename)%00%(upstream:remoteref) refs/heads/main refs/remotes/main [1ms]
2023-03-23 20:16:50.648 [info] > git status -z -uall [16ms]
2023-03-23 20:16:55.667 [info] > git config --get commit.template [4ms]
2023-03-23 20:16:55.668 [info] > git for-each-ref --format=%(refname)%00%(upstream:short)%00%(objectname)%00%(upstream:track)%00%(upstream:remotename)%00%(upstream:remoteref) refs/heads/main refs/remotes/main [1ms]
2023-03-23 20:16:55.693 [info] > git status -z -uall [18ms]
2023-03-23 20:19:26.837 [info] > git config --get commit.template [5ms]
2023-03-23 20:19:26.838 [info] > git for-each-ref --format=%(refname)%00%(upstream:short)%00%(objectname)%00%(upstream:track)%00%(upstream:remotename)%00%(upstream:remoteref) refs/heads/main refs/remotes/main [2ms]
2023-03-23 20:19:26.859 [info] > git status -z -uall [18ms]
2023-03-23 20:19:31.877 [info] > git config --get commit.template [3ms]
2023-03-23 20:19:31.877 [info] > git for-each-ref --format=%(refname)%00%(upstream:short)%00%(objectname)%00%(upstream:track)%00%(upstream:remotename)%00%(upstream:remoteref) refs/heads/main refs/remotes/main [1ms]
2023-03-23 20:19:31.894 [info] > git status -z -uall [14ms]
2023-03-23 20:19:36.907 [info] > git config --get commit.template [2ms]
2023-03-23 20:19:36.908 [info] > git for-each-ref --format=%(refname)%00%(upstream:short)%00%(objectname)%00%(upstream:track)%00%(upstream:remotename)%00%(upstream:remoteref) refs/heads/main refs/remotes/main [1ms]
2023-03-23 20:19:36.926 [info] > git status -z -uall [16ms]
2023-03-23 20:19:41.938 [info] > git config --get commit.template [0ms]
2023-03-23 20:19:41.940 [info] > git for-each-ref --format=%(refname)%00%(upstream:short)%00%(objectname)%00%(upstream:track)%00%(upstream:remotename)%00%(upstream:remoteref) refs/heads/main refs/remotes/main [0ms]
2023-03-23 20:19:41.956 [info] > git status -z -uall [14ms]
2023-03-23 20:19:46.970 [info] > git config --get commit.template [3ms]
2023-03-23 20:19:46.970 [info] > git for-each-ref --format=%(refname)%00%(upstream:short)%00%(objectname)%00%(upstream:track)%00%(upstream:remotename)%00%(upstream:remoteref) refs/heads/main refs/remotes/main [1ms]
2023-03-23 20:19:46.993 [info] > git status -z -uall [18ms]
2023-03-23 20:19:52.007 [info] > git config --get commit.template [3ms]
2023-03-23 20:19:52.007 [info] > git for-each-ref --format=%(refname)%00%(upstream:short)%00%(objectname)%00%(upstream:track)%00%(upstream:remotename)%00%(upstream:remoteref) refs/heads/main refs/remotes/main [0ms]
2023-03-23 20:19:52.024 [info] > git status -z -uall [15ms]
2023-03-23 20:19:57.037 [info] > git config --get commit.template [1ms]
2023-03-23 20:19:57.040 [info] > git for-each-ref --format=%(refname)%00%(upstream:short)%00%(objectname)%00%(upstream:track)%00%(upstream:remotename)%00%(upstream:remoteref) refs/heads/main refs/remotes/main [1ms]
2023-03-23 20:19:57.059 [info] > git status -z -uall [15ms]
2023-03-23 20:20:02.075 [info] > git config --get commit.template [2ms]
2023-03-23 20:20:02.075 [info] > git for-each-ref --format=%(refname)%00%(upstream:short)%00%(objectname)%00%(upstream:track)%00%(upstream:remotename)%00%(upstream:remoteref) refs/heads/main refs/remotes/main [1ms]
2023-03-23 20:20:02.092 [info] > git status -z -uall [15ms]
2023-03-23 20:20:07.106 [info] > git config --get commit.template [2ms]
2023-03-23 20:20:07.106 [info] > git for-each-ref --format=%(refname)%00%(upstream:short)%00%(objectname)%00%(upstream:track)%00%(upstream:remotename)%00%(upstream:remoteref) refs/heads/main refs/remotes/main [0ms]
2023-03-23 20:20:07.125 [info] > git status -z -uall [16ms]
2023-03-23 20:20:12.139 [info] > git config --get commit.template [3ms]
2023-03-23 20:20:12.139 [info] > git for-each-ref --format=%(refname)%00%(upstream:short)%00%(objectname)%00%(upstream:track)%00%(upstream:remotename)%00%(upstream:remoteref) refs/heads/main refs/remotes/main [1ms]
2023-03-23 20:20:12.161 [info] > git status -z -uall [19ms]
2023-03-23 20:20:17.176 [info] > git for-each-ref --format=%(refname)%00%(upstream:short)%00%(objectname)%00%(upstream:track)%00%(upstream:remotename)%00%(upstream:remoteref) refs/heads/main refs/remotes/main [1ms]
2023-03-23 20:20:17.176 [info] > git config --get commit.template [4ms]
2023-03-23 20:20:17.194 [info] > git status -z -uall [16ms]
2023-03-23 20:20:22.209 [info] > git config --get commit.template [3ms]
2023-03-23 20:20:22.209 [info] > git for-each-ref --format=%(refname)%00%(upstream:short)%00%(objectname)%00%(upstream:track)%00%(upstream:remotename)%00%(upstream:remoteref) refs/heads/main refs/remotes/main [1ms]
2023-03-23 20:20:22.227 [info] > git status -z -uall [16ms]
2023-03-23 20:20:27.241 [info] > git config --get commit.template [2ms]
2023-03-23 20:20:27.241 [info] > git for-each-ref --format=%(refname)%00%(upstream:short)%00%(objectname)%00%(upstream:track)%00%(upstream:remotename)%00%(upstream:remoteref) refs/heads/main refs/remotes/main [1ms]
2023-03-23 20:20:27.258 [info] > git status -z -uall [14ms]
2023-03-23 20:20:32.272 [info] > git config --get commit.template [2ms]
2023-03-23 20:20:32.272 [info] > git for-each-ref --format=%(refname)%00%(upstream:short)%00%(objectname)%00%(upstream:track)%00%(upstream:remotename)%00%(upstream:remoteref) refs/heads/main refs/remotes/main [1ms]
2023-03-23 20:20:32.290 [info] > git status -z -uall [16ms]
2023-03-23 20:20:37.304 [info] > git config --get commit.template [3ms]
2023-03-23 20:20:37.304 [info] > git for-each-ref --format=%(refname)%00%(upstream:short)%00%(objectname)%00%(upstream:track)%00%(upstream:remotename)%00%(upstream:remoteref) refs/heads/main refs/remotes/main [0ms]
2023-03-23 20:20:37.320 [info] > git status -z -uall [14ms]
2023-03-23 20:20:47.668 [info] > git config --get commit.template [0ms]
2023-03-23 20:20:47.671 [info] > git for-each-ref --format=%(refname)%00%(upstream:short)%00%(objectname)%00%(upstream:track)%00%(upstream:remotename)%00%(upstream:remoteref) refs/heads/main refs/remotes/main [1ms]
2023-03-23 20:20:47.688 [info] > git status -z -uall [14ms]
2023-03-23 20:20:51.305 [info] > git show --textconv :.gitignore [4ms]
2023-03-23 20:20:51.306 [info] > git ls-files --stage -- /root/.gitignore [1ms]
2023-03-23 20:20:51.310 [info] > git cat-file -s 00dad773492c83d56efe897dd6d8c2945a199580 [1ms]
2023-03-23 20:20:52.702 [info] > git config --get commit.template [3ms]
2023-03-23 20:20:52.702 [info] > git for-each-ref --format=%(refname)%00%(upstream:short)%00%(objectname)%00%(upstream:track)%00%(upstream:remotename)%00%(upstream:remoteref) refs/heads/main refs/remotes/main [1ms]
2023-03-23 20:20:52.718 [info] > git status -z -uall [14ms]
2023-03-23 20:20:57.731 [info] > git config --get commit.template [2ms]
2023-03-23 20:20:57.732 [info] > git for-each-ref --format=%(refname)%00%(upstream:short)%00%(objectname)%00%(upstream:track)%00%(upstream:remotename)%00%(upstream:remoteref) refs/heads/main refs/remotes/main [1ms]
2023-03-23 20:20:57.748 [info] > git status -z -uall [14ms]
2023-03-23 20:21:02.760 [info] > git config --get commit.template [1ms]
2023-03-23 20:21:02.763 [info] > git for-each-ref --format=%(refname)%00%(upstream:short)%00%(objectname)%00%(upstream:track)%00%(upstream:remotename)%00%(upstream:remoteref) refs/heads/main refs/remotes/main [1ms]
2023-03-23 20:21:02.778 [info] > git status -z -uall [13ms]
2023-03-23 20:21:03.788 [info] > git check-ignore -v -z --stdin [5ms]
2023-03-23 20:21:03.788 [info] > git check-ignore -v -z --stdin [4ms]
2023-03-23 20:21:03.788 [info] > git check-ignore -v -z --stdin [1ms]
2023-03-23 20:28:49.635 [info] > git config --get commit.template [2ms]
2023-03-23 20:28:49.635 [info] > git for-each-ref --format=%(refname)%00%(upstream:short)%00%(objectname)%00%(upstream:track)%00%(upstream:remotename)%00%(upstream:remoteref) refs/heads/main refs/remotes/main [1ms]
2023-03-23 20:28:49.653 [info] > git status -z -uall [16ms]
2023-03-23 20:28:54.669 [info] > git config --get commit.template [3ms]
2023-03-23 20:28:54.670 [info] > git for-each-ref --format=%(refname)%00%(upstream:short)%00%(objectname)%00%(upstream:track)%00%(upstream:remotename)%00%(upstream:remoteref) refs/heads/main refs/remotes/main [1ms]
2023-03-23 20:28:54.686 [info] > git status -z -uall [14ms]
2023-03-23 20:29:04.635 [info] > git config --get commit.template [5ms]
2023-03-23 20:29:04.635 [info] > git for-each-ref --format=%(refname)%00%(upstream:short)%00%(objectname)%00%(upstream:track)%00%(upstream:remotename)%00%(upstream:remoteref) refs/heads/main refs/remotes/main [1ms]
2023-03-23 20:29:04.654 [info] > git status -z -uall [16ms]
2023-03-23 20:29:16.188 [info] > git config --get commit.template [4ms]
2023-03-23 20:29:16.189 [info] > git for-each-ref --format=%(refname)%00%(upstream:short)%00%(objectname)%00%(upstream:track)%00%(upstream:remotename)%00%(upstream:remoteref) refs/heads/main refs/remotes/main [1ms]
2023-03-23 20:29:16.206 [info] > git status -z -uall [15ms]
2023-03-23 20:29:21.222 [info] > git config --get commit.template [2ms]
2023-03-23 20:29:21.222 [info] > git for-each-ref --format=%(refname)%00%(upstream:short)%00%(objectname)%00%(upstream:track)%00%(upstream:remotename)%00%(upstream:remoteref) refs/heads/main refs/remotes/main [1ms]
2023-03-23 20:29:21.238 [info] > git status -z -uall [14ms]
2023-03-23 20:29:26.256 [info] > git config --get commit.template [2ms]
2023-03-23 20:29:26.257 [info] > git for-each-ref --format=%(refname)%00%(upstream:short)%00%(objectname)%00%(upstream:track)%00%(upstream:remotename)%00%(upstream:remoteref) refs/heads/main refs/remotes/main [1ms]
2023-03-23 20:29:26.272 [info] > git status -z -uall [13ms]
2023-03-23 20:29:31.287 [info] > git config --get commit.template [2ms]
2023-03-23 20:29:31.287 [info] > git for-each-ref --format=%(refname)%00%(upstream:short)%00%(objectname)%00%(upstream:track)%00%(upstream:remotename)%00%(upstream:remoteref) refs/heads/main refs/remotes/main [1ms]
2023-03-23 20:29:31.303 [info] > git status -z -uall [14ms]
2023-03-23 20:29:39.891 [info] > git config --get commit.template [4ms]
2023-03-23 20:29:39.891 [info] > git for-each-ref --format=%(refname)%00%(upstream:short)%00%(objectname)%00%(upstream:track)%00%(upstream:remotename)%00%(upstream:remoteref) refs/heads/main refs/remotes/main [1ms]
2023-03-23 20:29:39.908 [info] > git status -z -uall [15ms]
