2023-02-22 18:41:21.895 [info] Log level: Info
2023-02-22 18:41:21.895 [info] Validating found git in: "git"
2023-02-22 18:41:21.895 [info] Using git "2.34.1" from "git"
2023-02-22 18:41:21.898 [info] > git rev-parse --show-toplevel [31ms]
2023-02-22 18:41:21.898 [info] fatal: not a git repository (or any of the parent directories): .git
2023-02-22 18:41:21.904 [info] > git rev-parse --show-toplevel [4ms]
2023-02-22 18:41:21.904 [info] fatal: not a git repository (or any of the parent directories): .git
2023-02-22 18:41:21.907 [info] > git rev-parse --show-toplevel [1ms]
2023-02-22 18:41:21.907 [info] fatal: not a git repository (or any of the parent directories): .git
2023-02-22 18:41:21.909 [info] > git rev-parse --show-toplevel [0ms]
2023-02-22 18:41:21.909 [info] fatal: not a git repository (or any of the parent directories): .git
2023-02-22 18:41:21.911 [info] > git rev-parse --show-toplevel [0ms]
2023-02-22 18:41:21.911 [info] fatal: not a git repository (or any of the parent directories): .git
2023-02-22 18:41:21.914 [info] > git rev-parse --show-toplevel [0ms]
2023-02-22 18:41:21.914 [info] fatal: not a git repository (or any of the parent directories): .git
2023-02-22 18:41:21.918 [info] > git rev-parse --show-toplevel [2ms]
2023-02-22 18:41:21.922 [info] > git rev-parse --git-dir --git-common-dir [0ms]
2023-02-22 18:41:21.928 [info] Open repository: /root/.nvm
2023-02-22 18:41:21.939 [info] > git rev-parse --show-toplevel [8ms]
2023-02-22 18:41:21.939 [info] fatal: not a git repository (or any of the parent directories): .git
2023-02-22 18:41:21.946 [info] > git rev-parse --show-toplevel [4ms]
2023-02-22 18:41:21.946 [info] fatal: not a git repository (or any of the parent directories): .git
2023-02-22 18:41:21.950 [info] > git config --get commit.template [16ms]
2023-02-22 18:41:21.951 [info] > git rev-parse --show-toplevel [2ms]
2023-02-22 18:41:21.951 [info] fatal: not a git repository (or any of the parent directories): .git
2023-02-22 18:41:21.958 [info] > git rev-parse --show-toplevel [4ms]
2023-02-22 18:41:21.958 [info] fatal: not a git repository (or any of the parent directories): .git
2023-02-22 18:41:21.962 [info] > git for-each-ref --format %(refname) %(objectname) %(*objectname) refs/tags [5ms]
2023-02-22 18:41:21.967 [info] > git rev-parse --show-toplevel [6ms]
2023-02-22 18:41:21.968 [info] fatal: not a git repository (or any of the parent directories): .git
2023-02-22 18:41:21.970 [info] > git for-each-ref --sort -committerdate --format %(refname) %(objectname) %(*objectname) [3ms]
2023-02-22 18:41:21.971 [info] > git rev-parse --show-toplevel [2ms]
2023-02-22 18:41:21.971 [info] fatal: not a git repository (or any of the parent directories): .git
2023-02-22 18:41:22.082 [info] > git status -z -uall [118ms]
2023-02-22 18:41:22.085 [info] > git rev-parse --show-toplevel [112ms]
2023-02-22 18:41:22.085 [info] fatal: not a git repository (or any of the parent directories): .git
2023-02-22 18:41:22.116 [info] > git config --get commit.template [3ms]
2023-02-22 18:41:22.124 [info] > git for-each-ref --format %(refname) %(objectname) %(*objectname) refs/tags [4ms]
2023-02-22 18:41:22.132 [info] > git for-each-ref --sort -committerdate --format %(refname) %(objectname) %(*objectname) [1ms]
2023-02-22 18:41:22.135 [info] > git status -z -uall [8ms]
2023-02-22 18:41:22.457 [info] > git check-ignore -v -z --stdin [8ms]
2023-02-22 18:44:19.185 [info] > git rev-parse --show-toplevel [42ms]
2023-02-22 18:44:19.185 [info] fatal: not a git repository (or any of the parent directories): .git
2023-02-22 18:44:24.474 [info] > git rev-parse --show-toplevel [9ms]
2023-02-22 18:44:24.475 [info] fatal: not a git repository (or any of the parent directories): .git
2023-02-22 18:44:33.410 [info] > git rev-parse --show-toplevel [2ms]
2023-02-22 18:44:33.410 [info] fatal: not a git repository (or any of the parent directories): .git
2023-02-22 18:44:38.085 [info] > git rev-parse --show-toplevel [2ms]
2023-02-22 18:44:38.085 [info] fatal: not a git repository (or any of the parent directories): .git
2023-02-22 18:44:39.589 [info] > git rev-parse --show-toplevel [2ms]
2023-02-22 18:44:39.589 [info] fatal: not a git repository (or any of the parent directories): .git
2023-02-22 18:44:41.622 [info] > git rev-parse --show-toplevel [3ms]
2023-02-22 18:44:41.622 [info] fatal: not a git repository (or any of the parent directories): .git
2023-02-22 18:44:42.268 [info] > git rev-parse --show-toplevel [2ms]
2023-02-22 18:44:42.268 [info] fatal: not a git repository (or any of the parent directories): .git
2023-02-22 18:44:46.530 [info] > git rev-parse --show-toplevel [1ms]
2023-02-22 18:44:46.530 [info] fatal: not a git repository (or any of the parent directories): .git
2023-02-22 18:44:51.515 [info] > git rev-parse --show-toplevel [3ms]
2023-02-22 18:44:51.515 [info] fatal: not a git repository (or any of the parent directories): .git
2023-02-22 18:44:59.230 [info] > git rev-parse --show-toplevel [3ms]
2023-02-22 18:44:59.230 [info] fatal: not a git repository (or any of the parent directories): .git
2023-02-22 18:45:00.146 [info] > git rev-parse --show-toplevel [2ms]
2023-02-22 18:45:00.146 [info] fatal: not a git repository (or any of the parent directories): .git
2023-02-22 18:45:01.120 [info] > git rev-parse --show-toplevel [2ms]
2023-02-22 18:45:01.120 [info] fatal: not a git repository (or any of the parent directories): .git
2023-02-22 18:46:51.996 [info] > git rev-parse --show-toplevel [3ms]
2023-02-22 18:46:51.996 [info] fatal: not a git repository (or any of the parent directories): .git
2023-02-22 18:46:54.020 [info] > git rev-parse --show-toplevel [2ms]
2023-02-22 18:46:54.020 [info] fatal: not a git repository (or any of the parent directories): .git
2023-02-22 18:47:08.908 [info] > git rev-parse --show-toplevel [3ms]
2023-02-22 18:47:08.909 [info] fatal: not a git repository (or any of the parent directories): .git
2023-02-22 18:47:09.721 [info] > git rev-parse --show-toplevel [2ms]
2023-02-22 18:47:09.721 [info] fatal: not a git repository (or any of the parent directories): .git
2023-02-22 18:47:10.394 [info] > git rev-parse --show-toplevel [1ms]
2023-02-22 18:47:10.394 [info] fatal: not a git repository (or any of the parent directories): .git
2023-02-22 18:47:10.837 [info] > git rev-parse --show-toplevel [3ms]
2023-02-22 18:47:10.837 [info] fatal: not a git repository (or any of the parent directories): .git
2023-02-22 18:47:19.786 [info] > git rev-parse --show-toplevel [1ms]
2023-02-22 18:47:19.786 [info] fatal: not a git repository (or any of the parent directories): .git
2023-02-22 19:03:24.584 [info] > git rev-parse --show-toplevel [2ms]
2023-02-22 19:03:24.584 [info] fatal: not a git repository (or any of the parent directories): .git
2023-02-22 19:03:40.649 [info] > git rev-parse --show-toplevel [7ms]
2023-02-22 19:03:40.649 [info] fatal: not a git repository (or any of the parent directories): .git
2023-02-22 19:05:29.958 [info] > git rev-parse --show-toplevel [2ms]
2023-02-22 19:05:29.958 [info] fatal: not a git repository (or any of the parent directories): .git
2023-02-22 19:05:31.483 [info] > git rev-parse --show-toplevel [5ms]
2023-02-22 19:05:31.483 [info] fatal: not a git repository (or any of the parent directories): .git
2023-02-22 19:05:45.879 [info] > git rev-parse --show-toplevel [3ms]
2023-02-22 19:05:45.879 [info] fatal: not a git repository (or any of the parent directories): .git
2023-02-22 19:10:21.737 [info] > git rev-parse --show-toplevel [2ms]
2023-02-22 19:10:21.737 [info] fatal: not a git repository (or any of the parent directories): .git
2023-02-22 19:18:04.009 [info] > git rev-parse --show-toplevel [20ms]
2023-02-22 19:18:04.009 [info] fatal: not a git repository (or any of the parent directories): .git
2023-02-22 19:18:28.924 [info] > git rev-parse --show-toplevel [5ms]
2023-02-22 19:18:28.925 [info] fatal: not a git repository (or any of the parent directories): .git
2023-02-22 19:24:05.868 [info] > git rev-parse --show-toplevel [2ms]
2023-02-22 19:24:05.868 [info] fatal: not a git repository (or any of the parent directories): .git
2023-02-22 19:24:11.706 [info] > git rev-parse --show-toplevel [4ms]
2023-02-22 19:24:11.706 [info] fatal: not a git repository (or any of the parent directories): .git
2023-02-22 19:24:12.911 [info] > git rev-parse --show-toplevel [2ms]
2023-02-22 19:24:12.911 [info] fatal: not a git repository (or any of the parent directories): .git
2023-02-22 19:24:33.187 [info] > git rev-parse --show-toplevel [1ms]
2023-02-22 19:24:33.187 [info] fatal: not a git repository (or any of the parent directories): .git
2023-02-22 19:24:34.212 [info] > git rev-parse --show-toplevel [2ms]
2023-02-22 19:24:34.212 [info] fatal: not a git repository (or any of the parent directories): .git
2023-02-22 19:24:34.926 [info] > git rev-parse --show-toplevel [2ms]
2023-02-22 19:24:34.926 [info] fatal: not a git repository (or any of the parent directories): .git
2023-02-22 21:12:06.723 [info] > git rev-parse --show-toplevel [3ms]
2023-02-22 21:12:06.723 [info] fatal: not a git repository (or any of the parent directories): .git
2023-02-22 21:13:22.136 [info] > git rev-parse --show-toplevel [13ms]
2023-02-22 21:13:22.136 [info] fatal: not a git repository (or any of the parent directories): .git
2023-02-22 21:13:25.366 [info] > git rev-parse --show-toplevel [6ms]
2023-02-22 21:13:25.366 [info] fatal: not a git repository (or any of the parent directories): .git
2023-02-22 21:14:38.672 [info] > git rev-parse --show-toplevel [2ms]
2023-02-22 21:14:38.673 [info] fatal: not a git repository (or any of the parent directories): .git
2023-02-22 21:19:56.338 [info] > git rev-parse --show-toplevel [2ms]
2023-02-22 21:19:56.338 [info] fatal: not a git repository (or any of the parent directories): .git
2023-02-22 21:30:07.986 [info] > git rev-parse --show-toplevel [7ms]
2023-02-22 21:30:07.986 [info] fatal: not a git repository (or any of the parent directories): .git
2023-02-22 21:35:15.134 [info] > git rev-parse --show-toplevel [3ms]
2023-02-22 21:35:15.134 [info] fatal: not a git repository (or any of the parent directories): .git
2023-02-22 21:36:02.890 [info] > git rev-parse --show-toplevel [3ms]
2023-02-22 21:36:02.890 [info] fatal: not a git repository (or any of the parent directories): .git
2023-02-22 21:36:05.241 [info] > git rev-parse --show-toplevel [1ms]
2023-02-22 21:36:05.242 [info] fatal: not a git repository (or any of the parent directories): .git
2023-02-22 21:36:54.595 [info] > git rev-parse --show-toplevel [2ms]
2023-02-22 21:36:54.595 [info] fatal: not a git repository (or any of the parent directories): .git
2023-02-22 21:54:36.708 [info] > git rev-parse --show-toplevel [6ms]
2023-02-22 21:54:36.708 [info] fatal: not a git repository (or any of the parent directories): .git
