[Info  - 8:13:14 PM] Solidity by Nomic Foundation Starting ...
[Info  - 8:13:14 PM] env: production
[Info  - 8:13:14 PM] Client starting
[Info  - 8:13:15 PM] Language server starting
[Info  - 8:13:15 PM]   Release: hardhat-solidity@0.6.11
[Info  - 8:13:15 PM]   Environment: production
[Info  - 8:13:15 PM]   Telemetry Enabled: false
[Info  - 8:13:15 PM]   Telemetry Tracking Id: 0067dfea6e...
[Info  - 8:13:15 PM]   Workspace Folders:
[Info  - 8:13:15 PM]     root (file:///root)
[Info  - 8:13:15 PM] Fetching latest solidity versions
[Info  - 8:13:15 PM] Language server ready
[Info  - 8:13:16 PM] [indexing] Found projects:
[Info  - 8:13:16 PM] [indexing] -  Type: Hardhat
[Info  - 8:13:16 PM] [indexing]    Base path: /root
[Info  - 8:13:16 PM] [indexing]    Config file: /root/hardhat.config.js
[Info  - 8:13:16 PM] [indexing] -  Type: Hardhat
[Info  - 8:13:16 PM] [indexing]    Base path: /root/folder/hardhat-simple-storage-fcc
[Info  - 8:13:16 PM] [indexing]    Config file: /root/folder/hardhat-simple-storage-fcc/hardhat.config.js
[Info  - 8:13:16 PM] [indexing] Initializing /root/hardhat.config.js
[Info  - 8:13:16 PM] [root] Local HRE loaded
[Info  - 8:13:16 PM] [indexing] Done /root/hardhat.config.js
[Info  - 8:13:16 PM] [indexing] Initializing /root/folder/hardhat-simple-storage-fcc/hardhat.config.js
[Info  - 8:13:17 PM] [hardhat-simple-storage-fcc] Local HRE loaded
[Info  - 8:13:17 PM] [indexing] Done /root/folder/hardhat-simple-storage-fcc/hardhat.config.js
[Info  - 8:13:17 PM] [indexing] Scanning workspace folders for sol files
[Info  - 8:13:17 PM] [indexing] Scan complete, 988 sol files found
[Info  - 8:13:18 PM] [indexing] Analyzing 4 solidity files
Downloading compiler 0.8.19
Downloading compiler 0.6.6
