2023-02-25 14:35:37.689 [info] Log level: Info
2023-02-25 14:35:37.689 [info] Validating found git in: "git"
2023-02-25 14:35:37.689 [info] Using git "2.34.1" from "git"
2023-02-25 14:35:37.692 [info] > git rev-parse --show-toplevel [16ms]
2023-02-25 14:35:37.692 [info] fatal: not a git repository (or any of the parent directories): .git
2023-02-25 14:35:37.699 [info] > git rev-parse --show-toplevel [5ms]
2023-02-25 14:35:37.699 [info] fatal: not a git repository (or any of the parent directories): .git
2023-02-25 14:35:37.703 [info] > git rev-parse --show-toplevel [0ms]
2023-02-25 14:35:37.703 [info] fatal: not a git repository (or any of the parent directories): .git
2023-02-25 14:35:37.705 [info] > git rev-parse --show-toplevel [0ms]
2023-02-25 14:35:37.705 [info] fatal: not a git repository (or any of the parent directories): .git
2023-02-25 14:35:37.708 [info] > git rev-parse --show-toplevel [0ms]
2023-02-25 14:35:37.708 [info] fatal: not a git repository (or any of the parent directories): .git
2023-02-25 14:35:37.710 [info] > git rev-parse --show-toplevel [0ms]
2023-02-25 14:35:37.710 [info] fatal: not a git repository (or any of the parent directories): .git
2023-02-25 14:35:37.713 [info] > git rev-parse --show-toplevel [1ms]
2023-02-25 14:35:37.715 [info] > git rev-parse --git-dir --git-common-dir [0ms]
2023-02-25 14:35:37.722 [info] Open repository: /root/.nvm
2023-02-25 14:35:37.732 [info] > git rev-parse --show-toplevel [7ms]
2023-02-25 14:35:37.732 [info] fatal: not a git repository (or any of the parent directories): .git
2023-02-25 14:35:37.742 [info] > git config --get commit.template [15ms]
2023-02-25 14:35:37.742 [info] > git rev-parse --show-toplevel [5ms]
2023-02-25 14:35:37.742 [info] fatal: not a git repository (or any of the parent directories): .git
2023-02-25 14:35:37.750 [info] > git for-each-ref --format %(refname) %(objectname) %(*objectname) refs/tags [2ms]
2023-02-25 14:35:37.758 [info] > git rev-parse --show-toplevel [13ms]
2023-02-25 14:35:37.758 [info] fatal: not a git repository (or any of the parent directories): .git
2023-02-25 14:35:37.761 [info] > git status -z -uall [7ms]
2023-02-25 14:35:37.762 [info] > git rev-parse --show-toplevel [2ms]
2023-02-25 14:35:37.762 [info] fatal: not a git repository (or any of the parent directories): .git
2023-02-25 14:35:37.768 [info] > git for-each-ref --sort -committerdate --format %(refname) %(objectname) %(*objectname) [10ms]
2023-02-25 14:35:37.854 [info] > git rev-parse --show-toplevel [86ms]
2023-02-25 14:35:37.854 [info] fatal: not a git repository (or any of the parent directories): .git
2023-02-25 14:35:37.857 [info] > git rev-parse --show-toplevel [1ms]
2023-02-25 14:35:37.858 [info] fatal: not a git repository (or any of the parent directories): .git
2023-02-25 14:35:37.861 [info] > git config --get commit.template [12ms]
2023-02-25 14:35:37.882 [info] > git rev-parse --show-toplevel [22ms]
2023-02-25 14:35:37.882 [info] fatal: not a git repository (or any of the parent directories): .git
2023-02-25 14:35:37.888 [info] > git for-each-ref --format %(refname) %(objectname) %(*objectname) refs/tags [1ms]
2023-02-25 14:35:37.895 [info] > git for-each-ref --sort -committerdate --format %(refname) %(objectname) %(*objectname) [2ms]
2023-02-25 14:35:37.895 [info] > git status -z -uall [5ms]
2023-02-25 14:35:38.246 [info] > git check-ignore -v -z --stdin [1ms]
2023-02-25 14:35:44.916 [info] > git rev-parse --show-toplevel [69ms]
2023-02-25 14:35:44.916 [info] fatal: not a git repository (or any of the parent directories): .git
2023-02-25 14:35:50.594 [info] > git rev-parse --show-toplevel [9ms]
2023-02-25 14:35:50.594 [info] fatal: not a git repository (or any of the parent directories): .git
2023-02-25 14:36:03.344 [info] > git rev-parse --show-toplevel [2ms]
2023-02-25 14:36:03.344 [info] fatal: not a git repository (or any of the parent directories): .git
2023-02-25 14:36:09.545 [info] > git rev-parse --show-toplevel [3ms]
2023-02-25 14:36:09.545 [info] fatal: not a git repository (or any of the parent directories): .git
2023-02-25 14:42:08.166 [info] > git rev-parse --show-toplevel [0ms]
2023-02-25 14:42:08.168 [info] > git rev-parse --git-dir --git-common-dir [0ms]
2023-02-25 14:42:08.173 [info] Open repository: /root
2023-02-25 14:42:08.179 [info] > git config --get commit.template [3ms]
2023-02-25 14:42:08.179 [info] No remotes found in the git config file.
2023-02-25 14:42:08.179 [info] > git for-each-ref --format=%(refname)%00%(upstream:short)%00%(objectname)%00%(upstream:track)%00%(upstream:remotename)%00%(upstream:remoteref) refs/heads/master refs/remotes/master [1ms]
2023-02-25 14:42:08.185 [info] > git for-each-ref --sort -committerdate --format %(refname) %(objectname) %(*objectname) [1ms]
2023-02-25 14:42:08.198 [info] > git status -z -uall [16ms]
2023-02-25 14:42:08.678 [info] > git show --textconv :folder/deploy/00-deploy-mocks.js [11ms]
2023-02-25 14:42:08.678 [info] > git show --textconv :folder/.env [9ms]
2023-02-25 14:42:08.678 [info] > git show --textconv :hardhat.config.js [7ms]
2023-02-25 14:42:08.679 [info] > git ls-files --stage -- /root/hardhat.config.js [2ms]
2023-02-25 14:42:08.680 [info] > git ls-files --stage -- /root/folder/.env [5ms]
2023-02-25 14:42:08.680 [info] > git ls-files --stage -- /root/folder/deploy/00-deploy-mocks.js [7ms]
2023-02-25 14:42:08.691 [info] > git check-ignore -v -z --stdin [2ms]
2023-02-25 14:42:10.508 [info] No remotes found in the git config file.
2023-02-25 14:42:10.508 [info] > git config --get commit.template [2ms]
2023-02-25 14:42:10.509 [info] > git for-each-ref --format=%(refname)%00%(upstream:short)%00%(objectname)%00%(upstream:track)%00%(upstream:remotename)%00%(upstream:remoteref) refs/heads/master refs/remotes/master [1ms]
2023-02-25 14:42:10.513 [info] > git for-each-ref --sort -committerdate --format %(refname) %(objectname) %(*objectname) [0ms]
2023-02-25 14:42:10.525 [info] > git status -z -uall [15ms]
2023-02-25 14:42:15.552 [info] > git config --get commit.template [2ms]
2023-02-25 14:42:15.552 [info] No remotes found in the git config file.
2023-02-25 14:42:15.552 [info] > git for-each-ref --format=%(refname)%00%(upstream:short)%00%(objectname)%00%(upstream:track)%00%(upstream:remotename)%00%(upstream:remoteref) refs/heads/master refs/remotes/master [1ms]
2023-02-25 14:42:15.557 [info] > git for-each-ref --sort -committerdate --format %(refname) %(objectname) %(*objectname) [0ms]
2023-02-25 14:42:15.569 [info] > git status -z -uall [15ms]
2023-02-25 14:42:20.591 [info] > git config --get commit.template [0ms]
2023-02-25 14:42:20.593 [info] No remotes found in the git config file.
2023-02-25 14:42:20.594 [info] > git for-each-ref --format=%(refname)%00%(upstream:short)%00%(objectname)%00%(upstream:track)%00%(upstream:remotename)%00%(upstream:remoteref) refs/heads/master refs/remotes/master [1ms]
2023-02-25 14:42:20.599 [info] > git for-each-ref --sort -committerdate --format %(refname) %(objectname) %(*objectname) [1ms]
2023-02-25 14:42:20.610 [info] > git status -z -uall [14ms]
2023-02-25 14:42:25.635 [info] > git config --get commit.template [3ms]
2023-02-25 14:42:25.635 [info] No remotes found in the git config file.
2023-02-25 14:42:25.635 [info] > git for-each-ref --format=%(refname)%00%(upstream:short)%00%(objectname)%00%(upstream:track)%00%(upstream:remotename)%00%(upstream:remoteref) refs/heads/master refs/remotes/master [0ms]
2023-02-25 14:42:25.641 [info] > git for-each-ref --sort -committerdate --format %(refname) %(objectname) %(*objectname) [1ms]
2023-02-25 14:42:25.652 [info] > git status -z -uall [14ms]
2023-02-25 14:42:30.675 [info] > git config --get commit.template [3ms]
2023-02-25 14:42:30.675 [info] No remotes found in the git config file.
2023-02-25 14:42:30.676 [info] > git for-each-ref --format=%(refname)%00%(upstream:short)%00%(objectname)%00%(upstream:track)%00%(upstream:remotename)%00%(upstream:remoteref) refs/heads/master refs/remotes/master [1ms]
2023-02-25 14:42:30.681 [info] > git for-each-ref --sort -committerdate --format %(refname) %(objectname) %(*objectname) [0ms]
2023-02-25 14:42:30.692 [info] > git status -z -uall [14ms]
2023-02-25 14:42:36.891 [info] > git config --get commit.template [1ms]
2023-02-25 14:42:36.894 [info] No remotes found in the git config file.
2023-02-25 14:42:36.894 [info] > git for-each-ref --format=%(refname)%00%(upstream:short)%00%(objectname)%00%(upstream:track)%00%(upstream:remotename)%00%(upstream:remoteref) refs/heads/master refs/remotes/master [0ms]
2023-02-25 14:42:36.900 [info] > git for-each-ref --sort -committerdate --format %(refname) %(objectname) %(*objectname) [1ms]
2023-02-25 14:42:36.914 [info] > git status -z -uall [17ms]
2023-02-25 14:42:41.941 [info] No remotes found in the git config file.
2023-02-25 14:42:41.942 [info] > git config --get commit.template [3ms]
2023-02-25 14:42:41.942 [info] > git for-each-ref --format=%(refname)%00%(upstream:short)%00%(objectname)%00%(upstream:track)%00%(upstream:remotename)%00%(upstream:remoteref) refs/heads/master refs/remotes/master [1ms]
2023-02-25 14:42:41.947 [info] > git for-each-ref --sort -committerdate --format %(refname) %(objectname) %(*objectname) [1ms]
2023-02-25 14:42:41.958 [info] > git status -z -uall [14ms]
2023-02-25 14:42:46.988 [info] No remotes found in the git config file.
2023-02-25 14:42:46.988 [info] > git config --get commit.template [4ms]
2023-02-25 14:42:46.988 [info] > git for-each-ref --format=%(refname)%00%(upstream:short)%00%(objectname)%00%(upstream:track)%00%(upstream:remotename)%00%(upstream:remoteref) refs/heads/master refs/remotes/master [1ms]
2023-02-25 14:42:46.994 [info] > git for-each-ref --sort -committerdate --format %(refname) %(objectname) %(*objectname) [1ms]
2023-02-25 14:42:47.012 [info] > git status -z -uall [22ms]
2023-02-25 14:42:50.904 [info] > git ls-files --stage -- /root/folder/.env [3ms]
2023-02-25 14:42:50.905 [info] > git ls-files --stage -- /root/folder/deploy/00-deploy-mocks.js [7ms]
2023-02-25 14:42:50.906 [info] > git ls-files --stage -- /root/hardhat.config.js [3ms]
2023-02-25 14:42:50.920 [info] > git show --textconv :folder/.env [9ms]
2023-02-25 14:42:50.920 [info] > git show --textconv :folder/deploy/00-deploy-mocks.js [5ms]
2023-02-25 14:42:50.920 [info] > git show --textconv :hardhat.config.js [1ms]
2023-02-25 14:42:52.037 [info] > git config --get commit.template [3ms]
2023-02-25 14:42:52.038 [info] > git for-each-ref --format=%(refname)%00%(upstream:short)%00%(objectname)%00%(upstream:track)%00%(upstream:remotename)%00%(upstream:remoteref) refs/heads/master refs/remotes/master [1ms]
2023-02-25 14:42:52.043 [info] > git for-each-ref --sort -committerdate --format %(refname) %(objectname) %(*objectname) [0ms]
2023-02-25 14:42:52.054 [info] > git status -z -uall [14ms]
2023-02-25 14:42:57.083 [info] > git config --get commit.template [6ms]
2023-02-25 14:42:57.083 [info] > git for-each-ref --format=%(refname)%00%(upstream:short)%00%(objectname)%00%(upstream:track)%00%(upstream:remotename)%00%(upstream:remoteref) refs/heads/master refs/remotes/master [1ms]
2023-02-25 14:42:57.090 [info] > git for-each-ref --sort -committerdate --format %(refname) %(objectname) %(*objectname) [1ms]
2023-02-25 14:42:57.105 [info] > git status -z -uall [19ms]
2023-02-25 14:43:02.130 [info] > git config --get commit.template [3ms]
2023-02-25 14:43:02.131 [info] > git for-each-ref --format=%(refname)%00%(upstream:short)%00%(objectname)%00%(upstream:track)%00%(upstream:remotename)%00%(upstream:remoteref) refs/heads/master refs/remotes/master [2ms]
2023-02-25 14:43:02.138 [info] > git for-each-ref --sort -committerdate --format %(refname) %(objectname) %(*objectname) [1ms]
2023-02-25 14:43:02.153 [info] > git status -z -uall [20ms]
