2023-02-20 19:35:25.177 [info] Log level: Info
2023-02-20 19:35:25.177 [info] Validating found git in: "git"
2023-02-20 19:35:25.177 [info] Using git "2.34.1" from "git"
2023-02-20 19:35:25.180 [info] > git rev-parse --show-toplevel [38ms]
2023-02-20 19:35:25.192 [info] > git rev-parse --git-dir --git-common-dir [2ms]
2023-02-20 19:35:25.201 [info] Open repository: /root/folder/hardhat-simple-storage-fcc
2023-02-20 19:35:25.218 [info] > git rev-parse --show-toplevel [11ms]
2023-02-20 19:35:25.229 [info] > git config --get commit.template [11ms]
2023-02-20 19:35:25.230 [info] > git rev-parse --show-toplevel [7ms]
2023-02-20 19:35:25.240 [info] > git for-each-ref --format=%(refname)%00%(upstream:short)%00%(objectname)%00%(upstream:track)%00%(upstream:remotename)%00%(upstream:remoteref) refs/heads/main refs/remotes/main [4ms]
2023-02-20 19:35:25.248 [info] > git rev-parse --show-toplevel [15ms]
2023-02-20 19:35:25.253 [info] > git status -z -uall [9ms]
2023-02-20 19:35:25.254 [info] > git rev-parse --show-toplevel [3ms]
2023-02-20 19:35:25.257 [info] > git for-each-ref --sort -committerdate --format %(refname) %(objectname) %(*objectname) [9ms]
2023-02-20 19:35:25.373 [info] > git rev-parse --show-toplevel [116ms]
2023-02-20 19:35:25.397 [info] > git rev-parse --show-toplevel [19ms]
2023-02-20 19:35:25.403 [info] > git config --get commit.template [38ms]
2023-02-20 19:35:25.412 [info] > git for-each-ref --format=%(refname)%00%(upstream:short)%00%(objectname)%00%(upstream:track)%00%(upstream:remotename)%00%(upstream:remoteref) refs/heads/main refs/remotes/main [1ms]
2023-02-20 19:35:25.422 [info] > git status -z -uall [6ms]
2023-02-20 19:35:25.423 [info] > git for-each-ref --sort -committerdate --format %(refname) %(objectname) %(*objectname) [2ms]
2023-02-20 19:35:25.755 [info] > git show --textconv :hardhat.config.js [58ms]
2023-02-20 19:35:25.755 [info] > git check-ignore -v -z --stdin [3ms]
2023-02-20 19:35:25.755 [info] > git ls-files --stage -- /root/folder/hardhat-simple-storage-fcc/hardhat.config.js [57ms]
2023-02-20 19:35:25.759 [info] > git cat-file -s 7457b4c794b21796427f1b198b7dae1bd0b8f9f3 [1ms]
2023-02-20 19:49:02.252 [info] > git check-ignore -v -z --stdin [1ms]
2023-02-20 19:58:59.595 [info] > git config --get commit.template [3ms]
2023-02-20 19:58:59.595 [info] > git for-each-ref --format=%(refname)%00%(upstream:short)%00%(objectname)%00%(upstream:track)%00%(upstream:remotename)%00%(upstream:remoteref) refs/heads/main refs/remotes/main [1ms]
2023-02-20 19:58:59.601 [info] > git status -z -uall [3ms]
2023-02-20 19:58:59.601 [info] > git for-each-ref --sort -committerdate --format %(refname) %(objectname) %(*objectname) [1ms]
2023-02-20 19:59:19.820 [info] > git ls-files --stage -- /root/folder/hardhat-simple-storage-fcc/scripts/deploy.js [1ms]
2023-02-20 19:59:19.824 [info] > git show --textconv :scripts/deploy.js [6ms]
2023-02-20 19:59:19.824 [info] > git cat-file -s 87c198d03e83fe45baa65baacab9d89ec361cbd7 [2ms]
2023-02-20 20:53:01.345 [info] > git ls-files --stage -- /root/folder/hardhat-simple-storage-fcc/tasks/block-number.js [0ms]
2023-02-20 20:53:01.349 [info] > git show --textconv :tasks/block-number.js [8ms]
2023-02-20 20:53:01.350 [info] > git cat-file -s de112849194e13a01d1f83385954e1623d7dc715 [1ms]
2023-02-20 20:53:01.962 [info] > git check-ignore -v -z --stdin [1ms]
2023-02-20 20:53:05.740 [info] > git show --textconv :test/Lock.js [3ms]
2023-02-20 20:53:05.740 [info] > git ls-files --stage -- /root/folder/hardhat-simple-storage-fcc/test/Lock.js [1ms]
2023-02-20 20:53:05.743 [info] > git cat-file -s 6a161e6d448e311dcb52760603dfcc8526501029 [1ms]
2023-02-20 20:53:19.045 [info] > git show --textconv :tasks/block-number.js [3ms]
2023-02-20 20:53:19.046 [info] > git ls-files --stage -- /root/folder/hardhat-simple-storage-fcc/tasks/block-number.js [1ms]
2023-02-20 20:53:19.049 [info] > git cat-file -s de112849194e13a01d1f83385954e1623d7dc715 [1ms]
2023-02-20 20:53:21.338 [info] > git show --textconv :test/Lock.js [2ms]
2023-02-20 20:53:21.338 [info] > git ls-files --stage -- /root/folder/hardhat-simple-storage-fcc/test/Lock.js [1ms]
2023-02-20 20:53:21.341 [info] > git cat-file -s 6a161e6d448e311dcb52760603dfcc8526501029 [0ms]
2023-02-20 20:53:33.433 [info] > git show --textconv :test/test-deploy.js [3ms]
2023-02-20 20:53:33.434 [info] > git ls-files --stage -- /root/folder/hardhat-simple-storage-fcc/test/test-deploy.js [1ms]
2023-02-20 20:53:33.705 [info] > git check-ignore -v -z --stdin [1ms]
2023-02-20 20:53:34.268 [info] > git config --get commit.template [1ms]
2023-02-20 20:53:34.272 [info] > git for-each-ref --format=%(refname)%00%(upstream:short)%00%(objectname)%00%(upstream:track)%00%(upstream:remotename)%00%(upstream:remoteref) refs/heads/main refs/remotes/main [1ms]
2023-02-20 20:53:34.287 [info] > git status -z -uall [9ms]
2023-02-20 20:53:34.288 [info] > git for-each-ref --sort -committerdate --format %(refname) %(objectname) %(*objectname) [2ms]
2023-02-20 20:54:03.515 [info] > git config --get commit.template [3ms]
2023-02-20 20:54:03.515 [info] > git for-each-ref --format=%(refname)%00%(upstream:short)%00%(objectname)%00%(upstream:track)%00%(upstream:remotename)%00%(upstream:remoteref) refs/heads/main refs/remotes/main [1ms]
2023-02-20 20:54:03.521 [info] > git status -z -uall [3ms]
2023-02-20 20:54:03.521 [info] > git for-each-ref --sort -committerdate --format %(refname) %(objectname) %(*objectname) [1ms]
2023-02-20 20:54:22.277 [info] > git show --textconv :contracts/SimpleStorage.sol [3ms]
2023-02-20 20:54:22.278 [info] > git ls-files --stage -- /root/folder/hardhat-simple-storage-fcc/contracts/SimpleStorage.sol [1ms]
2023-02-20 20:54:22.282 [info] > git cat-file -s fb2c61d60066fa7a772d1d29571203dbb6cfbf02 [1ms]
2023-02-20 20:54:22.546 [info] > git check-ignore -v -z --stdin [1ms]
2023-02-20 21:04:32.663 [info] > git config --get commit.template [1ms]
2023-02-20 21:04:32.667 [info] > git for-each-ref --format=%(refname)%00%(upstream:short)%00%(objectname)%00%(upstream:track)%00%(upstream:remotename)%00%(upstream:remoteref) refs/heads/main refs/remotes/main [0ms]
2023-02-20 21:04:32.672 [info] > git status -z -uall [3ms]
2023-02-20 21:04:32.672 [info] > git for-each-ref --sort -committerdate --format %(refname) %(objectname) %(*objectname) [1ms]
2023-02-20 21:07:08.005 [info] > git config --get commit.template [4ms]
2023-02-20 21:07:08.006 [info] > git for-each-ref --format=%(refname)%00%(upstream:short)%00%(objectname)%00%(upstream:track)%00%(upstream:remotename)%00%(upstream:remoteref) refs/heads/main refs/remotes/main [1ms]
2023-02-20 21:07:08.011 [info] > git status -z -uall [3ms]
2023-02-20 21:07:08.012 [info] > git for-each-ref --sort -committerdate --format %(refname) %(objectname) %(*objectname) [1ms]
2023-02-20 21:08:33.835 [info] > git config --get commit.template [3ms]
2023-02-20 21:08:33.836 [info] > git for-each-ref --format=%(refname)%00%(upstream:short)%00%(objectname)%00%(upstream:track)%00%(upstream:remotename)%00%(upstream:remoteref) refs/heads/main refs/remotes/main [1ms]
2023-02-20 21:08:33.842 [info] > git status -z -uall [4ms]
2023-02-20 21:08:33.843 [info] > git for-each-ref --sort -committerdate --format %(refname) %(objectname) %(*objectname) [2ms]
2023-02-20 21:27:48.883 [info] > git config --get commit.template [3ms]
2023-02-20 21:27:48.883 [info] > git for-each-ref --format=%(refname)%00%(upstream:short)%00%(objectname)%00%(upstream:track)%00%(upstream:remotename)%00%(upstream:remoteref) refs/heads/main refs/remotes/main [1ms]
2023-02-20 21:27:48.898 [info] > git status -z -uall [8ms]
2023-02-20 21:27:48.899 [info] > git for-each-ref --sort -committerdate --format %(refname) %(objectname) %(*objectname) [1ms]
