2023-03-22 17:29:09.131 [info] Log level: Info
2023-03-22 17:29:09.131 [info] Validating found git in: "git"
2023-03-22 17:29:09.131 [info] Using git "2.34.1" from "git"
2023-03-22 17:29:09.131 [info] > git rev-parse --show-toplevel [702ms]
2023-03-22 17:29:09.169 [info] > git rev-parse --git-dir --git-common-dir [34ms]
2023-03-22 17:29:09.175 [info] Open repository: /root
2023-03-22 17:29:09.188 [info] > git rev-parse --show-toplevel [8ms]
2023-03-22 17:29:09.198 [info] > git config --get commit.template [10ms]
2023-03-22 17:29:09.200 [info] > git rev-parse --show-toplevel [8ms]
2023-03-22 17:29:09.230 [info] > git rev-parse --show-toplevel [25ms]
2023-03-22 17:29:09.240 [info] > git rev-parse --show-toplevel [4ms]
2023-03-22 17:29:09.245 [info] > git for-each-ref --format=%(refname)%00%(upstream:short)%00%(objectname)%00%(upstream:track)%00%(upstream:remotename)%00%(upstream:remoteref) refs/heads/main refs/remotes/main [37ms]
2023-03-22 17:29:09.263 [info] > git rev-parse --show-toplevel [19ms]
2023-03-22 17:29:09.280 [info] > git rev-parse --show-toplevel [11ms]
2023-03-22 17:29:09.285 [info] > git rev-parse --show-toplevel [1ms]
2023-03-22 17:29:09.291 [info] > git rev-parse --git-dir --git-common-dir [2ms]
2023-03-22 17:29:09.294 [info] Open repository: /root/.nvm
2023-03-22 17:29:09.394 [info] > git status -z -uall [142ms]
2023-03-22 17:29:09.394 [info] > git rev-parse --show-toplevel [96ms]
2023-03-22 17:29:09.434 [info] > git rev-parse --show-toplevel [36ms]
2023-03-22 17:29:09.437 [info] > git config --get commit.template [135ms]
2023-03-22 17:29:09.542 [info] > git rev-parse --show-toplevel [105ms]
2023-03-22 17:29:09.547 [info] > git config --get commit.template [129ms]
2023-03-22 17:29:09.600 [info] > git rev-parse --show-toplevel [53ms]
2023-03-22 17:29:09.607 [info] > git for-each-ref --format %(refname) %(objectname) %(*objectname) refs/tags [18ms]
2023-03-22 17:29:09.612 [info] > git for-each-ref --format=%(refname)%00%(upstream:short)%00%(objectname)%00%(upstream:track)%00%(upstream:remotename)%00%(upstream:remoteref) refs/heads/main refs/remotes/main [5ms]
2023-03-22 17:29:09.617 [info] > git rev-parse --show-toplevel [13ms]
2023-03-22 17:29:09.624 [info] > git status -z -uall [12ms]
2023-03-22 17:29:09.624 [info] > git rev-parse --show-toplevel [3ms]
2023-03-22 17:29:09.635 [info] > git rev-parse --show-toplevel [7ms]
2023-03-22 17:29:09.639 [info] > git status -z -uall [23ms]
2023-03-22 17:29:09.639 [info] > git config --get commit.template [4ms]
2023-03-22 17:29:09.645 [info] > git rev-parse --git-dir --git-common-dir [7ms]
2023-03-22 17:29:09.648 [info] Open repository: /root/hardhat-simple-storage-fcc
2023-03-22 17:29:09.669 [info] > git rev-parse --show-toplevel [17ms]
2023-03-22 17:29:09.675 [info] > git config --get commit.template [11ms]
2023-03-22 17:29:09.675 [info] > git for-each-ref --format %(refname) %(objectname) %(*objectname) refs/tags [17ms]
2023-03-22 17:29:09.682 [info] > git rev-parse --show-toplevel [7ms]
2023-03-22 17:29:09.692 [info] > git status -z -uall [12ms]
2023-03-22 17:29:09.695 [info] > git for-each-ref --format=%(refname)%00%(upstream:short)%00%(objectname)%00%(upstream:track)%00%(upstream:remotename)%00%(upstream:remoteref) refs/heads/main refs/remotes/main [3ms]
2023-03-22 17:29:09.700 [info] > git status -z -uall [1ms]
2023-03-22 17:29:09.731 [info] > git check-ignore -v -z --stdin [2ms]
2023-03-22 17:29:09.995 [info] > git show --textconv :test/unit/FundMe.test.js [4ms]
2023-03-22 17:29:09.996 [info] > git ls-files --stage -- /root/test/unit/FundMe.test.js [2ms]
2023-03-22 17:29:10.001 [info] > git cat-file -s 89b11748d8513d6fbf4fd293c9b1a345482a4844 [0ms]
2023-03-22 17:29:15.160 [info] > git config --get commit.template [3ms]
2023-03-22 17:29:15.160 [info] > git for-each-ref --format=%(refname)%00%(upstream:short)%00%(objectname)%00%(upstream:track)%00%(upstream:remotename)%00%(upstream:remoteref) refs/heads/main refs/remotes/main [0ms]
2023-03-22 17:29:15.176 [info] > git status -z -uall [14ms]
2023-03-22 17:29:21.165 [info] > git config --get commit.template [3ms]
2023-03-22 17:29:21.165 [info] > git for-each-ref --format=%(refname)%00%(upstream:short)%00%(objectname)%00%(upstream:track)%00%(upstream:remotename)%00%(upstream:remoteref) refs/heads/main refs/remotes/main [0ms]
2023-03-22 17:29:21.182 [info] > git status -z -uall [14ms]
2023-03-22 17:29:26.195 [info] > git config --get commit.template [0ms]
2023-03-22 17:29:26.198 [info] > git for-each-ref --format=%(refname)%00%(upstream:short)%00%(objectname)%00%(upstream:track)%00%(upstream:remotename)%00%(upstream:remoteref) refs/heads/main refs/remotes/main [1ms]
2023-03-22 17:29:26.215 [info] > git status -z -uall [15ms]
2023-03-22 17:29:31.227 [info] > git config --get commit.template [3ms]
2023-03-22 17:29:31.228 [info] > git for-each-ref --format=%(refname)%00%(upstream:short)%00%(objectname)%00%(upstream:track)%00%(upstream:remotename)%00%(upstream:remoteref) refs/heads/main refs/remotes/main [1ms]
2023-03-22 17:29:31.243 [info] > git status -z -uall [13ms]
2023-03-22 17:29:49.561 [info] > git config --get commit.template [4ms]
2023-03-22 17:29:49.561 [info] > git for-each-ref --format=%(refname)%00%(upstream:short)%00%(objectname)%00%(upstream:track)%00%(upstream:remotename)%00%(upstream:remoteref) refs/heads/main refs/remotes/main [1ms]
2023-03-22 17:29:49.585 [info] > git status -z -uall [19ms]
2023-03-22 17:29:54.598 [info] > git config --get commit.template [1ms]
2023-03-22 17:29:54.602 [info] > git for-each-ref --format=%(refname)%00%(upstream:short)%00%(objectname)%00%(upstream:track)%00%(upstream:remotename)%00%(upstream:remoteref) refs/heads/main refs/remotes/main [1ms]
2023-03-22 17:29:54.619 [info] > git status -z -uall [15ms]
2023-03-22 17:31:41.672 [info] > git config --get commit.template [3ms]
2023-03-22 17:31:41.672 [info] > git for-each-ref --format=%(refname)%00%(upstream:short)%00%(objectname)%00%(upstream:track)%00%(upstream:remotename)%00%(upstream:remoteref) refs/heads/main refs/remotes/main [1ms]
2023-03-22 17:31:41.689 [info] > git status -z -uall [14ms]
2023-03-22 17:31:46.702 [info] > git config --get commit.template [3ms]
2023-03-22 17:31:46.702 [info] > git for-each-ref --format=%(refname)%00%(upstream:short)%00%(objectname)%00%(upstream:track)%00%(upstream:remotename)%00%(upstream:remoteref) refs/heads/main refs/remotes/main [0ms]
2023-03-22 17:31:46.718 [info] > git status -z -uall [14ms]
2023-03-22 17:31:58.432 [info] > git config --get commit.template [1ms]
2023-03-22 17:31:58.436 [info] > git for-each-ref --format=%(refname)%00%(upstream:short)%00%(objectname)%00%(upstream:track)%00%(upstream:remotename)%00%(upstream:remoteref) refs/heads/main refs/remotes/main [1ms]
2023-03-22 17:31:58.453 [info] > git status -z -uall [15ms]
2023-03-22 17:32:03.464 [info] > git config --get commit.template [0ms]
2023-03-22 17:32:03.466 [info] > git for-each-ref --format=%(refname)%00%(upstream:short)%00%(objectname)%00%(upstream:track)%00%(upstream:remotename)%00%(upstream:remoteref) refs/heads/main refs/remotes/main [0ms]
2023-03-22 17:32:03.482 [info] > git status -z -uall [13ms]
2023-03-22 17:32:08.494 [info] > git config --get commit.template [2ms]
2023-03-22 17:32:08.495 [info] > git for-each-ref --format=%(refname)%00%(upstream:short)%00%(objectname)%00%(upstream:track)%00%(upstream:remotename)%00%(upstream:remoteref) refs/heads/main refs/remotes/main [0ms]
2023-03-22 17:32:08.510 [info] > git status -z -uall [13ms]
2023-03-22 17:32:13.521 [info] > git config --get commit.template [0ms]
2023-03-22 17:32:13.524 [info] > git for-each-ref --format=%(refname)%00%(upstream:short)%00%(objectname)%00%(upstream:track)%00%(upstream:remotename)%00%(upstream:remoteref) refs/heads/main refs/remotes/main [0ms]
2023-03-22 17:32:13.540 [info] > git status -z -uall [14ms]
2023-03-22 17:32:18.552 [info] > git config --get commit.template [2ms]
2023-03-22 17:32:18.553 [info] > git for-each-ref --format=%(refname)%00%(upstream:short)%00%(objectname)%00%(upstream:track)%00%(upstream:remotename)%00%(upstream:remoteref) refs/heads/main refs/remotes/main [0ms]
2023-03-22 17:32:18.568 [info] > git status -z -uall [13ms]
2023-03-22 17:32:57.257 [info] > git config --get commit.template [1ms]
2023-03-22 17:32:57.261 [info] > git for-each-ref --format=%(refname)%00%(upstream:short)%00%(objectname)%00%(upstream:track)%00%(upstream:remotename)%00%(upstream:remoteref) refs/heads/main refs/remotes/main [1ms]
2023-03-22 17:32:57.277 [info] > git status -z -uall [14ms]
2023-03-22 17:33:02.293 [info] > git config --get commit.template [4ms]
2023-03-22 17:33:02.293 [info] > git for-each-ref --format=%(refname)%00%(upstream:short)%00%(objectname)%00%(upstream:track)%00%(upstream:remotename)%00%(upstream:remoteref) refs/heads/main refs/remotes/main [1ms]
2023-03-22 17:33:02.311 [info] > git status -z -uall [14ms]
2023-03-22 17:33:15.428 [info] > git config --get commit.template [1ms]
2023-03-22 17:33:15.431 [info] > git for-each-ref --format=%(refname)%00%(upstream:short)%00%(objectname)%00%(upstream:track)%00%(upstream:remotename)%00%(upstream:remoteref) refs/heads/main refs/remotes/main [0ms]
2023-03-22 17:33:15.448 [info] > git status -z -uall [14ms]
2023-03-22 17:33:20.457 [info] > git config --get commit.template [1ms]
2023-03-22 17:33:20.461 [info] > git for-each-ref --format=%(refname)%00%(upstream:short)%00%(objectname)%00%(upstream:track)%00%(upstream:remotename)%00%(upstream:remoteref) refs/heads/main refs/remotes/main [1ms]
2023-03-22 17:33:20.478 [info] > git status -z -uall [15ms]
2023-03-22 17:33:25.491 [info] > git config --get commit.template [3ms]
2023-03-22 17:33:25.491 [info] > git for-each-ref --format=%(refname)%00%(upstream:short)%00%(objectname)%00%(upstream:track)%00%(upstream:remotename)%00%(upstream:remoteref) refs/heads/main refs/remotes/main [1ms]
2023-03-22 17:33:25.506 [info] > git status -z -uall [13ms]
2023-03-22 17:33:30.515 [info] > git config --get commit.template [0ms]
2023-03-22 17:33:30.518 [info] > git for-each-ref --format=%(refname)%00%(upstream:short)%00%(objectname)%00%(upstream:track)%00%(upstream:remotename)%00%(upstream:remoteref) refs/heads/main refs/remotes/main [1ms]
2023-03-22 17:33:30.533 [info] > git status -z -uall [13ms]
2023-03-22 17:33:35.544 [info] > git config --get commit.template [2ms]
2023-03-22 17:33:35.545 [info] > git for-each-ref --format=%(refname)%00%(upstream:short)%00%(objectname)%00%(upstream:track)%00%(upstream:remotename)%00%(upstream:remoteref) refs/heads/main refs/remotes/main [1ms]
2023-03-22 17:33:35.560 [info] > git status -z -uall [13ms]
2023-03-22 17:33:40.570 [info] > git config --get commit.template [3ms]
2023-03-22 17:33:40.570 [info] > git for-each-ref --format=%(refname)%00%(upstream:short)%00%(objectname)%00%(upstream:track)%00%(upstream:remotename)%00%(upstream:remoteref) refs/heads/main refs/remotes/main [0ms]
2023-03-22 17:33:40.585 [info] > git status -z -uall [13ms]
2023-03-22 17:33:45.600 [info] > git config --get commit.template [3ms]
2023-03-22 17:33:45.600 [info] > git for-each-ref --format=%(refname)%00%(upstream:short)%00%(objectname)%00%(upstream:track)%00%(upstream:remotename)%00%(upstream:remoteref) refs/heads/main refs/remotes/main [0ms]
2023-03-22 17:33:45.615 [info] > git status -z -uall [13ms]
2023-03-22 17:33:50.626 [info] > git config --get commit.template [3ms]
2023-03-22 17:33:50.626 [info] > git for-each-ref --format=%(refname)%00%(upstream:short)%00%(objectname)%00%(upstream:track)%00%(upstream:remotename)%00%(upstream:remoteref) refs/heads/main refs/remotes/main [0ms]
2023-03-22 17:33:50.641 [info] > git status -z -uall [13ms]
2023-03-22 17:33:55.653 [info] > git config --get commit.template [3ms]
2023-03-22 17:33:55.653 [info] > git for-each-ref --format=%(refname)%00%(upstream:short)%00%(objectname)%00%(upstream:track)%00%(upstream:remotename)%00%(upstream:remoteref) refs/heads/main refs/remotes/main [0ms]
2023-03-22 17:33:55.668 [info] > git status -z -uall [13ms]
2023-03-22 17:34:00.680 [info] > git config --get commit.template [4ms]
2023-03-22 17:34:00.680 [info] > git for-each-ref --format=%(refname)%00%(upstream:short)%00%(objectname)%00%(upstream:track)%00%(upstream:remotename)%00%(upstream:remoteref) refs/heads/main refs/remotes/main [1ms]
2023-03-22 17:34:00.695 [info] > git status -z -uall [13ms]
2023-03-22 17:34:05.704 [info] > git config --get commit.template [0ms]
2023-03-22 17:34:05.707 [info] > git for-each-ref --format=%(refname)%00%(upstream:short)%00%(objectname)%00%(upstream:track)%00%(upstream:remotename)%00%(upstream:remoteref) refs/heads/main refs/remotes/main [0ms]
2023-03-22 17:34:05.723 [info] > git status -z -uall [14ms]
2023-03-22 17:34:11.336 [info] > git config --get commit.template [1ms]
2023-03-22 17:34:11.339 [info] > git for-each-ref --format=%(refname)%00%(upstream:short)%00%(objectname)%00%(upstream:track)%00%(upstream:remotename)%00%(upstream:remoteref) refs/heads/main refs/remotes/main [0ms]
2023-03-22 17:34:11.354 [info] > git status -z -uall [14ms]
2023-03-22 17:34:16.365 [info] > git config --get commit.template [3ms]
2023-03-22 17:34:16.365 [info] > git for-each-ref --format=%(refname)%00%(upstream:short)%00%(objectname)%00%(upstream:track)%00%(upstream:remotename)%00%(upstream:remoteref) refs/heads/main refs/remotes/main [0ms]
2023-03-22 17:34:16.380 [info] > git status -z -uall [13ms]
2023-03-22 17:35:34.673 [info] > git config --get commit.template [1ms]
2023-03-22 17:35:34.677 [info] > git for-each-ref --format=%(refname)%00%(upstream:short)%00%(objectname)%00%(upstream:track)%00%(upstream:remotename)%00%(upstream:remoteref) refs/heads/main refs/remotes/main [1ms]
2023-03-22 17:35:34.695 [info] > git status -z -uall [15ms]
2023-03-22 17:35:39.707 [info] > git config --get commit.template [2ms]
2023-03-22 17:35:39.707 [info] > git for-each-ref --format=%(refname)%00%(upstream:short)%00%(objectname)%00%(upstream:track)%00%(upstream:remotename)%00%(upstream:remoteref) refs/heads/main refs/remotes/main [1ms]
2023-03-22 17:35:39.723 [info] > git status -z -uall [14ms]
2023-03-22 17:35:44.734 [info] > git config --get commit.template [3ms]
2023-03-22 17:35:44.734 [info] > git for-each-ref --format=%(refname)%00%(upstream:short)%00%(objectname)%00%(upstream:track)%00%(upstream:remotename)%00%(upstream:remoteref) refs/heads/main refs/remotes/main [0ms]
2023-03-22 17:35:44.750 [info] > git status -z -uall [14ms]
2023-03-22 17:35:47.405 [info] > git show --textconv :contracts/FundMe.sol [3ms]
2023-03-22 17:35:47.405 [info] > git ls-files --stage -- /root/contracts/FundMe.sol [1ms]
2023-03-22 17:35:47.409 [info] > git cat-file -s 98cc65dbc92754c65dd9900b334c98cdb7836f6d [1ms]
2023-03-22 17:35:47.647 [info] > git check-ignore -v -z --stdin [1ms]
2023-03-22 17:35:49.762 [info] > git config --get commit.template [3ms]
2023-03-22 17:35:49.762 [info] > git for-each-ref --format=%(refname)%00%(upstream:short)%00%(objectname)%00%(upstream:track)%00%(upstream:remotename)%00%(upstream:remoteref) refs/heads/main refs/remotes/main [1ms]
2023-03-22 17:35:49.777 [info] > git status -z -uall [13ms]
2023-03-22 17:35:54.787 [info] > git config --get commit.template [3ms]
2023-03-22 17:35:54.787 [info] > git for-each-ref --format=%(refname)%00%(upstream:short)%00%(objectname)%00%(upstream:track)%00%(upstream:remotename)%00%(upstream:remoteref) refs/heads/main refs/remotes/main [0ms]
2023-03-22 17:35:54.802 [info] > git status -z -uall [13ms]
2023-03-22 17:35:59.815 [info] > git config --get commit.template [3ms]
2023-03-22 17:35:59.815 [info] > git for-each-ref --format=%(refname)%00%(upstream:short)%00%(objectname)%00%(upstream:track)%00%(upstream:remotename)%00%(upstream:remoteref) refs/heads/main refs/remotes/main [1ms]
2023-03-22 17:35:59.831 [info] > git status -z -uall [14ms]
2023-03-22 17:36:17.873 [info] > git config --get commit.template [1ms]
2023-03-22 17:36:17.877 [info] > git for-each-ref --format=%(refname)%00%(upstream:short)%00%(objectname)%00%(upstream:track)%00%(upstream:remotename)%00%(upstream:remoteref) refs/heads/main refs/remotes/main [1ms]
2023-03-22 17:36:17.893 [info] > git status -z -uall [14ms]
2023-03-22 17:36:31.681 [info] > git config --get commit.template [3ms]
2023-03-22 17:36:31.681 [info] > git for-each-ref --format=%(refname)%00%(upstream:short)%00%(objectname)%00%(upstream:track)%00%(upstream:remotename)%00%(upstream:remoteref) refs/heads/main refs/remotes/main [1ms]
2023-03-22 17:36:31.698 [info] > git status -z -uall [14ms]
2023-03-22 17:36:36.711 [info] > git config --get commit.template [3ms]
2023-03-22 17:36:36.711 [info] > git for-each-ref --format=%(refname)%00%(upstream:short)%00%(objectname)%00%(upstream:track)%00%(upstream:remotename)%00%(upstream:remoteref) refs/heads/main refs/remotes/main [1ms]
2023-03-22 17:36:36.727 [info] > git status -z -uall [14ms]
2023-03-22 17:36:44.798 [info] > git config --get commit.template [1ms]
2023-03-22 17:36:44.801 [info] > git for-each-ref --format=%(refname)%00%(upstream:short)%00%(objectname)%00%(upstream:track)%00%(upstream:remotename)%00%(upstream:remoteref) refs/heads/main refs/remotes/main [0ms]
2023-03-22 17:36:44.818 [info] > git status -z -uall [14ms]
2023-03-22 17:36:49.831 [info] > git config --get commit.template [3ms]
2023-03-22 17:36:49.831 [info] > git for-each-ref --format=%(refname)%00%(upstream:short)%00%(objectname)%00%(upstream:track)%00%(upstream:remotename)%00%(upstream:remoteref) refs/heads/main refs/remotes/main [1ms]
2023-03-22 17:36:49.846 [info] > git status -z -uall [13ms]
2023-03-22 17:36:54.856 [info] > git config --get commit.template [0ms]
2023-03-22 17:36:54.858 [info] > git for-each-ref --format=%(refname)%00%(upstream:short)%00%(objectname)%00%(upstream:track)%00%(upstream:remotename)%00%(upstream:remoteref) refs/heads/main refs/remotes/main [0ms]
2023-03-22 17:36:54.873 [info] > git status -z -uall [13ms]
2023-03-22 17:36:59.885 [info] > git config --get commit.template [2ms]
2023-03-22 17:36:59.885 [info] > git for-each-ref --format=%(refname)%00%(upstream:short)%00%(objectname)%00%(upstream:track)%00%(upstream:remotename)%00%(upstream:remoteref) refs/heads/main refs/remotes/main [1ms]
2023-03-22 17:36:59.900 [info] > git status -z -uall [13ms]
2023-03-22 17:37:04.911 [info] > git config --get commit.template [2ms]
2023-03-22 17:37:04.912 [info] > git for-each-ref --format=%(refname)%00%(upstream:short)%00%(objectname)%00%(upstream:track)%00%(upstream:remotename)%00%(upstream:remoteref) refs/heads/main refs/remotes/main [1ms]
2023-03-22 17:37:04.927 [info] > git status -z -uall [13ms]
2023-03-22 17:37:09.938 [info] > git config --get commit.template [3ms]
2023-03-22 17:37:09.938 [info] > git for-each-ref --format=%(refname)%00%(upstream:short)%00%(objectname)%00%(upstream:track)%00%(upstream:remotename)%00%(upstream:remoteref) refs/heads/main refs/remotes/main [0ms]
2023-03-22 17:37:09.954 [info] > git status -z -uall [13ms]
2023-03-22 17:37:14.964 [info] > git config --get commit.template [0ms]
2023-03-22 17:37:14.966 [info] > git for-each-ref --format=%(refname)%00%(upstream:short)%00%(objectname)%00%(upstream:track)%00%(upstream:remotename)%00%(upstream:remoteref) refs/heads/main refs/remotes/main [0ms]
2023-03-22 17:37:14.982 [info] > git status -z -uall [13ms]
2023-03-22 17:37:19.995 [info] > git config --get commit.template [3ms]
2023-03-22 17:37:19.995 [info] > git for-each-ref --format=%(refname)%00%(upstream:short)%00%(objectname)%00%(upstream:track)%00%(upstream:remotename)%00%(upstream:remoteref) refs/heads/main refs/remotes/main [1ms]
2023-03-22 17:37:20.011 [info] > git status -z -uall [14ms]
2023-03-22 17:37:25.021 [info] > git config --get commit.template [0ms]
2023-03-22 17:37:25.024 [info] > git for-each-ref --format=%(refname)%00%(upstream:short)%00%(objectname)%00%(upstream:track)%00%(upstream:remotename)%00%(upstream:remoteref) refs/heads/main refs/remotes/main [1ms]
2023-03-22 17:37:25.040 [info] > git status -z -uall [14ms]
2023-03-22 17:37:30.049 [info] > git config --get commit.template [0ms]
2023-03-22 17:37:30.052 [info] > git for-each-ref --format=%(refname)%00%(upstream:short)%00%(objectname)%00%(upstream:track)%00%(upstream:remotename)%00%(upstream:remoteref) refs/heads/main refs/remotes/main [0ms]
2023-03-22 17:37:30.067 [info] > git status -z -uall [13ms]
2023-03-22 17:37:35.079 [info] > git config --get commit.template [2ms]
2023-03-22 17:37:35.079 [info] > git for-each-ref --format=%(refname)%00%(upstream:short)%00%(objectname)%00%(upstream:track)%00%(upstream:remotename)%00%(upstream:remoteref) refs/heads/main refs/remotes/main [0ms]
2023-03-22 17:37:35.095 [info] > git status -z -uall [14ms]
2023-03-22 17:37:40.109 [info] > git config --get commit.template [4ms]
2023-03-22 17:37:40.109 [info] > git for-each-ref --format=%(refname)%00%(upstream:short)%00%(objectname)%00%(upstream:track)%00%(upstream:remotename)%00%(upstream:remoteref) refs/heads/main refs/remotes/main [1ms]
2023-03-22 17:37:40.124 [info] > git status -z -uall [13ms]
2023-03-22 17:37:45.134 [info] > git config --get commit.template [1ms]
2023-03-22 17:37:45.137 [info] > git for-each-ref --format=%(refname)%00%(upstream:short)%00%(objectname)%00%(upstream:track)%00%(upstream:remotename)%00%(upstream:remoteref) refs/heads/main refs/remotes/main [1ms]
2023-03-22 17:37:45.152 [info] > git status -z -uall [13ms]
2023-03-22 17:37:50.164 [info] > git config --get commit.template [2ms]
2023-03-22 17:37:50.165 [info] > git for-each-ref --format=%(refname)%00%(upstream:short)%00%(objectname)%00%(upstream:track)%00%(upstream:remotename)%00%(upstream:remoteref) refs/heads/main refs/remotes/main [1ms]
2023-03-22 17:37:50.180 [info] > git status -z -uall [13ms]
2023-03-22 17:37:55.192 [info] > git config --get commit.template [3ms]
2023-03-22 17:37:55.192 [info] > git for-each-ref --format=%(refname)%00%(upstream:short)%00%(objectname)%00%(upstream:track)%00%(upstream:remotename)%00%(upstream:remoteref) refs/heads/main refs/remotes/main [1ms]
2023-03-22 17:37:55.207 [info] > git status -z -uall [13ms]
2023-03-22 17:38:00.219 [info] > git config --get commit.template [3ms]
2023-03-22 17:38:00.220 [info] > git for-each-ref --format=%(refname)%00%(upstream:short)%00%(objectname)%00%(upstream:track)%00%(upstream:remotename)%00%(upstream:remoteref) refs/heads/main refs/remotes/main [1ms]
2023-03-22 17:38:00.235 [info] > git status -z -uall [13ms]
2023-03-22 17:38:05.249 [info] > git config --get commit.template [2ms]
2023-03-22 17:38:05.249 [info] > git for-each-ref --format=%(refname)%00%(upstream:short)%00%(objectname)%00%(upstream:track)%00%(upstream:remotename)%00%(upstream:remoteref) refs/heads/main refs/remotes/main [1ms]
2023-03-22 17:38:05.264 [info] > git status -z -uall [13ms]
2023-03-22 17:38:10.276 [info] > git config --get commit.template [3ms]
2023-03-22 17:38:10.277 [info] > git for-each-ref --format=%(refname)%00%(upstream:short)%00%(objectname)%00%(upstream:track)%00%(upstream:remotename)%00%(upstream:remoteref) refs/heads/main refs/remotes/main [1ms]
2023-03-22 17:38:10.293 [info] > git status -z -uall [13ms]
2023-03-22 17:38:15.305 [info] > git config --get commit.template [2ms]
2023-03-22 17:38:15.305 [info] > git for-each-ref --format=%(refname)%00%(upstream:short)%00%(objectname)%00%(upstream:track)%00%(upstream:remotename)%00%(upstream:remoteref) refs/heads/main refs/remotes/main [1ms]
2023-03-22 17:38:15.320 [info] > git status -z -uall [13ms]
2023-03-22 17:38:20.330 [info] > git config --get commit.template [1ms]
2023-03-22 17:38:20.333 [info] > git for-each-ref --format=%(refname)%00%(upstream:short)%00%(objectname)%00%(upstream:track)%00%(upstream:remotename)%00%(upstream:remoteref) refs/heads/main refs/remotes/main [1ms]
2023-03-22 17:38:20.348 [info] > git status -z -uall [13ms]
2023-03-22 17:38:39.161 [info] > git config --get commit.template [3ms]
2023-03-22 17:38:39.161 [info] > git for-each-ref --format=%(refname)%00%(upstream:short)%00%(objectname)%00%(upstream:track)%00%(upstream:remotename)%00%(upstream:remoteref) refs/heads/main refs/remotes/main [0ms]
2023-03-22 17:38:39.178 [info] > git status -z -uall [14ms]
2023-03-22 17:39:00.538 [info] > git config --get commit.template [3ms]
2023-03-22 17:39:00.542 [info] > git for-each-ref --format=%(refname)%00%(upstream:short)%00%(objectname)%00%(upstream:track)%00%(upstream:remotename)%00%(upstream:remoteref) refs/heads/main refs/remotes/main [1ms]
2023-03-22 17:39:00.560 [info] > git status -z -uall [15ms]
2023-03-22 17:41:01.115 [info] > git config --get commit.template [0ms]
2023-03-22 17:41:01.118 [info] > git for-each-ref --format=%(refname)%00%(upstream:short)%00%(objectname)%00%(upstream:track)%00%(upstream:remotename)%00%(upstream:remoteref) refs/heads/main refs/remotes/main [0ms]
2023-03-22 17:41:01.134 [info] > git status -z -uall [14ms]
2023-03-22 17:41:06.146 [info] > git config --get commit.template [3ms]
2023-03-22 17:41:06.146 [info] > git for-each-ref --format=%(refname)%00%(upstream:short)%00%(objectname)%00%(upstream:track)%00%(upstream:remotename)%00%(upstream:remoteref) refs/heads/main refs/remotes/main [0ms]
2023-03-22 17:41:06.162 [info] > git status -z -uall [14ms]
2023-03-22 17:41:11.174 [info] > git config --get commit.template [3ms]
2023-03-22 17:41:11.174 [info] > git for-each-ref --format=%(refname)%00%(upstream:short)%00%(objectname)%00%(upstream:track)%00%(upstream:remotename)%00%(upstream:remoteref) refs/heads/main refs/remotes/main [1ms]
2023-03-22 17:41:11.190 [info] > git status -z -uall [14ms]
2023-03-22 17:41:16.202 [info] > git config --get commit.template [3ms]
2023-03-22 17:41:16.202 [info] > git for-each-ref --format=%(refname)%00%(upstream:short)%00%(objectname)%00%(upstream:track)%00%(upstream:remotename)%00%(upstream:remoteref) refs/heads/main refs/remotes/main [1ms]
2023-03-22 17:41:16.217 [info] > git status -z -uall [13ms]
2023-03-22 17:41:21.229 [info] > git config --get commit.template [2ms]
2023-03-22 17:41:21.230 [info] > git for-each-ref --format=%(refname)%00%(upstream:short)%00%(objectname)%00%(upstream:track)%00%(upstream:remotename)%00%(upstream:remoteref) refs/heads/main refs/remotes/main [0ms]
2023-03-22 17:41:21.245 [info] > git status -z -uall [14ms]
2023-03-22 17:41:26.255 [info] > git config --get commit.template [0ms]
2023-03-22 17:41:26.258 [info] > git for-each-ref --format=%(refname)%00%(upstream:short)%00%(objectname)%00%(upstream:track)%00%(upstream:remotename)%00%(upstream:remoteref) refs/heads/main refs/remotes/main [0ms]
2023-03-22 17:41:26.274 [info] > git status -z -uall [13ms]
2023-03-22 17:41:31.573 [info] > git config --get commit.template [0ms]
2023-03-22 17:41:31.575 [info] > git for-each-ref --format=%(refname)%00%(upstream:short)%00%(objectname)%00%(upstream:track)%00%(upstream:remotename)%00%(upstream:remoteref) refs/heads/main refs/remotes/main [0ms]
2023-03-22 17:41:31.591 [info] > git status -z -uall [14ms]
2023-03-22 17:41:36.600 [info] > git config --get commit.template [1ms]
2023-03-22 17:41:36.603 [info] > git for-each-ref --format=%(refname)%00%(upstream:short)%00%(objectname)%00%(upstream:track)%00%(upstream:remotename)%00%(upstream:remoteref) refs/heads/main refs/remotes/main [1ms]
2023-03-22 17:41:36.618 [info] > git status -z -uall [13ms]
2023-03-22 17:41:41.629 [info] > git config --get commit.template [3ms]
2023-03-22 17:41:41.629 [info] > git for-each-ref --format=%(refname)%00%(upstream:short)%00%(objectname)%00%(upstream:track)%00%(upstream:remotename)%00%(upstream:remoteref) refs/heads/main refs/remotes/main [1ms]
2023-03-22 17:41:41.644 [info] > git status -z -uall [13ms]
2023-03-22 17:41:46.655 [info] > git config --get commit.template [3ms]
2023-03-22 17:41:46.656 [info] > git for-each-ref --format=%(refname)%00%(upstream:short)%00%(objectname)%00%(upstream:track)%00%(upstream:remotename)%00%(upstream:remoteref) refs/heads/main refs/remotes/main [1ms]
2023-03-22 17:41:46.671 [info] > git status -z -uall [13ms]
2023-03-22 17:41:51.682 [info] > git config --get commit.template [2ms]
2023-03-22 17:41:51.682 [info] > git for-each-ref --format=%(refname)%00%(upstream:short)%00%(objectname)%00%(upstream:track)%00%(upstream:remotename)%00%(upstream:remoteref) refs/heads/main refs/remotes/main [1ms]
2023-03-22 17:41:51.697 [info] > git status -z -uall [13ms]
2023-03-22 17:41:56.708 [info] > git config --get commit.template [3ms]
2023-03-22 17:41:56.708 [info] > git for-each-ref --format=%(refname)%00%(upstream:short)%00%(objectname)%00%(upstream:track)%00%(upstream:remotename)%00%(upstream:remoteref) refs/heads/main refs/remotes/main [0ms]
2023-03-22 17:41:56.724 [info] > git status -z -uall [13ms]
2023-03-22 17:42:01.734 [info] > git config --get commit.template [2ms]
2023-03-22 17:42:01.734 [info] > git for-each-ref --format=%(refname)%00%(upstream:short)%00%(objectname)%00%(upstream:track)%00%(upstream:remotename)%00%(upstream:remoteref) refs/heads/main refs/remotes/main [0ms]
2023-03-22 17:42:01.750 [info] > git status -z -uall [14ms]
2023-03-22 17:42:06.761 [info] > git config --get commit.template [3ms]
2023-03-22 17:42:06.761 [info] > git for-each-ref --format=%(refname)%00%(upstream:short)%00%(objectname)%00%(upstream:track)%00%(upstream:remotename)%00%(upstream:remoteref) refs/heads/main refs/remotes/main [0ms]
2023-03-22 17:42:06.777 [info] > git status -z -uall [13ms]
2023-03-22 17:42:11.790 [info] > git config --get commit.template [2ms]
2023-03-22 17:42:11.790 [info] > git for-each-ref --format=%(refname)%00%(upstream:short)%00%(objectname)%00%(upstream:track)%00%(upstream:remotename)%00%(upstream:remoteref) refs/heads/main refs/remotes/main [1ms]
2023-03-22 17:42:11.805 [info] > git status -z -uall [13ms]
2023-03-22 17:42:16.815 [info] > git config --get commit.template [1ms]
2023-03-22 17:42:16.818 [info] > git for-each-ref --format=%(refname)%00%(upstream:short)%00%(objectname)%00%(upstream:track)%00%(upstream:remotename)%00%(upstream:remoteref) refs/heads/main refs/remotes/main [0ms]
2023-03-22 17:42:16.833 [info] > git status -z -uall [12ms]
2023-03-22 17:42:21.844 [info] > git config --get commit.template [1ms]
2023-03-22 17:42:21.846 [info] > git for-each-ref --format=%(refname)%00%(upstream:short)%00%(objectname)%00%(upstream:track)%00%(upstream:remotename)%00%(upstream:remoteref) refs/heads/main refs/remotes/main [0ms]
2023-03-22 17:42:21.862 [info] > git status -z -uall [14ms]
2023-03-22 17:42:26.875 [info] > git config --get commit.template [4ms]
2023-03-22 17:42:26.875 [info] > git for-each-ref --format=%(refname)%00%(upstream:short)%00%(objectname)%00%(upstream:track)%00%(upstream:remotename)%00%(upstream:remoteref) refs/heads/main refs/remotes/main [1ms]
2023-03-22 17:42:26.892 [info] > git status -z -uall [14ms]
2023-03-22 17:42:31.900 [info] > git config --get commit.template [0ms]
2023-03-22 17:42:31.903 [info] > git for-each-ref --format=%(refname)%00%(upstream:short)%00%(objectname)%00%(upstream:track)%00%(upstream:remotename)%00%(upstream:remoteref) refs/heads/main refs/remotes/main [1ms]
2023-03-22 17:42:31.919 [info] > git status -z -uall [14ms]
2023-03-22 17:43:00.529 [info] > git config --get commit.template [0ms]
2023-03-22 17:43:00.532 [info] > git for-each-ref --format=%(refname)%00%(upstream:short)%00%(objectname)%00%(upstream:track)%00%(upstream:remotename)%00%(upstream:remoteref) refs/heads/main refs/remotes/main [1ms]
2023-03-22 17:43:00.548 [info] > git status -z -uall [14ms]
2023-03-22 17:43:05.559 [info] > git config --get commit.template [2ms]
2023-03-22 17:43:05.562 [info] > git for-each-ref --format=%(refname)%00%(upstream:short)%00%(objectname)%00%(upstream:track)%00%(upstream:remotename)%00%(upstream:remoteref) refs/heads/main refs/remotes/main [1ms]
2023-03-22 17:43:05.578 [info] > git status -z -uall [14ms]
2023-03-22 17:43:10.588 [info] > git config --get commit.template [1ms]
2023-03-22 17:43:10.591 [info] > git for-each-ref --format=%(refname)%00%(upstream:short)%00%(objectname)%00%(upstream:track)%00%(upstream:remotename)%00%(upstream:remoteref) refs/heads/main refs/remotes/main [1ms]
2023-03-22 17:43:10.607 [info] > git status -z -uall [13ms]
2023-03-22 17:43:15.617 [info] > git config --get commit.template [1ms]
2023-03-22 17:43:15.621 [info] > git for-each-ref --format=%(refname)%00%(upstream:short)%00%(objectname)%00%(upstream:track)%00%(upstream:remotename)%00%(upstream:remoteref) refs/heads/main refs/remotes/main [0ms]
2023-03-22 17:43:15.637 [info] > git status -z -uall [13ms]
2023-03-22 17:43:20.648 [info] > git config --get commit.template [3ms]
2023-03-22 17:43:20.648 [info] > git for-each-ref --format=%(refname)%00%(upstream:short)%00%(objectname)%00%(upstream:track)%00%(upstream:remotename)%00%(upstream:remoteref) refs/heads/main refs/remotes/main [0ms]
2023-03-22 17:43:20.664 [info] > git status -z -uall [14ms]
2023-03-22 17:43:25.675 [info] > git config --get commit.template [3ms]
2023-03-22 17:43:25.675 [info] > git for-each-ref --format=%(refname)%00%(upstream:short)%00%(objectname)%00%(upstream:track)%00%(upstream:remotename)%00%(upstream:remoteref) refs/heads/main refs/remotes/main [1ms]
2023-03-22 17:43:25.691 [info] > git status -z -uall [14ms]
2023-03-22 17:43:30.702 [info] > git config --get commit.template [2ms]
2023-03-22 17:43:30.703 [info] > git for-each-ref --format=%(refname)%00%(upstream:short)%00%(objectname)%00%(upstream:track)%00%(upstream:remotename)%00%(upstream:remoteref) refs/heads/main refs/remotes/main [1ms]
2023-03-22 17:43:30.718 [info] > git status -z -uall [13ms]
2023-03-22 17:43:35.728 [info] > git config --get commit.template [3ms]
2023-03-22 17:43:35.729 [info] > git for-each-ref --format=%(refname)%00%(upstream:short)%00%(objectname)%00%(upstream:track)%00%(upstream:remotename)%00%(upstream:remoteref) refs/heads/main refs/remotes/main [0ms]
2023-03-22 17:43:35.744 [info] > git status -z -uall [13ms]
2023-03-22 17:43:40.755 [info] > git config --get commit.template [3ms]
2023-03-22 17:43:40.755 [info] > git for-each-ref --format=%(refname)%00%(upstream:short)%00%(objectname)%00%(upstream:track)%00%(upstream:remotename)%00%(upstream:remoteref) refs/heads/main refs/remotes/main [0ms]
2023-03-22 17:43:40.771 [info] > git status -z -uall [13ms]
2023-03-22 17:43:45.780 [info] > git config --get commit.template [1ms]
2023-03-22 17:43:45.783 [info] > git for-each-ref --format=%(refname)%00%(upstream:short)%00%(objectname)%00%(upstream:track)%00%(upstream:remotename)%00%(upstream:remoteref) refs/heads/main refs/remotes/main [1ms]
2023-03-22 17:43:45.799 [info] > git status -z -uall [14ms]
2023-03-22 17:43:53.876 [info] > git config --get commit.template [1ms]
2023-03-22 17:43:53.879 [info] > git for-each-ref --format=%(refname)%00%(upstream:short)%00%(objectname)%00%(upstream:track)%00%(upstream:remotename)%00%(upstream:remoteref) refs/heads/main refs/remotes/main [1ms]
2023-03-22 17:43:53.895 [info] > git status -z -uall [13ms]
2023-03-22 17:43:58.906 [info] > git config --get commit.template [3ms]
2023-03-22 17:43:58.906 [info] > git for-each-ref --format=%(refname)%00%(upstream:short)%00%(objectname)%00%(upstream:track)%00%(upstream:remotename)%00%(upstream:remoteref) refs/heads/main refs/remotes/main [0ms]
2023-03-22 17:43:58.922 [info] > git status -z -uall [14ms]
2023-03-22 17:44:03.932 [info] > git config --get commit.template [1ms]
2023-03-22 17:44:03.935 [info] > git for-each-ref --format=%(refname)%00%(upstream:short)%00%(objectname)%00%(upstream:track)%00%(upstream:remotename)%00%(upstream:remoteref) refs/heads/main refs/remotes/main [0ms]
2023-03-22 17:44:03.951 [info] > git status -z -uall [14ms]
2023-03-22 17:44:08.960 [info] > git config --get commit.template [1ms]
2023-03-22 17:44:08.963 [info] > git for-each-ref --format=%(refname)%00%(upstream:short)%00%(objectname)%00%(upstream:track)%00%(upstream:remotename)%00%(upstream:remoteref) refs/heads/main refs/remotes/main [1ms]
2023-03-22 17:44:08.978 [info] > git status -z -uall [13ms]
2023-03-22 17:44:13.989 [info] > git config --get commit.template [3ms]
2023-03-22 17:44:13.989 [info] > git for-each-ref --format=%(refname)%00%(upstream:short)%00%(objectname)%00%(upstream:track)%00%(upstream:remotename)%00%(upstream:remoteref) refs/heads/main refs/remotes/main [0ms]
2023-03-22 17:44:14.005 [info] > git status -z -uall [13ms]
2023-03-22 17:44:19.015 [info] > git config --get commit.template [3ms]
2023-03-22 17:44:19.015 [info] > git for-each-ref --format=%(refname)%00%(upstream:short)%00%(objectname)%00%(upstream:track)%00%(upstream:remotename)%00%(upstream:remoteref) refs/heads/main refs/remotes/main [0ms]
2023-03-22 17:44:19.032 [info] > git status -z -uall [14ms]
2023-03-22 17:44:24.910 [info] > git config --get commit.template [5ms]
2023-03-22 17:44:24.910 [info] > git for-each-ref --format=%(refname)%00%(upstream:short)%00%(objectname)%00%(upstream:track)%00%(upstream:remotename)%00%(upstream:remoteref) refs/heads/main refs/remotes/main [1ms]
2023-03-22 17:44:24.931 [info] > git status -z -uall [17ms]
2023-03-22 17:44:30.289 [info] > git config --get commit.template [3ms]
2023-03-22 17:44:30.289 [info] > git for-each-ref --format=%(refname)%00%(upstream:short)%00%(objectname)%00%(upstream:track)%00%(upstream:remotename)%00%(upstream:remoteref) refs/heads/main refs/remotes/main [1ms]
2023-03-22 17:44:30.306 [info] > git status -z -uall [14ms]
2023-03-22 17:44:35.317 [info] > git config --get commit.template [1ms]
2023-03-22 17:44:35.320 [info] > git for-each-ref --format=%(refname)%00%(upstream:short)%00%(objectname)%00%(upstream:track)%00%(upstream:remotename)%00%(upstream:remoteref) refs/heads/main refs/remotes/main [1ms]
2023-03-22 17:44:35.337 [info] > git status -z -uall [14ms]
2023-03-22 17:44:40.346 [info] > git config --get commit.template [0ms]
2023-03-22 17:44:40.351 [info] > git for-each-ref --format=%(refname)%00%(upstream:short)%00%(objectname)%00%(upstream:track)%00%(upstream:remotename)%00%(upstream:remoteref) refs/heads/main refs/remotes/main [1ms]
2023-03-22 17:44:40.373 [info] > git status -z -uall [18ms]
2023-03-22 17:44:45.956 [info] > git config --get commit.template [0ms]
2023-03-22 17:44:45.960 [info] > git for-each-ref --format=%(refname)%00%(upstream:short)%00%(objectname)%00%(upstream:track)%00%(upstream:remotename)%00%(upstream:remoteref) refs/heads/main refs/remotes/main [1ms]
2023-03-22 17:44:45.976 [info] > git status -z -uall [14ms]
2023-03-22 17:44:50.988 [info] > git config --get commit.template [3ms]
2023-03-22 17:44:50.988 [info] > git for-each-ref --format=%(refname)%00%(upstream:short)%00%(objectname)%00%(upstream:track)%00%(upstream:remotename)%00%(upstream:remoteref) refs/heads/main refs/remotes/main [0ms]
2023-03-22 17:44:51.004 [info] > git status -z -uall [14ms]
2023-03-22 17:44:56.015 [info] > git config --get commit.template [0ms]
2023-03-22 17:44:56.017 [info] > git for-each-ref --format=%(refname)%00%(upstream:short)%00%(objectname)%00%(upstream:track)%00%(upstream:remotename)%00%(upstream:remoteref) refs/heads/main refs/remotes/main [0ms]
2023-03-22 17:44:56.034 [info] > git status -z -uall [14ms]
2023-03-22 17:45:01.045 [info] > git config --get commit.template [3ms]
2023-03-22 17:45:01.045 [info] > git for-each-ref --format=%(refname)%00%(upstream:short)%00%(objectname)%00%(upstream:track)%00%(upstream:remotename)%00%(upstream:remoteref) refs/heads/main refs/remotes/main [0ms]
2023-03-22 17:45:01.061 [info] > git status -z -uall [13ms]
2023-03-22 17:45:06.072 [info] > git config --get commit.template [3ms]
2023-03-22 17:45:06.072 [info] > git for-each-ref --format=%(refname)%00%(upstream:short)%00%(objectname)%00%(upstream:track)%00%(upstream:remotename)%00%(upstream:remoteref) refs/heads/main refs/remotes/main [1ms]
2023-03-22 17:45:06.088 [info] > git status -z -uall [14ms]
2023-03-22 17:45:11.098 [info] > git config --get commit.template [1ms]
2023-03-22 17:45:11.101 [info] > git for-each-ref --format=%(refname)%00%(upstream:short)%00%(objectname)%00%(upstream:track)%00%(upstream:remotename)%00%(upstream:remoteref) refs/heads/main refs/remotes/main [1ms]
2023-03-22 17:45:11.117 [info] > git status -z -uall [14ms]
2023-03-22 17:45:16.127 [info] > git config --get commit.template [1ms]
2023-03-22 17:45:16.130 [info] > git for-each-ref --format=%(refname)%00%(upstream:short)%00%(objectname)%00%(upstream:track)%00%(upstream:remotename)%00%(upstream:remoteref) refs/heads/main refs/remotes/main [1ms]
2023-03-22 17:45:16.146 [info] > git status -z -uall [14ms]
2023-03-22 17:45:21.316 [info] > git config --get commit.template [1ms]
2023-03-22 17:45:21.319 [info] > git for-each-ref --format=%(refname)%00%(upstream:short)%00%(objectname)%00%(upstream:track)%00%(upstream:remotename)%00%(upstream:remoteref) refs/heads/main refs/remotes/main [1ms]
2023-03-22 17:45:21.335 [info] > git status -z -uall [14ms]
2023-03-22 17:45:26.345 [info] > git config --get commit.template [3ms]
2023-03-22 17:45:26.346 [info] > git for-each-ref --format=%(refname)%00%(upstream:short)%00%(objectname)%00%(upstream:track)%00%(upstream:remotename)%00%(upstream:remoteref) refs/heads/main refs/remotes/main [1ms]
2023-03-22 17:45:26.362 [info] > git status -z -uall [14ms]
2023-03-22 17:45:34.100 [info] > git config --get commit.template [4ms]
2023-03-22 17:45:34.100 [info] > git for-each-ref --format=%(refname)%00%(upstream:short)%00%(objectname)%00%(upstream:track)%00%(upstream:remotename)%00%(upstream:remoteref) refs/heads/main refs/remotes/main [1ms]
2023-03-22 17:45:34.117 [info] > git status -z -uall [14ms]
2023-03-22 17:45:40.420 [info] > git config --get commit.template [3ms]
2023-03-22 17:45:40.420 [info] > git for-each-ref --format=%(refname)%00%(upstream:short)%00%(objectname)%00%(upstream:track)%00%(upstream:remotename)%00%(upstream:remoteref) refs/heads/main refs/remotes/main [1ms]
2023-03-22 17:45:40.437 [info] > git status -z -uall [14ms]
2023-03-22 17:45:45.652 [info] > git config --get commit.template [2ms]
2023-03-22 17:45:45.655 [info] > git for-each-ref --format=%(refname)%00%(upstream:short)%00%(objectname)%00%(upstream:track)%00%(upstream:remotename)%00%(upstream:remoteref) refs/heads/main refs/remotes/main [1ms]
2023-03-22 17:45:45.672 [info] > git status -z -uall [15ms]
2023-03-22 17:45:50.686 [info] > git config --get commit.template [4ms]
2023-03-22 17:45:50.686 [info] > git for-each-ref --format=%(refname)%00%(upstream:short)%00%(objectname)%00%(upstream:track)%00%(upstream:remotename)%00%(upstream:remoteref) refs/heads/main refs/remotes/main [2ms]
2023-03-22 17:45:50.702 [info] > git status -z -uall [14ms]
2023-03-22 17:45:55.715 [info] > git config --get commit.template [4ms]
2023-03-22 17:45:55.715 [info] > git for-each-ref --format=%(refname)%00%(upstream:short)%00%(objectname)%00%(upstream:track)%00%(upstream:remotename)%00%(upstream:remoteref) refs/heads/main refs/remotes/main [1ms]
2023-03-22 17:45:55.731 [info] > git status -z -uall [14ms]
2023-03-22 17:46:02.657 [info] > git config --get commit.template [0ms]
2023-03-22 17:46:02.659 [info] > git for-each-ref --format=%(refname)%00%(upstream:short)%00%(objectname)%00%(upstream:track)%00%(upstream:remotename)%00%(upstream:remoteref) refs/heads/main refs/remotes/main [0ms]
2023-03-22 17:46:02.675 [info] > git status -z -uall [14ms]
2023-03-22 17:46:07.685 [info] > git config --get commit.template [0ms]
2023-03-22 17:46:07.689 [info] > git for-each-ref --format=%(refname)%00%(upstream:short)%00%(objectname)%00%(upstream:track)%00%(upstream:remotename)%00%(upstream:remoteref) refs/heads/main refs/remotes/main [1ms]
2023-03-22 17:46:07.704 [info] > git status -z -uall [13ms]
2023-03-22 17:46:13.962 [info] > git config --get commit.template [4ms]
2023-03-22 17:46:13.962 [info] > git for-each-ref --format=%(refname)%00%(upstream:short)%00%(objectname)%00%(upstream:track)%00%(upstream:remotename)%00%(upstream:remoteref) refs/heads/main refs/remotes/main [1ms]
2023-03-22 17:46:13.979 [info] > git status -z -uall [14ms]
2023-03-22 17:46:18.990 [info] > git config --get commit.template [3ms]
2023-03-22 17:46:18.990 [info] > git for-each-ref --format=%(refname)%00%(upstream:short)%00%(objectname)%00%(upstream:track)%00%(upstream:remotename)%00%(upstream:remoteref) refs/heads/main refs/remotes/main [1ms]
2023-03-22 17:46:19.005 [info] > git status -z -uall [13ms]
2023-03-22 17:46:42.835 [info] > git config --get commit.template [1ms]
2023-03-22 17:46:42.838 [info] > git for-each-ref --format=%(refname)%00%(upstream:short)%00%(objectname)%00%(upstream:track)%00%(upstream:remotename)%00%(upstream:remoteref) refs/heads/main refs/remotes/main [1ms]
2023-03-22 17:46:42.854 [info] > git status -z -uall [13ms]
2023-03-22 17:46:47.868 [info] > git config --get commit.template [4ms]
2023-03-22 17:46:47.869 [info] > git for-each-ref --format=%(refname)%00%(upstream:short)%00%(objectname)%00%(upstream:track)%00%(upstream:remotename)%00%(upstream:remoteref) refs/heads/main refs/remotes/main [1ms]
2023-03-22 17:46:47.886 [info] > git status -z -uall [15ms]
2023-03-22 17:46:52.896 [info] > git config --get commit.template [1ms]
2023-03-22 17:46:52.899 [info] > git for-each-ref --format=%(refname)%00%(upstream:short)%00%(objectname)%00%(upstream:track)%00%(upstream:remotename)%00%(upstream:remoteref) refs/heads/main refs/remotes/main [1ms]
2023-03-22 17:46:52.915 [info] > git status -z -uall [14ms]
2023-03-22 17:46:57.927 [info] > git config --get commit.template [4ms]
2023-03-22 17:46:57.927 [info] > git for-each-ref --format=%(refname)%00%(upstream:short)%00%(objectname)%00%(upstream:track)%00%(upstream:remotename)%00%(upstream:remoteref) refs/heads/main refs/remotes/main [1ms]
2023-03-22 17:46:57.944 [info] > git status -z -uall [14ms]
2023-03-22 17:47:03.205 [info] > git config --get commit.template [3ms]
2023-03-22 17:47:03.205 [info] > git for-each-ref --format=%(refname)%00%(upstream:short)%00%(objectname)%00%(upstream:track)%00%(upstream:remotename)%00%(upstream:remoteref) refs/heads/main refs/remotes/main [1ms]
2023-03-22 17:47:03.222 [info] > git status -z -uall [14ms]
2023-03-22 17:47:08.236 [info] > git config --get commit.template [4ms]
2023-03-22 17:47:08.236 [info] > git for-each-ref --format=%(refname)%00%(upstream:short)%00%(objectname)%00%(upstream:track)%00%(upstream:remotename)%00%(upstream:remoteref) refs/heads/main refs/remotes/main [0ms]
2023-03-22 17:47:08.253 [info] > git status -z -uall [14ms]
2023-03-22 17:47:13.406 [info] > git config --get commit.template [1ms]
2023-03-22 17:47:13.410 [info] > git for-each-ref --format=%(refname)%00%(upstream:short)%00%(objectname)%00%(upstream:track)%00%(upstream:remotename)%00%(upstream:remoteref) refs/heads/main refs/remotes/main [1ms]
2023-03-22 17:47:13.427 [info] > git status -z -uall [15ms]
2023-03-22 17:47:18.439 [info] > git config --get commit.template [4ms]
2023-03-22 17:47:18.439 [info] > git for-each-ref --format=%(refname)%00%(upstream:short)%00%(objectname)%00%(upstream:track)%00%(upstream:remotename)%00%(upstream:remoteref) refs/heads/main refs/remotes/main [1ms]
2023-03-22 17:47:18.456 [info] > git status -z -uall [14ms]
2023-03-22 17:47:25.489 [info] > git config --get commit.template [0ms]
2023-03-22 17:47:25.492 [info] > git for-each-ref --format=%(refname)%00%(upstream:short)%00%(objectname)%00%(upstream:track)%00%(upstream:remotename)%00%(upstream:remoteref) refs/heads/main refs/remotes/main [1ms]
2023-03-22 17:47:25.510 [info] > git status -z -uall [14ms]
2023-03-22 17:47:30.520 [info] > git config --get commit.template [0ms]
2023-03-22 17:47:30.523 [info] > git for-each-ref --format=%(refname)%00%(upstream:short)%00%(objectname)%00%(upstream:track)%00%(upstream:remotename)%00%(upstream:remoteref) refs/heads/main refs/remotes/main [0ms]
2023-03-22 17:47:30.542 [info] > git status -z -uall [17ms]
2023-03-22 17:47:52.738 [info] > git config --get commit.template [5ms]
2023-03-22 17:47:52.738 [info] > git for-each-ref --format=%(refname)%00%(upstream:short)%00%(objectname)%00%(upstream:track)%00%(upstream:remotename)%00%(upstream:remoteref) refs/heads/main refs/remotes/main [1ms]
2023-03-22 17:47:52.757 [info] > git status -z -uall [14ms]
2023-03-22 17:47:57.768 [info] > git config --get commit.template [2ms]
2023-03-22 17:47:57.769 [info] > git for-each-ref --format=%(refname)%00%(upstream:short)%00%(objectname)%00%(upstream:track)%00%(upstream:remotename)%00%(upstream:remoteref) refs/heads/main refs/remotes/main [1ms]
2023-03-22 17:47:57.784 [info] > git status -z -uall [13ms]
2023-03-22 17:48:02.797 [info] > git config --get commit.template [3ms]
2023-03-22 17:48:02.797 [info] > git for-each-ref --format=%(refname)%00%(upstream:short)%00%(objectname)%00%(upstream:track)%00%(upstream:remotename)%00%(upstream:remoteref) refs/heads/main refs/remotes/main [1ms]
2023-03-22 17:48:02.814 [info] > git status -z -uall [13ms]
2023-03-22 17:48:07.825 [info] > git config --get commit.template [3ms]
2023-03-22 17:48:07.826 [info] > git for-each-ref --format=%(refname)%00%(upstream:short)%00%(objectname)%00%(upstream:track)%00%(upstream:remotename)%00%(upstream:remoteref) refs/heads/main refs/remotes/main [1ms]
2023-03-22 17:48:07.841 [info] > git status -z -uall [13ms]
2023-03-22 17:48:13.311 [info] > git config --get commit.template [3ms]
2023-03-22 17:48:13.312 [info] > git for-each-ref --format=%(refname)%00%(upstream:short)%00%(objectname)%00%(upstream:track)%00%(upstream:remotename)%00%(upstream:remoteref) refs/heads/main refs/remotes/main [1ms]
2023-03-22 17:48:13.329 [info] > git status -z -uall [15ms]
2023-03-22 17:48:22.962 [info] > git config --get commit.template [3ms]
2023-03-22 17:48:22.963 [info] > git for-each-ref --format=%(refname)%00%(upstream:short)%00%(objectname)%00%(upstream:track)%00%(upstream:remotename)%00%(upstream:remoteref) refs/heads/main refs/remotes/main [1ms]
2023-03-22 17:48:22.981 [info] > git status -z -uall [15ms]
2023-03-22 17:48:45.893 [info] > git config --get commit.template [2ms]
2023-03-22 17:48:45.897 [info] > git for-each-ref --format=%(refname)%00%(upstream:short)%00%(objectname)%00%(upstream:track)%00%(upstream:remotename)%00%(upstream:remoteref) refs/heads/main refs/remotes/main [1ms]
2023-03-22 17:48:45.914 [info] > git status -z -uall [14ms]
2023-03-22 17:48:50.928 [info] > git config --get commit.template [3ms]
2023-03-22 17:48:50.928 [info] > git for-each-ref --format=%(refname)%00%(upstream:short)%00%(objectname)%00%(upstream:track)%00%(upstream:remotename)%00%(upstream:remoteref) refs/heads/main refs/remotes/main [1ms]
2023-03-22 17:48:50.944 [info] > git status -z -uall [14ms]
2023-03-22 17:48:55.954 [info] > git config --get commit.template [2ms]
2023-03-22 17:48:55.955 [info] > git for-each-ref --format=%(refname)%00%(upstream:short)%00%(objectname)%00%(upstream:track)%00%(upstream:remotename)%00%(upstream:remoteref) refs/heads/main refs/remotes/main [1ms]
2023-03-22 17:48:55.972 [info] > git status -z -uall [14ms]
2023-03-22 17:49:04.065 [info] > git config --get commit.template [1ms]
2023-03-22 17:49:04.070 [info] > git for-each-ref --format=%(refname)%00%(upstream:short)%00%(objectname)%00%(upstream:track)%00%(upstream:remotename)%00%(upstream:remoteref) refs/heads/main refs/remotes/main [1ms]
2023-03-22 17:49:04.087 [info] > git status -z -uall [14ms]
2023-03-22 17:49:18.459 [info] > git config --get commit.template [3ms]
2023-03-22 17:49:18.459 [info] > git for-each-ref --format=%(refname)%00%(upstream:short)%00%(objectname)%00%(upstream:track)%00%(upstream:remotename)%00%(upstream:remoteref) refs/heads/main refs/remotes/main [0ms]
2023-03-22 17:49:18.477 [info] > git status -z -uall [15ms]
2023-03-22 17:49:23.490 [info] > git config --get commit.template [3ms]
2023-03-22 17:49:23.492 [info] > git for-each-ref --format=%(refname)%00%(upstream:short)%00%(objectname)%00%(upstream:track)%00%(upstream:remotename)%00%(upstream:remoteref) refs/heads/main refs/remotes/main [2ms]
2023-03-22 17:49:23.511 [info] > git status -z -uall [17ms]
2023-03-22 17:49:28.524 [info] > git config --get commit.template [3ms]
2023-03-22 17:49:28.524 [info] > git for-each-ref --format=%(refname)%00%(upstream:short)%00%(objectname)%00%(upstream:track)%00%(upstream:remotename)%00%(upstream:remoteref) refs/heads/main refs/remotes/main [0ms]
2023-03-22 17:49:28.540 [info] > git status -z -uall [14ms]
2023-03-22 17:49:41.735 [info] > git config --get commit.template [1ms]
2023-03-22 17:49:41.740 [info] > git for-each-ref --format=%(refname)%00%(upstream:short)%00%(objectname)%00%(upstream:track)%00%(upstream:remotename)%00%(upstream:remoteref) refs/heads/main refs/remotes/main [1ms]
2023-03-22 17:49:41.756 [info] > git status -z -uall [13ms]
2023-03-22 17:49:46.769 [info] > git config --get commit.template [3ms]
2023-03-22 17:49:46.769 [info] > git for-each-ref --format=%(refname)%00%(upstream:short)%00%(objectname)%00%(upstream:track)%00%(upstream:remotename)%00%(upstream:remoteref) refs/heads/main refs/remotes/main [1ms]
2023-03-22 17:49:46.784 [info] > git status -z -uall [13ms]
2023-03-22 17:49:57.194 [info] > git config --get commit.template [2ms]
2023-03-22 17:49:57.199 [info] > git for-each-ref --format=%(refname)%00%(upstream:short)%00%(objectname)%00%(upstream:track)%00%(upstream:remotename)%00%(upstream:remoteref) refs/heads/main refs/remotes/main [0ms]
2023-03-22 17:49:57.216 [info] > git status -z -uall [15ms]
2023-03-22 17:50:04.511 [info] > git config --get commit.template [3ms]
2023-03-22 17:50:04.512 [info] > git for-each-ref --format=%(refname)%00%(upstream:short)%00%(objectname)%00%(upstream:track)%00%(upstream:remotename)%00%(upstream:remoteref) refs/heads/main refs/remotes/main [1ms]
2023-03-22 17:50:04.528 [info] > git status -z -uall [13ms]
2023-03-22 17:50:09.541 [info] > git config --get commit.template [3ms]
2023-03-22 17:50:09.541 [info] > git for-each-ref --format=%(refname)%00%(upstream:short)%00%(objectname)%00%(upstream:track)%00%(upstream:remotename)%00%(upstream:remoteref) refs/heads/main refs/remotes/main [0ms]
2023-03-22 17:50:09.557 [info] > git status -z -uall [14ms]
2023-03-22 17:50:14.566 [info] > git config --get commit.template [1ms]
2023-03-22 17:50:14.569 [info] > git for-each-ref --format=%(refname)%00%(upstream:short)%00%(objectname)%00%(upstream:track)%00%(upstream:remotename)%00%(upstream:remoteref) refs/heads/main refs/remotes/main [1ms]
2023-03-22 17:50:14.585 [info] > git status -z -uall [14ms]
2023-03-22 17:50:19.597 [info] > git config --get commit.template [3ms]
2023-03-22 17:50:19.597 [info] > git for-each-ref --format=%(refname)%00%(upstream:short)%00%(objectname)%00%(upstream:track)%00%(upstream:remotename)%00%(upstream:remoteref) refs/heads/main refs/remotes/main [1ms]
2023-03-22 17:50:19.612 [info] > git status -z -uall [13ms]
2023-03-22 17:50:24.624 [info] > git config --get commit.template [3ms]
2023-03-22 17:50:24.624 [info] > git for-each-ref --format=%(refname)%00%(upstream:short)%00%(objectname)%00%(upstream:track)%00%(upstream:remotename)%00%(upstream:remoteref) refs/heads/main refs/remotes/main [0ms]
2023-03-22 17:50:24.640 [info] > git status -z -uall [14ms]
2023-03-22 17:50:29.650 [info] > git config --get commit.template [3ms]
2023-03-22 17:50:29.651 [info] > git for-each-ref --format=%(refname)%00%(upstream:short)%00%(objectname)%00%(upstream:track)%00%(upstream:remotename)%00%(upstream:remoteref) refs/heads/main refs/remotes/main [1ms]
2023-03-22 17:50:29.666 [info] > git status -z -uall [13ms]
2023-03-22 17:50:34.679 [info] > git config --get commit.template [3ms]
2023-03-22 17:50:34.680 [info] > git for-each-ref --format=%(refname)%00%(upstream:short)%00%(objectname)%00%(upstream:track)%00%(upstream:remotename)%00%(upstream:remoteref) refs/heads/main refs/remotes/main [0ms]
2023-03-22 17:50:34.695 [info] > git status -z -uall [13ms]
2023-03-22 17:50:39.705 [info] > git config --get commit.template [3ms]
2023-03-22 17:50:39.706 [info] > git for-each-ref --format=%(refname)%00%(upstream:short)%00%(objectname)%00%(upstream:track)%00%(upstream:remotename)%00%(upstream:remoteref) refs/heads/main refs/remotes/main [1ms]
2023-03-22 17:50:39.721 [info] > git status -z -uall [13ms]
2023-03-22 17:50:44.732 [info] > git config --get commit.template [3ms]
2023-03-22 17:50:44.732 [info] > git for-each-ref --format=%(refname)%00%(upstream:short)%00%(objectname)%00%(upstream:track)%00%(upstream:remotename)%00%(upstream:remoteref) refs/heads/main refs/remotes/main [1ms]
2023-03-22 17:50:44.747 [info] > git status -z -uall [13ms]
2023-03-22 17:50:49.760 [info] > git config --get commit.template [3ms]
2023-03-22 17:50:49.760 [info] > git for-each-ref --format=%(refname)%00%(upstream:short)%00%(objectname)%00%(upstream:track)%00%(upstream:remotename)%00%(upstream:remoteref) refs/heads/main refs/remotes/main [1ms]
2023-03-22 17:50:49.776 [info] > git status -z -uall [14ms]
2023-03-22 17:50:54.787 [info] > git config --get commit.template [3ms]
2023-03-22 17:50:54.787 [info] > git for-each-ref --format=%(refname)%00%(upstream:short)%00%(objectname)%00%(upstream:track)%00%(upstream:remotename)%00%(upstream:remoteref) refs/heads/main refs/remotes/main [0ms]
2023-03-22 17:50:54.802 [info] > git status -z -uall [13ms]
2023-03-22 17:50:59.813 [info] > git config --get commit.template [3ms]
2023-03-22 17:50:59.814 [info] > git for-each-ref --format=%(refname)%00%(upstream:short)%00%(objectname)%00%(upstream:track)%00%(upstream:remotename)%00%(upstream:remoteref) refs/heads/main refs/remotes/main [1ms]
2023-03-22 17:50:59.829 [info] > git status -z -uall [13ms]
2023-03-22 17:51:04.838 [info] > git config --get commit.template [0ms]
2023-03-22 17:51:04.841 [info] > git for-each-ref --format=%(refname)%00%(upstream:short)%00%(objectname)%00%(upstream:track)%00%(upstream:remotename)%00%(upstream:remoteref) refs/heads/main refs/remotes/main [0ms]
2023-03-22 17:51:04.857 [info] > git status -z -uall [14ms]
2023-03-22 17:51:09.868 [info] > git config --get commit.template [3ms]
2023-03-22 17:51:09.868 [info] > git for-each-ref --format=%(refname)%00%(upstream:short)%00%(objectname)%00%(upstream:track)%00%(upstream:remotename)%00%(upstream:remoteref) refs/heads/main refs/remotes/main [1ms]
2023-03-22 17:51:09.888 [info] > git status -z -uall [18ms]
2023-03-22 17:51:14.899 [info] > git config --get commit.template [2ms]
2023-03-22 17:51:14.900 [info] > git for-each-ref --format=%(refname)%00%(upstream:short)%00%(objectname)%00%(upstream:track)%00%(upstream:remotename)%00%(upstream:remoteref) refs/heads/main refs/remotes/main [1ms]
2023-03-22 17:51:14.916 [info] > git status -z -uall [14ms]
2023-03-22 17:51:19.927 [info] > git config --get commit.template [2ms]
2023-03-22 17:51:19.928 [info] > git for-each-ref --format=%(refname)%00%(upstream:short)%00%(objectname)%00%(upstream:track)%00%(upstream:remotename)%00%(upstream:remoteref) refs/heads/main refs/remotes/main [1ms]
2023-03-22 17:51:19.943 [info] > git status -z -uall [13ms]
2023-03-22 17:51:24.954 [info] > git config --get commit.template [3ms]
2023-03-22 17:51:24.954 [info] > git for-each-ref --format=%(refname)%00%(upstream:short)%00%(objectname)%00%(upstream:track)%00%(upstream:remotename)%00%(upstream:remoteref) refs/heads/main refs/remotes/main [0ms]
2023-03-22 17:51:24.970 [info] > git status -z -uall [14ms]
2023-03-22 17:51:29.982 [info] > git for-each-ref --format=%(refname)%00%(upstream:short)%00%(objectname)%00%(upstream:track)%00%(upstream:remotename)%00%(upstream:remoteref) refs/heads/main refs/remotes/main [1ms]
2023-03-22 17:51:29.982 [info] > git config --get commit.template [3ms]
2023-03-22 17:51:29.999 [info] > git status -z -uall [15ms]
2023-03-22 17:51:35.011 [info] > git config --get commit.template [2ms]
2023-03-22 17:51:35.011 [info] > git for-each-ref --format=%(refname)%00%(upstream:short)%00%(objectname)%00%(upstream:track)%00%(upstream:remotename)%00%(upstream:remoteref) refs/heads/main refs/remotes/main [1ms]
2023-03-22 17:51:35.026 [info] > git status -z -uall [13ms]
2023-03-22 17:51:40.035 [info] > git config --get commit.template [1ms]
2023-03-22 17:51:40.038 [info] > git for-each-ref --format=%(refname)%00%(upstream:short)%00%(objectname)%00%(upstream:track)%00%(upstream:remotename)%00%(upstream:remoteref) refs/heads/main refs/remotes/main [0ms]
2023-03-22 17:51:40.054 [info] > git status -z -uall [13ms]
2023-03-22 17:51:45.066 [info] > git config --get commit.template [3ms]
2023-03-22 17:51:45.066 [info] > git for-each-ref --format=%(refname)%00%(upstream:short)%00%(objectname)%00%(upstream:track)%00%(upstream:remotename)%00%(upstream:remoteref) refs/heads/main refs/remotes/main [1ms]
2023-03-22 17:51:45.082 [info] > git status -z -uall [13ms]
2023-03-22 17:51:50.093 [info] > git config --get commit.template [3ms]
2023-03-22 17:51:50.093 [info] > git for-each-ref --format=%(refname)%00%(upstream:short)%00%(objectname)%00%(upstream:track)%00%(upstream:remotename)%00%(upstream:remoteref) refs/heads/main refs/remotes/main [1ms]
2023-03-22 17:51:50.108 [info] > git status -z -uall [13ms]
2023-03-22 17:51:55.121 [info] > git config --get commit.template [3ms]
2023-03-22 17:51:55.121 [info] > git for-each-ref --format=%(refname)%00%(upstream:short)%00%(objectname)%00%(upstream:track)%00%(upstream:remotename)%00%(upstream:remoteref) refs/heads/main refs/remotes/main [1ms]
2023-03-22 17:51:55.136 [info] > git status -z -uall [13ms]
2023-03-22 17:52:00.147 [info] > git config --get commit.template [2ms]
2023-03-22 17:52:00.148 [info] > git for-each-ref --format=%(refname)%00%(upstream:short)%00%(objectname)%00%(upstream:track)%00%(upstream:remotename)%00%(upstream:remoteref) refs/heads/main refs/remotes/main [0ms]
2023-03-22 17:52:00.164 [info] > git status -z -uall [14ms]
2023-03-22 17:52:06.720 [info] > git config --get commit.template [1ms]
2023-03-22 17:52:06.725 [info] > git for-each-ref --format=%(refname)%00%(upstream:short)%00%(objectname)%00%(upstream:track)%00%(upstream:remotename)%00%(upstream:remoteref) refs/heads/main refs/remotes/main [1ms]
2023-03-22 17:52:06.747 [info] > git status -z -uall [19ms]
2023-03-22 17:52:16.792 [info] > git config --get commit.template [1ms]
2023-03-22 17:52:16.796 [info] > git for-each-ref --format=%(refname)%00%(upstream:short)%00%(objectname)%00%(upstream:track)%00%(upstream:remotename)%00%(upstream:remoteref) refs/heads/main refs/remotes/main [1ms]
2023-03-22 17:52:16.813 [info] > git status -z -uall [14ms]
2023-03-22 17:52:21.825 [info] > git config --get commit.template [3ms]
2023-03-22 17:52:21.825 [info] > git for-each-ref --format=%(refname)%00%(upstream:short)%00%(objectname)%00%(upstream:track)%00%(upstream:remotename)%00%(upstream:remoteref) refs/heads/main refs/remotes/main [0ms]
2023-03-22 17:52:21.841 [info] > git status -z -uall [14ms]
2023-03-22 17:52:27.488 [info] > git config --get commit.template [1ms]
2023-03-22 17:52:27.492 [info] > git for-each-ref --format=%(refname)%00%(upstream:short)%00%(objectname)%00%(upstream:track)%00%(upstream:remotename)%00%(upstream:remoteref) refs/heads/main refs/remotes/main [0ms]
2023-03-22 17:52:27.510 [info] > git status -z -uall [16ms]
2023-03-22 17:52:33.817 [info] > git config --get commit.template [3ms]
2023-03-22 17:52:33.818 [info] > git for-each-ref --format=%(refname)%00%(upstream:short)%00%(objectname)%00%(upstream:track)%00%(upstream:remotename)%00%(upstream:remoteref) refs/heads/main refs/remotes/main [1ms]
2023-03-22 17:52:33.833 [info] > git status -z -uall [13ms]
2023-03-22 17:52:38.846 [info] > git config --get commit.template [3ms]
2023-03-22 17:52:38.846 [info] > git for-each-ref --format=%(refname)%00%(upstream:short)%00%(objectname)%00%(upstream:track)%00%(upstream:remotename)%00%(upstream:remoteref) refs/heads/main refs/remotes/main [1ms]
2023-03-22 17:52:38.862 [info] > git status -z -uall [14ms]
2023-03-22 17:52:43.874 [info] > git config --get commit.template [3ms]
2023-03-22 17:52:43.875 [info] > git for-each-ref --format=%(refname)%00%(upstream:short)%00%(objectname)%00%(upstream:track)%00%(upstream:remotename)%00%(upstream:remoteref) refs/heads/main refs/remotes/main [0ms]
2023-03-22 17:52:43.890 [info] > git status -z -uall [13ms]
2023-03-22 17:52:48.902 [info] > git config --get commit.template [2ms]
2023-03-22 17:52:48.902 [info] > git for-each-ref --format=%(refname)%00%(upstream:short)%00%(objectname)%00%(upstream:track)%00%(upstream:remotename)%00%(upstream:remoteref) refs/heads/main refs/remotes/main [1ms]
2023-03-22 17:52:48.917 [info] > git status -z -uall [13ms]
2023-03-22 17:52:53.930 [info] > git config --get commit.template [3ms]
2023-03-22 17:52:53.930 [info] > git for-each-ref --format=%(refname)%00%(upstream:short)%00%(objectname)%00%(upstream:track)%00%(upstream:remotename)%00%(upstream:remoteref) refs/heads/main refs/remotes/main [0ms]
2023-03-22 17:52:53.947 [info] > git status -z -uall [15ms]
2023-03-22 17:52:58.957 [info] > git config --get commit.template [1ms]
2023-03-22 17:52:58.960 [info] > git for-each-ref --format=%(refname)%00%(upstream:short)%00%(objectname)%00%(upstream:track)%00%(upstream:remotename)%00%(upstream:remoteref) refs/heads/main refs/remotes/main [1ms]
2023-03-22 17:52:58.975 [info] > git status -z -uall [13ms]
2023-03-22 17:53:03.985 [info] > git config --get commit.template [1ms]
2023-03-22 17:53:03.988 [info] > git for-each-ref --format=%(refname)%00%(upstream:short)%00%(objectname)%00%(upstream:track)%00%(upstream:remotename)%00%(upstream:remoteref) refs/heads/main refs/remotes/main [1ms]
2023-03-22 17:53:04.005 [info] > git status -z -uall [15ms]
2023-03-22 17:53:09.020 [info] > git config --get commit.template [3ms]
2023-03-22 17:53:09.021 [info] > git for-each-ref --format=%(refname)%00%(upstream:short)%00%(objectname)%00%(upstream:track)%00%(upstream:remotename)%00%(upstream:remoteref) refs/heads/main refs/remotes/main [1ms]
2023-03-22 17:53:09.036 [info] > git status -z -uall [13ms]
2023-03-22 17:53:14.049 [info] > git config --get commit.template [3ms]
2023-03-22 17:53:14.049 [info] > git for-each-ref --format=%(refname)%00%(upstream:short)%00%(objectname)%00%(upstream:track)%00%(upstream:remotename)%00%(upstream:remoteref) refs/heads/main refs/remotes/main [1ms]
2023-03-22 17:53:14.065 [info] > git status -z -uall [13ms]
2023-03-22 17:53:19.076 [info] > git config --get commit.template [2ms]
2023-03-22 17:53:19.077 [info] > git for-each-ref --format=%(refname)%00%(upstream:short)%00%(objectname)%00%(upstream:track)%00%(upstream:remotename)%00%(upstream:remoteref) refs/heads/main refs/remotes/main [0ms]
2023-03-22 17:53:19.092 [info] > git status -z -uall [13ms]
2023-03-22 17:53:24.104 [info] > git config --get commit.template [3ms]
2023-03-22 17:53:24.104 [info] > git for-each-ref --format=%(refname)%00%(upstream:short)%00%(objectname)%00%(upstream:track)%00%(upstream:remotename)%00%(upstream:remoteref) refs/heads/main refs/remotes/main [0ms]
2023-03-22 17:53:24.119 [info] > git status -z -uall [13ms]
2023-03-22 17:53:29.131 [info] > git config --get commit.template [3ms]
2023-03-22 17:53:29.131 [info] > git for-each-ref --format=%(refname)%00%(upstream:short)%00%(objectname)%00%(upstream:track)%00%(upstream:remotename)%00%(upstream:remoteref) refs/heads/main refs/remotes/main [0ms]
2023-03-22 17:53:29.147 [info] > git status -z -uall [14ms]
2023-03-22 17:53:34.158 [info] > git config --get commit.template [2ms]
2023-03-22 17:53:34.159 [info] > git for-each-ref --format=%(refname)%00%(upstream:short)%00%(objectname)%00%(upstream:track)%00%(upstream:remotename)%00%(upstream:remoteref) refs/heads/main refs/remotes/main [0ms]
2023-03-22 17:53:34.174 [info] > git status -z -uall [13ms]
2023-03-22 17:53:39.186 [info] > git config --get commit.template [2ms]
2023-03-22 17:53:39.187 [info] > git for-each-ref --format=%(refname)%00%(upstream:short)%00%(objectname)%00%(upstream:track)%00%(upstream:remotename)%00%(upstream:remoteref) refs/heads/main refs/remotes/main [0ms]
2023-03-22 17:53:39.202 [info] > git status -z -uall [13ms]
2023-03-22 17:53:44.214 [info] > git config --get commit.template [2ms]
2023-03-22 17:53:44.214 [info] > git for-each-ref --format=%(refname)%00%(upstream:short)%00%(objectname)%00%(upstream:track)%00%(upstream:remotename)%00%(upstream:remoteref) refs/heads/main refs/remotes/main [1ms]
2023-03-22 17:53:44.231 [info] > git status -z -uall [15ms]
2023-03-22 17:54:11.142 [info] > git config --get commit.template [3ms]
2023-03-22 17:54:11.143 [info] > git for-each-ref --format=%(refname)%00%(upstream:short)%00%(objectname)%00%(upstream:track)%00%(upstream:remotename)%00%(upstream:remoteref) refs/heads/main refs/remotes/main [1ms]
2023-03-22 17:54:11.158 [info] > git status -z -uall [13ms]
2023-03-22 17:54:33.556 [info] > git config --get commit.template [4ms]
2023-03-22 17:54:33.557 [info] > git for-each-ref --format=%(refname)%00%(upstream:short)%00%(objectname)%00%(upstream:track)%00%(upstream:remotename)%00%(upstream:remoteref) refs/heads/main refs/remotes/main [0ms]
2023-03-22 17:54:33.574 [info] > git status -z -uall [15ms]
2023-03-22 17:54:34.262 [info] > git check-ignore -v -z --stdin [6ms]
2023-03-22 17:54:34.263 [info] > git check-ignore -v -z --stdin [4ms]
2023-03-22 17:54:34.263 [info] > git check-ignore -v -z --stdin [1ms]
2023-03-22 17:54:36.376 [info] > git check-ignore -v -z --stdin [1ms]
2023-03-22 17:54:37.410 [info] > git check-ignore -v -z --stdin [1ms]
2023-03-22 17:54:38.585 [info] > git config --get commit.template [1ms]
2023-03-22 17:54:38.588 [info] > git for-each-ref --format=%(refname)%00%(upstream:short)%00%(objectname)%00%(upstream:track)%00%(upstream:remotename)%00%(upstream:remoteref) refs/heads/main refs/remotes/main [1ms]
2023-03-22 17:54:38.604 [info] > git status -z -uall [14ms]
2023-03-22 17:54:39.043 [info] > git check-ignore -v -z --stdin [1ms]
2023-03-22 17:54:51.737 [info] > git config --get commit.template [3ms]
2023-03-22 17:54:51.738 [info] > git for-each-ref --format=%(refname)%00%(upstream:short)%00%(objectname)%00%(upstream:track)%00%(upstream:remotename)%00%(upstream:remoteref) refs/heads/main refs/remotes/main [0ms]
2023-03-22 17:54:51.754 [info] > git status -z -uall [14ms]
2023-03-22 17:54:56.157 [info] > git ls-files --stage -- /root/hardhat.config.js [1ms]
2023-03-22 17:54:56.160 [info] > git show --textconv :hardhat.config.js [7ms]
2023-03-22 17:54:56.161 [info] > git cat-file -s aaf7178d7e84e108f82512d09b0b87e19daa9017 [1ms]
2023-03-22 17:54:56.770 [info] > git config --get commit.template [4ms]
2023-03-22 17:54:56.770 [info] > git for-each-ref --format=%(refname)%00%(upstream:short)%00%(objectname)%00%(upstream:track)%00%(upstream:remotename)%00%(upstream:remoteref) refs/heads/main refs/remotes/main [1ms]
2023-03-22 17:54:56.787 [info] > git status -z -uall [14ms]
2023-03-22 17:55:07.380 [info] > git config --get commit.template [1ms]
2023-03-22 17:55:07.384 [info] > git for-each-ref --format=%(refname)%00%(upstream:short)%00%(objectname)%00%(upstream:track)%00%(upstream:remotename)%00%(upstream:remoteref) refs/heads/main refs/remotes/main [1ms]
2023-03-22 17:55:07.400 [info] > git status -z -uall [14ms]
2023-03-22 17:55:36.740 [info] > git for-each-ref --format=%(refname)%00%(upstream:short)%00%(objectname)%00%(upstream:track)%00%(upstream:remotename)%00%(upstream:remoteref) refs/heads/main refs/remotes/main [0ms]
2023-03-22 17:55:36.741 [info] > git config --get commit.template [4ms]
2023-03-22 17:55:36.757 [info] > git status -z -uall [14ms]
2023-03-22 17:55:41.771 [info] > git config --get commit.template [3ms]
2023-03-22 17:55:41.771 [info] > git for-each-ref --format=%(refname)%00%(upstream:short)%00%(objectname)%00%(upstream:track)%00%(upstream:remotename)%00%(upstream:remoteref) refs/heads/main refs/remotes/main [1ms]
2023-03-22 17:55:41.787 [info] > git status -z -uall [14ms]
2023-03-22 17:55:46.796 [info] > git config --get commit.template [1ms]
2023-03-22 17:55:46.799 [info] > git for-each-ref --format=%(refname)%00%(upstream:short)%00%(objectname)%00%(upstream:track)%00%(upstream:remotename)%00%(upstream:remoteref) refs/heads/main refs/remotes/main [1ms]
2023-03-22 17:55:46.819 [info] > git status -z -uall [16ms]
2023-03-22 17:55:51.832 [info] > git config --get commit.template [3ms]
2023-03-22 17:55:51.833 [info] > git for-each-ref --format=%(refname)%00%(upstream:short)%00%(objectname)%00%(upstream:track)%00%(upstream:remotename)%00%(upstream:remoteref) refs/heads/main refs/remotes/main [1ms]
2023-03-22 17:55:51.851 [info] > git status -z -uall [15ms]
2023-03-22 17:55:56.863 [info] > git config --get commit.template [2ms]
2023-03-22 17:55:56.864 [info] > git for-each-ref --format=%(refname)%00%(upstream:short)%00%(objectname)%00%(upstream:track)%00%(upstream:remotename)%00%(upstream:remoteref) refs/heads/main refs/remotes/main [0ms]
2023-03-22 17:55:56.879 [info] > git status -z -uall [13ms]
2023-03-22 17:56:17.075 [info] > git config --get commit.template [0ms]
2023-03-22 17:56:17.079 [info] > git for-each-ref --format=%(refname)%00%(upstream:short)%00%(objectname)%00%(upstream:track)%00%(upstream:remotename)%00%(upstream:remoteref) refs/heads/main refs/remotes/main [1ms]
2023-03-22 17:56:17.096 [info] > git status -z -uall [14ms]
2023-03-22 17:56:17.701 [info] > git check-ignore -v -z --stdin [1ms]
2023-03-22 17:56:20.015 [info] > git show --textconv :gas-report.txt [4ms]
2023-03-22 17:56:20.016 [info] > git ls-files --stage -- /root/gas-report.txt [1ms]
2023-03-22 17:56:22.106 [info] > git config --get commit.template [1ms]
2023-03-22 17:56:22.109 [info] > git for-each-ref --format=%(refname)%00%(upstream:short)%00%(objectname)%00%(upstream:track)%00%(upstream:remotename)%00%(upstream:remoteref) refs/heads/main refs/remotes/main [0ms]
2023-03-22 17:56:22.126 [info] > git status -z -uall [14ms]
2023-03-22 17:56:27.139 [info] > git config --get commit.template [3ms]
2023-03-22 17:56:27.139 [info] > git for-each-ref --format=%(refname)%00%(upstream:short)%00%(objectname)%00%(upstream:track)%00%(upstream:remotename)%00%(upstream:remoteref) refs/heads/main refs/remotes/main [1ms]
2023-03-22 17:56:27.155 [info] > git status -z -uall [14ms]
2023-03-22 17:56:32.168 [info] > git config --get commit.template [3ms]
2023-03-22 17:56:32.168 [info] > git for-each-ref --format=%(refname)%00%(upstream:short)%00%(objectname)%00%(upstream:track)%00%(upstream:remotename)%00%(upstream:remoteref) refs/heads/main refs/remotes/main [0ms]
2023-03-22 17:56:32.184 [info] > git status -z -uall [14ms]
2023-03-22 17:56:37.196 [info] > git config --get commit.template [3ms]
2023-03-22 17:56:37.197 [info] > git for-each-ref --format=%(refname)%00%(upstream:short)%00%(objectname)%00%(upstream:track)%00%(upstream:remotename)%00%(upstream:remoteref) refs/heads/main refs/remotes/main [1ms]
2023-03-22 17:56:37.212 [info] > git status -z -uall [13ms]
2023-03-22 17:56:42.224 [info] > git config --get commit.template [3ms]
2023-03-22 17:56:42.224 [info] > git for-each-ref --format=%(refname)%00%(upstream:short)%00%(objectname)%00%(upstream:track)%00%(upstream:remotename)%00%(upstream:remoteref) refs/heads/main refs/remotes/main [0ms]
2023-03-22 17:56:42.240 [info] > git status -z -uall [13ms]
2023-03-22 17:56:47.253 [info] > git config --get commit.template [2ms]
2023-03-22 17:56:47.253 [info] > git for-each-ref --format=%(refname)%00%(upstream:short)%00%(objectname)%00%(upstream:track)%00%(upstream:remotename)%00%(upstream:remoteref) refs/heads/main refs/remotes/main [1ms]
2023-03-22 17:56:47.268 [info] > git status -z -uall [13ms]
2023-03-22 17:56:52.283 [info] > git config --get commit.template [3ms]
2023-03-22 17:56:52.283 [info] > git for-each-ref --format=%(refname)%00%(upstream:short)%00%(objectname)%00%(upstream:track)%00%(upstream:remotename)%00%(upstream:remoteref) refs/heads/main refs/remotes/main [1ms]
2023-03-22 17:56:52.298 [info] > git status -z -uall [13ms]
2023-03-22 17:56:57.312 [info] > git config --get commit.template [3ms]
2023-03-22 17:56:57.313 [info] > git for-each-ref --format=%(refname)%00%(upstream:short)%00%(objectname)%00%(upstream:track)%00%(upstream:remotename)%00%(upstream:remoteref) refs/heads/main refs/remotes/main [1ms]
2023-03-22 17:56:57.329 [info] > git status -z -uall [13ms]
2023-03-22 17:57:56.099 [info] > git config --get commit.template [1ms]
2023-03-22 17:57:56.102 [info] > git for-each-ref --format=%(refname)%00%(upstream:short)%00%(objectname)%00%(upstream:track)%00%(upstream:remotename)%00%(upstream:remoteref) refs/heads/main refs/remotes/main [0ms]
2023-03-22 17:57:56.120 [info] > git status -z -uall [15ms]
2023-03-22 17:57:56.490 [info] > git show --textconv :deploy/01-deploy-fund-me.js [3ms]
2023-03-22 17:57:56.491 [info] > git ls-files --stage -- /root/deploy/01-deploy-fund-me.js [2ms]
2023-03-22 17:57:56.493 [info] > git cat-file -s de1075b3cecb0718b5ce89bde54fec103569fa10 [0ms]
2023-03-22 17:58:02.428 [info] > git config --get commit.template [4ms]
2023-03-22 17:58:02.428 [info] > git for-each-ref --format=%(refname)%00%(upstream:short)%00%(objectname)%00%(upstream:track)%00%(upstream:remotename)%00%(upstream:remoteref) refs/heads/main refs/remotes/main [1ms]
2023-03-22 17:58:02.444 [info] > git status -z -uall [14ms]
2023-03-22 17:58:11.241 [info] > git config --get commit.template [4ms]
2023-03-22 17:58:11.241 [info] > git for-each-ref --format=%(refname)%00%(upstream:short)%00%(objectname)%00%(upstream:track)%00%(upstream:remotename)%00%(upstream:remoteref) refs/heads/main refs/remotes/main [1ms]
2023-03-22 17:58:11.259 [info] > git status -z -uall [15ms]
2023-03-22 17:58:20.556 [info] > git config --get commit.template [1ms]
2023-03-22 17:58:20.559 [info] > git for-each-ref --format=%(refname)%00%(upstream:short)%00%(objectname)%00%(upstream:track)%00%(upstream:remotename)%00%(upstream:remoteref) refs/heads/main refs/remotes/main [0ms]
2023-03-22 17:58:20.576 [info] > git status -z -uall [14ms]
2023-03-22 18:02:23.204 [info] > git config --get commit.template [4ms]
2023-03-22 18:02:23.204 [info] > git for-each-ref --format=%(refname)%00%(upstream:short)%00%(objectname)%00%(upstream:track)%00%(upstream:remotename)%00%(upstream:remoteref) refs/heads/main refs/remotes/main [1ms]
2023-03-22 18:02:23.221 [info] > git status -z -uall [15ms]
2023-03-22 18:02:28.233 [info] > git config --get commit.template [2ms]
2023-03-22 18:02:28.233 [info] > git for-each-ref --format=%(refname)%00%(upstream:short)%00%(objectname)%00%(upstream:track)%00%(upstream:remotename)%00%(upstream:remoteref) refs/heads/main refs/remotes/main [0ms]
2023-03-22 18:02:28.249 [info] > git status -z -uall [14ms]
2023-03-22 18:02:33.264 [info] > git for-each-ref --format=%(refname)%00%(upstream:short)%00%(objectname)%00%(upstream:track)%00%(upstream:remotename)%00%(upstream:remoteref) refs/heads/main refs/remotes/main [1ms]
2023-03-22 18:02:33.264 [info] > git config --get commit.template [4ms]
2023-03-22 18:02:33.281 [info] > git status -z -uall [14ms]
2023-03-22 18:02:38.293 [info] > git config --get commit.template [2ms]
2023-03-22 18:02:38.293 [info] > git for-each-ref --format=%(refname)%00%(upstream:short)%00%(objectname)%00%(upstream:track)%00%(upstream:remotename)%00%(upstream:remoteref) refs/heads/main refs/remotes/main [1ms]
2023-03-22 18:02:38.308 [info] > git status -z -uall [13ms]
2023-03-22 18:02:43.319 [info] > git config --get commit.template [0ms]
2023-03-22 18:02:43.322 [info] > git for-each-ref --format=%(refname)%00%(upstream:short)%00%(objectname)%00%(upstream:track)%00%(upstream:remotename)%00%(upstream:remoteref) refs/heads/main refs/remotes/main [1ms]
2023-03-22 18:02:43.337 [info] > git status -z -uall [13ms]
2023-03-22 18:02:48.349 [info] > git config --get commit.template [3ms]
2023-03-22 18:02:48.349 [info] > git for-each-ref --format=%(refname)%00%(upstream:short)%00%(objectname)%00%(upstream:track)%00%(upstream:remotename)%00%(upstream:remoteref) refs/heads/main refs/remotes/main [0ms]
2023-03-22 18:02:48.365 [info] > git status -z -uall [13ms]
2023-03-22 18:05:06.621 [info] > git config --get commit.template [3ms]
2023-03-22 18:05:06.621 [info] > git for-each-ref --format=%(refname)%00%(upstream:short)%00%(objectname)%00%(upstream:track)%00%(upstream:remotename)%00%(upstream:remoteref) refs/heads/main refs/remotes/main [1ms]
2023-03-22 18:05:06.638 [info] > git status -z -uall [14ms]
2023-03-22 18:17:41.130 [info] > git config --get commit.template [4ms]
2023-03-22 18:17:41.131 [info] > git for-each-ref --format=%(refname)%00%(upstream:short)%00%(objectname)%00%(upstream:track)%00%(upstream:remotename)%00%(upstream:remoteref) refs/heads/main refs/remotes/main [1ms]
2023-03-22 18:17:41.148 [info] > git status -z -uall [14ms]
2023-03-22 18:17:50.222 [info] > git config --get commit.template [3ms]
2023-03-22 18:17:50.223 [info] > git for-each-ref --format=%(refname)%00%(upstream:short)%00%(objectname)%00%(upstream:track)%00%(upstream:remotename)%00%(upstream:remoteref) refs/heads/main refs/remotes/main [1ms]
2023-03-22 18:17:50.239 [info] > git status -z -uall [14ms]
2023-03-22 18:17:55.252 [info] > git config --get commit.template [3ms]
2023-03-22 18:17:55.252 [info] > git for-each-ref --format=%(refname)%00%(upstream:short)%00%(objectname)%00%(upstream:track)%00%(upstream:remotename)%00%(upstream:remoteref) refs/heads/main refs/remotes/main [0ms]
2023-03-22 18:17:55.268 [info] > git status -z -uall [14ms]
