0 verbose cli /root/.nvm/versions/node/v18.14.0/bin/node /root/.nvm/versions/node/v18.14.0/bin/npm
1 info using npm@9.3.1
2 info using node@v18.14.0
3 timing npm:load:whichnode Completed in 0ms
4 timing config:load:defaults Completed in 1ms
5 timing config:load:file:/root/.nvm/versions/node/v18.14.0/lib/node_modules/npm/npmrc Completed in 0ms
6 timing config:load:builtin Completed in 1ms
7 timing config:load:cli Completed in 1ms
8 timing config:load:env Completed in 0ms
9 timing config:load:file:/root/.cache/typescript/4.9/.npmrc Completed in 0ms
10 timing config:load:project Completed in 2ms
11 timing config:load:file:/root/.npmrc Completed in 0ms
12 timing config:load:user Completed in 0ms
13 timing config:load:file:/root/.nvm/versions/node/v18.14.0/etc/npmrc Completed in 0ms
14 timing config:load:global Completed in 0ms
15 timing config:load:setEnvs Completed in 1ms
16 timing config:load Completed in 6ms
17 timing npm:load:configload Completed in 6ms
18 timing npm:load:mkdirpcache Completed in 0ms
19 timing npm:load:mkdirplogs Completed in 0ms
20 verbose title npm install types-registry@latest
21 verbose argv "install" "--ignore-scripts" "types-registry@latest"
22 timing npm:load:setTitle Completed in 1ms
23 timing config:load:flatten Completed in 2ms
24 timing npm:load:display Completed in 2ms
25 verbose logfile logs-max:10 dir:/root/.npm/_logs/2023-03-20T03_59_41_922Z-
26 verbose logfile /root/.npm/_logs/2023-03-20T03_59_41_922Z-debug-0.log
27 timing npm:load:logFile Completed in 3ms
28 timing npm:load:timers Completed in 0ms
29 timing npm:load:configScope Completed in 0ms
30 timing npm:load Completed in 12ms
31 timing arborist:ctor Completed in 1ms
32 silly logfile start cleaning logs, removing 1 files
33 silly logfile done cleaning log files
34 timing idealTree:init Completed in 18ms
35 timing arborist:ctor Completed in 0ms
36 http fetch GET 200 https://registry.npmjs.org/types-registry 1423ms (cache updated)
37 timing idealTree:userRequests Completed in 1429ms
38 silly idealTree buildDeps
39 silly fetch manifest types-registry@0.1.636
40 silly placeDep ROOT types-registry@0.1.636 REPLACE for:  want: 0.1.636
41 timing idealTree:#root Completed in 6ms
42 timing idealTree:node_modules/types-registry Completed in 0ms
43 timing idealTree:buildDeps Completed in 8ms
44 timing idealTree:fixDepFlags Completed in 0ms
45 timing idealTree Completed in 1457ms
46 timing reify:loadTrees Completed in 1457ms
47 timing reify:diffTrees Completed in 2ms
48 silly reify mark retired [ '/root/.cache/typescript/4.9/node_modules/types-registry' ]
49 silly reify moves {
49 silly reify   '/root/.cache/typescript/4.9/node_modules/types-registry': '/root/.cache/typescript/4.9/node_modules/.types-registry-rWorB2SS'
49 silly reify }
50 timing reify:retireShallow Completed in 3ms
51 timing reify:createSparse Completed in 1ms
52 timing reify:loadBundles Completed in 0ms
53 silly audit bulk request {
53 silly audit   '@types/chai': [ '4.3.4' ],
53 silly audit   '@types/fs-extra': [ '11.0.1' ],
53 silly audit   '@types/graceful-fs': [ '4.1.6' ],
53 silly audit   '@types/jsonfile': [ '6.1.1' ],
53 silly audit   '@types/node': [ '18.14.6' ],
53 silly audit   '@types/prettier': [ '2.7.2' ],
53 silly audit   '@types/universalify': [ '1.0.0' ],
53 silly audit   'types-registry': [ '0.1.636' ]
53 silly audit }
54 silly tarball no local data for types-registry@https://registry.npmjs.org/types-registry/-/types-registry-0.1.636.tgz. Extracting by manifest.
55 http fetch POST 200 https://registry.npmjs.org/-/npm/v1/security/advisories/bulk 92ms
56 timing auditReport:getReport Completed in 93ms
57 silly audit report {}
58 timing auditReport:init Completed in 0ms
59 timing reify:audit Completed in 93ms
60 http fetch GET 200 https://registry.npmjs.org/types-registry/-/types-registry-0.1.636.tgz 207ms (cache miss)
61 timing reifyNode:node_modules/types-registry Completed in 214ms
62 timing reify:unpack Completed in 214ms
63 timing reify:unretire Completed in 0ms
64 timing build:queue Completed in 0ms
65 timing build:deps Completed in 0ms
66 timing build Completed in 0ms
67 timing reify:build Completed in 0ms
68 timing reify:trash Completed in 1ms
69 timing reify:save Completed in 6ms
70 timing reify Completed in 1700ms
71 silly CHANGE node_modules/types-registry
72 timing command:install Completed in 1703ms
73 verbose exit 0
74 timing npm Completed in 1728ms
75 info ok
