0 verbose cli /root/.nvm/versions/node/v18.14.0/bin/node /root/.nvm/versions/node/v18.14.0/bin/npm
1 info using npm@9.3.1
2 info using node@v18.14.0
3 timing npm:load:whichnode Completed in 1ms
4 timing config:load:defaults Completed in 1ms
5 timing config:load:file:/root/.nvm/versions/node/v18.14.0/lib/node_modules/npm/npmrc Completed in 0ms
6 timing config:load:builtin Completed in 0ms
7 timing config:load:cli Completed in 1ms
8 timing config:load:env Completed in 0ms
9 timing config:load:project Completed in 1ms
10 timing config:load:file:/root/.npmrc Completed in 0ms
11 timing config:load:user Completed in 0ms
12 timing config:load:file:/root/.nvm/versions/node/v18.14.0/etc/npmrc Completed in 0ms
13 timing config:load:global Completed in 0ms
14 timing config:load:setEnvs Completed in 1ms
15 timing config:load Completed in 4ms
16 timing npm:load:configload Completed in 4ms
17 timing npm:load:mkdirpcache Completed in 0ms
18 timing npm:load:mkdirplogs Completed in 0ms
19 verbose title npm view hardhat-gas-reporter description dist-tags.latest homepage version
20 verbose argv "view" "--json" "hardhat-gas-reporter" "description" "dist-tags.latest" "homepage" "version"
21 timing npm:load:setTitle Completed in 1ms
22 timing config:load:flatten Completed in 1ms
23 timing npm:load:display Completed in 2ms
24 verbose logfile logs-max:10 dir:/root/.npm/_logs/2023-03-23T04_40_16_992Z-
25 verbose logfile /root/.npm/_logs/2023-03-23T04_40_16_992Z-debug-0.log
26 timing npm:load:logFile Completed in 2ms
27 timing npm:load:timers Completed in 0ms
28 timing npm:load:configScope Completed in 0ms
29 timing npm:load Completed in 10ms
30 silly logfile start cleaning logs, removing 1 files
31 silly logfile done cleaning log files
32 http fetch GET 200 https://registry.npmjs.org/hardhat-gas-reporter 644ms (cache miss)
33 timing command:view Completed in 649ms
34 verbose exit 0
35 timing npm Completed in 665ms
36 info ok
