0 verbose cli /root/.nvm/versions/node/v18.14.0/bin/node /root/.nvm/versions/node/v18.14.0/bin/npm
1 info using npm@9.3.1
2 info using node@v18.14.0
3 timing npm:load:whichnode Completed in 1ms
4 timing config:load:defaults Completed in 1ms
5 timing config:load:file:/root/.nvm/versions/node/v18.14.0/lib/node_modules/npm/npmrc Completed in 0ms
6 timing config:load:builtin Completed in 1ms
7 timing config:load:cli Completed in 1ms
8 timing config:load:env Completed in 0ms
9 timing config:load:project Completed in 1ms
10 timing config:load:file:/root/.npmrc Completed in 0ms
11 timing config:load:user Completed in 0ms
12 timing config:load:file:/root/.nvm/versions/node/v18.14.0/etc/npmrc Completed in 0ms
13 timing config:load:global Completed in 0ms
14 timing config:load:setEnvs Completed in 1ms
15 timing config:load Completed in 5ms
16 timing npm:load:configload Completed in 5ms
17 timing npm:load:mkdirpcache Completed in 0ms
18 timing npm:load:mkdirplogs Completed in 0ms
19 verbose title npm install hardhat-deploy
20 verbose argv "install" "--save-dev" "hardhat-deploy"
21 timing npm:load:setTitle Completed in 1ms
22 timing config:load:flatten Completed in 2ms
23 timing npm:load:display Completed in 2ms
24 verbose logfile logs-max:10 dir:/root/.npm/_logs/2023-03-09T03_39_30_586Z-
25 verbose logfile /root/.npm/_logs/2023-03-09T03_39_30_586Z-debug-0.log
26 timing npm:load:logFile Completed in 3ms
27 timing npm:load:timers Completed in 0ms
28 timing npm:load:configScope Completed in 0ms
29 timing npm:load Completed in 12ms
30 timing arborist:ctor Completed in 1ms
31 silly logfile start cleaning logs, removing 1 files
32 silly logfile done cleaning log files
33 timing arborist:ctor Completed in 0ms
34 timing idealTree:init Completed in 875ms
35 timing idealTree:userRequests Completed in 2ms
36 silly idealTree buildDeps
37 silly fetch manifest hardhat-deploy@^0.11.23
38 http fetch GET 200 https://registry.npmjs.org/hardhat-deploy 543ms (cache updated)
39 silly placeDep ROOT hardhat-deploy@0.11.25 REPLACE for:  want: ^0.11.23
40 timing idealTree:#root Completed in 552ms
41 silly fetch manifest @ensdomains/ens@^0.4.4
42 http fetch GET 200 https://registry.npmjs.org/@ensdomains%2fens 700ms (cache revalidated)
43 silly fetch manifest @ensdomains/resolver@^0.2.4
44 http fetch GET 200 https://registry.npmjs.org/@ensdomains%2fresolver 721ms (cache revalidated)
45 silly placeDep ROOT @ensdomains/ens@0.4.5 OK for: @ethereum-waffle/ens@4.0.3 want: ^0.4.4
46 silly placeDep ROOT @ensdomains/resolver@0.2.4 OK for: @ethereum-waffle/ens@4.0.3 want: ^0.2.4
47 silly fetch manifest bluebird@^3.5.2
48 silly fetch manifest eth-ens-namehash@^2.0.8
49 silly fetch manifest solc@^0.4.20
50 silly fetch manifest testrpc@0.0.1
51 http fetch GET 200 https://registry.npmjs.org/bluebird 59ms (cache revalidated)
52 http fetch GET 200 https://registry.npmjs.org/eth-ens-namehash 116ms (cache revalidated)
53 http fetch GET 200 https://registry.npmjs.org/testrpc 358ms (cache revalidated)
54 http fetch GET 200 https://registry.npmjs.org/solc 375ms (cache revalidated)
55 timing idealTree:node_modules/@ethereum-waffle/ens Completed in 1803ms
56 silly placeDep ROOT bluebird@3.7.2 OK for: @ensdomains/ens@0.4.5 want: ^3.5.2
57 silly placeDep ROOT eth-ens-namehash@2.0.8 OK for: @ensdomains/ens@0.4.5 want: ^2.0.8
58 silly placeDep node_modules/@ensdomains/ens solc@0.4.26 OK for: @ensdomains/ens@0.4.5 want: ^0.4.20
59 silly placeDep ROOT testrpc@0.0.1 OK for: @ensdomains/ens@0.4.5 want: 0.0.1
60 silly fetch manifest idna-uts46-hx@^2.3.1
61 silly fetch manifest js-sha3@^0.5.7
62 silly fetch manifest fs-extra@^0.30.0
63 silly fetch manifest require-from-string@^1.1.0
64 silly fetch manifest yargs@^4.7.1
65 http fetch GET 200 https://registry.npmjs.org/yargs 44ms (cache revalidated)
66 http fetch GET 200 https://registry.npmjs.org/fs-extra 49ms (cache revalidated)
67 http fetch GET 200 https://registry.npmjs.org/idna-uts46-hx 308ms (cache revalidated)
68 http fetch GET 200 https://registry.npmjs.org/js-sha3 337ms (cache revalidated)
69 http fetch GET 200 https://registry.npmjs.org/require-from-string 338ms (cache revalidated)
70 timing idealTree:node_modules/@ensdomains/ens Completed in 345ms
71 timing idealTree:node_modules/@ensdomains/resolver Completed in 0ms
72 silly fetch manifest typescript@>=4.2
73 http fetch GET 200 https://registry.npmjs.org/typescript 306ms (cache revalidated)
74 silly placeDep ROOT typescript@4.9.5 OK for: @morgan-stanley/ts-mocking-bird@0.6.4 want: >=4.2
75 timing idealTree:node_modules/@morgan-stanley/ts-mocking-bird Completed in 331ms
76 silly fetch manifest @nomiclabs/hardhat-ethers@^2.0.0
77 http fetch GET 200 https://registry.npmjs.org/@nomiclabs%2fhardhat-ethers 686ms (cache revalidated)
78 silly fetch manifest ethers@^5.0.0
79 http fetch GET 200 https://registry.npmjs.org/ethers 129ms (cache revalidated)
80 silly fetch manifest hardhat@^2.9.4
81 http fetch GET 200 https://registry.npmjs.org/hardhat 305ms (cache revalidated)
82 silly fetch manifest ts-node@*
83 http fetch GET 200 https://registry.npmjs.org/ts-node 37ms (cache revalidated)
84 silly fetch manifest @swc/core@>=1.2.50
85 http fetch GET 200 https://registry.npmjs.org/@swc%2fcore 69ms (cache revalidated)
86 silly fetch manifest @swc/wasm@>=1.2.50
87 http fetch GET 200 https://registry.npmjs.org/@swc%2fwasm 70ms (cache revalidated)
88 silly fetch manifest @types/node@*
89 http fetch GET 200 https://registry.npmjs.org/@types%2fnode 47ms (cache revalidated)
90 silly fetch manifest typescript@>=2.7
91 timing idealTree Completed in 5274ms
92 timing command:install Completed in 5279ms
93 verbose stack Error: could not resolve
93 verbose stack     at PlaceDep.failPeerConflict (/root/.nvm/versions/node/v18.14.0/lib/node_modules/npm/node_modules/@npmcli/arborist/lib/place-dep.js:503:25)
93 verbose stack     at new PlaceDep (/root/.nvm/versions/node/v18.14.0/lib/node_modules/npm/node_modules/@npmcli/arborist/lib/place-dep.js:157:21)
93 verbose stack     at /root/.nvm/versions/node/v18.14.0/lib/node_modules/npm/node_modules/@npmcli/arborist/lib/arborist/build-ideal-tree.js:943:31
93 verbose stack     at Array.map (<anonymous>)
93 verbose stack     at [buildDepStep] (/root/.nvm/versions/node/v18.14.0/lib/node_modules/npm/node_modules/@npmcli/arborist/lib/arborist/build-ideal-tree.js:943:8)
93 verbose stack     at async Arborist.buildIdealTree (/root/.nvm/versions/node/v18.14.0/lib/node_modules/npm/node_modules/@npmcli/arborist/lib/arborist/build-ideal-tree.js:207:7)
93 verbose stack     at async Promise.all (index 1)
93 verbose stack     at async Arborist.reify (/root/.nvm/versions/node/v18.14.0/lib/node_modules/npm/node_modules/@npmcli/arborist/lib/arborist/reify.js:156:5)
93 verbose stack     at async Install.exec (/root/.nvm/versions/node/v18.14.0/lib/node_modules/npm/lib/commands/install.js:146:5)
93 verbose stack     at async module.exports (/root/.nvm/versions/node/v18.14.0/lib/node_modules/npm/lib/cli.js:134:5)
94 verbose cwd /root
95 verbose Linux 5.15.90.1-microsoft-standard-WSL2
96 verbose node v18.14.0
97 verbose npm  v9.3.1
98 error code ERESOLVE
99 error ERESOLVE could not resolve
100 error
101 error While resolving: [1m@nomicfoundation/hardhat-chai-matchers[22m@[1m1.0.6[22m
101 error Found: [1m@nomiclabs/hardhat-ethers[22m@[1m0.3.0-beta.13[22m[2m[22m
101 error [2mnode_modules/@nomiclabs/hardhat-ethers[22m
101 error   [33mdev[39m [1m@nomiclabs/hardhat-ethers[22m@"[1mnpm:hardhat-deploy-ethers[22m" from the root project
101 error
101 error Could not resolve dependency:
101 error [35mpeer[39m [1m@nomiclabs/hardhat-ethers[22m@"[1m^2.0.0[22m" from [1m@nomicfoundation/hardhat-chai-matchers[22m@[1m1.0.6[22m[2m[22m
101 error [2mnode_modules/@nomicfoundation/hardhat-chai-matchers[22m
101 error   [35mpeer[39m [1m@nomicfoundation/hardhat-chai-matchers[22m@"[1m^1.0.0[22m" from [1m@nomicfoundation/hardhat-toolbox[22m@[1m2.0.1[22m[2m[22m
101 error   [2mnode_modules/@nomicfoundation/hardhat-toolbox[22m
101 error     [33mdev[39m [1m@nomicfoundation/hardhat-toolbox[22m@"[1m^2.0.0[22m" from the root project
101 error   [33mdev[39m [1m@nomicfoundation/hardhat-chai-matchers[22m@"[1m^1.0.0[22m" from the root project
101 error
101 error Conflicting peer dependency: [1m@nomiclabs/hardhat-ethers[22m@[1m2.2.2[22m[2m[22m
101 error [2mnode_modules/@nomiclabs/hardhat-ethers[22m
101 error   [35mpeer[39m [1m@nomiclabs/hardhat-ethers[22m@"[1m^2.0.0[22m" from [1m@nomicfoundation/hardhat-chai-matchers[22m@[1m1.0.6[22m[2m[22m
101 error   [2mnode_modules/@nomicfoundation/hardhat-chai-matchers[22m
101 error     [35mpeer[39m [1m@nomicfoundation/hardhat-chai-matchers[22m@"[1m^1.0.0[22m" from [1m@nomicfoundation/hardhat-toolbox[22m@[1m2.0.1[22m[2m[22m
101 error     [2mnode_modules/@nomicfoundation/hardhat-toolbox[22m
101 error       [33mdev[39m [1m@nomicfoundation/hardhat-toolbox[22m@"[1m^2.0.0[22m" from the root project
101 error     [33mdev[39m [1m@nomicfoundation/hardhat-chai-matchers[22m@"[1m^1.0.0[22m" from the root project
101 error
101 error Fix the upstream dependency conflict, or retry
101 error this command with --force or --legacy-peer-deps
101 error to accept an incorrect (and potentially broken) dependency resolution.
102 error
102 error
102 error For a full report see:
102 error /root/.npm/_logs/2023-03-09T03_39_30_586Z-eresolve-report.txt
103 verbose exit 1
104 timing npm Completed in 5301ms
105 verbose unfinished npm timer reify 1678333170607
106 verbose unfinished npm timer reify:loadTrees 1678333170608
107 verbose unfinished npm timer idealTree:buildDeps 1678333171486
108 verbose unfinished npm timer idealTree:node_modules/@nomicfoundation/hardhat-chai-matchers 1678333174517
109 verbose code 1
110 error A complete log of this run can be found in:
110 error     /root/.npm/_logs/2023-03-09T03_39_30_586Z-debug-0.log
