[Info  - 2:34:38 PM] Solidity by Nomic Foundation Starting ...
[Info  - 2:34:39 PM] env: production
[Info  - 2:34:39 PM] Client starting
[Info  - 2:34:39 PM] Language server starting
[Info  - 2:34:39 PM]   Release: hardhat-solidity@0.6.11
[Info  - 2:34:39 PM]   Environment: production
[Info  - 2:34:39 PM]   Telemetry Enabled: false
[Info  - 2:34:39 PM]   Telemetry Tracking Id: 0067dfea6e...
[Info  - 2:34:39 PM]   Workspace Folders:
[Info  - 2:34:39 PM]     hardhat-simple-storage-fcc (file:///root/folder/hardhat-simple-storage-fcc)
[Info  - 2:34:39 PM] Fetching latest solidity versions
[Info  - 2:34:40 PM] Language server ready
[Info  - 2:34:40 PM] [indexing] Found projects:
[Info  - 2:34:40 PM] [indexing] -  Type: Hardhat
[Info  - 2:34:40 PM] [indexing]    Base path: /root/folder/hardhat-simple-storage-fcc
[Info  - 2:34:40 PM] [indexing]    Config file: /root/folder/hardhat-simple-storage-fcc/hardhat.config.js
[Info  - 2:34:40 PM] [indexing] Initializing /root/folder/hardhat-simple-storage-fcc/hardhat.config.js
[Info  - 2:34:41 PM] [hardhat-simple-storage-fcc] Local HRE loaded
[Info  - 2:34:41 PM] [indexing] Done /root/folder/hardhat-simple-storage-fcc/hardhat.config.js
[Info  - 2:34:41 PM] [indexing] Scanning workspace folders for sol files
[Info  - 2:34:41 PM] [indexing] Scan complete, 19 sol files found
[Info  - 2:34:41 PM] [indexing] Analyzing 1 solidity files
