2023-03-07 19:58:42.895 [info] Extension host with pid 454 started
2023-03-07 19:58:42.906 [info] Lock '/root/.vscode-server/data/User/workspaceStorage/7357c8406dd7ab776bfe1fd154ad47e5/vscode.lock': Lock acquired.
2023-03-07 19:58:43.171 [info] ExtensionService#_doActivateExtension vscode.emmet, startup: false, activationEvent: 'onLanguage'
2023-03-07 19:58:43.172 [info] ExtensionService#_doActivateExtension vscode.typescript-language-features, startup: false, activationEvent: 'onLanguage:javascript'
2023-03-07 19:58:43.173 [info] ExtensionService#_doActivateExtension vscode.git-base, startup: true, activationEvent: '*', root cause: vscode.git
2023-03-07 19:58:43.240 [info] ExtensionService#_doActivateExtension vscode.npm, startup: true, activationEvent: 'workspaceContains:package.json'
2023-03-07 19:58:43.440 [info] ExtensionService#_doActivateExtension vscode.git, startup: true, activationEvent: '*'
2023-03-07 19:58:43.440 [info] ExtensionService#_doActivateExtension vscode.github, startup: true, activationEvent: '*'
2023-03-07 19:58:43.682 [info] ExtensionService#_doActivateExtension NomicFoundation.hardhat-solidity, startup: true, activationEvent: 'workspaceContains:**/hardhat.config.{ts,js},**/foundry.toml'
2023-03-07 19:58:44.420 [info] ExtensionService#_doActivateExtension vscode.configuration-editing, startup: false, activationEvent: 'onLanguage:jsonc'
2023-03-07 19:58:44.420 [info] ExtensionService#_doActivateExtension vscode.json-language-features, startup: false, activationEvent: 'onLanguage:jsonc'
2023-03-07 19:58:44.642 [info] Eager extensions activated
2023-03-07 19:58:44.643 [info] ExtensionService#_doActivateExtension vscode.debug-auto-launch, startup: false, activationEvent: 'onStartupFinished'
2023-03-07 19:58:44.644 [info] ExtensionService#_doActivateExtension vscode.merge-conflict, startup: false, activationEvent: 'onStartupFinished'
2023-03-07 19:58:44.644 [info] ExtensionService#_doActivateExtension esbenp.prettier-vscode, startup: false, activationEvent: 'onStartupFinished'
2023-03-07 19:58:44.912 [warning] [Decorations] CAPPING events from decorations provider vscode.git 1662
2023-03-07 19:58:45.218 [warning] [Decorations] CAPPING events from decorations provider vscode.git 1663
2023-03-07 19:58:50.686 [warning] [Decorations] CAPPING events from decorations provider vscode.git 1664
2023-03-07 19:58:56.603 [warning] [Decorations] CAPPING events from decorations provider vscode.git 1663
2023-03-07 19:59:01.652 [warning] [Decorations] CAPPING events from decorations provider vscode.git 1654
2023-03-07 19:59:54.395 [warning] [Decorations] CAPPING events from decorations provider vscode.git 1654
2023-03-07 19:59:59.471 [warning] [Decorations] CAPPING events from decorations provider vscode.git 1654
2023-03-07 20:00:04.524 [warning] [Decorations] CAPPING events from decorations provider vscode.git 1654
2023-03-07 20:00:09.574 [warning] [Decorations] CAPPING events from decorations provider vscode.git 1654
2023-03-07 20:00:14.624 [warning] [Decorations] CAPPING events from decorations provider vscode.git 1654
2023-03-07 20:00:19.681 [warning] [Decorations] CAPPING events from decorations provider vscode.git 1654
2023-03-07 20:13:24.424 [warning] [Decorations] CAPPING events from decorations provider vscode.git 1654
2023-03-07 20:35:56.927 [warning] [Decorations] CAPPING events from decorations provider vscode.git 1654
2023-03-07 20:36:01.991 [warning] [Decorations] CAPPING events from decorations provider vscode.git 1654
2023-03-07 20:36:07.043 [warning] [Decorations] CAPPING events from decorations provider vscode.git 1654
2023-03-07 20:36:12.094 [warning] [Decorations] CAPPING events from decorations provider vscode.git 1654
2023-03-07 20:36:17.143 [warning] [Decorations] CAPPING events from decorations provider vscode.git 1654
2023-03-07 20:36:22.195 [warning] [Decorations] CAPPING events from decorations provider vscode.git 1654
2023-03-07 20:36:27.247 [warning] [Decorations] CAPPING events from decorations provider vscode.git 1654
2023-03-07 20:36:30.437 [info] Extension host terminating: received terminate message from renderer
2023-03-07 20:36:30.437 [info] Lock '/root/.vscode-server/data/User/workspaceStorage/7357c8406dd7ab776bfe1fd154ad47e5/vscode.lock': Marking the lockfile as scheduled to be released in 6000 ms.
2023-03-07 20:36:30.461 [error] Canceled: Canceled
	at new a (/root/.vscode-server/bin/92da9481c0904c6adfe372c12da3b7748d74bdcb/out/vs/workbench/api/node/extensionHostProcess.js:96:88793)
	at c.O (/root/.vscode-server/bin/92da9481c0904c6adfe372c12da3b7748d74bdcb/out/vs/workbench/api/node/extensionHostProcess.js:106:11260)
	at Proxy.V.<computed>.Q.charCodeAt.V.<computed> (/root/.vscode-server/bin/92da9481c0904c6adfe372c12da3b7748d74bdcb/out/vs/workbench/api/node/extensionHostProcess.js:106:8550)
	at l.g (/root/.vscode-server/bin/92da9481c0904c6adfe372c12da3b7748d74bdcb/out/vs/workbench/api/node/extensionHostProcess.js:96:108198)
	at l.executeCommand (/root/.vscode-server/bin/92da9481c0904c6adfe372c12da3b7748d74bdcb/out/vs/workbench/api/node/extensionHostProcess.js:96:107574)
	at O.registerCommand.description (/root/.vscode-server/bin/92da9481c0904c6adfe372c12da3b7748d74bdcb/out/vs/workbench/api/node/extensionHostProcess.js:96:106867)
	at l.h (/root/.vscode-server/bin/92da9481c0904c6adfe372c12da3b7748d74bdcb/out/vs/workbench/api/node/extensionHostProcess.js:96:108784)
	at l.g (/root/.vscode-server/bin/92da9481c0904c6adfe372c12da3b7748d74bdcb/out/vs/workbench/api/node/extensionHostProcess.js:96:107674)
	at l.executeCommand (/root/.vscode-server/bin/92da9481c0904c6adfe372c12da3b7748d74bdcb/out/vs/workbench/api/node/extensionHostProcess.js:96:107574)
	at Object.executeCommand (/root/.vscode-server/bin/92da9481c0904c6adfe372c12da3b7748d74bdcb/out/vs/workbench/api/node/extensionHostProcess.js:117:30781)
	at D (/root/.vscode-server/bin/92da9481c0904c6adfe372c12da3b7748d74bdcb/extensions/git/dist/main.js:2:1467127)
	at f.invoke (/root/.vscode-server/bin/92da9481c0904c6adfe372c12da3b7748d74bdcb/out/vs/workbench/api/node/extensionHostProcess.js:63:145)
	at g.deliver (/root/.vscode-server/bin/92da9481c0904c6adfe372c12da3b7748d74bdcb/out/vs/workbench/api/node/extensionHostProcess.js:63:2066)
	at h.fire (/root/.vscode-server/bin/92da9481c0904c6adfe372c12da3b7748d74bdcb/out/vs/workbench/api/node/extensionHostProcess.js:63:1704)
	at Object.m [as dispose] (/root/.vscode-server/bin/92da9481c0904c6adfe372c12da3b7748d74bdcb/extensions/git/dist/main.js:2:1481856)
	at /root/.vscode-server/bin/92da9481c0904c6adfe372c12da3b7748d74bdcb/extensions/git/dist/main.js:2:1485923
	at Array.forEach (<anonymous>)
	at g.dispose (/root/.vscode-server/bin/92da9481c0904c6adfe372c12da3b7748d74bdcb/extensions/git/dist/main.js:2:1485909)
	at D.<anonymous> (/root/.vscode-server/bin/92da9481c0904c6adfe372c12da3b7748d74bdcb/out/vs/workbench/api/node/extensionHostProcess.js:94:12431)
	at D.dispose (/root/.vscode-server/bin/92da9481c0904c6adfe372c12da3b7748d74bdcb/out/vs/workbench/api/node/extensionHostProcess.js:94:12566)
	at D.<anonymous> (/root/.vscode-server/bin/92da9481c0904c6adfe372c12da3b7748d74bdcb/extensions/git/dist/main.js:2:1469257)
	at D.dispose (/root/.vscode-server/bin/92da9481c0904c6adfe372c12da3b7748d74bdcb/out/vs/workbench/api/node/extensionHostProcess.js:94:12566)
	at k (/root/.vscode-server/bin/92da9481c0904c6adfe372c12da3b7748d74bdcb/out/vs/workbench/api/node/extensionHostProcess.js:10:12074)
	at f.X (/root/.vscode-server/bin/92da9481c0904c6adfe372c12da3b7748d74bdcb/out/vs/workbench/api/node/extensionHostProcess.js:108:11284)
	at /root/.vscode-server/bin/92da9481c0904c6adfe372c12da3b7748d74bdcb/out/vs/workbench/api/node/extensionHostProcess.js:108:9088
	at Array.map (<anonymous>)
	at f.Q (/root/.vscode-server/bin/92da9481c0904c6adfe372c12da3b7748d74bdcb/out/vs/workbench/api/node/extensionHostProcess.js:108:9075)
	at f.terminate (/root/.vscode-server/bin/92da9481c0904c6adfe372c12da3b7748d74bdcb/out/vs/workbench/api/node/extensionHostProcess.js:108:9347)
	at u.terminate (/root/.vscode-server/bin/92da9481c0904c6adfe372c12da3b7748d74bdcb/out/vs/workbench/api/node/extensionHostProcess.js:112:1397)
	at p (/root/.vscode-server/bin/92da9481c0904c6adfe372c12da3b7748d74bdcb/out/vs/workbench/api/node/extensionHostProcess.js:122:18592)
	at /root/.vscode-server/bin/92da9481c0904c6adfe372c12da3b7748d74bdcb/out/vs/workbench/api/node/extensionHostProcess.js:122:16502
	at f.invoke (/root/.vscode-server/bin/92da9481c0904c6adfe372c12da3b7748d74bdcb/out/vs/workbench/api/node/extensionHostProcess.js:63:145)
	at g.deliver (/root/.vscode-server/bin/92da9481c0904c6adfe372c12da3b7748d74bdcb/out/vs/workbench/api/node/extensionHostProcess.js:63:2066)
	at h.fire (/root/.vscode-server/bin/92da9481c0904c6adfe372c12da3b7748d74bdcb/out/vs/workbench/api/node/extensionHostProcess.js:63:1704)
	at p.fire (/root/.vscode-server/bin/92da9481c0904c6adfe372c12da3b7748d74bdcb/out/vs/workbench/api/node/extensionHostProcess.js:72:14907)
	at t.E (/root/.vscode-server/bin/92da9481c0904c6adfe372c12da3b7748d74bdcb/out/vs/workbench/api/node/extensionHostProcess.js:72:18973)
	at /root/.vscode-server/bin/92da9481c0904c6adfe372c12da3b7748d74bdcb/out/vs/workbench/api/node/extensionHostProcess.js:72:16961
	at f.invoke (/root/.vscode-server/bin/92da9481c0904c6adfe372c12da3b7748d74bdcb/out/vs/workbench/api/node/extensionHostProcess.js:63:145)
	at g.deliver (/root/.vscode-server/bin/92da9481c0904c6adfe372c12da3b7748d74bdcb/out/vs/workbench/api/node/extensionHostProcess.js:63:2066)
	at h.fire (/root/.vscode-server/bin/92da9481c0904c6adfe372c12da3b7748d74bdcb/out/vs/workbench/api/node/extensionHostProcess.js:63:1704)
	at u.acceptChunk (/root/.vscode-server/bin/92da9481c0904c6adfe372c12da3b7748d74bdcb/out/vs/workbench/api/node/extensionHostProcess.js:72:12638)
	at /root/.vscode-server/bin/92da9481c0904c6adfe372c12da3b7748d74bdcb/out/vs/workbench/api/node/extensionHostProcess.js:72:11925
	at f.invoke (/root/.vscode-server/bin/92da9481c0904c6adfe372c12da3b7748d74bdcb/out/vs/workbench/api/node/extensionHostProcess.js:63:145)
	at g.deliver (/root/.vscode-server/bin/92da9481c0904c6adfe372c12da3b7748d74bdcb/out/vs/workbench/api/node/extensionHostProcess.js:63:2066)
	at h.fire (/root/.vscode-server/bin/92da9481c0904c6adfe372c12da3b7748d74bdcb/out/vs/workbench/api/node/extensionHostProcess.js:63:1704)
	at h.u (/root/.vscode-server/bin/92da9481c0904c6adfe372c12da3b7748d74bdcb/out/vs/workbench/api/node/extensionHostProcess.js:72:28911)
	at h.acceptFrame (/root/.vscode-server/bin/92da9481c0904c6adfe372c12da3b7748d74bdcb/out/vs/workbench/api/node/extensionHostProcess.js:72:28717)
	at f.l (/root/.vscode-server/bin/92da9481c0904c6adfe372c12da3b7748d74bdcb/out/vs/workbench/api/node/extensionHostProcess.js:72:27304)
	at /root/.vscode-server/bin/92da9481c0904c6adfe372c12da3b7748d74bdcb/out/vs/workbench/api/node/extensionHostProcess.js:72:24627
	at Socket.t (/root/.vscode-server/bin/92da9481c0904c6adfe372c12da3b7748d74bdcb/out/vs/workbench/api/node/extensionHostProcess.js:72:22461)
	at Socket.emit (node:events:526:28)
	at Socket.emit (node:domain:475:12)
	at addChunk (node:internal/streams/readable:315:12)
	at readableAddChunk (node:internal/streams/readable:289:9)
	at Socket.Readable.push (node:internal/streams/readable:228:10)
	at TCP.onStreamRead (node:internal/stream_base_commons:190:23) setContext undefined
2023-03-07 20:36:30.461 [error] Canceled: Canceled
	at new a (/root/.vscode-server/bin/92da9481c0904c6adfe372c12da3b7748d74bdcb/out/vs/workbench/api/node/extensionHostProcess.js:96:88793)
	at c.O (/root/.vscode-server/bin/92da9481c0904c6adfe372c12da3b7748d74bdcb/out/vs/workbench/api/node/extensionHostProcess.js:106:11260)
	at Proxy.V.<computed>.Q.charCodeAt.V.<computed> (/root/.vscode-server/bin/92da9481c0904c6adfe372c12da3b7748d74bdcb/out/vs/workbench/api/node/extensionHostProcess.js:106:8550)
	at l.g (/root/.vscode-server/bin/92da9481c0904c6adfe372c12da3b7748d74bdcb/out/vs/workbench/api/node/extensionHostProcess.js:96:108198)
	at l.executeCommand (/root/.vscode-server/bin/92da9481c0904c6adfe372c12da3b7748d74bdcb/out/vs/workbench/api/node/extensionHostProcess.js:96:107574)
	at O.registerCommand.description (/root/.vscode-server/bin/92da9481c0904c6adfe372c12da3b7748d74bdcb/out/vs/workbench/api/node/extensionHostProcess.js:96:106867)
	at l.h (/root/.vscode-server/bin/92da9481c0904c6adfe372c12da3b7748d74bdcb/out/vs/workbench/api/node/extensionHostProcess.js:96:108784)
	at l.g (/root/.vscode-server/bin/92da9481c0904c6adfe372c12da3b7748d74bdcb/out/vs/workbench/api/node/extensionHostProcess.js:96:107674)
	at l.executeCommand (/root/.vscode-server/bin/92da9481c0904c6adfe372c12da3b7748d74bdcb/out/vs/workbench/api/node/extensionHostProcess.js:96:107574)
	at Object.executeCommand (/root/.vscode-server/bin/92da9481c0904c6adfe372c12da3b7748d74bdcb/out/vs/workbench/api/node/extensionHostProcess.js:117:30781)
	at D (/root/.vscode-server/bin/92da9481c0904c6adfe372c12da3b7748d74bdcb/extensions/git/dist/main.js:2:1467127)
	at f.invoke (/root/.vscode-server/bin/92da9481c0904c6adfe372c12da3b7748d74bdcb/out/vs/workbench/api/node/extensionHostProcess.js:63:145)
	at g.deliver (/root/.vscode-server/bin/92da9481c0904c6adfe372c12da3b7748d74bdcb/out/vs/workbench/api/node/extensionHostProcess.js:63:2066)
	at h.fire (/root/.vscode-server/bin/92da9481c0904c6adfe372c12da3b7748d74bdcb/out/vs/workbench/api/node/extensionHostProcess.js:63:1704)
	at Object.m [as dispose] (/root/.vscode-server/bin/92da9481c0904c6adfe372c12da3b7748d74bdcb/extensions/git/dist/main.js:2:1481856)
	at /root/.vscode-server/bin/92da9481c0904c6adfe372c12da3b7748d74bdcb/extensions/git/dist/main.js:2:1485923
	at Array.forEach (<anonymous>)
	at g.dispose (/root/.vscode-server/bin/92da9481c0904c6adfe372c12da3b7748d74bdcb/extensions/git/dist/main.js:2:1485909)
	at D.<anonymous> (/root/.vscode-server/bin/92da9481c0904c6adfe372c12da3b7748d74bdcb/out/vs/workbench/api/node/extensionHostProcess.js:94:12431)
	at D.dispose (/root/.vscode-server/bin/92da9481c0904c6adfe372c12da3b7748d74bdcb/out/vs/workbench/api/node/extensionHostProcess.js:94:12566)
	at D.<anonymous> (/root/.vscode-server/bin/92da9481c0904c6adfe372c12da3b7748d74bdcb/extensions/git/dist/main.js:2:1469257)
	at D.dispose (/root/.vscode-server/bin/92da9481c0904c6adfe372c12da3b7748d74bdcb/out/vs/workbench/api/node/extensionHostProcess.js:94:12566)
	at k (/root/.vscode-server/bin/92da9481c0904c6adfe372c12da3b7748d74bdcb/out/vs/workbench/api/node/extensionHostProcess.js:10:12074)
	at f.X (/root/.vscode-server/bin/92da9481c0904c6adfe372c12da3b7748d74bdcb/out/vs/workbench/api/node/extensionHostProcess.js:108:11284)
	at /root/.vscode-server/bin/92da9481c0904c6adfe372c12da3b7748d74bdcb/out/vs/workbench/api/node/extensionHostProcess.js:108:9088
	at Array.map (<anonymous>)
	at f.Q (/root/.vscode-server/bin/92da9481c0904c6adfe372c12da3b7748d74bdcb/out/vs/workbench/api/node/extensionHostProcess.js:108:9075)
	at f.terminate (/root/.vscode-server/bin/92da9481c0904c6adfe372c12da3b7748d74bdcb/out/vs/workbench/api/node/extensionHostProcess.js:108:9347)
	at u.terminate (/root/.vscode-server/bin/92da9481c0904c6adfe372c12da3b7748d74bdcb/out/vs/workbench/api/node/extensionHostProcess.js:112:1397)
	at p (/root/.vscode-server/bin/92da9481c0904c6adfe372c12da3b7748d74bdcb/out/vs/workbench/api/node/extensionHostProcess.js:122:18592)
	at /root/.vscode-server/bin/92da9481c0904c6adfe372c12da3b7748d74bdcb/out/vs/workbench/api/node/extensionHostProcess.js:122:16502
	at f.invoke (/root/.vscode-server/bin/92da9481c0904c6adfe372c12da3b7748d74bdcb/out/vs/workbench/api/node/extensionHostProcess.js:63:145)
	at g.deliver (/root/.vscode-server/bin/92da9481c0904c6adfe372c12da3b7748d74bdcb/out/vs/workbench/api/node/extensionHostProcess.js:63:2066)
	at h.fire (/root/.vscode-server/bin/92da9481c0904c6adfe372c12da3b7748d74bdcb/out/vs/workbench/api/node/extensionHostProcess.js:63:1704)
	at p.fire (/root/.vscode-server/bin/92da9481c0904c6adfe372c12da3b7748d74bdcb/out/vs/workbench/api/node/extensionHostProcess.js:72:14907)
	at t.E (/root/.vscode-server/bin/92da9481c0904c6adfe372c12da3b7748d74bdcb/out/vs/workbench/api/node/extensionHostProcess.js:72:18973)
	at /root/.vscode-server/bin/92da9481c0904c6adfe372c12da3b7748d74bdcb/out/vs/workbench/api/node/extensionHostProcess.js:72:16961
	at f.invoke (/root/.vscode-server/bin/92da9481c0904c6adfe372c12da3b7748d74bdcb/out/vs/workbench/api/node/extensionHostProcess.js:63:145)
	at g.deliver (/root/.vscode-server/bin/92da9481c0904c6adfe372c12da3b7748d74bdcb/out/vs/workbench/api/node/extensionHostProcess.js:63:2066)
	at h.fire (/root/.vscode-server/bin/92da9481c0904c6adfe372c12da3b7748d74bdcb/out/vs/workbench/api/node/extensionHostProcess.js:63:1704)
	at u.acceptChunk (/root/.vscode-server/bin/92da9481c0904c6adfe372c12da3b7748d74bdcb/out/vs/workbench/api/node/extensionHostProcess.js:72:12638)
	at /root/.vscode-server/bin/92da9481c0904c6adfe372c12da3b7748d74bdcb/out/vs/workbench/api/node/extensionHostProcess.js:72:11925
	at f.invoke (/root/.vscode-server/bin/92da9481c0904c6adfe372c12da3b7748d74bdcb/out/vs/workbench/api/node/extensionHostProcess.js:63:145)
	at g.deliver (/root/.vscode-server/bin/92da9481c0904c6adfe372c12da3b7748d74bdcb/out/vs/workbench/api/node/extensionHostProcess.js:63:2066)
	at h.fire (/root/.vscode-server/bin/92da9481c0904c6adfe372c12da3b7748d74bdcb/out/vs/workbench/api/node/extensionHostProcess.js:63:1704)
	at h.u (/root/.vscode-server/bin/92da9481c0904c6adfe372c12da3b7748d74bdcb/out/vs/workbench/api/node/extensionHostProcess.js:72:28911)
	at h.acceptFrame (/root/.vscode-server/bin/92da9481c0904c6adfe372c12da3b7748d74bdcb/out/vs/workbench/api/node/extensionHostProcess.js:72:28717)
	at f.l (/root/.vscode-server/bin/92da9481c0904c6adfe372c12da3b7748d74bdcb/out/vs/workbench/api/node/extensionHostProcess.js:72:27304)
	at /root/.vscode-server/bin/92da9481c0904c6adfe372c12da3b7748d74bdcb/out/vs/workbench/api/node/extensionHostProcess.js:72:24627
	at Socket.t (/root/.vscode-server/bin/92da9481c0904c6adfe372c12da3b7748d74bdcb/out/vs/workbench/api/node/extensionHostProcess.js:72:22461)
	at Socket.emit (node:events:526:28)
	at Socket.emit (node:domain:475:12)
	at addChunk (node:internal/streams/readable:315:12)
	at readableAddChunk (node:internal/streams/readable:289:9)
	at Socket.Readable.push (node:internal/streams/readable:228:10)
	at TCP.onStreamRead (node:internal/stream_base_commons:190:23) setContext undefined
2023-03-07 20:36:30.461 [error] Canceled: Canceled
	at new a (/root/.vscode-server/bin/92da9481c0904c6adfe372c12da3b7748d74bdcb/out/vs/workbench/api/node/extensionHostProcess.js:96:88793)
	at c.O (/root/.vscode-server/bin/92da9481c0904c6adfe372c12da3b7748d74bdcb/out/vs/workbench/api/node/extensionHostProcess.js:106:11260)
	at Proxy.V.<computed>.Q.charCodeAt.V.<computed> (/root/.vscode-server/bin/92da9481c0904c6adfe372c12da3b7748d74bdcb/out/vs/workbench/api/node/extensionHostProcess.js:106:8550)
	at l.g (/root/.vscode-server/bin/92da9481c0904c6adfe372c12da3b7748d74bdcb/out/vs/workbench/api/node/extensionHostProcess.js:96:108198)
	at l.executeCommand (/root/.vscode-server/bin/92da9481c0904c6adfe372c12da3b7748d74bdcb/out/vs/workbench/api/node/extensionHostProcess.js:96:107574)
	at O.registerCommand.description (/root/.vscode-server/bin/92da9481c0904c6adfe372c12da3b7748d74bdcb/out/vs/workbench/api/node/extensionHostProcess.js:96:106867)
	at l.h (/root/.vscode-server/bin/92da9481c0904c6adfe372c12da3b7748d74bdcb/out/vs/workbench/api/node/extensionHostProcess.js:96:108784)
	at l.g (/root/.vscode-server/bin/92da9481c0904c6adfe372c12da3b7748d74bdcb/out/vs/workbench/api/node/extensionHostProcess.js:96:107674)
	at l.executeCommand (/root/.vscode-server/bin/92da9481c0904c6adfe372c12da3b7748d74bdcb/out/vs/workbench/api/node/extensionHostProcess.js:96:107574)
	at Object.executeCommand (/root/.vscode-server/bin/92da9481c0904c6adfe372c12da3b7748d74bdcb/out/vs/workbench/api/node/extensionHostProcess.js:117:30781)
	at D (/root/.vscode-server/bin/92da9481c0904c6adfe372c12da3b7748d74bdcb/extensions/git/dist/main.js:2:1467127)
	at f.invoke (/root/.vscode-server/bin/92da9481c0904c6adfe372c12da3b7748d74bdcb/out/vs/workbench/api/node/extensionHostProcess.js:63:145)
	at g.deliver (/root/.vscode-server/bin/92da9481c0904c6adfe372c12da3b7748d74bdcb/out/vs/workbench/api/node/extensionHostProcess.js:63:2066)
	at h.fire (/root/.vscode-server/bin/92da9481c0904c6adfe372c12da3b7748d74bdcb/out/vs/workbench/api/node/extensionHostProcess.js:63:1704)
	at Object.m [as dispose] (/root/.vscode-server/bin/92da9481c0904c6adfe372c12da3b7748d74bdcb/extensions/git/dist/main.js:2:1481856)
	at /root/.vscode-server/bin/92da9481c0904c6adfe372c12da3b7748d74bdcb/extensions/git/dist/main.js:2:1485923
	at Array.forEach (<anonymous>)
	at g.dispose (/root/.vscode-server/bin/92da9481c0904c6adfe372c12da3b7748d74bdcb/extensions/git/dist/main.js:2:1485909)
	at D.<anonymous> (/root/.vscode-server/bin/92da9481c0904c6adfe372c12da3b7748d74bdcb/out/vs/workbench/api/node/extensionHostProcess.js:94:12431)
	at D.dispose (/root/.vscode-server/bin/92da9481c0904c6adfe372c12da3b7748d74bdcb/out/vs/workbench/api/node/extensionHostProcess.js:94:12566)
	at D.<anonymous> (/root/.vscode-server/bin/92da9481c0904c6adfe372c12da3b7748d74bdcb/extensions/git/dist/main.js:2:1469257)
	at D.dispose (/root/.vscode-server/bin/92da9481c0904c6adfe372c12da3b7748d74bdcb/out/vs/workbench/api/node/extensionHostProcess.js:94:12566)
	at k (/root/.vscode-server/bin/92da9481c0904c6adfe372c12da3b7748d74bdcb/out/vs/workbench/api/node/extensionHostProcess.js:10:12074)
	at f.X (/root/.vscode-server/bin/92da9481c0904c6adfe372c12da3b7748d74bdcb/out/vs/workbench/api/node/extensionHostProcess.js:108:11284)
	at /root/.vscode-server/bin/92da9481c0904c6adfe372c12da3b7748d74bdcb/out/vs/workbench/api/node/extensionHostProcess.js:108:9088
	at Array.map (<anonymous>)
	at f.Q (/root/.vscode-server/bin/92da9481c0904c6adfe372c12da3b7748d74bdcb/out/vs/workbench/api/node/extensionHostProcess.js:108:9075)
	at f.terminate (/root/.vscode-server/bin/92da9481c0904c6adfe372c12da3b7748d74bdcb/out/vs/workbench/api/node/extensionHostProcess.js:108:9347)
	at u.terminate (/root/.vscode-server/bin/92da9481c0904c6adfe372c12da3b7748d74bdcb/out/vs/workbench/api/node/extensionHostProcess.js:112:1397)
	at p (/root/.vscode-server/bin/92da9481c0904c6adfe372c12da3b7748d74bdcb/out/vs/workbench/api/node/extensionHostProcess.js:122:18592)
	at /root/.vscode-server/bin/92da9481c0904c6adfe372c12da3b7748d74bdcb/out/vs/workbench/api/node/extensionHostProcess.js:122:16502
	at f.invoke (/root/.vscode-server/bin/92da9481c0904c6adfe372c12da3b7748d74bdcb/out/vs/workbench/api/node/extensionHostProcess.js:63:145)
	at g.deliver (/root/.vscode-server/bin/92da9481c0904c6adfe372c12da3b7748d74bdcb/out/vs/workbench/api/node/extensionHostProcess.js:63:2066)
	at h.fire (/root/.vscode-server/bin/92da9481c0904c6adfe372c12da3b7748d74bdcb/out/vs/workbench/api/node/extensionHostProcess.js:63:1704)
	at p.fire (/root/.vscode-server/bin/92da9481c0904c6adfe372c12da3b7748d74bdcb/out/vs/workbench/api/node/extensionHostProcess.js:72:14907)
	at t.E (/root/.vscode-server/bin/92da9481c0904c6adfe372c12da3b7748d74bdcb/out/vs/workbench/api/node/extensionHostProcess.js:72:18973)
	at /root/.vscode-server/bin/92da9481c0904c6adfe372c12da3b7748d74bdcb/out/vs/workbench/api/node/extensionHostProcess.js:72:16961
	at f.invoke (/root/.vscode-server/bin/92da9481c0904c6adfe372c12da3b7748d74bdcb/out/vs/workbench/api/node/extensionHostProcess.js:63:145)
	at g.deliver (/root/.vscode-server/bin/92da9481c0904c6adfe372c12da3b7748d74bdcb/out/vs/workbench/api/node/extensionHostProcess.js:63:2066)
	at h.fire (/root/.vscode-server/bin/92da9481c0904c6adfe372c12da3b7748d74bdcb/out/vs/workbench/api/node/extensionHostProcess.js:63:1704)
	at u.acceptChunk (/root/.vscode-server/bin/92da9481c0904c6adfe372c12da3b7748d74bdcb/out/vs/workbench/api/node/extensionHostProcess.js:72:12638)
	at /root/.vscode-server/bin/92da9481c0904c6adfe372c12da3b7748d74bdcb/out/vs/workbench/api/node/extensionHostProcess.js:72:11925
	at f.invoke (/root/.vscode-server/bin/92da9481c0904c6adfe372c12da3b7748d74bdcb/out/vs/workbench/api/node/extensionHostProcess.js:63:145)
	at g.deliver (/root/.vscode-server/bin/92da9481c0904c6adfe372c12da3b7748d74bdcb/out/vs/workbench/api/node/extensionHostProcess.js:63:2066)
	at h.fire (/root/.vscode-server/bin/92da9481c0904c6adfe372c12da3b7748d74bdcb/out/vs/workbench/api/node/extensionHostProcess.js:63:1704)
	at h.u (/root/.vscode-server/bin/92da9481c0904c6adfe372c12da3b7748d74bdcb/out/vs/workbench/api/node/extensionHostProcess.js:72:28911)
	at h.acceptFrame (/root/.vscode-server/bin/92da9481c0904c6adfe372c12da3b7748d74bdcb/out/vs/workbench/api/node/extensionHostProcess.js:72:28717)
	at f.l (/root/.vscode-server/bin/92da9481c0904c6adfe372c12da3b7748d74bdcb/out/vs/workbench/api/node/extensionHostProcess.js:72:27304)
	at /root/.vscode-server/bin/92da9481c0904c6adfe372c12da3b7748d74bdcb/out/vs/workbench/api/node/extensionHostProcess.js:72:24627
	at Socket.t (/root/.vscode-server/bin/92da9481c0904c6adfe372c12da3b7748d74bdcb/out/vs/workbench/api/node/extensionHostProcess.js:72:22461)
	at Socket.emit (node:events:526:28)
	at Socket.emit (node:domain:475:12)
	at addChunk (node:internal/streams/readable:315:12)
	at readableAddChunk (node:internal/streams/readable:289:9)
	at Socket.Readable.push (node:internal/streams/readable:228:10)
	at TCP.onStreamRead (node:internal/stream_base_commons:190:23) setContext undefined
2023-03-07 20:36:30.476 [info] Extension host with pid 454 exiting with code 0
