[Info  - 4:30:45 PM] Solidity by Nomic Foundation Starting ...
[Info  - 4:30:45 PM] env: production
[Info  - 4:30:45 PM] Client starting
[Info  - 4:30:46 PM] Language server starting
[Info  - 4:30:46 PM]   Release: hardhat-solidity@0.6.11
[Info  - 4:30:46 PM]   Environment: production
[Info  - 4:30:46 PM]   Telemetry Enabled: false
[Info  - 4:30:46 PM]   Telemetry Tracking Id: 0067dfea6e...
[Info  - 4:30:46 PM]   Workspace Folders:
[Info  - 4:30:46 PM]     root (file:///root)
[Info  - 4:30:46 PM] Fetching latest solidity versions
[Info  - 4:30:46 PM] Language server ready
[Info  - 4:30:47 PM] [indexing] Found projects:
[Info  - 4:30:47 PM] [indexing] -  Type: Hardhat
[Info  - 4:30:47 PM] [indexing]    Base path: /root
[Info  - 4:30:47 PM] [indexing]    Config file: /root/hardhat.config.js
[Info  - 4:30:47 PM] [indexing] -  Type: Hardhat
[Info  - 4:30:47 PM] [indexing]    Base path: /root/hardhat-simple-storage-fcc
[Info  - 4:30:47 PM] [indexing]    Config file: /root/hardhat-simple-storage-fcc/hardhat.config.js
[Info  - 4:30:47 PM] [indexing] Initializing /root/hardhat.config.js
[Info  - 4:30:48 PM] [root] Local HRE loaded
[Info  - 4:30:48 PM] [indexing] Done /root/hardhat.config.js
[Info  - 4:30:48 PM] [indexing] Initializing /root/hardhat-simple-storage-fcc/hardhat.config.js
[Info  - 4:30:49 PM] [hardhat-simple-storage-fcc] Local HRE loaded
[Info  - 4:30:49 PM] [indexing] Done /root/hardhat-simple-storage-fcc/hardhat.config.js
[Info  - 4:30:49 PM] [indexing] Scanning workspace folders for sol files
[Info  - 4:30:49 PM] [indexing] Scan complete, 989 sol files found
[Info  - 4:30:50 PM] [indexing] Analyzing 5 solidity files
Downloading compiler 0.8.19
[Info  - 4:37:36 PM] [root] Config file changed. Restarting worker process.
[Info  - 4:37:36 PM] [root] Child process exited: null
[Info  - 4:37:36 PM] [root] Config file changed. Restarting worker process.
[Info  - 4:37:36 PM] [root] Child process exited: null
[Info  - 4:37:37 PM] [root] Local HRE loaded
