[Info  - 5:29:09 PM] Solidity by Nomic Foundation Starting ...
[Info  - 5:29:09 PM] env: production
[Info  - 5:29:09 PM] Client starting
[Info  - 5:29:10 PM] Language server starting
[Info  - 5:29:10 PM]   Release: hardhat-solidity@0.6.14
[Info  - 5:29:10 PM]   Environment: production
[Info  - 5:29:10 PM]   Telemetry Enabled: false
[Info  - 5:29:10 PM]   Telemetry Tracking Id: 0067dfea6e...
[Info  - 5:29:10 PM]   Workspace Folders:
[Info  - 5:29:10 PM]     root (file:///root)
[Info  - 5:29:10 PM] Fetching latest solidity versions
[Info  - 5:29:10 PM] Language server ready
[Info  - 5:29:10 PM] [indexing] Found projects:
[Info  - 5:29:10 PM] [indexing] -  Type: Hardhat
[Info  - 5:29:10 PM] [indexing]    Base path: /root
[Info  - 5:29:10 PM] [indexing]    Config file: /root/hardhat.config.js
[Info  - 5:29:10 PM] [indexing] -  Type: Hardhat
[Info  - 5:29:10 PM] [indexing]    Base path: /root/hardhat-simple-storage-fcc
[Info  - 5:29:10 PM] [indexing]    Config file: /root/hardhat-simple-storage-fcc/hardhat.config.js
[Info  - 5:29:10 PM] [indexing] Initializing /root/hardhat.config.js
[Info  - 5:29:11 PM] [root] Local HRE loaded
[Info  - 5:29:11 PM] [indexing] Done /root/hardhat.config.js
[Info  - 5:29:11 PM] [indexing] Initializing /root/hardhat-simple-storage-fcc/hardhat.config.js
[Info  - 5:29:12 PM] [hardhat-simple-storage-fcc] Local HRE loaded
[Info  - 5:29:12 PM] [indexing] Done /root/hardhat-simple-storage-fcc/hardhat.config.js
[Info  - 5:29:12 PM] [indexing] Scanning workspace folders for sol files
[Info  - 5:29:12 PM] [indexing] Scan complete, 989 sol files found
[Info  - 5:29:12 PM] [indexing] Analyzing 5 solidity files
[Info  - 5:32:00 PM] Telemetry disabled
[Info  - 5:55:47 PM] [root] Config file changed. Restarting worker process.
[Info  - 5:55:47 PM] [root] Child process exited: null
[Info  - 5:55:47 PM] [root] Config file changed. Restarting worker process.
[Info  - 5:55:47 PM] [root] Child process exited: null
[Info  - 5:55:47 PM] [root] Local HRE loaded
[Info  - 6:17:53 PM] Telemetry disabled
