2023-02-25 14:35:08.608 [info] Log level: Info
2023-02-25 14:35:08.608 [info] Validating found git in: "git"
2023-02-25 14:35:08.608 [info] Using git "2.34.1" from "git"
2023-02-25 14:35:08.611 [info] > git rev-parse --show-toplevel [14ms]
2023-02-25 14:35:08.611 [info] fatal: not a git repository (or any of the parent directories): .git
2023-02-25 14:35:08.655 [info] > git rev-parse --show-toplevel [41ms]
2023-02-25 14:35:08.655 [info] fatal: not a git repository (or any of the parent directories): .git
2023-02-25 14:35:08.663 [info] > git rev-parse --show-toplevel [5ms]
2023-02-25 14:35:08.663 [info] fatal: not a git repository (or any of the parent directories): .git
2023-02-25 14:35:08.668 [info] > git rev-parse --show-toplevel [1ms]
2023-02-25 14:35:08.668 [info] fatal: not a git repository (or any of the parent directories): .git
2023-02-25 14:35:08.688 [info] > git rev-parse --show-toplevel [16ms]
2023-02-25 14:35:08.688 [info] fatal: not a git repository (or any of the parent directories): .git
2023-02-25 14:35:08.705 [info] > git rev-parse --show-toplevel [14ms]
2023-02-25 14:35:08.705 [info] fatal: not a git repository (or any of the parent directories): .git
2023-02-25 14:35:08.709 [info] > git rev-parse --show-toplevel [1ms]
2023-02-25 14:35:08.712 [info] > git rev-parse --git-dir --git-common-dir [0ms]
2023-02-25 14:35:08.720 [info] Open repository: /root/.nvm
2023-02-25 14:35:08.728 [info] > git rev-parse --show-toplevel [5ms]
2023-02-25 14:35:08.728 [info] fatal: not a git repository (or any of the parent directories): .git
2023-02-25 14:35:08.731 [info] > git rev-parse --show-toplevel [0ms]
2023-02-25 14:35:08.731 [info] fatal: not a git repository (or any of the parent directories): .git
2023-02-25 14:35:08.734 [info] > git config --get commit.template [6ms]
2023-02-25 14:35:08.735 [info] > git rev-parse --show-toplevel [0ms]
2023-02-25 14:35:08.735 [info] fatal: not a git repository (or any of the parent directories): .git
2023-02-25 14:35:08.741 [info] > git for-each-ref --format %(refname) %(objectname) %(*objectname) refs/tags [1ms]
2023-02-25 14:35:08.749 [info] > git rev-parse --show-toplevel [12ms]
2023-02-25 14:35:08.749 [info] fatal: not a git repository (or any of the parent directories): .git
2023-02-25 14:35:08.753 [info] > git status -z -uall [9ms]
2023-02-25 14:35:08.753 [info] > git for-each-ref --sort -committerdate --format %(refname) %(objectname) %(*objectname) [4ms]
2023-02-25 14:35:08.761 [info] > git rev-parse --show-toplevel [9ms]
2023-02-25 14:35:08.761 [info] fatal: not a git repository (or any of the parent directories): .git
2023-02-25 14:35:08.765 [info] > git config --get commit.template [3ms]
2023-02-25 14:35:08.765 [info] > git rev-parse --show-toplevel [1ms]
2023-02-25 14:35:08.765 [info] fatal: not a git repository (or any of the parent directories): .git
2023-02-25 14:35:08.772 [info] > git rev-parse --show-toplevel [4ms]
2023-02-25 14:35:08.772 [info] fatal: not a git repository (or any of the parent directories): .git
2023-02-25 14:35:08.775 [info] > git for-each-ref --format %(refname) %(objectname) %(*objectname) refs/tags [4ms]
2023-02-25 14:35:08.782 [info] > git for-each-ref --sort -committerdate --format %(refname) %(objectname) %(*objectname) [1ms]
2023-02-25 14:35:08.795 [info] > git status -z -uall [17ms]
2023-02-25 14:35:10.940 [info] > git check-ignore -v -z --stdin [0ms]
