2023-03-22 18:18:06.359 [info] Log level: Info
2023-03-22 18:18:06.359 [info] Validating found git in: "git"
2023-03-22 18:18:06.359 [info] Using git "2.34.1" from "git"
2023-03-22 18:18:06.359 [info] > git rev-parse --show-toplevel [8ms]
2023-03-22 18:18:06.359 [info] > git rev-parse --git-dir --git-common-dir [3ms]
2023-03-22 18:18:06.359 [info] Open repository: /root
2023-03-22 18:18:06.359 [info] > git rev-parse --show-toplevel [83ms]
2023-03-22 18:18:06.359 [info] > git rev-parse --show-toplevel [99ms]
2023-03-22 18:18:06.359 [info] > git config --get commit.template [186ms]
2023-03-22 18:18:06.359 [info] > git rev-parse --show-toplevel [5ms]
2023-03-22 18:18:06.359 [info] > git for-each-ref --format=%(refname)%00%(upstream:short)%00%(objectname)%00%(upstream:track)%00%(upstream:remotename)%00%(upstream:remoteref) refs/heads/main refs/remotes/main [2ms]
2023-03-22 18:18:06.359 [info] > git rev-parse --show-toplevel [12ms]
2023-03-22 18:18:06.359 [info] > git rev-parse --show-toplevel [2ms]
2023-03-22 18:18:06.359 [info] > git rev-parse --show-toplevel [0ms]
2023-03-22 18:18:06.359 [info] > git rev-parse --show-toplevel [1ms]
2023-03-22 18:18:06.359 [info] > git status -z -uall [26ms]
2023-03-22 18:18:06.359 [info] > git rev-parse --git-dir --git-common-dir [119ms]
2023-03-22 18:18:06.359 [info] Open repository: /root/.nvm
2023-03-22 18:18:06.359 [info] > git rev-parse --show-toplevel [45ms]
2023-03-22 18:18:06.360 [info] > git config --get commit.template [57ms]
2023-03-22 18:18:06.360 [info] > git rev-parse --show-toplevel [28ms]
2023-03-22 18:18:06.365 [info] > git config --get commit.template [40ms]
2023-03-22 18:18:06.370 [info] > git rev-parse --show-toplevel [5ms]
2023-03-22 18:18:06.376 [info] > git for-each-ref --format=%(refname)%00%(upstream:short)%00%(objectname)%00%(upstream:track)%00%(upstream:remotename)%00%(upstream:remoteref) refs/heads/main refs/remotes/main [7ms]
2023-03-22 18:18:06.411 [info] > git status -z -uall [32ms]
2023-03-22 18:18:06.411 [info] > git for-each-ref --format %(refname) %(objectname) %(*objectname) refs/tags [36ms]
2023-03-22 18:18:06.416 [info] > git rev-parse --show-toplevel [44ms]
2023-03-22 18:18:06.420 [info] > git status -z -uall [5ms]
2023-03-22 18:18:06.421 [info] > git rev-parse --show-toplevel [3ms]
2023-03-22 18:18:06.454 [info] > git rev-parse --show-toplevel [29ms]
2023-03-22 18:18:06.467 [info] > git check-ignore -v -z --stdin [29ms]
2023-03-22 18:18:06.468 [info] > git rev-parse --show-toplevel [10ms]
2023-03-22 18:18:06.473 [info] > git rev-parse --git-dir --git-common-dir [1ms]
2023-03-22 18:18:06.476 [info] Open repository: /root/hardhat-simple-storage-fcc
2023-03-22 18:18:06.487 [info] > git config --get commit.template [1ms]
2023-03-22 18:18:06.487 [info] > git rev-parse --show-toplevel [5ms]
2023-03-22 18:18:06.498 [info] > git rev-parse --show-toplevel [6ms]
2023-03-22 18:18:06.514 [info] > git show --textconv :contracts/FundMe.sol [8ms]
2023-03-22 18:18:06.515 [info] > git for-each-ref --format=%(refname)%00%(upstream:short)%00%(objectname)%00%(upstream:track)%00%(upstream:remotename)%00%(upstream:remoteref) refs/heads/main refs/remotes/main [18ms]
2023-03-22 18:18:06.522 [info] > git ls-files --stage -- /root/contracts/FundMe.sol [10ms]
2023-03-22 18:18:06.525 [info] > git status -z -uall [4ms]
2023-03-22 18:18:06.571 [info] > git cat-file -s 98cc65dbc92754c65dd9900b334c98cdb7836f6d [46ms]
2023-03-22 18:18:07.022 [info] > git check-ignore -v -z --stdin [1ms]
2023-03-22 18:18:28.338 [info] > git config --get commit.template [4ms]
2023-03-22 18:18:28.338 [info] > git for-each-ref --format=%(refname)%00%(upstream:short)%00%(objectname)%00%(upstream:track)%00%(upstream:remotename)%00%(upstream:remoteref) refs/heads/main refs/remotes/main [1ms]
2023-03-22 18:18:28.355 [info] > git status -z -uall [13ms]
2023-03-22 18:18:42.581 [info] > git config --get commit.template [1ms]
2023-03-22 18:18:42.585 [info] > git for-each-ref --format=%(refname)%00%(upstream:short)%00%(objectname)%00%(upstream:track)%00%(upstream:remotename)%00%(upstream:remoteref) refs/heads/main refs/remotes/main [1ms]
2023-03-22 18:18:42.603 [info] > git status -z -uall [15ms]
2023-03-22 18:18:47.617 [info] > git config --get commit.template [1ms]
2023-03-22 18:18:47.621 [info] > git for-each-ref --format=%(refname)%00%(upstream:short)%00%(objectname)%00%(upstream:track)%00%(upstream:remotename)%00%(upstream:remoteref) refs/heads/main refs/remotes/main [1ms]
2023-03-22 18:18:47.638 [info] > git status -z -uall [14ms]
2023-03-22 18:18:52.653 [info] > git config --get commit.template [3ms]
2023-03-22 18:18:52.653 [info] > git for-each-ref --format=%(refname)%00%(upstream:short)%00%(objectname)%00%(upstream:track)%00%(upstream:remotename)%00%(upstream:remoteref) refs/heads/main refs/remotes/main [1ms]
2023-03-22 18:18:52.670 [info] > git status -z -uall [15ms]
2023-03-22 18:18:57.683 [info] > git config --get commit.template [0ms]
2023-03-22 18:18:57.687 [info] > git for-each-ref --format=%(refname)%00%(upstream:short)%00%(objectname)%00%(upstream:track)%00%(upstream:remotename)%00%(upstream:remoteref) refs/heads/main refs/remotes/main [1ms]
2023-03-22 18:18:57.705 [info] > git status -z -uall [15ms]
2023-03-22 18:18:57.802 [info] > git check-ignore -v -z --stdin [7ms]
2023-03-22 18:18:57.803 [info] > git check-ignore -v -z --stdin [5ms]
2023-03-22 18:18:57.803 [info] > git check-ignore -v -z --stdin [3ms]
2023-03-22 18:19:02.717 [info] > git config --get commit.template [0ms]
2023-03-22 18:19:02.720 [info] > git for-each-ref --format=%(refname)%00%(upstream:short)%00%(objectname)%00%(upstream:track)%00%(upstream:remotename)%00%(upstream:remoteref) refs/heads/main refs/remotes/main [1ms]
2023-03-22 18:19:02.736 [info] > git status -z -uall [13ms]
2023-03-22 18:19:07.750 [info] > git config --get commit.template [3ms]
2023-03-22 18:19:07.750 [info] > git for-each-ref --format=%(refname)%00%(upstream:short)%00%(objectname)%00%(upstream:track)%00%(upstream:remotename)%00%(upstream:remoteref) refs/heads/main refs/remotes/main [1ms]
2023-03-22 18:19:07.766 [info] > git status -z -uall [14ms]
2023-03-22 18:19:12.780 [info] > git config --get commit.template [1ms]
2023-03-22 18:19:12.783 [info] > git for-each-ref --format=%(refname)%00%(upstream:short)%00%(objectname)%00%(upstream:track)%00%(upstream:remotename)%00%(upstream:remoteref) refs/heads/main refs/remotes/main [0ms]
2023-03-22 18:19:12.800 [info] > git status -z -uall [14ms]
2023-03-22 18:19:18.388 [info] > git config --get commit.template [1ms]
2023-03-22 18:19:18.390 [info] > git for-each-ref --format=%(refname)%00%(upstream:short)%00%(objectname)%00%(upstream:track)%00%(upstream:remotename)%00%(upstream:remoteref) refs/heads/main refs/remotes/main [0ms]
2023-03-22 18:19:18.407 [info] > git status -z -uall [14ms]
2023-03-22 18:19:23.421 [info] > git config --get commit.template [3ms]
2023-03-22 18:19:23.422 [info] > git for-each-ref --format=%(refname)%00%(upstream:short)%00%(objectname)%00%(upstream:track)%00%(upstream:remotename)%00%(upstream:remoteref) refs/heads/main refs/remotes/main [1ms]
2023-03-22 18:19:23.438 [info] > git status -z -uall [14ms]
2023-03-22 18:19:28.451 [info] > git config --get commit.template [3ms]
2023-03-22 18:19:28.451 [info] > git for-each-ref --format=%(refname)%00%(upstream:short)%00%(objectname)%00%(upstream:track)%00%(upstream:remotename)%00%(upstream:remoteref) refs/heads/main refs/remotes/main [0ms]
2023-03-22 18:19:28.468 [info] > git status -z -uall [14ms]
2023-03-22 18:19:28.873 [info] > git show --textconv HEAD:contracts/FundMe.sol [5ms]
2023-03-22 18:19:28.873 [info] > git ls-tree -l HEAD -- /root/contracts/FundMe.sol [2ms]
2023-03-22 18:19:31.357 [info] > git ls-tree -l HEAD -- /root/contracts/FundMe.sol [1ms]
