2023-03-07 19:58:44.526 [info] Log level: Info
2023-03-07 19:58:44.526 [info] Validating found git in: "git"
2023-03-07 19:58:44.526 [info] Using git "2.34.1" from "git"
2023-03-07 19:58:44.528 [info] > git rev-parse --show-toplevel [40ms]
2023-03-07 19:58:44.554 [info] > git rev-parse --git-dir --git-common-dir [10ms]
2023-03-07 19:58:44.567 [info] Open repository: /root
2023-03-07 19:58:44.583 [info] > git rev-parse --show-toplevel [10ms]
2023-03-07 19:58:44.604 [info] > git rev-parse --show-toplevel [17ms]
2023-03-07 19:58:44.608 [info] > git config --get commit.template [28ms]
2023-03-07 19:58:44.610 [info] > git rev-parse --show-toplevel [3ms]
2023-03-07 19:58:44.722 [info] > git rev-parse --show-toplevel [108ms]
2023-03-07 19:58:44.746 [info] > git rev-parse --show-toplevel [21ms]
2023-03-07 19:58:44.750 [info] > git for-each-ref --format=%(refname)%00%(upstream:short)%00%(objectname)%00%(upstream:track)%00%(upstream:remotename)%00%(upstream:remoteref) refs/heads/main refs/remotes/main [123ms]
2023-03-07 19:58:44.862 [info] > git status -z -uall [108ms]
2023-03-07 19:58:44.863 [info] > git rev-parse --show-toplevel [113ms]
2023-03-07 19:58:44.872 [info] > git rev-parse --show-toplevel [5ms]
2023-03-07 19:58:44.929 [info] > git rev-parse --git-dir --git-common-dir [54ms]
2023-03-07 19:58:44.933 [info] Open repository: /root/.nvm
2023-03-07 19:58:44.951 [info] > git rev-parse --show-toplevel [13ms]
2023-03-07 19:58:44.957 [info] > git config --get commit.template [30ms]
2023-03-07 19:58:44.963 [info] > git rev-parse --show-toplevel [7ms]
2023-03-07 19:58:44.966 [info] > git config --get commit.template [24ms]
2023-03-07 19:58:44.970 [info] > git rev-parse --show-toplevel [4ms]
2023-03-07 19:58:44.981 [info] > git for-each-ref --format=%(refname)%00%(upstream:short)%00%(objectname)%00%(upstream:track)%00%(upstream:remotename)%00%(upstream:remoteref) refs/heads/main refs/remotes/main [11ms]
2023-03-07 19:58:45.186 [info] > git status -z -uall [200ms]
2023-03-07 19:58:45.226 [info] > git for-each-ref --format %(refname) %(objectname) %(*objectname) refs/tags [246ms]
2023-03-07 19:58:45.232 [info] > git rev-parse --show-toplevel [258ms]
2023-03-07 19:58:45.241 [info] > git status -z -uall [8ms]
2023-03-07 19:58:45.241 [info] > git check-ignore -v -z --stdin [3ms]
2023-03-07 19:58:45.242 [info] > git rev-parse --show-toplevel [7ms]
2023-03-07 19:58:45.249 [info] > git rev-parse --show-toplevel [2ms]
2023-03-07 19:58:45.255 [info] > git rev-parse --git-dir --git-common-dir [0ms]
2023-03-07 19:58:45.257 [info] Open repository: /root/hardhat-simple-storage-fcc
2023-03-07 19:58:45.267 [info] > git rev-parse --show-toplevel [5ms]
2023-03-07 19:58:45.272 [info] > git config --get commit.template [5ms]
2023-03-07 19:58:45.272 [info] > git rev-parse --show-toplevel [1ms]
2023-03-07 19:58:45.294 [info] > git show --textconv :deploy/01-deploy-fund-me.js [9ms]
2023-03-07 19:58:45.295 [info] > git for-each-ref --format=%(refname)%00%(upstream:short)%00%(objectname)%00%(upstream:track)%00%(upstream:remotename)%00%(upstream:remoteref) refs/heads/main refs/remotes/main [15ms]
2023-03-07 19:58:45.463 [info] > git status -z -uall [164ms]
2023-03-07 19:58:45.467 [info] > git ls-files --stage -- /root/deploy/01-deploy-fund-me.js [177ms]
2023-03-07 19:58:45.480 [info] > git cat-file -s 8df4b9f75e05fea50def9dcf11221b3c13229024 [5ms]
2023-03-07 19:58:45.800 [info] > git check-ignore -v -z --stdin [2ms]
2023-03-07 19:58:50.642 [info] > git config --get commit.template [7ms]
2023-03-07 19:58:50.642 [info] > git for-each-ref --format=%(refname)%00%(upstream:short)%00%(objectname)%00%(upstream:track)%00%(upstream:remotename)%00%(upstream:remoteref) refs/heads/main refs/remotes/main [2ms]
2023-03-07 19:58:50.664 [info] > git status -z -uall [16ms]
2023-03-07 19:58:54.345 [info] > git ls-files --stage -- /root/hardhat.config.js [1ms]
2023-03-07 19:58:54.347 [info] > git show --textconv :hardhat.config.js [7ms]
2023-03-07 19:58:54.348 [info] > git cat-file -s ead698e296d5853dfab559126aa5fec6c323ef4d [1ms]
2023-03-07 19:58:56.566 [info] > git config --get commit.template [3ms]
2023-03-07 19:58:56.566 [info] > git for-each-ref --format=%(refname)%00%(upstream:short)%00%(objectname)%00%(upstream:track)%00%(upstream:remotename)%00%(upstream:remoteref) refs/heads/main refs/remotes/main [1ms]
2023-03-07 19:58:56.583 [info] > git status -z -uall [15ms]
2023-03-07 19:59:01.615 [info] > git config --get commit.template [3ms]
2023-03-07 19:59:01.615 [info] > git for-each-ref --format=%(refname)%00%(upstream:short)%00%(objectname)%00%(upstream:track)%00%(upstream:remotename)%00%(upstream:remoteref) refs/heads/main refs/remotes/main [1ms]
2023-03-07 19:59:01.632 [info] > git status -z -uall [15ms]
2023-03-07 19:59:05.527 [info] > git show --textconv :contracts/FundMe.sol [3ms]
2023-03-07 19:59:05.528 [info] > git ls-files --stage -- /root/contracts/FundMe.sol [1ms]
2023-03-07 19:59:05.531 [info] > git cat-file -s 222a2d9c727980c1b5e6a7a81e1c934336b682a1 [1ms]
2023-03-07 19:59:05.773 [info] > git check-ignore -v -z --stdin [1ms]
2023-03-07 19:59:54.340 [info] > git config --get commit.template [1ms]
2023-03-07 19:59:54.350 [info] > git for-each-ref --format=%(refname)%00%(upstream:short)%00%(objectname)%00%(upstream:track)%00%(upstream:remotename)%00%(upstream:remoteref) refs/heads/main refs/remotes/main [1ms]
2023-03-07 19:59:54.377 [info] > git status -z -uall [16ms]
2023-03-07 19:59:59.408 [info] > git config --get commit.template [3ms]
2023-03-07 19:59:59.409 [info] > git for-each-ref --format=%(refname)%00%(upstream:short)%00%(objectname)%00%(upstream:track)%00%(upstream:remotename)%00%(upstream:remoteref) refs/heads/main refs/remotes/main [1ms]
2023-03-07 19:59:59.432 [info] > git status -z -uall [16ms]
2023-03-07 20:00:04.485 [info] > git config --get commit.template [3ms]
2023-03-07 20:00:04.486 [info] > git for-each-ref --format=%(refname)%00%(upstream:short)%00%(objectname)%00%(upstream:track)%00%(upstream:remotename)%00%(upstream:remoteref) refs/heads/main refs/remotes/main [1ms]
2023-03-07 20:00:04.504 [info] > git status -z -uall [15ms]
2023-03-07 20:00:09.536 [info] > git config --get commit.template [3ms]
2023-03-07 20:00:09.536 [info] > git for-each-ref --format=%(refname)%00%(upstream:short)%00%(objectname)%00%(upstream:track)%00%(upstream:remotename)%00%(upstream:remoteref) refs/heads/main refs/remotes/main [1ms]
2023-03-07 20:00:09.554 [info] > git status -z -uall [15ms]
2023-03-07 20:00:14.584 [info] > git config --get commit.template [1ms]
2023-03-07 20:00:14.590 [info] > git for-each-ref --format=%(refname)%00%(upstream:short)%00%(objectname)%00%(upstream:track)%00%(upstream:remotename)%00%(upstream:remoteref) refs/heads/main refs/remotes/main [1ms]
2023-03-07 20:00:14.607 [info] > git status -z -uall [15ms]
2023-03-07 20:00:19.638 [info] > git config --get commit.template [4ms]
2023-03-07 20:00:19.638 [info] > git for-each-ref --format=%(refname)%00%(upstream:short)%00%(objectname)%00%(upstream:track)%00%(upstream:remotename)%00%(upstream:remoteref) refs/heads/main refs/remotes/main [0ms]
2023-03-07 20:00:19.656 [info] > git status -z -uall [15ms]
2023-03-07 20:13:24.377 [info] > git config --get commit.template [0ms]
2023-03-07 20:13:24.380 [info] > git for-each-ref --format=%(refname)%00%(upstream:short)%00%(objectname)%00%(upstream:track)%00%(upstream:remotename)%00%(upstream:remoteref) refs/heads/main refs/remotes/main [0ms]
2023-03-07 20:13:24.398 [info] > git status -z -uall [15ms]
2023-03-07 20:35:56.876 [info] > git config --get commit.template [4ms]
2023-03-07 20:35:56.876 [info] > git for-each-ref --format=%(refname)%00%(upstream:short)%00%(objectname)%00%(upstream:track)%00%(upstream:remotename)%00%(upstream:remoteref) refs/heads/main refs/remotes/main [1ms]
2023-03-07 20:35:56.898 [info] > git status -z -uall [18ms]
2023-03-07 20:36:01.938 [info] > git config --get commit.template [1ms]
2023-03-07 20:36:01.941 [info] > git for-each-ref --format=%(refname)%00%(upstream:short)%00%(objectname)%00%(upstream:track)%00%(upstream:remotename)%00%(upstream:remoteref) refs/heads/main refs/remotes/main [0ms]
2023-03-07 20:36:01.965 [info] > git status -z -uall [17ms]
2023-03-07 20:36:07.003 [info] > git config --get commit.template [3ms]
2023-03-07 20:36:07.004 [info] > git for-each-ref --format=%(refname)%00%(upstream:short)%00%(objectname)%00%(upstream:track)%00%(upstream:remotename)%00%(upstream:remoteref) refs/heads/main refs/remotes/main [1ms]
2023-03-07 20:36:07.024 [info] > git status -z -uall [17ms]
2023-03-07 20:36:12.056 [info] > git config --get commit.template [4ms]
2023-03-07 20:36:12.056 [info] > git for-each-ref --format=%(refname)%00%(upstream:short)%00%(objectname)%00%(upstream:track)%00%(upstream:remotename)%00%(upstream:remoteref) refs/heads/main refs/remotes/main [1ms]
2023-03-07 20:36:12.076 [info] > git status -z -uall [15ms]
2023-03-07 20:36:17.105 [info] > git config --get commit.template [3ms]
2023-03-07 20:36:17.106 [info] > git for-each-ref --format=%(refname)%00%(upstream:short)%00%(objectname)%00%(upstream:track)%00%(upstream:remotename)%00%(upstream:remoteref) refs/heads/main refs/remotes/main [1ms]
2023-03-07 20:36:17.124 [info] > git status -z -uall [16ms]
2023-03-07 20:36:22.156 [info] > git config --get commit.template [1ms]
2023-03-07 20:36:22.159 [info] > git for-each-ref --format=%(refname)%00%(upstream:short)%00%(objectname)%00%(upstream:track)%00%(upstream:remotename)%00%(upstream:remoteref) refs/heads/main refs/remotes/main [1ms]
2023-03-07 20:36:22.177 [info] > git status -z -uall [16ms]
2023-03-07 20:36:27.208 [info] > git config --get commit.template [3ms]
2023-03-07 20:36:27.209 [info] > git for-each-ref --format=%(refname)%00%(upstream:short)%00%(objectname)%00%(upstream:track)%00%(upstream:remotename)%00%(upstream:remoteref) refs/heads/main refs/remotes/main [1ms]
2023-03-07 20:36:27.227 [info] > git status -z -uall [15ms]
