2023-02-25 14:34:39.003 [info] Log level: Info
2023-02-25 14:34:39.003 [info] Validating found git in: "git"
2023-02-25 14:34:39.003 [info] Using git "2.34.1" from "git"
2023-02-25 14:34:39.003 [info] > git rev-parse --show-toplevel [9ms]
2023-02-25 14:34:39.003 [info] > git rev-parse --git-dir --git-common-dir [639ms]
2023-02-25 14:34:39.003 [info] Open repository: /root/folder/hardhat-simple-storage-fcc
2023-02-25 14:34:39.003 [info] > git rev-parse --show-toplevel [12ms]
2023-02-25 14:34:39.005 [info] > git rev-parse --show-toplevel [22ms]
2023-02-25 14:34:39.010 [info] > git config --get commit.template [36ms]
2023-02-25 14:34:39.011 [info] > git rev-parse --show-toplevel [2ms]
2023-02-25 14:34:39.022 [info] > git rev-parse --show-toplevel [7ms]
2023-02-25 14:34:39.026 [info] > git for-each-ref --format=%(refname)%00%(upstream:short)%00%(objectname)%00%(upstream:track)%00%(upstream:remotename)%00%(upstream:remoteref) refs/heads/main refs/remotes/main [5ms]
2023-02-25 14:34:39.041 [info] > git status -z -uall [10ms]
2023-02-25 14:34:39.042 [info] > git for-each-ref --sort -committerdate --format %(refname) %(objectname) %(*objectname) [5ms]
2023-02-25 14:34:39.049 [info] > git rev-parse --show-toplevel [23ms]
2023-02-25 14:34:39.066 [info] > git rev-parse --show-toplevel [13ms]
2023-02-25 14:34:39.078 [info] > git rev-parse --show-toplevel [4ms]
2023-02-25 14:34:39.083 [info] > git config --get commit.template [17ms]
2023-02-25 14:34:39.193 [info] > git rev-parse --show-toplevel [111ms]
2023-02-25 14:34:39.204 [info] > git rev-parse --show-toplevel [7ms]
2023-02-25 14:34:39.427 [info] > git for-each-ref --format=%(refname)%00%(upstream:short)%00%(objectname)%00%(upstream:track)%00%(upstream:remotename)%00%(upstream:remoteref) refs/heads/main refs/remotes/main [225ms]
2023-02-25 14:34:39.464 [info] > git status -z -uall [31ms]
2023-02-25 14:34:39.464 [info] > git rev-parse --show-toplevel [256ms]
2023-02-25 14:34:39.469 [info] > git for-each-ref --sort -committerdate --format %(refname) %(objectname) %(*objectname) [30ms]
2023-02-25 14:34:39.496 [info] > git check-ignore -v -z --stdin [2ms]
2023-02-25 14:34:39.572 [info] > git show --textconv :.env [6ms]
2023-02-25 14:34:39.572 [info] > git ls-files --stage -- /root/folder/hardhat-simple-storage-fcc/.env [3ms]
