2023-02-23 20:13:14.613 [info] Log level: Info
2023-02-23 20:13:14.613 [info] Validating found git in: "git"
2023-02-23 20:13:14.613 [info] Using git "2.34.1" from "git"
2023-02-23 20:13:14.613 [info] > git rev-parse --show-toplevel [4ms]
2023-02-23 20:13:14.613 [info] fatal: not a git repository (or any of the parent directories): .git
2023-02-23 20:13:14.613 [info] > git rev-parse --show-toplevel [0ms]
2023-02-23 20:13:14.613 [info] fatal: not a git repository (or any of the parent directories): .git
2023-02-23 20:13:14.613 [info] > git rev-parse --show-toplevel [1ms]
2023-02-23 20:13:14.613 [info] fatal: not a git repository (or any of the parent directories): .git
2023-02-23 20:13:14.613 [info] > git rev-parse --show-toplevel [0ms]
2023-02-23 20:13:14.613 [info] fatal: not a git repository (or any of the parent directories): .git
2023-02-23 20:13:14.613 [info] > git rev-parse --show-toplevel [0ms]
2023-02-23 20:13:14.613 [info] fatal: not a git repository (or any of the parent directories): .git
2023-02-23 20:13:14.613 [info] > git rev-parse --show-toplevel [1ms]
2023-02-23 20:13:14.613 [info] fatal: not a git repository (or any of the parent directories): .git
2023-02-23 20:13:14.613 [info] > git rev-parse --show-toplevel [1ms]
2023-02-23 20:13:14.613 [info] fatal: not a git repository (or any of the parent directories): .git
2023-02-23 20:13:14.613 [info] > git rev-parse --show-toplevel [13ms]
2023-02-23 20:13:14.613 [info] > git rev-parse --git-dir --git-common-dir [1ms]
2023-02-23 20:13:14.613 [info] Open repository: /root/.nvm
2023-02-23 20:13:14.613 [info] > git rev-parse --show-toplevel [9ms]
2023-02-23 20:13:14.613 [info] fatal: not a git repository (or any of the parent directories): .git
2023-02-23 20:13:14.614 [info] > git rev-parse --show-toplevel [3ms]
2023-02-23 20:13:14.614 [info] fatal: not a git repository (or any of the parent directories): .git
2023-02-23 20:13:14.618 [info] > git config --get commit.template [13ms]
2023-02-23 20:13:14.641 [info] > git rev-parse --show-toplevel [22ms]
2023-02-23 20:13:14.641 [info] fatal: not a git repository (or any of the parent directories): .git
2023-02-23 20:13:14.762 [info] > git rev-parse --show-toplevel [118ms]
2023-02-23 20:13:14.762 [info] fatal: not a git repository (or any of the parent directories): .git
2023-02-23 20:13:14.767 [info] > git rev-parse --show-toplevel [2ms]
2023-02-23 20:13:14.767 [info] fatal: not a git repository (or any of the parent directories): .git
2023-02-23 20:13:14.770 [info] > git rev-parse --show-toplevel [0ms]
2023-02-23 20:13:14.770 [info] fatal: not a git repository (or any of the parent directories): .git
2023-02-23 20:13:14.773 [info] > git rev-parse --show-toplevel [0ms]
2023-02-23 20:13:14.773 [info] fatal: not a git repository (or any of the parent directories): .git
2023-02-23 20:13:14.784 [info] > git for-each-ref --format %(refname) %(objectname) %(*objectname) refs/tags [22ms]
2023-02-23 20:13:14.794 [info] > git for-each-ref --sort -committerdate --format %(refname) %(objectname) %(*objectname) [2ms]
2023-02-23 20:13:14.886 [info] > git status -z -uall [97ms]
2023-02-23 20:13:14.895 [info] > git config --get commit.template [0ms]
2023-02-23 20:13:14.898 [info] > git for-each-ref --format %(refname) %(objectname) %(*objectname) refs/tags [0ms]
2023-02-23 20:13:14.904 [info] > git for-each-ref --sort -committerdate --format %(refname) %(objectname) %(*objectname) [1ms]
2023-02-23 20:13:14.905 [info] > git status -z -uall [4ms]
2023-02-23 20:13:50.036 [info] > git rev-parse --show-toplevel [26ms]
2023-02-23 20:13:50.036 [info] fatal: not a git repository (or any of the parent directories): .git
2023-02-23 20:13:55.436 [info] > git rev-parse --show-toplevel [2ms]
2023-02-23 20:13:55.436 [info] fatal: not a git repository (or any of the parent directories): .git
2023-02-23 20:18:09.214 [info] > git rev-parse --show-toplevel [2ms]
2023-02-23 20:18:09.215 [info] fatal: not a git repository (or any of the parent directories): .git
2023-02-23 20:19:09.599 [info] > git check-ignore -v -z --stdin [1ms]
2023-02-23 20:19:14.204 [info] > git rev-parse --show-toplevel [4ms]
2023-02-23 20:19:14.204 [info] fatal: not a git repository (or any of the parent directories): .git
2023-02-23 20:19:53.338 [info] > git rev-parse --show-toplevel [2ms]
2023-02-23 20:19:53.339 [info] fatal: not a git repository (or any of the parent directories): .git
2023-02-23 20:20:35.194 [info] > git rev-parse --show-toplevel [2ms]
2023-02-23 20:20:35.194 [info] fatal: not a git repository (or any of the parent directories): .git
2023-02-23 20:51:38.143 [info] > git rev-parse --show-toplevel [3ms]
2023-02-23 20:51:38.143 [info] fatal: not a git repository (or any of the parent directories): .git
2023-02-23 20:51:41.589 [info] > git rev-parse --show-toplevel [2ms]
2023-02-23 20:51:41.589 [info] fatal: not a git repository (or any of the parent directories): .git
2023-02-23 20:51:43.463 [info] > git rev-parse --show-toplevel [2ms]
2023-02-23 20:51:43.463 [info] fatal: not a git repository (or any of the parent directories): .git
2023-02-23 20:58:39.295 [info] > git rev-parse --show-toplevel [2ms]
2023-02-23 20:58:39.295 [info] fatal: not a git repository (or any of the parent directories): .git
2023-02-23 21:04:13.869 [info] > git rev-parse --show-toplevel [2ms]
2023-02-23 21:04:13.869 [info] fatal: not a git repository (or any of the parent directories): .git
2023-02-23 21:05:02.383 [info] > git rev-parse --show-toplevel [6ms]
2023-02-23 21:05:02.383 [info] fatal: not a git repository (or any of the parent directories): .git
2023-02-23 21:05:11.213 [info] > git rev-parse --show-toplevel [2ms]
2023-02-23 21:05:11.213 [info] fatal: not a git repository (or any of the parent directories): .git
2023-02-23 21:06:01.865 [info] > git rev-parse --show-toplevel [2ms]
2023-02-23 21:06:01.865 [info] fatal: not a git repository (or any of the parent directories): .git
2023-02-23 21:06:28.779 [info] > git rev-parse --show-toplevel [3ms]
2023-02-23 21:06:28.779 [info] fatal: not a git repository (or any of the parent directories): .git
2023-02-23 21:06:36.309 [info] > git rev-parse --show-toplevel [3ms]
2023-02-23 21:06:36.309 [info] fatal: not a git repository (or any of the parent directories): .git
2023-02-23 21:07:39.960 [info] > git rev-parse --show-toplevel [3ms]
2023-02-23 21:07:39.960 [info] fatal: not a git repository (or any of the parent directories): .git
2023-02-23 21:08:15.002 [info] > git rev-parse --show-toplevel [3ms]
2023-02-23 21:08:15.002 [info] fatal: not a git repository (or any of the parent directories): .git
2023-02-23 21:08:20.656 [info] > git rev-parse --show-toplevel [2ms]
2023-02-23 21:08:20.656 [info] fatal: not a git repository (or any of the parent directories): .git
2023-02-23 21:09:06.361 [info] > git rev-parse --show-toplevel [3ms]
2023-02-23 21:09:06.361 [info] fatal: not a git repository (or any of the parent directories): .git
2023-02-23 21:09:09.154 [info] > git rev-parse --show-toplevel [2ms]
2023-02-23 21:09:09.154 [info] fatal: not a git repository (or any of the parent directories): .git
2023-02-23 21:09:11.435 [info] > git rev-parse --show-toplevel [2ms]
2023-02-23 21:09:11.435 [info] fatal: not a git repository (or any of the parent directories): .git
2023-02-23 21:09:54.221 [info] > git rev-parse --show-toplevel [2ms]
2023-02-23 21:09:54.221 [info] fatal: not a git repository (or any of the parent directories): .git
2023-02-23 21:21:49.257 [info] > git rev-parse --show-toplevel [2ms]
2023-02-23 21:21:49.257 [info] fatal: not a git repository (or any of the parent directories): .git
2023-02-23 21:23:14.820 [info] > git rev-parse --show-toplevel [1ms]
2023-02-23 21:23:14.820 [info] fatal: not a git repository (or any of the parent directories): .git
2023-02-23 21:23:16.912 [info] > git rev-parse --show-toplevel [2ms]
2023-02-23 21:23:16.912 [info] fatal: not a git repository (or any of the parent directories): .git
2023-02-23 21:23:17.455 [info] > git rev-parse --show-toplevel [1ms]
2023-02-23 21:23:17.455 [info] fatal: not a git repository (or any of the parent directories): .git
2023-02-23 21:23:18.793 [info] > git rev-parse --show-toplevel [2ms]
2023-02-23 21:23:18.794 [info] fatal: not a git repository (or any of the parent directories): .git
2023-02-23 21:25:42.378 [info] > git rev-parse --show-toplevel [2ms]
2023-02-23 21:25:42.378 [info] fatal: not a git repository (or any of the parent directories): .git
2023-02-23 21:27:04.296 [info] > git rev-parse --show-toplevel [3ms]
2023-02-23 21:27:04.296 [info] fatal: not a git repository (or any of the parent directories): .git
2023-02-23 21:32:49.530 [info] > git rev-parse --show-toplevel [3ms]
2023-02-23 21:32:49.530 [info] fatal: not a git repository (or any of the parent directories): .git
2023-02-23 21:34:34.524 [info] > git rev-parse --show-toplevel [2ms]
2023-02-23 21:34:34.524 [info] fatal: not a git repository (or any of the parent directories): .git
2023-02-23 21:35:43.153 [info] > git rev-parse --show-toplevel [2ms]
2023-02-23 21:35:43.153 [info] fatal: not a git repository (or any of the parent directories): .git
2023-02-23 21:35:44.832 [info] > git rev-parse --show-toplevel [3ms]
2023-02-23 21:35:44.832 [info] fatal: not a git repository (or any of the parent directories): .git
2023-02-23 21:38:02.990 [info] > git rev-parse --show-toplevel [2ms]
2023-02-23 21:38:02.990 [info] fatal: not a git repository (or any of the parent directories): .git
2023-02-23 21:38:09.852 [info] > git rev-parse --show-toplevel [2ms]
2023-02-23 21:38:09.852 [info] fatal: not a git repository (or any of the parent directories): .git
2023-02-23 21:40:15.211 [info] > git rev-parse --show-toplevel [3ms]
2023-02-23 21:40:15.211 [info] fatal: not a git repository (or any of the parent directories): .git
2023-02-23 21:40:25.999 [info] > git rev-parse --show-toplevel [2ms]
2023-02-23 21:40:25.999 [info] fatal: not a git repository (or any of the parent directories): .git
2023-02-23 21:41:14.601 [info] > git rev-parse --show-toplevel [3ms]
2023-02-23 21:41:14.601 [info] fatal: not a git repository (or any of the parent directories): .git
2023-02-23 21:41:23.758 [info] > git rev-parse --show-toplevel [2ms]
2023-02-23 21:41:23.758 [info] fatal: not a git repository (or any of the parent directories): .git
2023-02-23 21:48:15.645 [info] > git rev-parse --show-toplevel [3ms]
2023-02-23 21:48:15.645 [info] fatal: not a git repository (or any of the parent directories): .git
