2023-02-23 18:42:57.837 [info] Log level: Info
2023-02-23 18:42:57.837 [info] Validating found git in: "git"
2023-02-23 18:42:57.837 [info] Using git "2.34.1" from "git"
2023-02-23 18:42:57.837 [info] > git rev-parse --show-toplevel [5ms]
2023-02-23 18:42:57.837 [info] fatal: not a git repository (or any of the parent directories): .git
2023-02-23 18:42:57.837 [info] > git rev-parse --show-toplevel [8ms]
2023-02-23 18:42:57.837 [info] fatal: not a git repository (or any of the parent directories): .git
2023-02-23 18:42:57.837 [info] > git rev-parse --show-toplevel [86ms]
2023-02-23 18:42:57.837 [info] fatal: not a git repository (or any of the parent directories): .git
2023-02-23 18:42:57.837 [info] > git rev-parse --show-toplevel [7ms]
2023-02-23 18:42:57.837 [info] fatal: not a git repository (or any of the parent directories): .git
2023-02-23 18:42:57.837 [info] > git rev-parse --show-toplevel [106ms]
2023-02-23 18:42:57.837 [info] fatal: not a git repository (or any of the parent directories): .git
2023-02-23 18:42:57.837 [info] > git rev-parse --show-toplevel [1ms]
2023-02-23 18:42:57.837 [info] fatal: not a git repository (or any of the parent directories): .git
2023-02-23 18:42:57.837 [info] > git rev-parse --show-toplevel [1ms]
2023-02-23 18:42:57.837 [info] fatal: not a git repository (or any of the parent directories): .git
2023-02-23 18:42:57.837 [info] > git rev-parse --show-toplevel [3ms]
2023-02-23 18:42:57.837 [info] > git rev-parse --git-dir --git-common-dir [1ms]
2023-02-23 18:42:57.837 [info] Open repository: /root/.nvm
2023-02-23 18:42:57.837 [info] > git rev-parse --show-toplevel [4ms]
2023-02-23 18:42:57.837 [info] fatal: not a git repository (or any of the parent directories): .git
2023-02-23 18:42:57.837 [info] > git config --get commit.template [5ms]
2023-02-23 18:42:57.837 [info] > git rev-parse --show-toplevel [3ms]
2023-02-23 18:42:57.837 [info] fatal: not a git repository (or any of the parent directories): .git
2023-02-23 18:42:57.837 [info] > git rev-parse --show-toplevel [5ms]
2023-02-23 18:42:57.837 [info] fatal: not a git repository (or any of the parent directories): .git
2023-02-23 18:42:57.837 [info] > git for-each-ref --format %(refname) %(objectname) %(*objectname) refs/tags [4ms]
2023-02-23 18:42:57.837 [info] > git rev-parse --show-toplevel [15ms]
2023-02-23 18:42:57.837 [info] fatal: not a git repository (or any of the parent directories): .git
2023-02-23 18:42:57.837 [info] > git for-each-ref --sort -committerdate --format %(refname) %(objectname) %(*objectname) [5ms]
2023-02-23 18:42:57.837 [info] > git rev-parse --show-toplevel [1ms]
2023-02-23 18:42:57.837 [info] fatal: not a git repository (or any of the parent directories): .git
2023-02-23 18:42:57.837 [info] > git rev-parse --show-toplevel [0ms]
2023-02-23 18:42:57.837 [info] fatal: not a git repository (or any of the parent directories): .git
2023-02-23 18:42:57.837 [info] > git rev-parse --show-toplevel [1ms]
2023-02-23 18:42:57.837 [info] fatal: not a git repository (or any of the parent directories): .git
2023-02-23 18:42:57.837 [info] > git status -z -uall [22ms]
2023-02-23 18:42:57.837 [info] > git config --get commit.template [3ms]
2023-02-23 18:42:57.837 [info] > git for-each-ref --format %(refname) %(objectname) %(*objectname) refs/tags [1ms]
2023-02-23 18:42:57.837 [info] > git for-each-ref --sort -committerdate --format %(refname) %(objectname) %(*objectname) [1ms]
2023-02-23 18:42:57.837 [info] > git status -z -uall [6ms]
2023-02-23 18:42:59.126 [info] > git rev-parse --show-toplevel [0ms]
2023-02-23 18:42:59.126 [info] fatal: not a git repository (or any of the parent directories): .git
2023-02-23 18:48:04.550 [info] > git rev-parse --show-toplevel [34ms]
2023-02-23 18:48:04.551 [info] fatal: not a git repository (or any of the parent directories): .git
2023-02-23 18:48:28.017 [info] > git check-ignore -v -z --stdin [1ms]
2023-02-23 18:48:57.439 [info] > git rev-parse --show-toplevel [6ms]
2023-02-23 18:48:57.439 [info] fatal: not a git repository (or any of the parent directories): .git
2023-02-23 18:48:58.794 [info] > git rev-parse --show-toplevel [2ms]
2023-02-23 18:48:58.794 [info] fatal: not a git repository (or any of the parent directories): .git
2023-02-23 18:53:04.720 [info] > git rev-parse --show-toplevel [3ms]
2023-02-23 18:53:04.720 [info] fatal: not a git repository (or any of the parent directories): .git
2023-02-23 19:12:33.191 [info] > git rev-parse --show-toplevel [2ms]
2023-02-23 19:12:33.191 [info] fatal: not a git repository (or any of the parent directories): .git
2023-02-23 19:12:47.041 [info] > git rev-parse --show-toplevel [2ms]
2023-02-23 19:12:47.041 [info] fatal: not a git repository (or any of the parent directories): .git
2023-02-23 19:12:52.742 [info] > git rev-parse --show-toplevel [2ms]
2023-02-23 19:12:52.742 [info] fatal: not a git repository (or any of the parent directories): .git
2023-02-23 19:13:23.255 [info] > git rev-parse --show-toplevel [3ms]
2023-02-23 19:13:23.255 [info] fatal: not a git repository (or any of the parent directories): .git
2023-02-23 19:13:39.199 [info] > git rev-parse --show-toplevel [2ms]
2023-02-23 19:13:39.199 [info] fatal: not a git repository (or any of the parent directories): .git
2023-02-23 19:15:33.072 [info] > git rev-parse --show-toplevel [2ms]
2023-02-23 19:15:33.072 [info] fatal: not a git repository (or any of the parent directories): .git
