2023-02-21 16:57:48.268 [info] Log level: Info
2023-02-21 16:57:48.269 [info] Validating found git in: "git"
2023-02-21 16:57:48.269 [info] Using git "2.34.1" from "git"
2023-02-21 16:57:48.274 [info] > git rev-parse --show-toplevel [6ms]
2023-02-21 16:57:48.296 [info] > git rev-parse --git-dir --git-common-dir [17ms]
2023-02-21 16:57:48.304 [info] Open repository: /root/folder/hardhat-simple-storage-fcc
2023-02-21 16:57:48.317 [info] > git rev-parse --show-toplevel [8ms]
2023-02-21 16:57:48.327 [info] > git rev-parse --show-toplevel [5ms]
2023-02-21 16:57:48.332 [info] > git config --get commit.template [17ms]
2023-02-21 16:57:48.493 [info] > git rev-parse --show-toplevel [161ms]
2023-02-21 16:57:48.793 [info] > git rev-parse --show-toplevel [295ms]
2023-02-21 16:57:48.812 [info] > git rev-parse --show-toplevel [13ms]
2023-02-21 16:57:48.816 [info] > git for-each-ref --format=%(refname)%00%(upstream:short)%00%(objectname)%00%(upstream:track)%00%(upstream:remotename)%00%(upstream:remoteref) refs/heads/main refs/remotes/main [311ms]
2023-02-21 16:57:48.853 [info] > git status -z -uall [31ms]
2023-02-21 16:57:48.853 [info] > git check-ignore -v -z --stdin [20ms]
2023-02-21 16:57:48.854 [info] > git for-each-ref --sort -committerdate --format %(refname) %(objectname) %(*objectname) [27ms]
2023-02-21 16:57:48.861 [info] > git rev-parse --show-toplevel [46ms]
2023-02-21 16:57:48.882 [info] > git show --textconv :test/test-deploy.js [15ms]
2023-02-21 16:57:48.887 [info] > git config --get commit.template [7ms]
2023-02-21 16:57:48.887 [info] > git ls-files --stage -- /root/folder/hardhat-simple-storage-fcc/test/test-deploy.js [15ms]
2023-02-21 16:57:48.895 [info] > git for-each-ref --format=%(refname)%00%(upstream:short)%00%(objectname)%00%(upstream:track)%00%(upstream:remotename)%00%(upstream:remoteref) refs/heads/main refs/remotes/main [1ms]
2023-02-21 16:57:48.910 [info] > git status -z -uall [8ms]
2023-02-21 16:57:48.911 [info] > git for-each-ref --sort -committerdate --format %(refname) %(objectname) %(*objectname) [3ms]
2023-02-21 17:02:03.625 [info] > git config --get commit.template [1ms]
2023-02-21 17:02:03.633 [info] > git for-each-ref --format=%(refname)%00%(upstream:short)%00%(objectname)%00%(upstream:track)%00%(upstream:remotename)%00%(upstream:remoteref) refs/heads/main refs/remotes/main [1ms]
2023-02-21 17:02:03.648 [info] > git status -z -uall [9ms]
2023-02-21 17:02:03.649 [info] > git for-each-ref --sort -committerdate --format %(refname) %(objectname) %(*objectname) [1ms]
2023-02-21 17:04:17.237 [info] > git config --get commit.template [4ms]
2023-02-21 17:04:17.238 [info] > git for-each-ref --format=%(refname)%00%(upstream:short)%00%(objectname)%00%(upstream:track)%00%(upstream:remotename)%00%(upstream:remoteref) refs/heads/main refs/remotes/main [2ms]
2023-02-21 17:04:17.244 [info] > git status -z -uall [3ms]
2023-02-21 17:04:17.244 [info] > git for-each-ref --sort -committerdate --format %(refname) %(objectname) %(*objectname) [0ms]
2023-02-21 17:05:34.328 [info] > git config --get commit.template [1ms]
2023-02-21 17:05:34.331 [info] > git for-each-ref --format=%(refname)%00%(upstream:short)%00%(objectname)%00%(upstream:track)%00%(upstream:remotename)%00%(upstream:remoteref) refs/heads/main refs/remotes/main [0ms]
2023-02-21 17:05:34.337 [info] > git status -z -uall [3ms]
2023-02-21 17:05:34.338 [info] > git for-each-ref --sort -committerdate --format %(refname) %(objectname) %(*objectname) [1ms]
2023-02-21 17:07:09.843 [info] > git config --get commit.template [1ms]
2023-02-21 17:07:09.851 [info] > git for-each-ref --format=%(refname)%00%(upstream:short)%00%(objectname)%00%(upstream:track)%00%(upstream:remotename)%00%(upstream:remoteref) refs/heads/main refs/remotes/main [1ms]
2023-02-21 17:07:09.859 [info] > git status -z -uall [5ms]
2023-02-21 17:07:09.860 [info] > git for-each-ref --sort -committerdate --format %(refname) %(objectname) %(*objectname) [2ms]
2023-02-21 17:13:26.002 [info] > git config --get commit.template [3ms]
2023-02-21 17:13:26.002 [info] > git for-each-ref --format=%(refname)%00%(upstream:short)%00%(objectname)%00%(upstream:track)%00%(upstream:remotename)%00%(upstream:remoteref) refs/heads/main refs/remotes/main [1ms]
2023-02-21 17:13:26.008 [info] > git status -z -uall [3ms]
2023-02-21 17:13:26.009 [info] > git for-each-ref --sort -committerdate --format %(refname) %(objectname) %(*objectname) [1ms]
2023-02-21 17:14:01.157 [info] > git config --get commit.template [3ms]
2023-02-21 17:14:01.157 [info] > git for-each-ref --format=%(refname)%00%(upstream:short)%00%(objectname)%00%(upstream:track)%00%(upstream:remotename)%00%(upstream:remoteref) refs/heads/main refs/remotes/main [0ms]
2023-02-21 17:14:01.162 [info] > git status -z -uall [2ms]
2023-02-21 17:14:01.163 [info] > git for-each-ref --sort -committerdate --format %(refname) %(objectname) %(*objectname) [0ms]
2023-02-21 17:15:46.654 [info] > git config --get commit.template [3ms]
2023-02-21 17:15:46.654 [info] > git for-each-ref --format=%(refname)%00%(upstream:short)%00%(objectname)%00%(upstream:track)%00%(upstream:remotename)%00%(upstream:remoteref) refs/heads/main refs/remotes/main [1ms]
2023-02-21 17:15:46.661 [info] > git status -z -uall [3ms]
2023-02-21 17:15:46.661 [info] > git for-each-ref --sort -committerdate --format %(refname) %(objectname) %(*objectname) [1ms]
2023-02-21 17:17:24.922 [info] > git config --get commit.template [3ms]
2023-02-21 17:17:24.922 [info] > git for-each-ref --format=%(refname)%00%(upstream:short)%00%(objectname)%00%(upstream:track)%00%(upstream:remotename)%00%(upstream:remoteref) refs/heads/main refs/remotes/main [1ms]
2023-02-21 17:17:24.926 [info] > git status -z -uall [2ms]
2023-02-21 17:17:24.927 [info] > git for-each-ref --sort -committerdate --format %(refname) %(objectname) %(*objectname) [1ms]
2023-02-21 17:23:07.107 [info] > git ls-files --stage -- /root/folder/hardhat-simple-storage-fcc/hardhat.config.js [0ms]
2023-02-21 17:23:07.109 [info] > git show --textconv :hardhat.config.js [5ms]
2023-02-21 17:23:07.109 [info] > git cat-file -s 7457b4c794b21796427f1b198b7dae1bd0b8f9f3 [0ms]
2023-02-21 17:23:07.357 [info] > git check-ignore -v -z --stdin [0ms]
2023-02-21 17:24:35.038 [info] > git config --get commit.template [1ms]
2023-02-21 17:24:35.041 [info] > git for-each-ref --format=%(refname)%00%(upstream:short)%00%(objectname)%00%(upstream:track)%00%(upstream:remotename)%00%(upstream:remoteref) refs/heads/main refs/remotes/main [0ms]
2023-02-21 17:24:35.046 [info] > git status -z -uall [3ms]
2023-02-21 17:24:35.047 [info] > git for-each-ref --sort -committerdate --format %(refname) %(objectname) %(*objectname) [1ms]
2023-02-21 17:24:52.389 [info] > git config --get commit.template [3ms]
2023-02-21 17:24:52.389 [info] > git for-each-ref --format=%(refname)%00%(upstream:short)%00%(objectname)%00%(upstream:track)%00%(upstream:remotename)%00%(upstream:remoteref) refs/heads/main refs/remotes/main [0ms]
2023-02-21 17:24:52.394 [info] > git status -z -uall [2ms]
2023-02-21 17:24:52.395 [info] > git for-each-ref --sort -committerdate --format %(refname) %(objectname) %(*objectname) [1ms]
2023-02-21 17:25:37.358 [info] > git show --textconv :.gitignore [3ms]
2023-02-21 17:25:37.359 [info] > git ls-files --stage -- /root/folder/hardhat-simple-storage-fcc/.gitignore [1ms]
2023-02-21 17:25:37.362 [info] > git cat-file -s 00dad773492c83d56efe897dd6d8c2945a199580 [1ms]
2023-02-21 17:25:37.619 [info] > git check-ignore -v -z --stdin [1ms]
2023-02-21 17:26:06.199 [info] > git config --get commit.template [1ms]
2023-02-21 17:26:06.203 [info] > git for-each-ref --format=%(refname)%00%(upstream:short)%00%(objectname)%00%(upstream:track)%00%(upstream:remotename)%00%(upstream:remoteref) refs/heads/main refs/remotes/main [0ms]
2023-02-21 17:26:06.209 [info] > git status -z -uall [4ms]
2023-02-21 17:26:06.210 [info] > git for-each-ref --sort -committerdate --format %(refname) %(objectname) %(*objectname) [1ms]
2023-02-21 17:26:36.664 [info] > git check-ignore -v -z --stdin [1ms]
2023-02-21 17:26:37.126 [info] > git config --get commit.template [3ms]
2023-02-21 17:26:37.126 [info] > git for-each-ref --format=%(refname)%00%(upstream:short)%00%(objectname)%00%(upstream:track)%00%(upstream:remotename)%00%(upstream:remoteref) refs/heads/main refs/remotes/main [1ms]
2023-02-21 17:26:37.131 [info] > git status -z -uall [3ms]
2023-02-21 17:26:37.132 [info] > git for-each-ref --sort -committerdate --format %(refname) %(objectname) %(*objectname) [0ms]
2023-02-21 17:35:56.970 [info] > git config --get commit.template [1ms]
2023-02-21 17:35:56.973 [info] > git for-each-ref --format=%(refname)%00%(upstream:short)%00%(objectname)%00%(upstream:track)%00%(upstream:remotename)%00%(upstream:remoteref) refs/heads/main refs/remotes/main [0ms]
2023-02-21 17:35:56.978 [info] > git status -z -uall [3ms]
2023-02-21 17:35:56.979 [info] > git for-each-ref --sort -committerdate --format %(refname) %(objectname) %(*objectname) [1ms]
2023-02-21 17:36:02.123 [info] > git show --textconv :.env [4ms]
2023-02-21 17:36:02.123 [info] > git ls-files --stage -- /root/folder/hardhat-simple-storage-fcc/.env [1ms]
2023-02-21 17:36:02.391 [info] > git check-ignore -v -z --stdin [0ms]
2023-02-21 17:36:34.885 [info] > git config --get commit.template [1ms]
2023-02-21 17:36:34.889 [info] > git for-each-ref --format=%(refname)%00%(upstream:short)%00%(objectname)%00%(upstream:track)%00%(upstream:remotename)%00%(upstream:remoteref) refs/heads/main refs/remotes/main [1ms]
2023-02-21 17:36:34.896 [info] > git status -z -uall [3ms]
2023-02-21 17:36:34.897 [info] > git for-each-ref --sort -committerdate --format %(refname) %(objectname) %(*objectname) [1ms]
2023-02-21 17:40:52.196 [info] > git config --get commit.template [3ms]
2023-02-21 17:40:52.196 [info] > git for-each-ref --format=%(refname)%00%(upstream:short)%00%(objectname)%00%(upstream:track)%00%(upstream:remotename)%00%(upstream:remoteref) refs/heads/main refs/remotes/main [1ms]
2023-02-21 17:40:52.203 [info] > git status -z -uall [4ms]
2023-02-21 17:40:52.203 [info] > git for-each-ref --sort -committerdate --format %(refname) %(objectname) %(*objectname) [1ms]
2023-02-21 17:41:11.594 [info] > git config --get commit.template [2ms]
2023-02-21 17:41:11.594 [info] > git for-each-ref --format=%(refname)%00%(upstream:short)%00%(objectname)%00%(upstream:track)%00%(upstream:remotename)%00%(upstream:remoteref) refs/heads/main refs/remotes/main [1ms]
2023-02-21 17:41:11.599 [info] > git status -z -uall [3ms]
2023-02-21 17:41:11.600 [info] > git for-each-ref --sort -committerdate --format %(refname) %(objectname) %(*objectname) [0ms]
2023-02-21 17:44:44.014 [info] > git config --get commit.template [4ms]
2023-02-21 17:44:44.014 [info] > git for-each-ref --format=%(refname)%00%(upstream:short)%00%(objectname)%00%(upstream:track)%00%(upstream:remotename)%00%(upstream:remoteref) refs/heads/main refs/remotes/main [1ms]
2023-02-21 17:44:44.021 [info] > git status -z -uall [3ms]
2023-02-21 17:44:44.022 [info] > git for-each-ref --sort -committerdate --format %(refname) %(objectname) %(*objectname) [1ms]
2023-02-21 17:44:44.661 [info] > git check-ignore -v -z --stdin [1ms]
2023-02-21 17:44:59.928 [info] > git config --get commit.template [1ms]
2023-02-21 17:44:59.932 [info] > git for-each-ref --format=%(refname)%00%(upstream:short)%00%(objectname)%00%(upstream:track)%00%(upstream:remotename)%00%(upstream:remoteref) refs/heads/main refs/remotes/main [1ms]
2023-02-21 17:44:59.938 [info] > git status -z -uall [3ms]
2023-02-21 17:44:59.939 [info] > git for-each-ref --sort -committerdate --format %(refname) %(objectname) %(*objectname) [1ms]
2023-02-21 17:45:04.020 [info] > git show --textconv :gas-report.txt [3ms]
2023-02-21 17:45:04.021 [info] > git ls-files --stage -- /root/folder/hardhat-simple-storage-fcc/gas-report.txt [0ms]
2023-02-21 17:46:11.312 [info] > git config --get commit.template [3ms]
2023-02-21 17:46:11.313 [info] > git for-each-ref --format=%(refname)%00%(upstream:short)%00%(objectname)%00%(upstream:track)%00%(upstream:remotename)%00%(upstream:remoteref) refs/heads/main refs/remotes/main [1ms]
2023-02-21 17:46:11.318 [info] > git status -z -uall [3ms]
2023-02-21 17:46:11.318 [info] > git for-each-ref --sort -committerdate --format %(refname) %(objectname) %(*objectname) [1ms]
2023-02-21 17:46:52.374 [info] > git config --get commit.template [3ms]
2023-02-21 17:46:52.374 [info] > git for-each-ref --format=%(refname)%00%(upstream:short)%00%(objectname)%00%(upstream:track)%00%(upstream:remotename)%00%(upstream:remoteref) refs/heads/main refs/remotes/main [1ms]
2023-02-21 17:46:52.379 [info] > git status -z -uall [3ms]
2023-02-21 17:46:52.379 [info] > git for-each-ref --sort -committerdate --format %(refname) %(objectname) %(*objectname) [0ms]
2023-02-21 17:55:45.390 [info] > git config --get commit.template [5ms]
2023-02-21 17:55:45.390 [info] > git for-each-ref --format=%(refname)%00%(upstream:short)%00%(objectname)%00%(upstream:track)%00%(upstream:remotename)%00%(upstream:remoteref) refs/heads/main refs/remotes/main [1ms]
2023-02-21 17:55:45.398 [info] > git status -z -uall [4ms]
2023-02-21 17:55:45.399 [info] > git for-each-ref --sort -committerdate --format %(refname) %(objectname) %(*objectname) [0ms]
2023-02-21 17:56:16.323 [info] > git check-ignore -v -z --stdin [0ms]
2023-02-21 17:56:19.854 [info] > git config --get commit.template [3ms]
2023-02-21 17:56:19.854 [info] > git for-each-ref --format=%(refname)%00%(upstream:short)%00%(objectname)%00%(upstream:track)%00%(upstream:remotename)%00%(upstream:remoteref) refs/heads/main refs/remotes/main [1ms]
2023-02-21 17:56:19.861 [info] > git status -z -uall [4ms]
2023-02-21 17:56:19.861 [info] > git for-each-ref --sort -committerdate --format %(refname) %(objectname) %(*objectname) [0ms]
2023-02-21 17:56:20.225 [info] > git show --textconv :coverage.json [3ms]
2023-02-21 17:56:20.225 [info] > git ls-files --stage -- /root/folder/hardhat-simple-storage-fcc/coverage.json [1ms]
2023-02-21 17:56:44.528 [info] > git show --textconv :.gitignore [3ms]
2023-02-21 17:56:44.528 [info] > git ls-files --stage -- /root/folder/hardhat-simple-storage-fcc/.gitignore [1ms]
2023-02-21 17:56:44.532 [info] > git cat-file -s 00dad773492c83d56efe897dd6d8c2945a199580 [0ms]
2023-02-21 17:57:04.980 [info] > git check-ignore -v -z --stdin [1ms]
2023-02-21 17:57:05.427 [info] > git config --get commit.template [2ms]
2023-02-21 17:57:05.428 [info] > git for-each-ref --format=%(refname)%00%(upstream:short)%00%(objectname)%00%(upstream:track)%00%(upstream:remotename)%00%(upstream:remoteref) refs/heads/main refs/remotes/main [0ms]
2023-02-21 17:57:05.433 [info] > git status -z -uall [3ms]
2023-02-21 17:57:05.434 [info] > git for-each-ref --sort -committerdate --format %(refname) %(objectname) %(*objectname) [2ms]
2023-02-21 17:57:23.366 [info] > git show --textconv :contracts/SimpleStorage.sol [3ms]
2023-02-21 17:57:23.367 [info] > git ls-files --stage -- /root/folder/hardhat-simple-storage-fcc/contracts/SimpleStorage.sol [1ms]
2023-02-21 17:57:23.370 [info] > git cat-file -s fb2c61d60066fa7a772d1d29571203dbb6cfbf02 [0ms]
2023-02-21 17:58:05.721 [info] > git check-ignore -v -z --stdin [1ms]
2023-02-21 17:58:06.164 [info] > git config --get commit.template [1ms]
2023-02-21 17:58:06.166 [info] > git for-each-ref --format=%(refname)%00%(upstream:short)%00%(objectname)%00%(upstream:track)%00%(upstream:remotename)%00%(upstream:remoteref) refs/heads/main refs/remotes/main [0ms]
2023-02-21 17:58:06.171 [info] > git status -z -uall [3ms]
2023-02-21 17:58:06.171 [info] > git for-each-ref --sort -committerdate --format %(refname) %(objectname) %(*objectname) [1ms]
2023-02-21 18:49:56.937 [info] > git config --get commit.template [5ms]
2023-02-21 18:49:56.937 [info] > git for-each-ref --format=%(refname)%00%(upstream:short)%00%(objectname)%00%(upstream:track)%00%(upstream:remotename)%00%(upstream:remoteref) refs/heads/main refs/remotes/main [1ms]
2023-02-21 18:49:56.949 [info] > git status -z -uall [8ms]
2023-02-21 18:49:56.949 [info] > git for-each-ref --sort -committerdate --format %(refname) %(objectname) %(*objectname) [1ms]
2023-02-21 18:51:56.413 [info] > git config --get commit.template [3ms]
2023-02-21 18:51:56.413 [info] > git for-each-ref --format=%(refname)%00%(upstream:short)%00%(objectname)%00%(upstream:track)%00%(upstream:remotename)%00%(upstream:remoteref) refs/heads/main refs/remotes/main [0ms]
2023-02-21 18:51:56.431 [info] > git status -z -uall [10ms]
2023-02-21 18:51:56.431 [info] > git for-each-ref --sort -committerdate --format %(refname) %(objectname) %(*objectname) [0ms]
2023-02-21 19:59:02.708 [info] > git config --get commit.template [1ms]
2023-02-21 19:59:02.712 [info] > git for-each-ref --format=%(refname)%00%(upstream:short)%00%(objectname)%00%(upstream:track)%00%(upstream:remotename)%00%(upstream:remoteref) refs/heads/main refs/remotes/main [0ms]
2023-02-21 19:59:02.717 [info] > git status -z -uall [3ms]
2023-02-21 19:59:02.719 [info] > git for-each-ref --sort -committerdate --format %(refname) %(objectname) %(*objectname) [2ms]
2023-02-21 19:59:07.730 [info] > git config --get commit.template [2ms]
2023-02-21 19:59:07.730 [info] > git for-each-ref --format=%(refname)%00%(upstream:short)%00%(objectname)%00%(upstream:track)%00%(upstream:remotename)%00%(upstream:remoteref) refs/heads/main refs/remotes/main [1ms]
2023-02-21 19:59:07.734 [info] > git status -z -uall [2ms]
2023-02-21 19:59:07.735 [info] > git for-each-ref --sort -committerdate --format %(refname) %(objectname) %(*objectname) [1ms]
2023-02-21 19:59:08.369 [info] > git check-ignore -v -z --stdin [0ms]
2023-02-21 19:59:14.179 [info] > git show --textconv :hardhat.config.js [4ms]
2023-02-21 19:59:14.180 [info] > git ls-files --stage -- /root/folder/hardhat-simple-storage-fcc/hardhat.config.js [1ms]
2023-02-21 19:59:14.183 [info] > git cat-file -s 7457b4c794b21796427f1b198b7dae1bd0b8f9f3 [1ms]
2023-02-21 20:00:02.626 [info] > git config --get commit.template [4ms]
2023-02-21 20:00:02.626 [info] > git for-each-ref --format=%(refname)%00%(upstream:short)%00%(objectname)%00%(upstream:track)%00%(upstream:remotename)%00%(upstream:remoteref) refs/heads/main refs/remotes/main [1ms]
2023-02-21 20:00:02.636 [info] > git status -z -uall [7ms]
2023-02-21 20:00:02.636 [info] > git for-each-ref --sort -committerdate --format %(refname) %(objectname) %(*objectname) [1ms]
2023-02-21 20:00:10.239 [info] > git show --textconv :test/test-deploy.js [3ms]
2023-02-21 20:00:10.240 [info] > git ls-files --stage -- /root/folder/hardhat-simple-storage-fcc/test/test-deploy.js [1ms]
