[Info  - 4:40:52 PM] Solidity by Nomic Foundation Starting ...
[Info  - 4:40:52 PM] env: production
[Info  - 4:40:53 PM] Client starting
[Info  - 4:40:54 PM] Language server starting
[Info  - 4:40:54 PM]   Release: hardhat-solidity@0.6.11
[Info  - 4:40:54 PM]   Environment: production
[Info  - 4:40:54 PM]   Telemetry Enabled: false
[Info  - 4:40:54 PM]   Telemetry Tracking Id: 0067dfea6e...
[Info  - 4:40:54 PM]   Workspace Folders:
[Info  - 4:40:54 PM]     root (file:///root)
[Info  - 4:40:54 PM] Fetching latest solidity versions
[Info  - 4:40:54 PM] Language server ready
[Info  - 4:40:54 PM] [indexing] Found projects:
[Info  - 4:40:54 PM] [indexing] -  Type: Hardhat
[Info  - 4:40:54 PM] [indexing]    Base path: /root
[Info  - 4:40:54 PM] [indexing]    Config file: /root/hardhat.config.js
[Info  - 4:40:54 PM] [indexing] -  Type: Hardhat
[Info  - 4:40:54 PM] [indexing]    Base path: /root/hardhat-simple-storage-fcc
[Info  - 4:40:54 PM] [indexing]    Config file: /root/hardhat-simple-storage-fcc/hardhat.config.js
[Info  - 4:40:54 PM] [indexing] Initializing /root/hardhat.config.js
[Info  - 4:40:55 PM] [root] Local HRE loaded
[Info  - 4:40:55 PM] [indexing] Done /root/hardhat.config.js
[Info  - 4:40:55 PM] [indexing] Initializing /root/hardhat-simple-storage-fcc/hardhat.config.js
[Info  - 4:40:56 PM] [hardhat-simple-storage-fcc] Local HRE loaded
[Info  - 4:40:56 PM] [indexing] Done /root/hardhat-simple-storage-fcc/hardhat.config.js
[Info  - 4:40:56 PM] [indexing] Scanning workspace folders for sol files
[Info  - 4:40:57 PM] [indexing] Scan complete, 989 sol files found
[Info  - 4:40:57 PM] [indexing] Analyzing 5 solidity files
