[Info  - 6:18:05 PM] Solidity by Nomic Foundation Starting ...
[Info  - 6:18:05 PM] env: production
[Info  - 6:18:05 PM] Client starting
[Info  - 6:18:06 PM] Language server starting
[Info  - 6:18:06 PM]   Release: hardhat-solidity@0.6.14
[Info  - 6:18:06 PM]   Environment: production
[Info  - 6:18:06 PM]   Telemetry Enabled: false
[Info  - 6:18:06 PM]   Telemetry Tracking Id: 0067dfea6e...
[Info  - 6:18:06 PM]   Workspace Folders:
[Info  - 6:18:06 PM]     root (file:///root)
[Info  - 6:18:06 PM] Fetching latest solidity versions
[Info  - 6:18:07 PM] Language server ready
[Info  - 6:18:07 PM] [indexing] Found projects:
[Info  - 6:18:07 PM] [indexing] -  Type: Hardhat
[Info  - 6:18:07 PM] [indexing]    Base path: /root
[Info  - 6:18:07 PM] [indexing]    Config file: /root/hardhat.config.js
[Info  - 6:18:07 PM] [indexing] -  Type: Hardhat
[Info  - 6:18:07 PM] [indexing]    Base path: /root/hardhat-simple-storage-fcc
[Info  - 6:18:07 PM] [indexing]    Config file: /root/hardhat-simple-storage-fcc/hardhat.config.js
[Info  - 6:18:07 PM] [indexing] Initializing /root/hardhat.config.js
[Info  - 6:18:08 PM] [root] Local HRE loaded
[Info  - 6:18:08 PM] [indexing] Done /root/hardhat.config.js
[Info  - 6:18:08 PM] [indexing] Initializing /root/hardhat-simple-storage-fcc/hardhat.config.js
[Info  - 6:18:08 PM] [hardhat-simple-storage-fcc] Local HRE loaded
[Info  - 6:18:08 PM] [indexing] Done /root/hardhat-simple-storage-fcc/hardhat.config.js
[Info  - 6:18:08 PM] [indexing] Scanning workspace folders for sol files
[Info  - 6:18:08 PM] [indexing] Scan complete, 989 sol files found
[Info  - 6:18:09 PM] [indexing] Analyzing 5 solidity files
[Info  - 6:18:44 PM] Telemetry disabled
