2023-02-21 18:52:07.846 [info] Log level: Info
2023-02-21 18:52:07.846 [info] Validating found git in: "git"
2023-02-21 18:52:07.846 [info] Using git "2.34.1" from "git"
2023-02-21 18:52:07.846 [info] > git rev-parse --show-toplevel [4ms]
2023-02-21 18:52:07.846 [info] fatal: not a git repository (or any of the parent directories): .git
2023-02-21 18:52:07.846 [info] > git rev-parse --show-toplevel [399ms]
2023-02-21 18:52:07.846 [info] fatal: not a git repository (or any of the parent directories): .git
2023-02-21 18:52:07.847 [info] > git rev-parse --show-toplevel [16ms]
2023-02-21 18:52:07.847 [info] fatal: not a git repository (or any of the parent directories): .git
2023-02-21 18:52:07.856 [info] > git rev-parse --show-toplevel [1ms]
2023-02-21 18:52:07.856 [info] fatal: not a git repository (or any of the parent directories): .git
2023-02-21 18:52:07.859 [info] > git rev-parse --show-toplevel [0ms]
2023-02-21 18:52:07.859 [info] fatal: not a git repository (or any of the parent directories): .git
2023-02-21 18:52:07.862 [info] > git rev-parse --show-toplevel [0ms]
2023-02-21 18:52:07.862 [info] fatal: not a git repository (or any of the parent directories): .git
2023-02-21 18:52:07.871 [info] > git rev-parse --show-toplevel [1ms]
2023-02-21 18:52:07.880 [info] > git rev-parse --git-dir --git-common-dir [1ms]
2023-02-21 18:52:07.886 [info] Open repository: /root/.nvm
2023-02-21 18:52:07.915 [info] > git rev-parse --show-toplevel [22ms]
2023-02-21 18:52:07.915 [info] fatal: not a git repository (or any of the parent directories): .git
2023-02-21 18:52:07.923 [info] > git config --get commit.template [19ms]
2023-02-21 18:52:07.924 [info] > git rev-parse --show-toplevel [5ms]
2023-02-21 18:52:07.924 [info] fatal: not a git repository (or any of the parent directories): .git
2023-02-21 18:52:07.934 [info] > git for-each-ref --format %(refname) %(objectname) %(*objectname) refs/tags [3ms]
2023-02-21 18:52:07.948 [info] > git for-each-ref --sort -committerdate --format %(refname) %(objectname) %(*objectname) [2ms]
2023-02-21 18:52:07.957 [info] > git status -z -uall [17ms]
2023-02-21 18:52:08.031 [info] > git config --get commit.template [69ms]
2023-02-21 18:52:08.038 [info] > git for-each-ref --format %(refname) %(objectname) %(*objectname) refs/tags [2ms]
2023-02-21 18:52:08.044 [info] > git for-each-ref --sort -committerdate --format %(refname) %(objectname) %(*objectname) [1ms]
2023-02-21 18:52:08.048 [info] > git status -z -uall [8ms]
2023-02-21 18:52:08.427 [info] > git check-ignore -v -z --stdin [2ms]
2023-02-21 18:52:31.988 [info] > git rev-parse --show-toplevel [1ms]
2023-02-21 18:52:31.988 [info] fatal: not a git repository (or any of the parent directories): .git
2023-02-21 18:52:59.744 [info] > git rev-parse --show-toplevel [12ms]
2023-02-21 18:52:59.744 [info] fatal: not a git repository (or any of the parent directories): .git
2023-02-21 18:54:41.534 [info] > git rev-parse --show-toplevel [1ms]
2023-02-21 18:54:41.534 [info] fatal: not a git repository (or any of the parent directories): .git
2023-02-21 19:05:34.974 [info] > git rev-parse --show-toplevel [25ms]
2023-02-21 19:05:34.974 [info] fatal: not a git repository (or any of the parent directories): .git
2023-02-21 19:05:36.075 [info] > git rev-parse --show-toplevel [4ms]
2023-02-21 19:05:36.075 [info] fatal: not a git repository (or any of the parent directories): .git
2023-02-21 19:05:36.859 [info] > git rev-parse --show-toplevel [51ms]
2023-02-21 19:05:36.859 [info] fatal: not a git repository (or any of the parent directories): .git
2023-02-21 19:06:00.662 [info] > git rev-parse --show-toplevel [3ms]
2023-02-21 19:06:00.663 [info] fatal: not a git repository (or any of the parent directories): .git
2023-02-21 19:06:04.097 [info] > git rev-parse --show-toplevel [83ms]
2023-02-21 19:06:04.097 [info] fatal: not a git repository (or any of the parent directories): .git
2023-02-21 19:06:04.946 [info] > git rev-parse --show-toplevel [1ms]
2023-02-21 19:06:04.946 [info] fatal: not a git repository (or any of the parent directories): .git
2023-02-21 19:09:06.498 [info] > git check-ignore -v -z --stdin [1ms]
2023-02-21 19:09:56.539 [info] > git rev-parse --show-toplevel [2ms]
2023-02-21 19:09:56.539 [info] fatal: not a git repository (or any of the parent directories): .git
2023-02-21 19:10:09.779 [info] > git rev-parse --show-toplevel [2ms]
2023-02-21 19:10:09.779 [info] fatal: not a git repository (or any of the parent directories): .git
2023-02-21 19:10:20.790 [info] > git rev-parse --show-toplevel [5ms]
2023-02-21 19:10:20.790 [info] fatal: not a git repository (or any of the parent directories): .git
2023-02-21 19:10:49.620 [info] > git rev-parse --show-toplevel [10ms]
2023-02-21 19:10:49.620 [info] fatal: not a git repository (or any of the parent directories): .git
2023-02-21 19:11:03.906 [info] > git rev-parse --show-toplevel [2ms]
2023-02-21 19:11:03.906 [info] fatal: not a git repository (or any of the parent directories): .git
2023-02-21 19:14:01.877 [info] > git rev-parse --show-toplevel [3ms]
2023-02-21 19:14:01.877 [info] fatal: not a git repository (or any of the parent directories): .git
2023-02-21 19:14:10.925 [info] > git rev-parse --show-toplevel [1ms]
2023-02-21 19:14:10.926 [info] fatal: not a git repository (or any of the parent directories): .git
2023-02-21 19:14:29.420 [info] > git rev-parse --show-toplevel [2ms]
2023-02-21 19:14:29.420 [info] fatal: not a git repository (or any of the parent directories): .git
2023-02-21 19:14:43.444 [info] > git rev-parse --show-toplevel [1ms]
2023-02-21 19:14:43.445 [info] fatal: not a git repository (or any of the parent directories): .git
2023-02-21 19:14:44.885 [info] > git rev-parse --show-toplevel [2ms]
2023-02-21 19:14:44.885 [info] fatal: not a git repository (or any of the parent directories): .git
2023-02-21 19:14:45.311 [info] > git rev-parse --show-toplevel [2ms]
2023-02-21 19:14:45.311 [info] fatal: not a git repository (or any of the parent directories): .git
2023-02-21 19:15:09.755 [info] > git rev-parse --show-toplevel [2ms]
2023-02-21 19:15:09.755 [info] fatal: not a git repository (or any of the parent directories): .git
2023-02-21 19:15:12.045 [info] > git rev-parse --show-toplevel [2ms]
2023-02-21 19:15:12.045 [info] fatal: not a git repository (or any of the parent directories): .git
2023-02-21 19:15:12.480 [info] > git rev-parse --show-toplevel [1ms]
2023-02-21 19:15:12.480 [info] fatal: not a git repository (or any of the parent directories): .git
2023-02-21 19:15:20.073 [info] > git rev-parse --show-toplevel [1ms]
2023-02-21 19:15:20.073 [info] fatal: not a git repository (or any of the parent directories): .git
2023-02-21 19:15:20.482 [info] > git rev-parse --show-toplevel [3ms]
2023-02-21 19:15:20.482 [info] fatal: not a git repository (or any of the parent directories): .git
2023-02-21 19:16:16.026 [info] > git rev-parse --show-toplevel [2ms]
2023-02-21 19:16:16.026 [info] fatal: not a git repository (or any of the parent directories): .git
2023-02-21 19:17:02.310 [info] > git rev-parse --show-toplevel [2ms]
2023-02-21 19:17:02.310 [info] fatal: not a git repository (or any of the parent directories): .git
2023-02-21 19:17:10.811 [info] > git rev-parse --show-toplevel [2ms]
2023-02-21 19:17:10.811 [info] fatal: not a git repository (or any of the parent directories): .git
2023-02-21 19:17:16.719 [info] > git rev-parse --show-toplevel [2ms]
2023-02-21 19:17:16.719 [info] fatal: not a git repository (or any of the parent directories): .git
2023-02-21 19:17:18.846 [info] > git rev-parse --show-toplevel [2ms]
2023-02-21 19:17:18.846 [info] fatal: not a git repository (or any of the parent directories): .git
2023-02-21 19:17:26.358 [info] > git rev-parse --show-toplevel [2ms]
2023-02-21 19:17:26.358 [info] fatal: not a git repository (or any of the parent directories): .git
2023-02-21 19:17:27.769 [info] > git rev-parse --show-toplevel [2ms]
2023-02-21 19:17:27.769 [info] fatal: not a git repository (or any of the parent directories): .git
2023-02-21 19:17:53.048 [info] > git rev-parse --show-toplevel [3ms]
2023-02-21 19:17:53.048 [info] fatal: not a git repository (or any of the parent directories): .git
2023-02-21 19:17:54.540 [info] > git rev-parse --show-toplevel [2ms]
2023-02-21 19:17:54.540 [info] fatal: not a git repository (or any of the parent directories): .git
2023-02-21 19:17:55.472 [info] > git rev-parse --show-toplevel [2ms]
2023-02-21 19:17:55.472 [info] fatal: not a git repository (or any of the parent directories): .git
2023-02-21 19:18:12.241 [info] > git rev-parse --show-toplevel [2ms]
2023-02-21 19:18:12.241 [info] fatal: not a git repository (or any of the parent directories): .git
2023-02-21 19:18:14.417 [info] > git rev-parse --show-toplevel [3ms]
2023-02-21 19:18:14.417 [info] fatal: not a git repository (or any of the parent directories): .git
2023-02-21 19:18:18.138 [info] > git rev-parse --show-toplevel [2ms]
2023-02-21 19:18:18.138 [info] fatal: not a git repository (or any of the parent directories): .git
2023-02-21 19:18:33.048 [info] > git rev-parse --show-toplevel [2ms]
2023-02-21 19:18:33.048 [info] fatal: not a git repository (or any of the parent directories): .git
2023-02-21 19:18:43.205 [info] > git rev-parse --show-toplevel [1ms]
2023-02-21 19:18:43.209 [info] > git rev-parse --git-dir --git-common-dir [1ms]
2023-02-21 19:18:43.215 [info] Open repository: /root/folder/hardhat-simple-storage-fcc
2023-02-21 19:18:43.222 [info] > git config --get commit.template [1ms]
2023-02-21 19:18:43.228 [info] > git for-each-ref --format=%(refname)%00%(upstream:short)%00%(objectname)%00%(upstream:track)%00%(upstream:remotename)%00%(upstream:remoteref) refs/heads/main refs/remotes/main [1ms]
2023-02-21 19:18:43.241 [info] > git status -z -uall [8ms]
2023-02-21 19:18:43.241 [info] > git for-each-ref --sort -committerdate --format %(refname) %(objectname) %(*objectname) [2ms]
2023-02-21 19:18:43.550 [info] > git show --textconv :hardhat.config.js [6ms]
2023-02-21 19:18:43.550 [info] > git ls-files --stage -- /root/folder/hardhat-simple-storage-fcc/hardhat.config.js [1ms]
2023-02-21 19:18:43.555 [info] > git cat-file -s 7457b4c794b21796427f1b198b7dae1bd0b8f9f3 [1ms]
2023-02-21 19:18:43.805 [info] > git check-ignore -v -z --stdin [4ms]
2023-02-21 19:18:43.805 [info] > git check-ignore -v -z --stdin [1ms]
2023-02-21 19:18:48.015 [info] > git rev-parse --show-toplevel [2ms]
2023-02-21 19:18:48.015 [info] fatal: not a git repository (or any of the parent directories): .git
2023-02-21 19:18:52.979 [info] > git rev-parse --show-toplevel [3ms]
2023-02-21 19:18:52.979 [info] fatal: not a git repository (or any of the parent directories): .git
2023-02-21 19:23:11.772 [info] > git rev-parse --show-toplevel [5ms]
2023-02-21 19:23:11.772 [info] fatal: not a git repository (or any of the parent directories): .git
2023-02-21 19:27:25.370 [info] > git rev-parse --show-toplevel [6ms]
2023-02-21 19:27:25.370 [info] fatal: not a git repository (or any of the parent directories): .git
2023-02-21 19:27:38.849 [info] > git show --textconv :hardhat.config.js [3ms]
2023-02-21 19:27:38.849 [info] > git ls-files --stage -- /root/folder/hardhat-simple-storage-fcc/hardhat.config.js [1ms]
2023-02-21 19:27:38.853 [info] > git cat-file -s 7457b4c794b21796427f1b198b7dae1bd0b8f9f3 [0ms]
2023-02-21 19:28:56.221 [info] > git show --textconv :hardhat.config.js [3ms]
2023-02-21 19:28:56.222 [info] > git ls-files --stage -- /root/folder/hardhat-simple-storage-fcc/hardhat.config.js [1ms]
2023-02-21 19:28:56.226 [info] > git cat-file -s 7457b4c794b21796427f1b198b7dae1bd0b8f9f3 [1ms]
2023-02-21 19:29:06.744 [info] > git config --get commit.template [3ms]
2023-02-21 19:29:06.744 [info] > git for-each-ref --format=%(refname)%00%(upstream:short)%00%(objectname)%00%(upstream:track)%00%(upstream:remotename)%00%(upstream:remoteref) refs/heads/main refs/remotes/main [1ms]
2023-02-21 19:29:06.749 [info] > git status -z -uall [3ms]
2023-02-21 19:29:06.750 [info] > git for-each-ref --sort -committerdate --format %(refname) %(objectname) %(*objectname) [1ms]
2023-02-21 19:29:44.155 [info] > git check-ignore -v -z --stdin [1ms]
2023-02-21 19:29:47.230 [info] > git ls-files --stage -- /root/folder/hardhat-simple-storage-fcc/scripts/deploy.js [0ms]
2023-02-21 19:29:47.233 [info] > git show --textconv :scripts/deploy.js [6ms]
2023-02-21 19:29:47.234 [info] > git cat-file -s 87c198d03e83fe45baa65baacab9d89ec361cbd7 [1ms]
2023-02-21 19:29:55.958 [info] > git config --get commit.template [0ms]
2023-02-21 19:29:55.962 [info] > git for-each-ref --format=%(refname)%00%(upstream:short)%00%(objectname)%00%(upstream:track)%00%(upstream:remotename)%00%(upstream:remoteref) refs/heads/main refs/remotes/main [2ms]
2023-02-21 19:29:55.968 [info] > git status -z -uall [3ms]
2023-02-21 19:29:55.969 [info] > git for-each-ref --sort -committerdate --format %(refname) %(objectname) %(*objectname) [1ms]
2023-02-21 19:30:21.926 [info] > git check-ignore -v -z --stdin [1ms]
2023-02-21 19:30:58.600 [info] > git check-ignore -v -z --stdin [1ms]
2023-02-21 19:31:01.590 [info] > git config --get commit.template [1ms]
2023-02-21 19:31:01.593 [info] > git for-each-ref --format=%(refname)%00%(upstream:short)%00%(objectname)%00%(upstream:track)%00%(upstream:remotename)%00%(upstream:remoteref) refs/heads/main refs/remotes/main [1ms]
2023-02-21 19:31:01.598 [info] > git status -z -uall [3ms]
2023-02-21 19:31:01.599 [info] > git for-each-ref --sort -committerdate --format %(refname) %(objectname) %(*objectname) [1ms]
2023-02-21 19:33:03.903 [info] > git show --textconv :package.json [7ms]
2023-02-21 19:33:03.903 [info] > git ls-files --stage -- /root/folder/hardhat-simple-storage-fcc/package.json [3ms]
2023-02-21 19:33:03.909 [info] > git cat-file -s c5684738e4c61e95dfa9a82e0ec0625485a6c6f1 [3ms]
2023-02-21 19:34:52.300 [info] > git show --textconv :deploy/01-deploy-fund-me.js [4ms]
2023-02-21 19:34:52.300 [info] > git ls-files --stage -- /root/folder/hardhat-simple-storage-fcc/deploy/01-deploy-fund-me.js [1ms]
2023-02-21 19:34:52.576 [info] > git check-ignore -v -z --stdin [1ms]
2023-02-21 19:34:53.202 [info] > git config --get commit.template [3ms]
2023-02-21 19:34:53.203 [info] > git for-each-ref --format=%(refname)%00%(upstream:short)%00%(objectname)%00%(upstream:track)%00%(upstream:remotename)%00%(upstream:remoteref) refs/heads/main refs/remotes/main [1ms]
2023-02-21 19:34:53.208 [info] > git status -z -uall [3ms]
2023-02-21 19:34:53.208 [info] > git for-each-ref --sort -committerdate --format %(refname) %(objectname) %(*objectname) [0ms]
2023-02-21 19:40:39.058 [info] > git config --get commit.template [8ms]
2023-02-21 19:40:39.059 [info] > git for-each-ref --format=%(refname)%00%(upstream:short)%00%(objectname)%00%(upstream:track)%00%(upstream:remotename)%00%(upstream:remoteref) refs/heads/main refs/remotes/main [1ms]
2023-02-21 19:40:39.072 [info] > git status -z -uall [4ms]
2023-02-21 19:40:39.073 [info] > git for-each-ref --sort -committerdate --format %(refname) %(objectname) %(*objectname) [1ms]
2023-02-21 19:42:23.546 [info] > git config --get commit.template [6ms]
2023-02-21 19:42:23.546 [info] > git for-each-ref --format=%(refname)%00%(upstream:short)%00%(objectname)%00%(upstream:track)%00%(upstream:remotename)%00%(upstream:remoteref) refs/heads/main refs/remotes/main [3ms]
2023-02-21 19:42:23.552 [info] > git status -z -uall [3ms]
2023-02-21 19:42:23.553 [info] > git for-each-ref --sort -committerdate --format %(refname) %(objectname) %(*objectname) [1ms]
2023-02-21 19:42:48.326 [info] > git config --get commit.template [3ms]
2023-02-21 19:42:48.326 [info] > git for-each-ref --format=%(refname)%00%(upstream:short)%00%(objectname)%00%(upstream:track)%00%(upstream:remotename)%00%(upstream:remoteref) refs/heads/main refs/remotes/main [1ms]
2023-02-21 19:42:48.336 [info] > git status -z -uall [6ms]
2023-02-21 19:42:48.336 [info] > git for-each-ref --sort -committerdate --format %(refname) %(objectname) %(*objectname) [1ms]
2023-02-21 19:46:07.132 [info] > git config --get commit.template [3ms]
2023-02-21 19:46:07.133 [info] > git for-each-ref --format=%(refname)%00%(upstream:short)%00%(objectname)%00%(upstream:track)%00%(upstream:remotename)%00%(upstream:remoteref) refs/heads/main refs/remotes/main [0ms]
2023-02-21 19:46:07.138 [info] > git status -z -uall [3ms]
2023-02-21 19:46:07.138 [info] > git for-each-ref --sort -committerdate --format %(refname) %(objectname) %(*objectname) [1ms]
2023-02-21 19:52:23.993 [info] > git config --get commit.template [3ms]
2023-02-21 19:52:23.994 [info] > git for-each-ref --format=%(refname)%00%(upstream:short)%00%(objectname)%00%(upstream:track)%00%(upstream:remotename)%00%(upstream:remoteref) refs/heads/main refs/remotes/main [1ms]
2023-02-21 19:52:24.001 [info] > git status -z -uall [5ms]
2023-02-21 19:52:24.002 [info] > git for-each-ref --sort -committerdate --format %(refname) %(objectname) %(*objectname) [1ms]
2023-02-21 19:53:57.648 [info] > git config --get commit.template [3ms]
2023-02-21 19:53:57.648 [info] > git for-each-ref --format=%(refname)%00%(upstream:short)%00%(objectname)%00%(upstream:track)%00%(upstream:remotename)%00%(upstream:remoteref) refs/heads/main refs/remotes/main [0ms]
2023-02-21 19:53:57.653 [info] > git status -z -uall [2ms]
2023-02-21 19:53:57.654 [info] > git for-each-ref --sort -committerdate --format %(refname) %(objectname) %(*objectname) [1ms]
2023-02-21 19:55:17.051 [info] > git show --textconv :hardhat.config.js [4ms]
2023-02-21 19:55:17.052 [info] > git ls-files --stage -- /root/folder/hardhat-simple-storage-fcc/hardhat.config.js [1ms]
2023-02-21 19:55:17.055 [info] > git cat-file -s 7457b4c794b21796427f1b198b7dae1bd0b8f9f3 [0ms]
2023-02-21 19:55:28.110 [info] > git config --get commit.template [3ms]
2023-02-21 19:55:28.111 [info] > git for-each-ref --format=%(refname)%00%(upstream:short)%00%(objectname)%00%(upstream:track)%00%(upstream:remotename)%00%(upstream:remoteref) refs/heads/main refs/remotes/main [1ms]
2023-02-21 19:55:28.117 [info] > git status -z -uall [3ms]
2023-02-21 19:55:28.117 [info] > git for-each-ref --sort -committerdate --format %(refname) %(objectname) %(*objectname) [1ms]
2023-02-21 19:55:41.218 [info] > git show --textconv :hardhat.config.js [2ms]
2023-02-21 19:55:41.219 [info] > git ls-files --stage -- /root/folder/hardhat-simple-storage-fcc/hardhat.config.js [1ms]
2023-02-21 19:55:41.221 [info] > git cat-file -s 7457b4c794b21796427f1b198b7dae1bd0b8f9f3 [0ms]
2023-02-21 19:55:42.086 [info] > git config --get commit.template [1ms]
2023-02-21 19:55:42.089 [info] > git for-each-ref --format=%(refname)%00%(upstream:short)%00%(objectname)%00%(upstream:track)%00%(upstream:remotename)%00%(upstream:remoteref) refs/heads/main refs/remotes/main [0ms]
2023-02-21 19:55:42.095 [info] > git status -z -uall [3ms]
2023-02-21 19:55:42.095 [info] > git for-each-ref --sort -committerdate --format %(refname) %(objectname) %(*objectname) [1ms]
2023-02-21 19:56:28.512 [info] > git config --get commit.template [2ms]
2023-02-21 19:56:28.513 [info] > git for-each-ref --format=%(refname)%00%(upstream:short)%00%(objectname)%00%(upstream:track)%00%(upstream:remotename)%00%(upstream:remoteref) refs/heads/main refs/remotes/main [1ms]
2023-02-21 19:56:28.517 [info] > git status -z -uall [2ms]
2023-02-21 19:56:28.518 [info] > git for-each-ref --sort -committerdate --format %(refname) %(objectname) %(*objectname) [1ms]
2023-02-21 19:58:06.142 [info] > git show --textconv :deploy/01-deploy-fund-me.js [3ms]
2023-02-21 19:58:06.143 [info] > git ls-files --stage -- /root/folder/hardhat-simple-storage-fcc/deploy/01-deploy-fund-me.js [1ms]
2023-02-21 19:59:59.565 [info] > git config --get commit.template [3ms]
2023-02-21 19:59:59.565 [info] > git for-each-ref --format=%(refname)%00%(upstream:short)%00%(objectname)%00%(upstream:track)%00%(upstream:remotename)%00%(upstream:remoteref) refs/heads/main refs/remotes/main [1ms]
2023-02-21 19:59:59.572 [info] > git status -z -uall [5ms]
2023-02-21 19:59:59.572 [info] > git for-each-ref --sort -committerdate --format %(refname) %(objectname) %(*objectname) [1ms]
2023-02-21 20:01:14.032 [info] > git show --textconv :hardhat.config.js [3ms]
2023-02-21 20:01:14.033 [info] > git ls-files --stage -- /root/folder/hardhat-simple-storage-fcc/hardhat.config.js [1ms]
2023-02-21 20:01:14.037 [info] > git cat-file -s 7457b4c794b21796427f1b198b7dae1bd0b8f9f3 [1ms]
2023-02-21 20:01:23.246 [info] > git rev-parse --show-toplevel [1ms]
2023-02-21 20:01:23.246 [info] fatal: not a git repository (or any of the parent directories): .git
