[Info  - 7:58:44 PM] Solidity by Nomic Foundation Starting ...
[Info  - 7:58:44 PM] env: production
[Info  - 7:58:44 PM] Client starting
[Info  - 7:58:45 PM] Language server starting
[Info  - 7:58:45 PM]   Release: hardhat-solidity@0.6.11
[Info  - 7:58:45 PM]   Environment: production
[Info  - 7:58:45 PM]   Telemetry Enabled: false
[Info  - 7:58:45 PM]   Telemetry Tracking Id: 0067dfea6e...
[Info  - 7:58:45 PM]   Workspace Folders:
[Info  - 7:58:45 PM]     root (file:///root)
[Info  - 7:58:45 PM] Fetching latest solidity versions
[Info  - 7:58:46 PM] Language server ready
[Info  - 7:58:46 PM] [indexing] Found projects:
[Info  - 7:58:46 PM] [indexing] -  Type: Hardhat
[Info  - 7:58:46 PM] [indexing]    Base path: /root
[Info  - 7:58:46 PM] [indexing]    Config file: /root/hardhat.config.js
[Info  - 7:58:46 PM] [indexing] -  Type: Hardhat
[Info  - 7:58:46 PM] [indexing]    Base path: /root/hardhat-simple-storage-fcc
[Info  - 7:58:46 PM] [indexing]    Config file: /root/hardhat-simple-storage-fcc/hardhat.config.js
[Info  - 7:58:46 PM] [indexing] Initializing /root/hardhat.config.js
[Info  - 7:58:47 PM] [root] Local HRE loaded
[Info  - 7:58:47 PM] [indexing] Done /root/hardhat.config.js
[Info  - 7:58:47 PM] [indexing] Initializing /root/hardhat-simple-storage-fcc/hardhat.config.js
[Info  - 7:58:48 PM] [hardhat-simple-storage-fcc] Local HRE loaded
[Info  - 7:58:48 PM] [indexing] Done /root/hardhat-simple-storage-fcc/hardhat.config.js
[Info  - 7:58:48 PM] [indexing] Scanning workspace folders for sol files
[Info  - 7:58:49 PM] [indexing] Scan complete, 989 sol files found
[Info  - 7:58:49 PM] [indexing] Analyzing 5 solidity files
