2023-03-19 20:59:40.335 [info] Extension host with pid 454 started
2023-03-19 20:59:40.347 [info] Lock '/root/.vscode-server/data/User/workspaceStorage/7357c8406dd7ab776bfe1fd154ad47e5/vscode.lock': Lock acquired.
2023-03-19 20:59:40.377 [info] ExtensionService#_doActivateExtension vscode.emmet, startup: false, activationEvent: 'onLanguage'
2023-03-19 20:59:40.378 [info] ExtensionService#_doActivateExtension vscode.typescript-language-features, startup: false, activationEvent: 'onLanguage:javascript'
2023-03-19 20:59:40.379 [info] ExtensionService#_doActivateExtension vscode.git-base, startup: true, activationEvent: '*', root cause: vscode.git
2023-03-19 20:59:40.483 [info] ExtensionService#_doActivateExtension vscode.npm, startup: true, activationEvent: 'workspaceContains:package.json'
2023-03-19 20:59:40.625 [info] ExtensionService#_doActivateExtension vscode.git, startup: true, activationEvent: '*'
2023-03-19 20:59:40.625 [info] ExtensionService#_doActivateExtension vscode.github, startup: true, activationEvent: '*'
2023-03-19 20:59:40.910 [info] ExtensionService#_doActivateExtension NomicFoundation.hardhat-solidity, startup: true, activationEvent: 'workspaceContains:**/hardhat.config.{ts,js},**/foundry.toml'
2023-03-19 20:59:41.756 [warning] [Decorations] CAPPING events from decorations provider vscode.git 1806
2023-03-19 20:59:42.081 [info] Eager extensions activated
2023-03-19 20:59:42.081 [info] ExtensionService#_doActivateExtension vscode.debug-auto-launch, startup: false, activationEvent: 'onStartupFinished'
2023-03-19 20:59:42.081 [info] ExtensionService#_doActivateExtension vscode.merge-conflict, startup: false, activationEvent: 'onStartupFinished'
2023-03-19 20:59:42.082 [info] ExtensionService#_doActivateExtension esbenp.prettier-vscode, startup: false, activationEvent: 'onStartupFinished'
2023-03-19 20:59:42.215 [warning] [Decorations] CAPPING events from decorations provider vscode.git 1811
2023-03-19 20:59:42.224 [info] ExtensionService#_doActivateExtension vscode.configuration-editing, startup: false, activationEvent: 'onLanguage:jsonc'
2023-03-19 20:59:42.225 [info] ExtensionService#_doActivateExtension vscode.json-language-features, startup: false, activationEvent: 'onLanguage:jsonc'
2023-03-19 20:59:42.579 [error] Error: Language client is not ready yet
	at LanguageClient2.sendNotification (/root/.vscode-server/extensions/nomicfoundation.hardhat-solidity-0.6.12/out/extension.js:1665:72906)
	at notifyTelemetryChanged (/root/.vscode-server/extensions/nomicfoundation.hardhat-solidity-0.6.12/out/extension.js:1671:14210)
	at f.invoke (/root/.vscode-server/bin/5e805b79fcb6ba4c2d23712967df89a089da575b/out/vs/workbench/api/node/extensionHostProcess.js:63:145)
	at m.deliver (/root/.vscode-server/bin/5e805b79fcb6ba4c2d23712967df89a089da575b/out/vs/workbench/api/node/extensionHostProcess.js:63:2066)
	at d.fire (/root/.vscode-server/bin/5e805b79fcb6ba4c2d23712967df89a089da575b/out/vs/workbench/api/node/extensionHostProcess.js:63:1704)
	at n.$acceptConfigurationChanged (/root/.vscode-server/bin/5e805b79fcb6ba4c2d23712967df89a089da575b/out/vs/workbench/api/node/extensionHostProcess.js:107:24436)
	at /root/.vscode-server/bin/5e805b79fcb6ba4c2d23712967df89a089da575b/out/vs/workbench/api/node/extensionHostProcess.js:107:23920
	at processTicksAndRejections (node:internal/process/task_queues:96:5)
2023-03-19 20:59:54.766 [warning] [Decorations] CAPPING events from decorations provider vscode.git 1818
2023-03-19 20:59:59.861 [warning] [Decorations] CAPPING events from decorations provider vscode.git 1808
2023-03-19 21:00:15.763 [warning] [Decorations] CAPPING events from decorations provider vscode.git 1808
2023-03-19 21:01:08.582 [warning] [Decorations] CAPPING events from decorations provider vscode.git 1808
2023-03-19 21:01:13.675 [warning] [Decorations] CAPPING events from decorations provider vscode.git 1808
2023-03-19 21:01:25.933 [warning] [Decorations] CAPPING events from decorations provider vscode.git 1808
2023-03-19 21:01:31.010 [warning] [Decorations] CAPPING events from decorations provider vscode.git 1808
2023-03-19 21:01:36.083 [warning] [Decorations] CAPPING events from decorations provider vscode.git 1808
2023-03-19 21:01:51.781 [warning] [Decorations] CAPPING events from decorations provider vscode.git 1808
2023-03-19 21:01:56.855 [warning] [Decorations] CAPPING events from decorations provider vscode.git 1808
2023-03-19 21:02:15.901 [warning] [Decorations] CAPPING events from decorations provider vscode.git 1808
2023-03-19 21:02:20.983 [warning] [Decorations] CAPPING events from decorations provider vscode.git 1808
2023-03-19 21:03:10.244 [warning] [Decorations] CAPPING events from decorations provider vscode.git 1808
2023-03-19 21:03:15.320 [warning] [Decorations] CAPPING events from decorations provider vscode.git 1808
2023-03-19 21:03:20.395 [warning] [Decorations] CAPPING events from decorations provider vscode.git 1808
2023-03-19 21:03:25.471 [warning] [Decorations] CAPPING events from decorations provider vscode.git 1808
2023-03-19 21:03:30.544 [warning] [Decorations] CAPPING events from decorations provider vscode.git 1808
2023-03-19 21:03:35.622 [warning] [Decorations] CAPPING events from decorations provider vscode.git 1808
2023-03-19 21:03:40.695 [warning] [Decorations] CAPPING events from decorations provider vscode.git 1808
2023-03-19 21:03:45.767 [warning] [Decorations] CAPPING events from decorations provider vscode.git 1808
2023-03-19 21:03:51.082 [warning] [Decorations] CAPPING events from decorations provider vscode.git 1808
2023-03-19 21:03:56.154 [warning] [Decorations] CAPPING events from decorations provider vscode.git 1808
2023-03-19 21:04:01.226 [warning] [Decorations] CAPPING events from decorations provider vscode.git 1808
2023-03-19 21:04:06.302 [warning] [Decorations] CAPPING events from decorations provider vscode.git 1809
2023-03-19 21:04:11.387 [warning] [Decorations] CAPPING events from decorations provider vscode.git 1809
2023-03-19 21:04:16.458 [warning] [Decorations] CAPPING events from decorations provider vscode.git 1809
2023-03-19 21:04:21.531 [warning] [Decorations] CAPPING events from decorations provider vscode.git 1809
2023-03-19 21:04:33.993 [warning] [Decorations] CAPPING events from decorations provider vscode.git 1809
2023-03-19 21:04:39.072 [warning] [Decorations] CAPPING events from decorations provider vscode.git 1809
2023-03-19 21:04:44.144 [warning] [Decorations] CAPPING events from decorations provider vscode.git 1809
2023-03-19 21:04:49.217 [warning] [Decorations] CAPPING events from decorations provider vscode.git 1809
2023-03-19 21:04:54.289 [warning] [Decorations] CAPPING events from decorations provider vscode.git 1809
2023-03-19 21:04:59.364 [warning] [Decorations] CAPPING events from decorations provider vscode.git 1809
2023-03-19 21:05:04.438 [warning] [Decorations] CAPPING events from decorations provider vscode.git 1809
2023-03-19 21:05:09.510 [warning] [Decorations] CAPPING events from decorations provider vscode.git 1809
2023-03-19 21:05:17.767 [warning] [Decorations] CAPPING events from decorations provider vscode.git 1809
2023-03-19 21:05:22.841 [warning] [Decorations] CAPPING events from decorations provider vscode.git 1809
2023-03-19 21:05:35.454 [warning] [Decorations] CAPPING events from decorations provider vscode.git 1809
2023-03-19 21:05:40.551 [warning] [Decorations] CAPPING events from decorations provider vscode.git 1809
2023-03-19 21:05:47.551 [warning] [Decorations] CAPPING events from decorations provider vscode.git 1810
2023-03-19 21:05:52.624 [warning] [Decorations] CAPPING events from decorations provider vscode.git 1810
2023-03-19 21:05:57.697 [warning] [Decorations] CAPPING events from decorations provider vscode.git 1810
2023-03-19 21:06:02.770 [warning] [Decorations] CAPPING events from decorations provider vscode.git 1810
2023-03-19 21:06:07.844 [warning] [Decorations] CAPPING events from decorations provider vscode.git 1810
2023-03-19 21:06:12.917 [warning] [Decorations] CAPPING events from decorations provider vscode.git 1810
2023-03-19 21:06:17.989 [warning] [Decorations] CAPPING events from decorations provider vscode.git 1810
2023-03-19 21:06:23.063 [warning] [Decorations] CAPPING events from decorations provider vscode.git 1810
2023-03-19 21:06:28.136 [warning] [Decorations] CAPPING events from decorations provider vscode.git 1810
2023-03-19 21:06:33.220 [warning] [Decorations] CAPPING events from decorations provider vscode.git 1810
2023-03-19 21:06:38.294 [warning] [Decorations] CAPPING events from decorations provider vscode.git 1810
2023-03-19 21:06:43.366 [warning] [Decorations] CAPPING events from decorations provider vscode.git 1810
2023-03-19 21:06:48.439 [warning] [Decorations] CAPPING events from decorations provider vscode.git 1810
2023-03-19 21:06:53.518 [warning] [Decorations] CAPPING events from decorations provider vscode.git 1810
2023-03-19 21:06:58.592 [warning] [Decorations] CAPPING events from decorations provider vscode.git 1810
2023-03-19 21:07:03.673 [warning] [Decorations] CAPPING events from decorations provider vscode.git 1810
2023-03-19 21:07:08.745 [warning] [Decorations] CAPPING events from decorations provider vscode.git 1810
2023-03-19 21:07:14.005 [warning] [Decorations] CAPPING events from decorations provider vscode.git 1810
2023-03-19 21:07:19.080 [warning] [Decorations] CAPPING events from decorations provider vscode.git 1810
2023-03-19 21:07:25.057 [warning] [Decorations] CAPPING events from decorations provider vscode.git 1810
2023-03-19 21:07:30.129 [warning] [Decorations] CAPPING events from decorations provider vscode.git 1810
2023-03-19 21:07:38.123 [warning] [Decorations] CAPPING events from decorations provider vscode.git 1810
2023-03-19 21:07:43.196 [warning] [Decorations] CAPPING events from decorations provider vscode.git 1810
2023-03-19 21:07:49.002 [warning] [Decorations] CAPPING events from decorations provider vscode.git 1810
2023-03-19 21:07:54.076 [warning] [Decorations] CAPPING events from decorations provider vscode.git 1810
2023-03-19 21:07:59.151 [warning] [Decorations] CAPPING events from decorations provider vscode.git 1810
2023-03-19 21:08:04.452 [warning] [Decorations] CAPPING events from decorations provider vscode.git 1810
2023-03-19 21:08:09.532 [warning] [Decorations] CAPPING events from decorations provider vscode.git 1810
2023-03-19 21:08:14.605 [warning] [Decorations] CAPPING events from decorations provider vscode.git 1811
2023-03-19 21:08:19.690 [warning] [Decorations] CAPPING events from decorations provider vscode.git 1811
2023-03-19 21:08:32.577 [warning] [Decorations] CAPPING events from decorations provider vscode.git 1811
2023-03-19 21:08:37.650 [warning] [Decorations] CAPPING events from decorations provider vscode.git 1811
2023-03-19 21:08:42.725 [warning] [Decorations] CAPPING events from decorations provider vscode.git 1812
2023-03-19 21:08:47.809 [warning] [Decorations] CAPPING events from decorations provider vscode.git 1812
2023-03-19 21:09:07.209 [warning] [Decorations] CAPPING events from decorations provider vscode.git 1812
2023-03-19 21:09:12.282 [warning] [Decorations] CAPPING events from decorations provider vscode.git 1812
2023-03-19 21:09:17.355 [warning] [Decorations] CAPPING events from decorations provider vscode.git 1812
2023-03-19 21:09:55.451 [warning] [Decorations] CAPPING events from decorations provider vscode.git 1812
2023-03-19 21:10:32.159 [warning] [Decorations] CAPPING events from decorations provider vscode.git 1812
2023-03-19 21:10:37.235 [warning] [Decorations] CAPPING events from decorations provider vscode.git 1813
2023-03-19 21:10:42.310 [warning] [Decorations] CAPPING events from decorations provider vscode.git 1813
2023-03-19 21:10:47.381 [warning] [Decorations] CAPPING events from decorations provider vscode.git 1813
2023-03-19 21:10:52.454 [warning] [Decorations] CAPPING events from decorations provider vscode.git 1813
2023-03-19 21:10:57.527 [warning] [Decorations] CAPPING events from decorations provider vscode.git 1813
2023-03-19 21:11:02.597 [warning] [Decorations] CAPPING events from decorations provider vscode.git 1813
2023-03-19 21:11:08.196 [warning] [Decorations] CAPPING events from decorations provider vscode.git 1813
2023-03-19 21:11:13.267 [warning] [Decorations] CAPPING events from decorations provider vscode.git 1813
2023-03-19 21:11:18.340 [warning] [Decorations] CAPPING events from decorations provider vscode.git 1813
2023-03-19 21:11:23.413 [warning] [Decorations] CAPPING events from decorations provider vscode.git 1813
2023-03-19 21:11:36.460 [warning] [Decorations] CAPPING events from decorations provider vscode.git 1813
2023-03-19 21:12:12.642 [warning] [Decorations] CAPPING events from decorations provider vscode.git 1813
2023-03-19 21:12:17.720 [warning] [Decorations] CAPPING events from decorations provider vscode.git 1813
2023-03-19 21:12:22.794 [warning] [Decorations] CAPPING events from decorations provider vscode.git 1813
2023-03-19 21:12:27.871 [warning] [Decorations] CAPPING events from decorations provider vscode.git 1813
2023-03-19 21:12:32.943 [warning] [Decorations] CAPPING events from decorations provider vscode.git 1813
2023-03-19 21:12:38.019 [warning] [Decorations] CAPPING events from decorations provider vscode.git 1813
2023-03-19 21:12:43.091 [warning] [Decorations] CAPPING events from decorations provider vscode.git 1813
2023-03-19 21:12:48.163 [warning] [Decorations] CAPPING events from decorations provider vscode.git 1813
2023-03-19 21:12:53.237 [warning] [Decorations] CAPPING events from decorations provider vscode.git 1813
2023-03-19 21:12:58.311 [warning] [Decorations] CAPPING events from decorations provider vscode.git 1813
2023-03-19 21:13:03.385 [warning] [Decorations] CAPPING events from decorations provider vscode.git 1813
2023-03-19 21:13:08.461 [warning] [Decorations] CAPPING events from decorations provider vscode.git 1813
2023-03-19 21:13:13.535 [warning] [Decorations] CAPPING events from decorations provider vscode.git 1813
2023-03-19 21:13:18.606 [warning] [Decorations] CAPPING events from decorations provider vscode.git 1813
2023-03-19 21:13:23.679 [warning] [Decorations] CAPPING events from decorations provider vscode.git 1813
2023-03-19 21:13:28.751 [warning] [Decorations] CAPPING events from decorations provider vscode.git 1813
2023-03-19 21:13:33.824 [warning] [Decorations] CAPPING events from decorations provider vscode.git 1813
2023-03-19 21:13:38.897 [warning] [Decorations] CAPPING events from decorations provider vscode.git 1813
2023-03-19 21:13:43.969 [warning] [Decorations] CAPPING events from decorations provider vscode.git 1813
2023-03-19 21:13:49.043 [warning] [Decorations] CAPPING events from decorations provider vscode.git 1813
2023-03-19 21:13:54.116 [warning] [Decorations] CAPPING events from decorations provider vscode.git 1813
2023-03-19 21:13:59.199 [warning] [Decorations] CAPPING events from decorations provider vscode.git 1813
2023-03-19 21:14:04.275 [warning] [Decorations] CAPPING events from decorations provider vscode.git 1813
2023-03-19 21:14:09.348 [warning] [Decorations] CAPPING events from decorations provider vscode.git 1813
2023-03-19 21:14:55.953 [warning] [Decorations] CAPPING events from decorations provider vscode.git 1814
2023-03-19 21:15:01.037 [warning] [Decorations] CAPPING events from decorations provider vscode.git 1814
2023-03-19 21:15:06.111 [warning] [Decorations] CAPPING events from decorations provider vscode.git 1814
2023-03-19 21:15:16.568 [warning] [Decorations] CAPPING events from decorations provider vscode.git 1816
2023-03-19 21:15:21.639 [warning] [Decorations] CAPPING events from decorations provider vscode.git 1817
2023-03-19 21:15:26.718 [warning] [Decorations] CAPPING events from decorations provider vscode.git 1817
2023-03-19 21:15:31.791 [warning] [Decorations] CAPPING events from decorations provider vscode.git 1817
2023-03-19 21:15:36.864 [warning] [Decorations] CAPPING events from decorations provider vscode.git 1817
2023-03-19 21:15:41.938 [warning] [Decorations] CAPPING events from decorations provider vscode.git 1817
2023-03-19 21:15:47.011 [warning] [Decorations] CAPPING events from decorations provider vscode.git 1817
2023-03-19 21:15:52.083 [warning] [Decorations] CAPPING events from decorations provider vscode.git 1817
2023-03-19 21:15:57.159 [warning] [Decorations] CAPPING events from decorations provider vscode.git 1817
2023-03-19 21:16:02.234 [warning] [Decorations] CAPPING events from decorations provider vscode.git 1817
2023-03-19 21:16:08.308 [warning] [Decorations] CAPPING events from decorations provider vscode.git 1817
2023-03-19 21:16:13.380 [warning] [Decorations] CAPPING events from decorations provider vscode.git 1817
2023-03-19 21:16:18.452 [warning] [Decorations] CAPPING events from decorations provider vscode.git 1817
2023-03-19 21:16:23.525 [warning] [Decorations] CAPPING events from decorations provider vscode.git 1817
2023-03-19 21:16:32.096 [warning] [Decorations] CAPPING events from decorations provider vscode.git 1817
2023-03-19 21:16:37.171 [warning] [Decorations] CAPPING events from decorations provider vscode.git 1817
2023-03-19 21:16:42.246 [warning] [Decorations] CAPPING events from decorations provider vscode.git 1817
2023-03-19 21:16:47.324 [warning] [Decorations] CAPPING events from decorations provider vscode.git 1817
2023-03-19 21:16:57.865 [warning] [Decorations] CAPPING events from decorations provider vscode.git 1817
2023-03-19 21:17:02.940 [warning] [Decorations] CAPPING events from decorations provider vscode.git 1817
2023-03-19 21:17:08.849 [warning] [Decorations] CAPPING events from decorations provider vscode.git 1818
2023-03-19 21:17:13.923 [warning] [Decorations] CAPPING events from decorations provider vscode.git 1818
2023-03-19 21:17:18.995 [warning] [Decorations] CAPPING events from decorations provider vscode.git 1818
2023-03-19 21:17:24.854 [warning] [Decorations] CAPPING events from decorations provider vscode.git 1818
2023-03-19 21:17:29.926 [warning] [Decorations] CAPPING events from decorations provider vscode.git 1818
2023-03-19 21:17:34.997 [warning] [Decorations] CAPPING events from decorations provider vscode.git 1818
2023-03-19 21:19:18.960 [warning] [Decorations] CAPPING events from decorations provider vscode.git 1818
2023-03-19 21:19:24.044 [warning] [Decorations] CAPPING events from decorations provider vscode.git 1818
2023-03-19 21:19:59.792 [warning] [Decorations] CAPPING events from decorations provider vscode.git 1818
2023-03-19 21:20:04.867 [warning] [Decorations] CAPPING events from decorations provider vscode.git 1818
2023-03-19 21:20:09.947 [warning] [Decorations] CAPPING events from decorations provider vscode.git 1818
2023-03-19 21:24:13.524 [warning] [Decorations] CAPPING events from decorations provider vscode.git 1818
2023-03-19 21:24:18.597 [warning] [Decorations] CAPPING events from decorations provider vscode.git 1818
2023-03-19 21:24:23.674 [warning] [Decorations] CAPPING events from decorations provider vscode.git 1818
2023-03-19 21:24:30.138 [warning] [Decorations] CAPPING events from decorations provider vscode.git 1818
2023-03-19 21:24:35.214 [warning] [Decorations] CAPPING events from decorations provider vscode.git 1818
2023-03-19 21:24:40.286 [warning] [Decorations] CAPPING events from decorations provider vscode.git 1818
2023-03-19 21:24:45.359 [warning] [Decorations] CAPPING events from decorations provider vscode.git 1818
2023-03-19 21:24:50.440 [warning] [Decorations] CAPPING events from decorations provider vscode.git 1818
2023-03-19 21:24:55.515 [warning] [Decorations] CAPPING events from decorations provider vscode.git 1818
2023-03-19 21:25:00.595 [warning] [Decorations] CAPPING events from decorations provider vscode.git 1818
2023-03-19 21:25:05.669 [warning] [Decorations] CAPPING events from decorations provider vscode.git 1818
2023-03-19 21:25:10.741 [warning] [Decorations] CAPPING events from decorations provider vscode.git 1818
2023-03-19 21:25:15.815 [warning] [Decorations] CAPPING events from decorations provider vscode.git 1818
2023-03-19 21:25:20.896 [warning] [Decorations] CAPPING events from decorations provider vscode.git 1818
2023-03-19 21:25:46.495 [warning] [Decorations] CAPPING events from decorations provider vscode.git 1818
2023-03-19 21:25:51.567 [warning] [Decorations] CAPPING events from decorations provider vscode.git 1818
2023-03-19 21:25:56.646 [warning] [Decorations] CAPPING events from decorations provider vscode.git 1818
2023-03-19 21:26:01.719 [warning] [Decorations] CAPPING events from decorations provider vscode.git 1818
2023-03-19 21:26:06.793 [warning] [Decorations] CAPPING events from decorations provider vscode.git 1818
2023-03-19 21:26:11.865 [warning] [Decorations] CAPPING events from decorations provider vscode.git 1818
2023-03-19 21:26:16.939 [warning] [Decorations] CAPPING events from decorations provider vscode.git 1818
2023-03-19 21:26:22.011 [warning] [Decorations] CAPPING events from decorations provider vscode.git 1818
2023-03-19 21:26:27.084 [warning] [Decorations] CAPPING events from decorations provider vscode.git 1818
2023-03-19 21:26:32.164 [warning] [Decorations] CAPPING events from decorations provider vscode.git 1818
2023-03-19 21:26:37.236 [warning] [Decorations] CAPPING events from decorations provider vscode.git 1818
2023-03-19 21:26:42.311 [warning] [Decorations] CAPPING events from decorations provider vscode.git 1818
2023-03-19 21:26:47.385 [warning] [Decorations] CAPPING events from decorations provider vscode.git 1818
2023-03-19 21:26:52.459 [warning] [Decorations] CAPPING events from decorations provider vscode.git 1818
2023-03-19 21:26:57.533 [warning] [Decorations] CAPPING events from decorations provider vscode.git 1818
2023-03-19 21:27:02.605 [warning] [Decorations] CAPPING events from decorations provider vscode.git 1818
2023-03-19 21:27:07.682 [warning] [Decorations] CAPPING events from decorations provider vscode.git 1818
2023-03-19 21:27:12.754 [warning] [Decorations] CAPPING events from decorations provider vscode.git 1818
2023-03-19 21:27:17.828 [warning] [Decorations] CAPPING events from decorations provider vscode.git 1818
2023-03-19 21:27:22.911 [warning] [Decorations] CAPPING events from decorations provider vscode.git 1818
2023-03-19 21:27:27.983 [warning] [Decorations] CAPPING events from decorations provider vscode.git 1818
2023-03-19 21:27:33.057 [warning] [Decorations] CAPPING events from decorations provider vscode.git 1818
2023-03-19 21:27:38.131 [warning] [Decorations] CAPPING events from decorations provider vscode.git 1818
2023-03-19 21:27:43.202 [warning] [Decorations] CAPPING events from decorations provider vscode.git 1818
2023-03-19 21:27:48.275 [warning] [Decorations] CAPPING events from decorations provider vscode.git 1818
2023-03-19 21:27:53.352 [warning] [Decorations] CAPPING events from decorations provider vscode.git 1818
2023-03-19 21:27:58.424 [warning] [Decorations] CAPPING events from decorations provider vscode.git 1818
2023-03-19 21:28:03.498 [warning] [Decorations] CAPPING events from decorations provider vscode.git 1818
2023-03-19 21:28:08.571 [warning] [Decorations] CAPPING events from decorations provider vscode.git 1818
2023-03-19 21:28:13.652 [warning] [Decorations] CAPPING events from decorations provider vscode.git 1818
2023-03-19 21:28:18.727 [warning] [Decorations] CAPPING events from decorations provider vscode.git 1818
2023-03-19 21:28:23.799 [warning] [Decorations] CAPPING events from decorations provider vscode.git 1818
2023-03-19 21:28:28.872 [warning] [Decorations] CAPPING events from decorations provider vscode.git 1818
2023-03-19 21:28:33.946 [warning] [Decorations] CAPPING events from decorations provider vscode.git 1818
2023-03-19 21:28:39.019 [warning] [Decorations] CAPPING events from decorations provider vscode.git 1818
2023-03-19 21:29:11.602 [warning] [Decorations] CAPPING events from decorations provider vscode.git 1818
2023-03-19 21:29:16.677 [warning] [Decorations] CAPPING events from decorations provider vscode.git 1818
2023-03-19 21:29:22.365 [warning] [Decorations] CAPPING events from decorations provider vscode.git 1818
2023-03-19 21:29:27.441 [warning] [Decorations] CAPPING events from decorations provider vscode.git 1818
2023-03-19 21:29:32.513 [warning] [Decorations] CAPPING events from decorations provider vscode.git 1818
2023-03-19 21:29:37.586 [warning] [Decorations] CAPPING events from decorations provider vscode.git 1818
2023-03-19 21:29:42.659 [warning] [Decorations] CAPPING events from decorations provider vscode.git 1818
2023-03-19 21:29:47.732 [warning] [Decorations] CAPPING events from decorations provider vscode.git 1818
2023-03-19 21:29:52.803 [warning] [Decorations] CAPPING events from decorations provider vscode.git 1818
2023-03-19 21:29:57.878 [warning] [Decorations] CAPPING events from decorations provider vscode.git 1818
2023-03-19 21:30:09.995 [warning] [Decorations] CAPPING events from decorations provider vscode.git 1818
2023-03-19 21:30:15.068 [warning] [Decorations] CAPPING events from decorations provider vscode.git 1818
2023-03-19 21:30:59.473 [warning] [Decorations] CAPPING events from decorations provider vscode.git 1818
2023-03-19 21:31:04.546 [warning] [Decorations] CAPPING events from decorations provider vscode.git 1818
2023-03-19 21:31:09.618 [warning] [Decorations] CAPPING events from decorations provider vscode.git 1818
2023-03-19 21:31:14.694 [warning] [Decorations] CAPPING events from decorations provider vscode.git 1818
2023-03-19 21:31:19.767 [warning] [Decorations] CAPPING events from decorations provider vscode.git 1818
2023-03-19 21:31:24.842 [warning] [Decorations] CAPPING events from decorations provider vscode.git 1818
2023-03-19 21:31:29.923 [warning] [Decorations] CAPPING events from decorations provider vscode.git 1818
2023-03-19 21:31:34.995 [warning] [Decorations] CAPPING events from decorations provider vscode.git 1818
2023-03-19 21:31:40.070 [warning] [Decorations] CAPPING events from decorations provider vscode.git 1818
2023-03-19 21:31:45.144 [warning] [Decorations] CAPPING events from decorations provider vscode.git 1818
2023-03-19 21:31:50.217 [warning] [Decorations] CAPPING events from decorations provider vscode.git 1818
2023-03-19 21:31:55.290 [warning] [Decorations] CAPPING events from decorations provider vscode.git 1818
2023-03-19 21:32:33.644 [warning] [Decorations] CAPPING events from decorations provider vscode.git 1818
2023-03-19 21:32:38.717 [warning] [Decorations] CAPPING events from decorations provider vscode.git 1818
2023-03-19 21:32:43.795 [warning] [Decorations] CAPPING events from decorations provider vscode.git 1818
2023-03-19 21:33:02.178 [warning] [Decorations] CAPPING events from decorations provider vscode.git 1818
2023-03-19 21:33:07.252 [warning] [Decorations] CAPPING events from decorations provider vscode.git 1818
2023-03-19 21:33:12.653 [warning] [Decorations] CAPPING events from decorations provider vscode.git 1818
2023-03-19 21:34:14.465 [warning] [Decorations] CAPPING events from decorations provider vscode.git 1818
2023-03-19 21:34:19.540 [warning] [Decorations] CAPPING events from decorations provider vscode.git 1818
2023-03-19 21:34:24.614 [warning] [Decorations] CAPPING events from decorations provider vscode.git 1818
2023-03-19 21:34:29.687 [warning] [Decorations] CAPPING events from decorations provider vscode.git 1818
2023-03-19 21:34:34.763 [warning] [Decorations] CAPPING events from decorations provider vscode.git 1818
2023-03-19 21:34:39.837 [warning] [Decorations] CAPPING events from decorations provider vscode.git 1818
2023-03-19 21:34:44.909 [warning] [Decorations] CAPPING events from decorations provider vscode.git 1818
2023-03-19 21:34:49.981 [warning] [Decorations] CAPPING events from decorations provider vscode.git 1818
2023-03-19 21:34:55.054 [warning] [Decorations] CAPPING events from decorations provider vscode.git 1818
2023-03-19 21:35:00.126 [warning] [Decorations] CAPPING events from decorations provider vscode.git 1818
2023-03-19 21:35:05.199 [warning] [Decorations] CAPPING events from decorations provider vscode.git 1819
2023-03-19 21:35:13.721 [warning] [Decorations] CAPPING events from decorations provider vscode.git 1819
2023-03-19 21:35:18.820 [warning] [Decorations] CAPPING events from decorations provider vscode.git 1819
2023-03-19 21:35:23.892 [warning] [Decorations] CAPPING events from decorations provider vscode.git 1819
2023-03-19 21:35:28.966 [warning] [Decorations] CAPPING events from decorations provider vscode.git 1819
2023-03-19 21:35:34.039 [warning] [Decorations] CAPPING events from decorations provider vscode.git 1819
2023-03-19 21:35:39.112 [warning] [Decorations] CAPPING events from decorations provider vscode.git 1819
2023-03-19 21:35:44.186 [warning] [Decorations] CAPPING events from decorations provider vscode.git 1819
2023-03-19 21:35:49.266 [warning] [Decorations] CAPPING events from decorations provider vscode.git 1819
2023-03-19 21:35:54.338 [warning] [Decorations] CAPPING events from decorations provider vscode.git 1819
2023-03-19 21:35:59.412 [warning] [Decorations] CAPPING events from decorations provider vscode.git 1819
2023-03-19 21:36:04.485 [warning] [Decorations] CAPPING events from decorations provider vscode.git 1819
2023-03-19 21:36:09.557 [warning] [Decorations] CAPPING events from decorations provider vscode.git 1819
2023-03-19 21:36:14.629 [warning] [Decorations] CAPPING events from decorations provider vscode.git 1819
2023-03-19 21:36:19.705 [warning] [Decorations] CAPPING events from decorations provider vscode.git 1819
2023-03-19 21:36:24.777 [warning] [Decorations] CAPPING events from decorations provider vscode.git 1819
2023-03-19 21:36:29.851 [warning] [Decorations] CAPPING events from decorations provider vscode.git 1819
2023-03-19 21:36:34.923 [warning] [Decorations] CAPPING events from decorations provider vscode.git 1819
2023-03-19 21:36:39.994 [warning] [Decorations] CAPPING events from decorations provider vscode.git 1819
2023-03-19 21:36:45.070 [warning] [Decorations] CAPPING events from decorations provider vscode.git 1819
2023-03-19 21:36:50.148 [warning] [Decorations] CAPPING events from decorations provider vscode.git 1819
2023-03-19 21:36:55.221 [warning] [Decorations] CAPPING events from decorations provider vscode.git 1819
2023-03-19 21:37:00.294 [warning] [Decorations] CAPPING events from decorations provider vscode.git 1819
2023-03-19 21:37:05.366 [warning] [Decorations] CAPPING events from decorations provider vscode.git 1819
2023-03-19 21:37:10.441 [warning] [Decorations] CAPPING events from decorations provider vscode.git 1819
2023-03-19 21:37:15.513 [warning] [Decorations] CAPPING events from decorations provider vscode.git 1819
2023-03-19 21:37:20.586 [warning] [Decorations] CAPPING events from decorations provider vscode.git 1819
2023-03-19 21:37:25.660 [warning] [Decorations] CAPPING events from decorations provider vscode.git 1819
2023-03-19 21:37:30.732 [warning] [Decorations] CAPPING events from decorations provider vscode.git 1819
2023-03-19 21:37:35.806 [warning] [Decorations] CAPPING events from decorations provider vscode.git 1819
2023-03-19 21:37:40.878 [warning] [Decorations] CAPPING events from decorations provider vscode.git 1819
2023-03-19 21:37:45.952 [warning] [Decorations] CAPPING events from decorations provider vscode.git 1819
2023-03-19 21:37:51.024 [warning] [Decorations] CAPPING events from decorations provider vscode.git 1819
2023-03-19 21:37:56.098 [warning] [Decorations] CAPPING events from decorations provider vscode.git 1819
2023-03-19 21:38:01.171 [warning] [Decorations] CAPPING events from decorations provider vscode.git 1819
2023-03-19 21:38:06.244 [warning] [Decorations] CAPPING events from decorations provider vscode.git 1819
2023-03-19 21:38:11.317 [warning] [Decorations] CAPPING events from decorations provider vscode.git 1819
2023-03-19 21:38:16.390 [warning] [Decorations] CAPPING events from decorations provider vscode.git 1819
2023-03-19 21:38:21.465 [warning] [Decorations] CAPPING events from decorations provider vscode.git 1819
2023-03-19 21:38:26.538 [warning] [Decorations] CAPPING events from decorations provider vscode.git 1819
2023-03-19 21:38:31.613 [warning] [Decorations] CAPPING events from decorations provider vscode.git 1819
2023-03-19 21:38:36.686 [warning] [Decorations] CAPPING events from decorations provider vscode.git 1819
2023-03-19 21:38:41.760 [warning] [Decorations] CAPPING events from decorations provider vscode.git 1819
2023-03-19 21:38:46.833 [warning] [Decorations] CAPPING events from decorations provider vscode.git 1819
2023-03-19 21:38:51.905 [warning] [Decorations] CAPPING events from decorations provider vscode.git 1819
2023-03-19 21:38:56.979 [warning] [Decorations] CAPPING events from decorations provider vscode.git 1819
2023-03-19 21:39:02.054 [warning] [Decorations] CAPPING events from decorations provider vscode.git 1819
2023-03-19 21:39:07.128 [warning] [Decorations] CAPPING events from decorations provider vscode.git 1819
2023-03-19 21:39:12.202 [warning] [Decorations] CAPPING events from decorations provider vscode.git 1819
2023-03-19 21:39:17.276 [warning] [Decorations] CAPPING events from decorations provider vscode.git 1819
2023-03-19 21:39:22.349 [warning] [Decorations] CAPPING events from decorations provider vscode.git 1819
2023-03-19 21:39:27.422 [warning] [Decorations] CAPPING events from decorations provider vscode.git 1819
2023-03-19 21:39:32.497 [warning] [Decorations] CAPPING events from decorations provider vscode.git 1819
2023-03-19 21:39:37.568 [warning] [Decorations] CAPPING events from decorations provider vscode.git 1819
2023-03-19 21:39:42.641 [warning] [Decorations] CAPPING events from decorations provider vscode.git 1819
2023-03-19 21:39:47.716 [warning] [Decorations] CAPPING events from decorations provider vscode.git 1819
2023-03-19 21:39:52.786 [warning] [Decorations] CAPPING events from decorations provider vscode.git 1819
2023-03-19 21:39:57.861 [warning] [Decorations] CAPPING events from decorations provider vscode.git 1819
2023-03-19 21:40:02.935 [warning] [Decorations] CAPPING events from decorations provider vscode.git 1819
2023-03-19 21:40:08.008 [warning] [Decorations] CAPPING events from decorations provider vscode.git 1819
2023-03-19 21:40:13.081 [warning] [Decorations] CAPPING events from decorations provider vscode.git 1819
2023-03-19 21:40:18.154 [warning] [Decorations] CAPPING events from decorations provider vscode.git 1819
2023-03-19 21:40:23.227 [warning] [Decorations] CAPPING events from decorations provider vscode.git 1819
2023-03-19 21:40:28.301 [warning] [Decorations] CAPPING events from decorations provider vscode.git 1819
2023-03-19 21:40:33.378 [warning] [Decorations] CAPPING events from decorations provider vscode.git 1819
2023-03-19 21:40:38.452 [warning] [Decorations] CAPPING events from decorations provider vscode.git 1819
2023-03-19 21:40:43.534 [warning] [Decorations] CAPPING events from decorations provider vscode.git 1819
2023-03-19 21:40:48.606 [warning] [Decorations] CAPPING events from decorations provider vscode.git 1819
2023-03-19 21:40:53.680 [warning] [Decorations] CAPPING events from decorations provider vscode.git 1819
2023-03-19 21:40:58.754 [warning] [Decorations] CAPPING events from decorations provider vscode.git 1819
2023-03-19 21:41:03.825 [warning] [Decorations] CAPPING events from decorations provider vscode.git 1819
2023-03-19 21:41:08.897 [warning] [Decorations] CAPPING events from decorations provider vscode.git 1819
2023-03-19 21:41:13.976 [warning] [Decorations] CAPPING events from decorations provider vscode.git 1819
2023-03-19 21:41:19.047 [warning] [Decorations] CAPPING events from decorations provider vscode.git 1819
2023-03-19 21:41:24.121 [warning] [Decorations] CAPPING events from decorations provider vscode.git 1819
2023-03-19 21:41:29.192 [warning] [Decorations] CAPPING events from decorations provider vscode.git 1819
2023-03-19 21:42:36.111 [warning] [Decorations] CAPPING events from decorations provider vscode.git 1819
2023-03-19 21:42:41.191 [warning] [Decorations] CAPPING events from decorations provider vscode.git 1819
2023-03-19 21:42:46.273 [warning] [Decorations] CAPPING events from decorations provider vscode.git 1819
2023-03-19 21:42:51.347 [warning] [Decorations] CAPPING events from decorations provider vscode.git 1819
2023-03-19 21:42:56.421 [warning] [Decorations] CAPPING events from decorations provider vscode.git 1819
2023-03-19 21:43:01.494 [warning] [Decorations] CAPPING events from decorations provider vscode.git 1819
2023-03-19 21:43:06.567 [warning] [Decorations] CAPPING events from decorations provider vscode.git 1819
2023-03-19 21:43:11.643 [warning] [Decorations] CAPPING events from decorations provider vscode.git 1819
2023-03-19 21:43:16.722 [warning] [Decorations] CAPPING events from decorations provider vscode.git 1819
2023-03-19 21:43:21.794 [warning] [Decorations] CAPPING events from decorations provider vscode.git 1819
2023-03-19 21:43:26.866 [warning] [Decorations] CAPPING events from decorations provider vscode.git 1819
2023-03-19 21:43:31.940 [warning] [Decorations] CAPPING events from decorations provider vscode.git 1819
2023-03-19 21:43:37.015 [warning] [Decorations] CAPPING events from decorations provider vscode.git 1819
2023-03-19 21:43:42.088 [warning] [Decorations] CAPPING events from decorations provider vscode.git 1819
2023-03-19 21:43:47.161 [warning] [Decorations] CAPPING events from decorations provider vscode.git 1819
2023-03-19 21:43:52.232 [warning] [Decorations] CAPPING events from decorations provider vscode.git 1819
2023-03-19 21:43:57.306 [warning] [Decorations] CAPPING events from decorations provider vscode.git 1819
2023-03-19 21:44:02.379 [warning] [Decorations] CAPPING events from decorations provider vscode.git 1819
2023-03-19 21:44:07.453 [warning] [Decorations] CAPPING events from decorations provider vscode.git 1819
2023-03-19 21:44:12.528 [warning] [Decorations] CAPPING events from decorations provider vscode.git 1819
2023-03-19 21:44:17.613 [warning] [Decorations] CAPPING events from decorations provider vscode.git 1819
2023-03-19 21:44:22.687 [warning] [Decorations] CAPPING events from decorations provider vscode.git 1819
2023-03-19 21:44:27.761 [warning] [Decorations] CAPPING events from decorations provider vscode.git 1819
2023-03-19 21:44:32.833 [warning] [Decorations] CAPPING events from decorations provider vscode.git 1819
2023-03-19 21:44:37.905 [warning] [Decorations] CAPPING events from decorations provider vscode.git 1819
2023-03-19 21:44:42.978 [warning] [Decorations] CAPPING events from decorations provider vscode.git 1819
2023-03-19 21:44:48.058 [warning] [Decorations] CAPPING events from decorations provider vscode.git 1819
2023-03-19 21:44:53.130 [warning] [Decorations] CAPPING events from decorations provider vscode.git 1819
2023-03-19 21:44:58.204 [warning] [Decorations] CAPPING events from decorations provider vscode.git 1819
2023-03-19 21:45:03.278 [warning] [Decorations] CAPPING events from decorations provider vscode.git 1819
2023-03-19 21:45:08.351 [warning] [Decorations] CAPPING events from decorations provider vscode.git 1819
2023-03-19 21:45:13.425 [warning] [Decorations] CAPPING events from decorations provider vscode.git 1819
2023-03-19 21:45:18.505 [warning] [Decorations] CAPPING events from decorations provider vscode.git 1819
2023-03-19 21:45:23.578 [warning] [Decorations] CAPPING events from decorations provider vscode.git 1819
2023-03-19 21:45:28.655 [warning] [Decorations] CAPPING events from decorations provider vscode.git 1819
2023-03-19 21:45:33.728 [warning] [Decorations] CAPPING events from decorations provider vscode.git 1819
2023-03-19 21:45:38.802 [warning] [Decorations] CAPPING events from decorations provider vscode.git 1819
2023-03-19 21:45:43.874 [warning] [Decorations] CAPPING events from decorations provider vscode.git 1819
2023-03-19 21:45:48.958 [warning] [Decorations] CAPPING events from decorations provider vscode.git 1819
2023-03-19 21:45:54.029 [warning] [Decorations] CAPPING events from decorations provider vscode.git 1819
2023-03-19 21:45:59.104 [warning] [Decorations] CAPPING events from decorations provider vscode.git 1819
2023-03-19 21:46:04.429 [warning] [Decorations] CAPPING events from decorations provider vscode.git 1819
2023-03-19 21:46:09.503 [warning] [Decorations] CAPPING events from decorations provider vscode.git 1819
2023-03-19 21:46:14.576 [warning] [Decorations] CAPPING events from decorations provider vscode.git 1819
2023-03-19 21:46:19.657 [warning] [Decorations] CAPPING events from decorations provider vscode.git 1819
2023-03-19 21:46:24.729 [warning] [Decorations] CAPPING events from decorations provider vscode.git 1819
2023-03-19 21:46:29.803 [warning] [Decorations] CAPPING events from decorations provider vscode.git 1819
2023-03-19 21:46:34.876 [warning] [Decorations] CAPPING events from decorations provider vscode.git 1819
2023-03-19 21:46:39.950 [warning] [Decorations] CAPPING events from decorations provider vscode.git 1819
2023-03-19 21:46:45.023 [warning] [Decorations] CAPPING events from decorations provider vscode.git 1819
2023-03-19 21:46:50.104 [warning] [Decorations] CAPPING events from decorations provider vscode.git 1819
2023-03-19 21:46:55.179 [warning] [Decorations] CAPPING events from decorations provider vscode.git 1819
2023-03-19 21:47:00.252 [warning] [Decorations] CAPPING events from decorations provider vscode.git 1819
2023-03-19 21:47:05.324 [warning] [Decorations] CAPPING events from decorations provider vscode.git 1819
2023-03-19 21:47:10.397 [warning] [Decorations] CAPPING events from decorations provider vscode.git 1819
2023-03-19 21:47:15.470 [warning] [Decorations] CAPPING events from decorations provider vscode.git 1819
2023-03-19 21:47:20.551 [warning] [Decorations] CAPPING events from decorations provider vscode.git 1819
2023-03-19 21:47:25.625 [warning] [Decorations] CAPPING events from decorations provider vscode.git 1819
2023-03-19 21:47:30.939 [warning] [Decorations] CAPPING events from decorations provider vscode.git 1819
2023-03-19 21:47:36.012 [warning] [Decorations] CAPPING events from decorations provider vscode.git 1819
2023-03-19 21:47:41.084 [warning] [Decorations] CAPPING events from decorations provider vscode.git 1819
2023-03-19 21:47:46.159 [warning] [Decorations] CAPPING events from decorations provider vscode.git 1819
2023-03-19 21:47:51.240 [warning] [Decorations] CAPPING events from decorations provider vscode.git 1819
2023-03-19 21:49:50.251 [warning] [Decorations] CAPPING events from decorations provider vscode.git 1819
2023-03-19 21:50:18.254 [warning] [Decorations] CAPPING events from decorations provider vscode.git 1819
2023-03-19 21:50:23.331 [warning] [Decorations] CAPPING events from decorations provider vscode.git 1819
2023-03-19 21:50:52.391 [warning] [Decorations] CAPPING events from decorations provider vscode.git 1819
2023-03-19 21:50:54.055 [info] Extension host terminating: received terminate message from renderer
2023-03-19 21:50:54.056 [info] Lock '/root/.vscode-server/data/User/workspaceStorage/7357c8406dd7ab776bfe1fd154ad47e5/vscode.lock': Marking the lockfile as scheduled to be released in 6000 ms.
2023-03-19 21:50:54.074 [error] Canceled: Canceled
	at new l (/root/.vscode-server/bin/5e805b79fcb6ba4c2d23712967df89a089da575b/out/vs/workbench/api/node/extensionHostProcess.js:96:88793)
	at a.O (/root/.vscode-server/bin/5e805b79fcb6ba4c2d23712967df89a089da575b/out/vs/workbench/api/node/extensionHostProcess.js:106:11260)
	at Proxy.V.<computed>.Q.charCodeAt.V.<computed> (/root/.vscode-server/bin/5e805b79fcb6ba4c2d23712967df89a089da575b/out/vs/workbench/api/node/extensionHostProcess.js:106:8550)
	at c.g (/root/.vscode-server/bin/5e805b79fcb6ba4c2d23712967df89a089da575b/out/vs/workbench/api/node/extensionHostProcess.js:96:108198)
	at c.executeCommand (/root/.vscode-server/bin/5e805b79fcb6ba4c2d23712967df89a089da575b/out/vs/workbench/api/node/extensionHostProcess.js:96:107574)
	at N.registerCommand.description (/root/.vscode-server/bin/5e805b79fcb6ba4c2d23712967df89a089da575b/out/vs/workbench/api/node/extensionHostProcess.js:96:106867)
	at c.h (/root/.vscode-server/bin/5e805b79fcb6ba4c2d23712967df89a089da575b/out/vs/workbench/api/node/extensionHostProcess.js:96:108784)
	at c.g (/root/.vscode-server/bin/5e805b79fcb6ba4c2d23712967df89a089da575b/out/vs/workbench/api/node/extensionHostProcess.js:96:107674)
	at c.executeCommand (/root/.vscode-server/bin/5e805b79fcb6ba4c2d23712967df89a089da575b/out/vs/workbench/api/node/extensionHostProcess.js:96:107574)
	at Object.executeCommand (/root/.vscode-server/bin/5e805b79fcb6ba4c2d23712967df89a089da575b/out/vs/workbench/api/node/extensionHostProcess.js:117:30781)
	at D (/root/.vscode-server/bin/5e805b79fcb6ba4c2d23712967df89a089da575b/extensions/git/dist/main.js:2:1467127)
	at f.invoke (/root/.vscode-server/bin/5e805b79fcb6ba4c2d23712967df89a089da575b/out/vs/workbench/api/node/extensionHostProcess.js:63:145)
	at m.deliver (/root/.vscode-server/bin/5e805b79fcb6ba4c2d23712967df89a089da575b/out/vs/workbench/api/node/extensionHostProcess.js:63:2066)
	at d.fire (/root/.vscode-server/bin/5e805b79fcb6ba4c2d23712967df89a089da575b/out/vs/workbench/api/node/extensionHostProcess.js:63:1704)
	at Object.m [as dispose] (/root/.vscode-server/bin/5e805b79fcb6ba4c2d23712967df89a089da575b/extensions/git/dist/main.js:2:1481856)
	at /root/.vscode-server/bin/5e805b79fcb6ba4c2d23712967df89a089da575b/extensions/git/dist/main.js:2:1485923
	at Array.forEach (<anonymous>)
	at g.dispose (/root/.vscode-server/bin/5e805b79fcb6ba4c2d23712967df89a089da575b/extensions/git/dist/main.js:2:1485909)
	at D.<anonymous> (/root/.vscode-server/bin/5e805b79fcb6ba4c2d23712967df89a089da575b/out/vs/workbench/api/node/extensionHostProcess.js:94:12431)
	at D.dispose (/root/.vscode-server/bin/5e805b79fcb6ba4c2d23712967df89a089da575b/out/vs/workbench/api/node/extensionHostProcess.js:94:12566)
	at D.<anonymous> (/root/.vscode-server/bin/5e805b79fcb6ba4c2d23712967df89a089da575b/extensions/git/dist/main.js:2:1469257)
	at D.dispose (/root/.vscode-server/bin/5e805b79fcb6ba4c2d23712967df89a089da575b/out/vs/workbench/api/node/extensionHostProcess.js:94:12566)
	at k (/root/.vscode-server/bin/5e805b79fcb6ba4c2d23712967df89a089da575b/out/vs/workbench/api/node/extensionHostProcess.js:10:12074)
	at f.X (/root/.vscode-server/bin/5e805b79fcb6ba4c2d23712967df89a089da575b/out/vs/workbench/api/node/extensionHostProcess.js:108:11284)
	at /root/.vscode-server/bin/5e805b79fcb6ba4c2d23712967df89a089da575b/out/vs/workbench/api/node/extensionHostProcess.js:108:9088
	at Array.map (<anonymous>)
	at f.Q (/root/.vscode-server/bin/5e805b79fcb6ba4c2d23712967df89a089da575b/out/vs/workbench/api/node/extensionHostProcess.js:108:9075)
	at f.terminate (/root/.vscode-server/bin/5e805b79fcb6ba4c2d23712967df89a089da575b/out/vs/workbench/api/node/extensionHostProcess.js:108:9347)
	at u.terminate (/root/.vscode-server/bin/5e805b79fcb6ba4c2d23712967df89a089da575b/out/vs/workbench/api/node/extensionHostProcess.js:112:1397)
	at p (/root/.vscode-server/bin/5e805b79fcb6ba4c2d23712967df89a089da575b/out/vs/workbench/api/node/extensionHostProcess.js:122:18592)
	at /root/.vscode-server/bin/5e805b79fcb6ba4c2d23712967df89a089da575b/out/vs/workbench/api/node/extensionHostProcess.js:122:16502
	at f.invoke (/root/.vscode-server/bin/5e805b79fcb6ba4c2d23712967df89a089da575b/out/vs/workbench/api/node/extensionHostProcess.js:63:145)
	at m.deliver (/root/.vscode-server/bin/5e805b79fcb6ba4c2d23712967df89a089da575b/out/vs/workbench/api/node/extensionHostProcess.js:63:2066)
	at d.fire (/root/.vscode-server/bin/5e805b79fcb6ba4c2d23712967df89a089da575b/out/vs/workbench/api/node/extensionHostProcess.js:63:1704)
	at p.fire (/root/.vscode-server/bin/5e805b79fcb6ba4c2d23712967df89a089da575b/out/vs/workbench/api/node/extensionHostProcess.js:72:14907)
	at t.E (/root/.vscode-server/bin/5e805b79fcb6ba4c2d23712967df89a089da575b/out/vs/workbench/api/node/extensionHostProcess.js:72:18973)
	at /root/.vscode-server/bin/5e805b79fcb6ba4c2d23712967df89a089da575b/out/vs/workbench/api/node/extensionHostProcess.js:72:16961
	at f.invoke (/root/.vscode-server/bin/5e805b79fcb6ba4c2d23712967df89a089da575b/out/vs/workbench/api/node/extensionHostProcess.js:63:145)
	at m.deliver (/root/.vscode-server/bin/5e805b79fcb6ba4c2d23712967df89a089da575b/out/vs/workbench/api/node/extensionHostProcess.js:63:2066)
	at d.fire (/root/.vscode-server/bin/5e805b79fcb6ba4c2d23712967df89a089da575b/out/vs/workbench/api/node/extensionHostProcess.js:63:1704)
	at u.acceptChunk (/root/.vscode-server/bin/5e805b79fcb6ba4c2d23712967df89a089da575b/out/vs/workbench/api/node/extensionHostProcess.js:72:12638)
	at /root/.vscode-server/bin/5e805b79fcb6ba4c2d23712967df89a089da575b/out/vs/workbench/api/node/extensionHostProcess.js:72:11925
	at f.invoke (/root/.vscode-server/bin/5e805b79fcb6ba4c2d23712967df89a089da575b/out/vs/workbench/api/node/extensionHostProcess.js:63:145)
	at m.deliver (/root/.vscode-server/bin/5e805b79fcb6ba4c2d23712967df89a089da575b/out/vs/workbench/api/node/extensionHostProcess.js:63:2066)
	at d.fire (/root/.vscode-server/bin/5e805b79fcb6ba4c2d23712967df89a089da575b/out/vs/workbench/api/node/extensionHostProcess.js:63:1704)
	at d.u (/root/.vscode-server/bin/5e805b79fcb6ba4c2d23712967df89a089da575b/out/vs/workbench/api/node/extensionHostProcess.js:72:28911)
	at d.acceptFrame (/root/.vscode-server/bin/5e805b79fcb6ba4c2d23712967df89a089da575b/out/vs/workbench/api/node/extensionHostProcess.js:72:28717)
	at f.l (/root/.vscode-server/bin/5e805b79fcb6ba4c2d23712967df89a089da575b/out/vs/workbench/api/node/extensionHostProcess.js:72:27304)
	at /root/.vscode-server/bin/5e805b79fcb6ba4c2d23712967df89a089da575b/out/vs/workbench/api/node/extensionHostProcess.js:72:24627
	at Socket.t (/root/.vscode-server/bin/5e805b79fcb6ba4c2d23712967df89a089da575b/out/vs/workbench/api/node/extensionHostProcess.js:72:22461)
	at Socket.emit (node:events:526:28)
	at Socket.emit (node:domain:475:12)
	at addChunk (node:internal/streams/readable:315:12)
	at readableAddChunk (node:internal/streams/readable:289:9)
	at Socket.Readable.push (node:internal/streams/readable:228:10)
	at TCP.onStreamRead (node:internal/stream_base_commons:190:23) setContext undefined
2023-03-19 21:50:54.074 [error] Canceled: Canceled
	at new l (/root/.vscode-server/bin/5e805b79fcb6ba4c2d23712967df89a089da575b/out/vs/workbench/api/node/extensionHostProcess.js:96:88793)
	at a.O (/root/.vscode-server/bin/5e805b79fcb6ba4c2d23712967df89a089da575b/out/vs/workbench/api/node/extensionHostProcess.js:106:11260)
	at Proxy.V.<computed>.Q.charCodeAt.V.<computed> (/root/.vscode-server/bin/5e805b79fcb6ba4c2d23712967df89a089da575b/out/vs/workbench/api/node/extensionHostProcess.js:106:8550)
	at c.g (/root/.vscode-server/bin/5e805b79fcb6ba4c2d23712967df89a089da575b/out/vs/workbench/api/node/extensionHostProcess.js:96:108198)
	at c.executeCommand (/root/.vscode-server/bin/5e805b79fcb6ba4c2d23712967df89a089da575b/out/vs/workbench/api/node/extensionHostProcess.js:96:107574)
	at N.registerCommand.description (/root/.vscode-server/bin/5e805b79fcb6ba4c2d23712967df89a089da575b/out/vs/workbench/api/node/extensionHostProcess.js:96:106867)
	at c.h (/root/.vscode-server/bin/5e805b79fcb6ba4c2d23712967df89a089da575b/out/vs/workbench/api/node/extensionHostProcess.js:96:108784)
	at c.g (/root/.vscode-server/bin/5e805b79fcb6ba4c2d23712967df89a089da575b/out/vs/workbench/api/node/extensionHostProcess.js:96:107674)
	at c.executeCommand (/root/.vscode-server/bin/5e805b79fcb6ba4c2d23712967df89a089da575b/out/vs/workbench/api/node/extensionHostProcess.js:96:107574)
	at Object.executeCommand (/root/.vscode-server/bin/5e805b79fcb6ba4c2d23712967df89a089da575b/out/vs/workbench/api/node/extensionHostProcess.js:117:30781)
	at D (/root/.vscode-server/bin/5e805b79fcb6ba4c2d23712967df89a089da575b/extensions/git/dist/main.js:2:1467127)
	at f.invoke (/root/.vscode-server/bin/5e805b79fcb6ba4c2d23712967df89a089da575b/out/vs/workbench/api/node/extensionHostProcess.js:63:145)
	at m.deliver (/root/.vscode-server/bin/5e805b79fcb6ba4c2d23712967df89a089da575b/out/vs/workbench/api/node/extensionHostProcess.js:63:2066)
	at d.fire (/root/.vscode-server/bin/5e805b79fcb6ba4c2d23712967df89a089da575b/out/vs/workbench/api/node/extensionHostProcess.js:63:1704)
	at Object.m [as dispose] (/root/.vscode-server/bin/5e805b79fcb6ba4c2d23712967df89a089da575b/extensions/git/dist/main.js:2:1481856)
	at /root/.vscode-server/bin/5e805b79fcb6ba4c2d23712967df89a089da575b/extensions/git/dist/main.js:2:1485923
	at Array.forEach (<anonymous>)
	at g.dispose (/root/.vscode-server/bin/5e805b79fcb6ba4c2d23712967df89a089da575b/extensions/git/dist/main.js:2:1485909)
	at D.<anonymous> (/root/.vscode-server/bin/5e805b79fcb6ba4c2d23712967df89a089da575b/out/vs/workbench/api/node/extensionHostProcess.js:94:12431)
	at D.dispose (/root/.vscode-server/bin/5e805b79fcb6ba4c2d23712967df89a089da575b/out/vs/workbench/api/node/extensionHostProcess.js:94:12566)
	at D.<anonymous> (/root/.vscode-server/bin/5e805b79fcb6ba4c2d23712967df89a089da575b/extensions/git/dist/main.js:2:1469257)
	at D.dispose (/root/.vscode-server/bin/5e805b79fcb6ba4c2d23712967df89a089da575b/out/vs/workbench/api/node/extensionHostProcess.js:94:12566)
	at k (/root/.vscode-server/bin/5e805b79fcb6ba4c2d23712967df89a089da575b/out/vs/workbench/api/node/extensionHostProcess.js:10:12074)
	at f.X (/root/.vscode-server/bin/5e805b79fcb6ba4c2d23712967df89a089da575b/out/vs/workbench/api/node/extensionHostProcess.js:108:11284)
	at /root/.vscode-server/bin/5e805b79fcb6ba4c2d23712967df89a089da575b/out/vs/workbench/api/node/extensionHostProcess.js:108:9088
	at Array.map (<anonymous>)
	at f.Q (/root/.vscode-server/bin/5e805b79fcb6ba4c2d23712967df89a089da575b/out/vs/workbench/api/node/extensionHostProcess.js:108:9075)
	at f.terminate (/root/.vscode-server/bin/5e805b79fcb6ba4c2d23712967df89a089da575b/out/vs/workbench/api/node/extensionHostProcess.js:108:9347)
	at u.terminate (/root/.vscode-server/bin/5e805b79fcb6ba4c2d23712967df89a089da575b/out/vs/workbench/api/node/extensionHostProcess.js:112:1397)
	at p (/root/.vscode-server/bin/5e805b79fcb6ba4c2d23712967df89a089da575b/out/vs/workbench/api/node/extensionHostProcess.js:122:18592)
	at /root/.vscode-server/bin/5e805b79fcb6ba4c2d23712967df89a089da575b/out/vs/workbench/api/node/extensionHostProcess.js:122:16502
	at f.invoke (/root/.vscode-server/bin/5e805b79fcb6ba4c2d23712967df89a089da575b/out/vs/workbench/api/node/extensionHostProcess.js:63:145)
	at m.deliver (/root/.vscode-server/bin/5e805b79fcb6ba4c2d23712967df89a089da575b/out/vs/workbench/api/node/extensionHostProcess.js:63:2066)
	at d.fire (/root/.vscode-server/bin/5e805b79fcb6ba4c2d23712967df89a089da575b/out/vs/workbench/api/node/extensionHostProcess.js:63:1704)
	at p.fire (/root/.vscode-server/bin/5e805b79fcb6ba4c2d23712967df89a089da575b/out/vs/workbench/api/node/extensionHostProcess.js:72:14907)
	at t.E (/root/.vscode-server/bin/5e805b79fcb6ba4c2d23712967df89a089da575b/out/vs/workbench/api/node/extensionHostProcess.js:72:18973)
	at /root/.vscode-server/bin/5e805b79fcb6ba4c2d23712967df89a089da575b/out/vs/workbench/api/node/extensionHostProcess.js:72:16961
	at f.invoke (/root/.vscode-server/bin/5e805b79fcb6ba4c2d23712967df89a089da575b/out/vs/workbench/api/node/extensionHostProcess.js:63:145)
	at m.deliver (/root/.vscode-server/bin/5e805b79fcb6ba4c2d23712967df89a089da575b/out/vs/workbench/api/node/extensionHostProcess.js:63:2066)
	at d.fire (/root/.vscode-server/bin/5e805b79fcb6ba4c2d23712967df89a089da575b/out/vs/workbench/api/node/extensionHostProcess.js:63:1704)
	at u.acceptChunk (/root/.vscode-server/bin/5e805b79fcb6ba4c2d23712967df89a089da575b/out/vs/workbench/api/node/extensionHostProcess.js:72:12638)
	at /root/.vscode-server/bin/5e805b79fcb6ba4c2d23712967df89a089da575b/out/vs/workbench/api/node/extensionHostProcess.js:72:11925
	at f.invoke (/root/.vscode-server/bin/5e805b79fcb6ba4c2d23712967df89a089da575b/out/vs/workbench/api/node/extensionHostProcess.js:63:145)
	at m.deliver (/root/.vscode-server/bin/5e805b79fcb6ba4c2d23712967df89a089da575b/out/vs/workbench/api/node/extensionHostProcess.js:63:2066)
	at d.fire (/root/.vscode-server/bin/5e805b79fcb6ba4c2d23712967df89a089da575b/out/vs/workbench/api/node/extensionHostProcess.js:63:1704)
	at d.u (/root/.vscode-server/bin/5e805b79fcb6ba4c2d23712967df89a089da575b/out/vs/workbench/api/node/extensionHostProcess.js:72:28911)
	at d.acceptFrame (/root/.vscode-server/bin/5e805b79fcb6ba4c2d23712967df89a089da575b/out/vs/workbench/api/node/extensionHostProcess.js:72:28717)
	at f.l (/root/.vscode-server/bin/5e805b79fcb6ba4c2d23712967df89a089da575b/out/vs/workbench/api/node/extensionHostProcess.js:72:27304)
	at /root/.vscode-server/bin/5e805b79fcb6ba4c2d23712967df89a089da575b/out/vs/workbench/api/node/extensionHostProcess.js:72:24627
	at Socket.t (/root/.vscode-server/bin/5e805b79fcb6ba4c2d23712967df89a089da575b/out/vs/workbench/api/node/extensionHostProcess.js:72:22461)
	at Socket.emit (node:events:526:28)
	at Socket.emit (node:domain:475:12)
	at addChunk (node:internal/streams/readable:315:12)
	at readableAddChunk (node:internal/streams/readable:289:9)
	at Socket.Readable.push (node:internal/streams/readable:228:10)
	at TCP.onStreamRead (node:internal/stream_base_commons:190:23) setContext undefined
2023-03-19 21:50:54.074 [error] Canceled: Canceled
	at new l (/root/.vscode-server/bin/5e805b79fcb6ba4c2d23712967df89a089da575b/out/vs/workbench/api/node/extensionHostProcess.js:96:88793)
	at a.O (/root/.vscode-server/bin/5e805b79fcb6ba4c2d23712967df89a089da575b/out/vs/workbench/api/node/extensionHostProcess.js:106:11260)
	at Proxy.V.<computed>.Q.charCodeAt.V.<computed> (/root/.vscode-server/bin/5e805b79fcb6ba4c2d23712967df89a089da575b/out/vs/workbench/api/node/extensionHostProcess.js:106:8550)
	at c.g (/root/.vscode-server/bin/5e805b79fcb6ba4c2d23712967df89a089da575b/out/vs/workbench/api/node/extensionHostProcess.js:96:108198)
	at c.executeCommand (/root/.vscode-server/bin/5e805b79fcb6ba4c2d23712967df89a089da575b/out/vs/workbench/api/node/extensionHostProcess.js:96:107574)
	at N.registerCommand.description (/root/.vscode-server/bin/5e805b79fcb6ba4c2d23712967df89a089da575b/out/vs/workbench/api/node/extensionHostProcess.js:96:106867)
	at c.h (/root/.vscode-server/bin/5e805b79fcb6ba4c2d23712967df89a089da575b/out/vs/workbench/api/node/extensionHostProcess.js:96:108784)
	at c.g (/root/.vscode-server/bin/5e805b79fcb6ba4c2d23712967df89a089da575b/out/vs/workbench/api/node/extensionHostProcess.js:96:107674)
	at c.executeCommand (/root/.vscode-server/bin/5e805b79fcb6ba4c2d23712967df89a089da575b/out/vs/workbench/api/node/extensionHostProcess.js:96:107574)
	at Object.executeCommand (/root/.vscode-server/bin/5e805b79fcb6ba4c2d23712967df89a089da575b/out/vs/workbench/api/node/extensionHostProcess.js:117:30781)
	at D (/root/.vscode-server/bin/5e805b79fcb6ba4c2d23712967df89a089da575b/extensions/git/dist/main.js:2:1467127)
	at f.invoke (/root/.vscode-server/bin/5e805b79fcb6ba4c2d23712967df89a089da575b/out/vs/workbench/api/node/extensionHostProcess.js:63:145)
	at m.deliver (/root/.vscode-server/bin/5e805b79fcb6ba4c2d23712967df89a089da575b/out/vs/workbench/api/node/extensionHostProcess.js:63:2066)
	at d.fire (/root/.vscode-server/bin/5e805b79fcb6ba4c2d23712967df89a089da575b/out/vs/workbench/api/node/extensionHostProcess.js:63:1704)
	at Object.m [as dispose] (/root/.vscode-server/bin/5e805b79fcb6ba4c2d23712967df89a089da575b/extensions/git/dist/main.js:2:1481856)
	at /root/.vscode-server/bin/5e805b79fcb6ba4c2d23712967df89a089da575b/extensions/git/dist/main.js:2:1485923
	at Array.forEach (<anonymous>)
	at g.dispose (/root/.vscode-server/bin/5e805b79fcb6ba4c2d23712967df89a089da575b/extensions/git/dist/main.js:2:1485909)
	at D.<anonymous> (/root/.vscode-server/bin/5e805b79fcb6ba4c2d23712967df89a089da575b/out/vs/workbench/api/node/extensionHostProcess.js:94:12431)
	at D.dispose (/root/.vscode-server/bin/5e805b79fcb6ba4c2d23712967df89a089da575b/out/vs/workbench/api/node/extensionHostProcess.js:94:12566)
	at D.<anonymous> (/root/.vscode-server/bin/5e805b79fcb6ba4c2d23712967df89a089da575b/extensions/git/dist/main.js:2:1469257)
	at D.dispose (/root/.vscode-server/bin/5e805b79fcb6ba4c2d23712967df89a089da575b/out/vs/workbench/api/node/extensionHostProcess.js:94:12566)
	at k (/root/.vscode-server/bin/5e805b79fcb6ba4c2d23712967df89a089da575b/out/vs/workbench/api/node/extensionHostProcess.js:10:12074)
	at f.X (/root/.vscode-server/bin/5e805b79fcb6ba4c2d23712967df89a089da575b/out/vs/workbench/api/node/extensionHostProcess.js:108:11284)
	at /root/.vscode-server/bin/5e805b79fcb6ba4c2d23712967df89a089da575b/out/vs/workbench/api/node/extensionHostProcess.js:108:9088
	at Array.map (<anonymous>)
	at f.Q (/root/.vscode-server/bin/5e805b79fcb6ba4c2d23712967df89a089da575b/out/vs/workbench/api/node/extensionHostProcess.js:108:9075)
	at f.terminate (/root/.vscode-server/bin/5e805b79fcb6ba4c2d23712967df89a089da575b/out/vs/workbench/api/node/extensionHostProcess.js:108:9347)
	at u.terminate (/root/.vscode-server/bin/5e805b79fcb6ba4c2d23712967df89a089da575b/out/vs/workbench/api/node/extensionHostProcess.js:112:1397)
	at p (/root/.vscode-server/bin/5e805b79fcb6ba4c2d23712967df89a089da575b/out/vs/workbench/api/node/extensionHostProcess.js:122:18592)
	at /root/.vscode-server/bin/5e805b79fcb6ba4c2d23712967df89a089da575b/out/vs/workbench/api/node/extensionHostProcess.js:122:16502
	at f.invoke (/root/.vscode-server/bin/5e805b79fcb6ba4c2d23712967df89a089da575b/out/vs/workbench/api/node/extensionHostProcess.js:63:145)
	at m.deliver (/root/.vscode-server/bin/5e805b79fcb6ba4c2d23712967df89a089da575b/out/vs/workbench/api/node/extensionHostProcess.js:63:2066)
	at d.fire (/root/.vscode-server/bin/5e805b79fcb6ba4c2d23712967df89a089da575b/out/vs/workbench/api/node/extensionHostProcess.js:63:1704)
	at p.fire (/root/.vscode-server/bin/5e805b79fcb6ba4c2d23712967df89a089da575b/out/vs/workbench/api/node/extensionHostProcess.js:72:14907)
	at t.E (/root/.vscode-server/bin/5e805b79fcb6ba4c2d23712967df89a089da575b/out/vs/workbench/api/node/extensionHostProcess.js:72:18973)
	at /root/.vscode-server/bin/5e805b79fcb6ba4c2d23712967df89a089da575b/out/vs/workbench/api/node/extensionHostProcess.js:72:16961
	at f.invoke (/root/.vscode-server/bin/5e805b79fcb6ba4c2d23712967df89a089da575b/out/vs/workbench/api/node/extensionHostProcess.js:63:145)
	at m.deliver (/root/.vscode-server/bin/5e805b79fcb6ba4c2d23712967df89a089da575b/out/vs/workbench/api/node/extensionHostProcess.js:63:2066)
	at d.fire (/root/.vscode-server/bin/5e805b79fcb6ba4c2d23712967df89a089da575b/out/vs/workbench/api/node/extensionHostProcess.js:63:1704)
	at u.acceptChunk (/root/.vscode-server/bin/5e805b79fcb6ba4c2d23712967df89a089da575b/out/vs/workbench/api/node/extensionHostProcess.js:72:12638)
	at /root/.vscode-server/bin/5e805b79fcb6ba4c2d23712967df89a089da575b/out/vs/workbench/api/node/extensionHostProcess.js:72:11925
	at f.invoke (/root/.vscode-server/bin/5e805b79fcb6ba4c2d23712967df89a089da575b/out/vs/workbench/api/node/extensionHostProcess.js:63:145)
	at m.deliver (/root/.vscode-server/bin/5e805b79fcb6ba4c2d23712967df89a089da575b/out/vs/workbench/api/node/extensionHostProcess.js:63:2066)
	at d.fire (/root/.vscode-server/bin/5e805b79fcb6ba4c2d23712967df89a089da575b/out/vs/workbench/api/node/extensionHostProcess.js:63:1704)
	at d.u (/root/.vscode-server/bin/5e805b79fcb6ba4c2d23712967df89a089da575b/out/vs/workbench/api/node/extensionHostProcess.js:72:28911)
	at d.acceptFrame (/root/.vscode-server/bin/5e805b79fcb6ba4c2d23712967df89a089da575b/out/vs/workbench/api/node/extensionHostProcess.js:72:28717)
	at f.l (/root/.vscode-server/bin/5e805b79fcb6ba4c2d23712967df89a089da575b/out/vs/workbench/api/node/extensionHostProcess.js:72:27304)
	at /root/.vscode-server/bin/5e805b79fcb6ba4c2d23712967df89a089da575b/out/vs/workbench/api/node/extensionHostProcess.js:72:24627
	at Socket.t (/root/.vscode-server/bin/5e805b79fcb6ba4c2d23712967df89a089da575b/out/vs/workbench/api/node/extensionHostProcess.js:72:22461)
	at Socket.emit (node:events:526:28)
	at Socket.emit (node:domain:475:12)
	at addChunk (node:internal/streams/readable:315:12)
	at readableAddChunk (node:internal/streams/readable:289:9)
	at Socket.Readable.push (node:internal/streams/readable:228:10)
	at TCP.onStreamRead (node:internal/stream_base_commons:190:23) setContext undefined
2023-03-19 21:50:54.082 [info] Extension host with pid 454 exiting with code 0
