2023-03-06 16:40:52.799 [info] Log level: Info
2023-03-06 16:40:52.799 [info] Validating found git in: "git"
2023-03-06 16:40:52.810 [info] Using git "2.34.1" from "git"
2023-03-06 16:40:52.832 [info] > git rev-parse --show-toplevel [12ms]
2023-03-06 16:40:52.845 [info] > git rev-parse --git-dir --git-common-dir [3ms]
2023-03-06 16:40:52.855 [info] Open repository: /root
2023-03-06 16:40:52.867 [info] > git rev-parse --show-toplevel [6ms]
2023-03-06 16:40:52.873 [info] > git rev-parse --show-toplevel [1ms]
2023-03-06 16:40:52.878 [info] > git config --get commit.template [12ms]
2023-03-06 16:40:52.879 [info] > git rev-parse --show-toplevel [1ms]
2023-03-06 16:40:52.897 [info] > git rev-parse --show-toplevel [14ms]
2023-03-06 16:40:52.903 [info] > git rev-parse --show-toplevel [2ms]
2023-03-06 16:40:52.910 [info] > git for-each-ref --format=%(refname)%00%(upstream:short)%00%(objectname)%00%(upstream:track)%00%(upstream:remotename)%00%(upstream:remoteref) refs/heads/main refs/remotes/main [20ms]
2023-03-06 16:40:52.919 [info] > git rev-parse --show-toplevel [10ms]
2023-03-06 16:40:52.927 [info] > git rev-parse --show-toplevel [1ms]
2023-03-06 16:40:52.933 [info] > git rev-parse --git-dir --git-common-dir [2ms]
2023-03-06 16:40:52.938 [info] Open repository: /root/.nvm
2023-03-06 16:40:52.949 [info] > git config --get commit.template [2ms]
2023-03-06 16:40:52.950 [info] > git rev-parse --show-toplevel [6ms]
2023-03-06 16:40:52.955 [info] > git rev-parse --show-toplevel [1ms]
2023-03-06 16:40:52.970 [info] > git rev-parse --show-toplevel [8ms]
2023-03-06 16:40:52.974 [info] > git for-each-ref --format %(refname) %(objectname) %(*objectname) refs/tags [8ms]
2023-03-06 16:40:52.979 [info] > git rev-parse --show-toplevel [6ms]
2023-03-06 16:40:52.986 [info] > git status -z -uall [6ms]
2023-03-06 16:40:52.995 [info] > git rev-parse --show-toplevel [10ms]
2023-03-06 16:40:53.001 [info] > git status -z -uall [86ms]
2023-03-06 16:40:53.001 [info] > git config --get commit.template [6ms]
2023-03-06 16:40:53.081 [info] > git rev-parse --show-toplevel [82ms]
2023-03-06 16:40:53.089 [info] > git rev-parse --git-dir --git-common-dir [4ms]
2023-03-06 16:40:53.092 [info] Open repository: /root/hardhat-simple-storage-fcc
2023-03-06 16:40:53.098 [info] > git config --get commit.template [20ms]
2023-03-06 16:40:53.103 [info] > git rev-parse --show-toplevel [6ms]
2023-03-06 16:40:53.108 [info] > git for-each-ref --format %(refname) %(objectname) %(*objectname) refs/tags [19ms]
2023-03-06 16:40:53.337 [info] > git status -z -uall [226ms]
2023-03-06 16:40:53.338 [info] > git rev-parse --show-toplevel [231ms]
2023-03-06 16:40:53.339 [info] > git config --get commit.template [236ms]
2023-03-06 16:40:53.351 [info] > git for-each-ref --format=%(refname)%00%(upstream:short)%00%(objectname)%00%(upstream:track)%00%(upstream:remotename)%00%(upstream:remoteref) refs/heads/main refs/remotes/main [97ms]
2023-03-06 16:40:53.360 [info] > git for-each-ref --format=%(refname)%00%(upstream:short)%00%(objectname)%00%(upstream:track)%00%(upstream:remotename)%00%(upstream:remoteref) refs/heads/main refs/remotes/main [1ms]
2023-03-06 16:40:53.365 [info] > git status -z -uall [1ms]
2023-03-06 16:40:53.521 [info] > git status -z -uall [166ms]
2023-03-06 16:40:53.561 [info] > git check-ignore -v -z --stdin [96ms]
2023-03-06 16:40:53.924 [info] > git show --textconv :deploy/01-deploy-fund-me.js [32ms]
2023-03-06 16:40:53.925 [info] > git ls-files --stage -- /root/deploy/01-deploy-fund-me.js [19ms]
2023-03-06 16:40:53.933 [info] > git cat-file -s 8df4b9f75e05fea50def9dcf11221b3c13229024 [2ms]
2023-03-06 16:40:58.894 [info] > git config --get commit.template [3ms]
2023-03-06 16:40:58.894 [info] > git for-each-ref --format=%(refname)%00%(upstream:short)%00%(objectname)%00%(upstream:track)%00%(upstream:remotename)%00%(upstream:remoteref) refs/heads/main refs/remotes/main [0ms]
2023-03-06 16:40:58.915 [info] > git status -z -uall [18ms]
2023-03-06 16:41:03.945 [info] > git config --get commit.template [0ms]
2023-03-06 16:41:03.948 [info] > git for-each-ref --format=%(refname)%00%(upstream:short)%00%(objectname)%00%(upstream:track)%00%(upstream:remotename)%00%(upstream:remoteref) refs/heads/main refs/remotes/main [0ms]
2023-03-06 16:41:03.966 [info] > git status -z -uall [15ms]
2023-03-06 16:41:08.998 [info] > git config --get commit.template [3ms]
2023-03-06 16:41:08.998 [info] > git for-each-ref --format=%(refname)%00%(upstream:short)%00%(objectname)%00%(upstream:track)%00%(upstream:remotename)%00%(upstream:remoteref) refs/heads/main refs/remotes/main [1ms]
2023-03-06 16:41:09.016 [info] > git status -z -uall [15ms]
2023-03-06 16:41:14.047 [info] > git config --get commit.template [3ms]
2023-03-06 16:41:14.048 [info] > git for-each-ref --format=%(refname)%00%(upstream:short)%00%(objectname)%00%(upstream:track)%00%(upstream:remotename)%00%(upstream:remoteref) refs/heads/main refs/remotes/main [1ms]
2023-03-06 16:41:14.065 [info] > git status -z -uall [15ms]
2023-03-06 16:41:19.091 [info] > git config --get commit.template [0ms]
2023-03-06 16:41:19.095 [info] > git for-each-ref --format=%(refname)%00%(upstream:short)%00%(objectname)%00%(upstream:track)%00%(upstream:remotename)%00%(upstream:remoteref) refs/heads/main refs/remotes/main [1ms]
2023-03-06 16:41:19.116 [info] > git status -z -uall [19ms]
