2023-03-20 20:14:39.319 [info] Extension host with pid 477 started
2023-03-20 20:14:39.329 [info] Lock '/root/.vscode-server/data/User/workspaceStorage/7357c8406dd7ab776bfe1fd154ad47e5/vscode.lock': Lock acquired.
2023-03-20 20:14:39.399 [info] ExtensionService#_doActivateExtension vscode.emmet, startup: false, activationEvent: 'onLanguage'
2023-03-20 20:14:39.399 [info] ExtensionService#_doActivateExtension NomicFoundation.hardhat-solidity, startup: false, activationEvent: 'onLanguage:solidity'
2023-03-20 20:14:39.400 [info] ExtensionService#_doActivateExtension vscode.git-base, startup: true, activationEvent: '*', root cause: vscode.git
2023-03-20 20:14:39.867 [info] ExtensionService#_doActivateExtension vscode.typescript-language-features, startup: false, activationEvent: 'onLanguage:javascript'
2023-03-20 20:14:39.905 [info] ExtensionService#_doActivateExtension vscode.npm, startup: true, activationEvent: 'workspaceContains:package.json'
2023-03-20 20:14:39.979 [info] ExtensionService#_doActivateExtension vscode.git, startup: true, activationEvent: '*'
2023-03-20 20:14:39.979 [info] ExtensionService#_doActivateExtension vscode.github, startup: true, activationEvent: '*'
2023-03-20 20:14:40.281 [info] Eager extensions activated
2023-03-20 20:14:40.281 [info] ExtensionService#_doActivateExtension vscode.debug-auto-launch, startup: false, activationEvent: 'onStartupFinished'
2023-03-20 20:14:40.281 [info] ExtensionService#_doActivateExtension vscode.merge-conflict, startup: false, activationEvent: 'onStartupFinished'
2023-03-20 20:14:40.282 [info] ExtensionService#_doActivateExtension esbenp.prettier-vscode, startup: false, activationEvent: 'onStartupFinished'
2023-03-20 20:14:40.672 [warning] [Decorations] CAPPING events from decorations provider vscode.git 1828
2023-03-20 20:14:40.881 [info] ExtensionService#_doActivateExtension vscode.configuration-editing, startup: false, activationEvent: 'onLanguage:jsonc'
2023-03-20 20:14:40.882 [info] ExtensionService#_doActivateExtension vscode.json-language-features, startup: false, activationEvent: 'onLanguage:jsonc'
2023-03-20 20:14:40.954 [warning] [Decorations] CAPPING events from decorations provider vscode.git 1828
2023-03-20 20:14:53.343 [warning] [Decorations] CAPPING events from decorations provider vscode.git 1854
2023-03-20 20:14:58.780 [warning] [Decorations] CAPPING events from decorations provider vscode.git 1843
2023-03-20 20:15:03.861 [warning] [Decorations] CAPPING events from decorations provider vscode.git 1843
2023-03-20 20:15:10.535 [warning] [Decorations] CAPPING events from decorations provider vscode.git 1843
2023-03-20 20:15:15.611 [warning] [Decorations] CAPPING events from decorations provider vscode.git 1843
2023-03-20 20:15:20.687 [warning] [Decorations] CAPPING events from decorations provider vscode.git 1843
2023-03-20 20:15:57.228 [warning] [Decorations] CAPPING events from decorations provider vscode.git 1843
2023-03-20 20:16:02.304 [warning] [Decorations] CAPPING events from decorations provider vscode.git 1843
2023-03-20 20:16:07.389 [warning] [Decorations] CAPPING events from decorations provider vscode.git 1843
2023-03-20 20:16:12.465 [warning] [Decorations] CAPPING events from decorations provider vscode.git 1843
2023-03-20 20:16:18.357 [warning] [Decorations] CAPPING events from decorations provider vscode.git 1843
2023-03-20 20:16:23.433 [warning] [Decorations] CAPPING events from decorations provider vscode.git 1843
2023-03-20 20:16:28.507 [warning] [Decorations] CAPPING events from decorations provider vscode.git 1843
2023-03-20 20:16:33.581 [warning] [Decorations] CAPPING events from decorations provider vscode.git 1843
2023-03-20 20:16:38.663 [warning] [Decorations] CAPPING events from decorations provider vscode.git 1843
2023-03-20 20:16:43.738 [warning] [Decorations] CAPPING events from decorations provider vscode.git 1843
2023-03-20 20:16:48.812 [warning] [Decorations] CAPPING events from decorations provider vscode.git 1843
2023-03-20 20:16:55.034 [warning] [Decorations] CAPPING events from decorations provider vscode.git 1843
2023-03-20 20:17:00.110 [warning] [Decorations] CAPPING events from decorations provider vscode.git 1843
2023-03-20 20:17:05.204 [warning] [Decorations] CAPPING events from decorations provider vscode.git 1843
2023-03-20 20:17:10.284 [warning] [Decorations] CAPPING events from decorations provider vscode.git 1843
2023-03-20 20:17:15.361 [warning] [Decorations] CAPPING events from decorations provider vscode.git 1843
2023-03-20 20:17:20.436 [warning] [Decorations] CAPPING events from decorations provider vscode.git 1843
2023-03-20 20:17:25.512 [warning] [Decorations] CAPPING events from decorations provider vscode.git 1843
2023-03-20 20:17:30.588 [warning] [Decorations] CAPPING events from decorations provider vscode.git 1843
2023-03-20 20:17:35.661 [warning] [Decorations] CAPPING events from decorations provider vscode.git 1843
2023-03-20 20:17:40.745 [warning] [Decorations] CAPPING events from decorations provider vscode.git 1843
2023-03-20 20:17:45.818 [warning] [Decorations] CAPPING events from decorations provider vscode.git 1843
2023-03-20 20:20:05.365 [warning] [Decorations] CAPPING events from decorations provider vscode.git 1843
2023-03-20 20:20:10.440 [warning] [Decorations] CAPPING events from decorations provider vscode.git 1843
2023-03-20 20:20:45.037 [warning] [Decorations] CAPPING events from decorations provider vscode.git 1843
2023-03-20 20:20:50.116 [warning] [Decorations] CAPPING events from decorations provider vscode.git 1843
2023-03-20 20:20:55.430 [warning] [Decorations] CAPPING events from decorations provider vscode.git 1843
2023-03-20 20:21:00.503 [warning] [Decorations] CAPPING events from decorations provider vscode.git 1843
2023-03-20 20:21:05.580 [warning] [Decorations] CAPPING events from decorations provider vscode.git 1843
2023-03-20 20:21:10.653 [warning] [Decorations] CAPPING events from decorations provider vscode.git 1843
2023-03-20 20:21:15.733 [warning] [Decorations] CAPPING events from decorations provider vscode.git 1843
2023-03-20 20:21:20.807 [warning] [Decorations] CAPPING events from decorations provider vscode.git 1843
2023-03-20 20:21:25.880 [warning] [Decorations] CAPPING events from decorations provider vscode.git 1843
2023-03-20 20:21:30.953 [warning] [Decorations] CAPPING events from decorations provider vscode.git 1843
2023-03-20 20:21:36.028 [warning] [Decorations] CAPPING events from decorations provider vscode.git 1843
2023-03-20 20:21:41.102 [warning] [Decorations] CAPPING events from decorations provider vscode.git 1843
2023-03-20 20:21:46.184 [warning] [Decorations] CAPPING events from decorations provider vscode.git 1843
2023-03-20 20:21:51.258 [warning] [Decorations] CAPPING events from decorations provider vscode.git 1843
2023-03-20 20:21:56.330 [warning] [Decorations] CAPPING events from decorations provider vscode.git 1843
2023-03-20 20:22:02.645 [warning] [Decorations] CAPPING events from decorations provider vscode.git 1843
2023-03-20 20:22:07.718 [warning] [Decorations] CAPPING events from decorations provider vscode.git 1843
2023-03-20 20:22:12.791 [warning] [Decorations] CAPPING events from decorations provider vscode.git 1843
2023-03-20 20:22:17.867 [warning] [Decorations] CAPPING events from decorations provider vscode.git 1843
2023-03-20 20:22:22.945 [warning] [Decorations] CAPPING events from decorations provider vscode.git 1843
2023-03-20 20:22:28.020 [warning] [Decorations] CAPPING events from decorations provider vscode.git 1843
2023-03-20 20:22:33.102 [warning] [Decorations] CAPPING events from decorations provider vscode.git 1843
2023-03-20 20:24:58.210 [warning] [Decorations] CAPPING events from decorations provider vscode.git 1843
2023-03-20 20:25:03.420 [warning] [Decorations] CAPPING events from decorations provider vscode.git 1843
2023-03-20 20:25:08.496 [warning] [Decorations] CAPPING events from decorations provider vscode.git 1843
2023-03-20 20:25:23.919 [warning] [Decorations] CAPPING events from decorations provider vscode.git 1843
2023-03-20 20:25:32.469 [warning] [Decorations] CAPPING events from decorations provider vscode.git 1843
2023-03-20 20:25:46.314 [warning] [Decorations] CAPPING events from decorations provider vscode.git 1843
2023-03-20 20:25:51.397 [warning] [Decorations] CAPPING events from decorations provider vscode.git 1843
2023-03-20 20:25:58.797 [warning] [Decorations] CAPPING events from decorations provider vscode.git 1843
2023-03-20 20:26:03.871 [warning] [Decorations] CAPPING events from decorations provider vscode.git 1843
2023-03-20 20:26:08.947 [warning] [Decorations] CAPPING events from decorations provider vscode.git 1843
2023-03-20 20:26:14.028 [warning] [Decorations] CAPPING events from decorations provider vscode.git 1843
2023-03-20 20:26:19.102 [warning] [Decorations] CAPPING events from decorations provider vscode.git 1843
2023-03-20 20:26:24.179 [warning] [Decorations] CAPPING events from decorations provider vscode.git 1843
2023-03-20 20:26:29.253 [warning] [Decorations] CAPPING events from decorations provider vscode.git 1843
2023-03-20 20:26:34.329 [warning] [Decorations] CAPPING events from decorations provider vscode.git 1843
2023-03-20 20:26:39.403 [warning] [Decorations] CAPPING events from decorations provider vscode.git 1843
2023-03-20 20:26:44.479 [warning] [Decorations] CAPPING events from decorations provider vscode.git 1843
2023-03-20 20:26:49.553 [warning] [Decorations] CAPPING events from decorations provider vscode.git 1843
2023-03-20 20:26:54.629 [warning] [Decorations] CAPPING events from decorations provider vscode.git 1843
2023-03-20 20:27:04.709 [warning] [Decorations] CAPPING events from decorations provider vscode.git 1843
2023-03-20 20:27:13.888 [warning] [Decorations] CAPPING events from decorations provider vscode.git 1843
2023-03-20 20:27:18.963 [warning] [Decorations] CAPPING events from decorations provider vscode.git 1843
2023-03-20 20:27:24.036 [warning] [Decorations] CAPPING events from decorations provider vscode.git 1843
2023-03-20 20:27:29.110 [warning] [Decorations] CAPPING events from decorations provider vscode.git 1843
2023-03-20 20:27:34.185 [warning] [Decorations] CAPPING events from decorations provider vscode.git 1843
2023-03-20 20:27:39.259 [warning] [Decorations] CAPPING events from decorations provider vscode.git 1843
2023-03-20 20:27:44.335 [warning] [Decorations] CAPPING events from decorations provider vscode.git 1843
2023-03-20 20:27:49.414 [warning] [Decorations] CAPPING events from decorations provider vscode.git 1843
2023-03-20 20:27:54.486 [warning] [Decorations] CAPPING events from decorations provider vscode.git 1843
2023-03-20 20:28:00.031 [warning] [Decorations] CAPPING events from decorations provider vscode.git 1843
2023-03-20 20:28:05.112 [warning] [Decorations] CAPPING events from decorations provider vscode.git 1843
2023-03-20 20:28:10.187 [warning] [Decorations] CAPPING events from decorations provider vscode.git 1843
2023-03-20 20:28:15.260 [warning] [Decorations] CAPPING events from decorations provider vscode.git 1843
2023-03-20 20:28:20.347 [warning] [Decorations] CAPPING events from decorations provider vscode.git 1843
2023-03-20 20:28:25.422 [warning] [Decorations] CAPPING events from decorations provider vscode.git 1843
2023-03-20 20:28:30.500 [warning] [Decorations] CAPPING events from decorations provider vscode.git 1843
2023-03-20 20:28:35.575 [warning] [Decorations] CAPPING events from decorations provider vscode.git 1843
2023-03-20 20:28:40.647 [warning] [Decorations] CAPPING events from decorations provider vscode.git 1843
2023-03-20 20:28:45.720 [warning] [Decorations] CAPPING events from decorations provider vscode.git 1843
2023-03-20 20:28:50.795 [warning] [Decorations] CAPPING events from decorations provider vscode.git 1843
2023-03-20 20:28:55.870 [warning] [Decorations] CAPPING events from decorations provider vscode.git 1843
2023-03-20 20:29:00.944 [warning] [Decorations] CAPPING events from decorations provider vscode.git 1843
2023-03-20 20:29:06.021 [warning] [Decorations] CAPPING events from decorations provider vscode.git 1843
2023-03-20 20:29:11.095 [warning] [Decorations] CAPPING events from decorations provider vscode.git 1843
2023-03-20 20:29:16.171 [warning] [Decorations] CAPPING events from decorations provider vscode.git 1843
2023-03-20 20:29:21.252 [warning] [Decorations] CAPPING events from decorations provider vscode.git 1843
2023-03-20 20:29:26.330 [warning] [Decorations] CAPPING events from decorations provider vscode.git 1843
2023-03-20 20:29:31.403 [warning] [Decorations] CAPPING events from decorations provider vscode.git 1843
2023-03-20 20:29:36.479 [warning] [Decorations] CAPPING events from decorations provider vscode.git 1843
2023-03-20 20:29:41.552 [warning] [Decorations] CAPPING events from decorations provider vscode.git 1843
2023-03-20 20:29:46.626 [warning] [Decorations] CAPPING events from decorations provider vscode.git 1843
2023-03-20 20:29:51.700 [warning] [Decorations] CAPPING events from decorations provider vscode.git 1843
2023-03-20 20:29:56.773 [warning] [Decorations] CAPPING events from decorations provider vscode.git 1843
2023-03-20 20:30:01.847 [warning] [Decorations] CAPPING events from decorations provider vscode.git 1843
2023-03-20 20:30:06.921 [warning] [Decorations] CAPPING events from decorations provider vscode.git 1843
2023-03-20 20:30:11.995 [warning] [Decorations] CAPPING events from decorations provider vscode.git 1843
2023-03-20 20:30:17.077 [warning] [Decorations] CAPPING events from decorations provider vscode.git 1843
2023-03-20 20:30:22.152 [warning] [Decorations] CAPPING events from decorations provider vscode.git 1843
2023-03-20 20:30:27.227 [warning] [Decorations] CAPPING events from decorations provider vscode.git 1843
2023-03-20 20:30:32.300 [warning] [Decorations] CAPPING events from decorations provider vscode.git 1844
2023-03-20 20:31:44.366 [warning] [Decorations] CAPPING events from decorations provider vscode.git 1844
2023-03-20 20:31:49.444 [warning] [Decorations] CAPPING events from decorations provider vscode.git 1844
2023-03-20 20:31:54.519 [warning] [Decorations] CAPPING events from decorations provider vscode.git 1844
2023-03-20 20:31:59.595 [warning] [Decorations] CAPPING events from decorations provider vscode.git 1844
2023-03-20 20:32:04.677 [warning] [Decorations] CAPPING events from decorations provider vscode.git 1844
2023-03-20 20:32:09.751 [warning] [Decorations] CAPPING events from decorations provider vscode.git 1845
2023-03-20 20:32:14.826 [warning] [Decorations] CAPPING events from decorations provider vscode.git 1845
2023-03-20 20:32:20.140 [warning] [Decorations] CAPPING events from decorations provider vscode.git 1845
2023-03-20 20:32:25.215 [warning] [Decorations] CAPPING events from decorations provider vscode.git 1845
2023-03-20 20:32:30.304 [warning] [Decorations] CAPPING events from decorations provider vscode.git 1845
2023-03-20 20:32:35.387 [warning] [Decorations] CAPPING events from decorations provider vscode.git 1845
2023-03-20 20:32:40.462 [warning] [Decorations] CAPPING events from decorations provider vscode.git 1845
2023-03-20 20:32:45.536 [warning] [Decorations] CAPPING events from decorations provider vscode.git 1845
2023-03-20 20:32:50.610 [warning] [Decorations] CAPPING events from decorations provider vscode.git 1845
2023-03-20 20:32:55.684 [warning] [Decorations] CAPPING events from decorations provider vscode.git 1845
2023-03-20 20:33:00.758 [warning] [Decorations] CAPPING events from decorations provider vscode.git 1845
2023-03-20 20:33:05.841 [warning] [Decorations] CAPPING events from decorations provider vscode.git 1845
2023-03-20 20:33:10.915 [warning] [Decorations] CAPPING events from decorations provider vscode.git 1845
2023-03-20 20:33:15.989 [warning] [Decorations] CAPPING events from decorations provider vscode.git 1845
2023-03-20 20:33:21.064 [warning] [Decorations] CAPPING events from decorations provider vscode.git 1845
2023-03-20 20:33:26.141 [warning] [Decorations] CAPPING events from decorations provider vscode.git 1845
2023-03-20 20:33:31.223 [warning] [Decorations] CAPPING events from decorations provider vscode.git 1845
2023-03-20 20:34:13.562 [warning] [Decorations] CAPPING events from decorations provider vscode.git 1845
2023-03-20 20:34:18.651 [warning] [Decorations] CAPPING events from decorations provider vscode.git 1845
2023-03-20 20:34:23.725 [warning] [Decorations] CAPPING events from decorations provider vscode.git 1845
2023-03-20 20:34:28.802 [warning] [Decorations] CAPPING events from decorations provider vscode.git 1845
2023-03-20 20:34:33.876 [warning] [Decorations] CAPPING events from decorations provider vscode.git 1845
2023-03-20 20:34:38.948 [warning] [Decorations] CAPPING events from decorations provider vscode.git 1845
2023-03-20 20:34:44.022 [warning] [Decorations] CAPPING events from decorations provider vscode.git 1845
2023-03-20 20:34:49.098 [warning] [Decorations] CAPPING events from decorations provider vscode.git 1845
2023-03-20 20:35:29.131 [warning] [Decorations] CAPPING events from decorations provider vscode.git 1845
2023-03-20 20:35:34.208 [warning] [Decorations] CAPPING events from decorations provider vscode.git 1845
2023-03-20 20:35:39.283 [warning] [Decorations] CAPPING events from decorations provider vscode.git 1845
2023-03-20 20:35:45.605 [warning] [Decorations] CAPPING events from decorations provider vscode.git 1845
2023-03-20 20:35:50.678 [warning] [Decorations] CAPPING events from decorations provider vscode.git 1845
2023-03-20 20:35:55.753 [warning] [Decorations] CAPPING events from decorations provider vscode.git 1845
2023-03-20 20:36:00.828 [warning] [Decorations] CAPPING events from decorations provider vscode.git 1845
2023-03-20 20:36:05.902 [warning] [Decorations] CAPPING events from decorations provider vscode.git 1845
2023-03-20 20:36:10.977 [warning] [Decorations] CAPPING events from decorations provider vscode.git 1845
2023-03-20 20:36:16.052 [warning] [Decorations] CAPPING events from decorations provider vscode.git 1845
2023-03-20 20:36:21.125 [warning] [Decorations] CAPPING events from decorations provider vscode.git 1845
2023-03-20 20:36:26.199 [warning] [Decorations] CAPPING events from decorations provider vscode.git 1845
2023-03-20 20:36:31.273 [warning] [Decorations] CAPPING events from decorations provider vscode.git 1845
2023-03-20 20:36:36.347 [warning] [Decorations] CAPPING events from decorations provider vscode.git 1845
2023-03-20 20:36:41.427 [warning] [Decorations] CAPPING events from decorations provider vscode.git 1845
2023-03-20 20:36:46.501 [warning] [Decorations] CAPPING events from decorations provider vscode.git 1845
2023-03-20 20:37:56.078 [warning] [Decorations] CAPPING events from decorations provider vscode.git 1845
2023-03-20 20:38:01.155 [warning] [Decorations] CAPPING events from decorations provider vscode.git 1845
2023-03-20 20:38:06.232 [warning] [Decorations] CAPPING events from decorations provider vscode.git 1845
2023-03-20 20:38:11.319 [warning] [Decorations] CAPPING events from decorations provider vscode.git 1845
2023-03-20 20:38:16.394 [warning] [Decorations] CAPPING events from decorations provider vscode.git 1845
2023-03-20 20:38:25.928 [warning] [Decorations] CAPPING events from decorations provider vscode.git 1845
2023-03-20 20:38:31.003 [warning] [Decorations] CAPPING events from decorations provider vscode.git 1845
2023-03-20 20:38:36.077 [warning] [Decorations] CAPPING events from decorations provider vscode.git 1845
2023-03-20 20:38:47.944 [warning] [Decorations] CAPPING events from decorations provider vscode.git 1845
2023-03-20 20:38:53.027 [warning] [Decorations] CAPPING events from decorations provider vscode.git 1845
2023-03-20 20:38:58.103 [warning] [Decorations] CAPPING events from decorations provider vscode.git 1845
2023-03-20 20:39:03.178 [warning] [Decorations] CAPPING events from decorations provider vscode.git 1845
2023-03-20 20:39:08.253 [warning] [Decorations] CAPPING events from decorations provider vscode.git 1845
2023-03-20 20:39:13.327 [warning] [Decorations] CAPPING events from decorations provider vscode.git 1845
2023-03-20 20:39:18.401 [warning] [Decorations] CAPPING events from decorations provider vscode.git 1845
2023-03-20 20:39:23.484 [warning] [Decorations] CAPPING events from decorations provider vscode.git 1845
2023-03-20 20:39:28.562 [warning] [Decorations] CAPPING events from decorations provider vscode.git 1845
2023-03-20 20:39:33.639 [warning] [Decorations] CAPPING events from decorations provider vscode.git 1845
2023-03-20 20:39:38.716 [warning] [Decorations] CAPPING events from decorations provider vscode.git 1845
2023-03-20 20:39:43.793 [warning] [Decorations] CAPPING events from decorations provider vscode.git 1845
2023-03-20 20:39:48.869 [warning] [Decorations] CAPPING events from decorations provider vscode.git 1845
2023-03-20 20:39:53.945 [warning] [Decorations] CAPPING events from decorations provider vscode.git 1845
2023-03-20 20:39:59.020 [warning] [Decorations] CAPPING events from decorations provider vscode.git 1845
2023-03-20 20:40:04.095 [warning] [Decorations] CAPPING events from decorations provider vscode.git 1845
2023-03-20 20:40:09.172 [warning] [Decorations] CAPPING events from decorations provider vscode.git 1845
2023-03-20 20:40:14.246 [warning] [Decorations] CAPPING events from decorations provider vscode.git 1845
2023-03-20 20:40:19.324 [warning] [Decorations] CAPPING events from decorations provider vscode.git 1845
2023-03-20 20:40:24.964 [warning] [Decorations] CAPPING events from decorations provider vscode.git 1845
2023-03-20 20:40:30.039 [warning] [Decorations] CAPPING events from decorations provider vscode.git 1845
2023-03-20 20:42:07.266 [warning] [Decorations] CAPPING events from decorations provider vscode.git 1845
2023-03-20 20:42:12.345 [warning] [Decorations] CAPPING events from decorations provider vscode.git 1845
2023-03-20 20:42:17.420 [warning] [Decorations] CAPPING events from decorations provider vscode.git 1845
2023-03-20 20:42:22.495 [warning] [Decorations] CAPPING events from decorations provider vscode.git 1845
2023-03-20 20:42:27.569 [warning] [Decorations] CAPPING events from decorations provider vscode.git 1845
2023-03-20 20:42:32.643 [warning] [Decorations] CAPPING events from decorations provider vscode.git 1845
2023-03-20 20:42:37.718 [warning] [Decorations] CAPPING events from decorations provider vscode.git 1845
2023-03-20 20:42:42.794 [warning] [Decorations] CAPPING events from decorations provider vscode.git 1845
2023-03-20 20:42:47.869 [warning] [Decorations] CAPPING events from decorations provider vscode.git 1845
2023-03-20 20:42:52.943 [warning] [Decorations] CAPPING events from decorations provider vscode.git 1846
2023-03-20 20:42:58.023 [warning] [Decorations] CAPPING events from decorations provider vscode.git 1846
2023-03-20 20:43:03.101 [warning] [Decorations] CAPPING events from decorations provider vscode.git 1846
2023-03-20 20:43:08.178 [warning] [Decorations] CAPPING events from decorations provider vscode.git 1846
2023-03-20 20:43:13.254 [warning] [Decorations] CAPPING events from decorations provider vscode.git 1846
2023-03-20 20:43:18.336 [warning] [Decorations] CAPPING events from decorations provider vscode.git 1846
2023-03-20 20:43:23.417 [warning] [Decorations] CAPPING events from decorations provider vscode.git 1846
2023-03-20 20:43:28.648 [warning] [Decorations] CAPPING events from decorations provider vscode.git 1846
2023-03-20 20:43:34.476 [warning] [Decorations] CAPPING events from decorations provider vscode.git 1846
2023-03-20 20:43:40.570 [warning] [Decorations] CAPPING events from decorations provider vscode.git 1847
2023-03-20 20:43:45.647 [warning] [Decorations] CAPPING events from decorations provider vscode.git 1847
2023-03-20 20:44:09.943 [warning] [Decorations] CAPPING events from decorations provider vscode.git 1847
2023-03-20 20:44:15.019 [warning] [Decorations] CAPPING events from decorations provider vscode.git 1847
2023-03-20 20:44:20.104 [warning] [Decorations] CAPPING events from decorations provider vscode.git 1847
2023-03-20 20:44:44.683 [warning] [Decorations] CAPPING events from decorations provider vscode.git 1847
2023-03-20 20:44:49.770 [warning] [Decorations] CAPPING events from decorations provider vscode.git 1847
2023-03-20 20:44:54.844 [warning] [Decorations] CAPPING events from decorations provider vscode.git 1847
2023-03-20 20:44:59.919 [warning] [Decorations] CAPPING events from decorations provider vscode.git 1847
2023-03-20 20:45:47.805 [warning] [Decorations] CAPPING events from decorations provider vscode.git 1847
2023-03-20 20:45:52.881 [warning] [Decorations] CAPPING events from decorations provider vscode.git 1847
2023-03-20 20:45:57.956 [warning] [Decorations] CAPPING events from decorations provider vscode.git 1848
2023-03-20 20:46:03.029 [warning] [Decorations] CAPPING events from decorations provider vscode.git 1848
2023-03-20 20:46:08.108 [warning] [Decorations] CAPPING events from decorations provider vscode.git 1848
2023-03-20 20:46:13.745 [warning] [Decorations] CAPPING events from decorations provider vscode.git 1849
2023-03-20 20:46:18.820 [warning] [Decorations] CAPPING events from decorations provider vscode.git 1849
2023-03-20 20:46:23.896 [warning] [Decorations] CAPPING events from decorations provider vscode.git 1849
2023-03-20 20:46:28.978 [warning] [Decorations] CAPPING events from decorations provider vscode.git 1849
2023-03-20 20:46:34.052 [warning] [Decorations] CAPPING events from decorations provider vscode.git 1849
2023-03-20 20:46:39.750 [warning] [Decorations] CAPPING events from decorations provider vscode.git 1849
2023-03-20 20:46:44.823 [warning] [Decorations] CAPPING events from decorations provider vscode.git 1849
2023-03-20 20:46:49.898 [warning] [Decorations] CAPPING events from decorations provider vscode.git 1849
2023-03-20 20:46:54.973 [warning] [Decorations] CAPPING events from decorations provider vscode.git 1849
2023-03-20 20:47:00.054 [warning] [Decorations] CAPPING events from decorations provider vscode.git 1849
2023-03-20 20:47:05.127 [warning] [Decorations] CAPPING events from decorations provider vscode.git 1849
2023-03-20 20:47:10.201 [warning] [Decorations] CAPPING events from decorations provider vscode.git 1849
2023-03-20 20:47:15.276 [warning] [Decorations] CAPPING events from decorations provider vscode.git 1849
2023-03-20 20:47:20.352 [warning] [Decorations] CAPPING events from decorations provider vscode.git 1849
2023-03-20 20:47:25.426 [warning] [Decorations] CAPPING events from decorations provider vscode.git 1849
2023-03-20 20:47:30.499 [warning] [Decorations] CAPPING events from decorations provider vscode.git 1849
2023-03-20 20:47:35.574 [warning] [Decorations] CAPPING events from decorations provider vscode.git 1849
2023-03-20 20:47:40.885 [warning] [Decorations] CAPPING events from decorations provider vscode.git 1849
2023-03-20 20:47:45.960 [warning] [Decorations] CAPPING events from decorations provider vscode.git 1849
2023-03-20 20:47:51.045 [warning] [Decorations] CAPPING events from decorations provider vscode.git 1849
2023-03-20 20:47:56.119 [warning] [Decorations] CAPPING events from decorations provider vscode.git 1849
2023-03-20 20:48:01.193 [warning] [Decorations] CAPPING events from decorations provider vscode.git 1849
2023-03-20 20:48:06.274 [warning] [Decorations] CAPPING events from decorations provider vscode.git 1849
2023-03-20 20:48:11.349 [warning] [Decorations] CAPPING events from decorations provider vscode.git 1849
2023-03-20 20:48:46.590 [warning] [Decorations] CAPPING events from decorations provider vscode.git 1849
2023-03-20 20:48:51.671 [warning] [Decorations] CAPPING events from decorations provider vscode.git 1849
2023-03-20 20:49:13.687 [warning] [Decorations] CAPPING events from decorations provider vscode.git 1849
2023-03-20 20:49:18.766 [warning] [Decorations] CAPPING events from decorations provider vscode.git 1849
2023-03-20 20:49:23.840 [warning] [Decorations] CAPPING events from decorations provider vscode.git 1849
2023-03-20 20:49:28.925 [warning] [Decorations] CAPPING events from decorations provider vscode.git 1849
2023-03-20 20:49:33.999 [warning] [Decorations] CAPPING events from decorations provider vscode.git 1849
2023-03-20 20:49:39.072 [warning] [Decorations] CAPPING events from decorations provider vscode.git 1849
2023-03-20 20:49:44.146 [warning] [Decorations] CAPPING events from decorations provider vscode.git 1849
2023-03-20 20:49:49.220 [warning] [Decorations] CAPPING events from decorations provider vscode.git 1849
2023-03-20 20:49:54.294 [warning] [Decorations] CAPPING events from decorations provider vscode.git 1849
2023-03-20 20:49:59.367 [warning] [Decorations] CAPPING events from decorations provider vscode.git 1849
2023-03-20 20:50:04.450 [warning] [Decorations] CAPPING events from decorations provider vscode.git 1850
2023-03-20 20:50:09.526 [warning] [Decorations] CAPPING events from decorations provider vscode.git 1850
2023-03-20 20:50:14.600 [warning] [Decorations] CAPPING events from decorations provider vscode.git 1850
2023-03-20 20:50:36.369 [warning] [Decorations] CAPPING events from decorations provider vscode.git 1850
2023-03-20 20:50:41.454 [warning] [Decorations] CAPPING events from decorations provider vscode.git 1850
2023-03-20 20:50:48.778 [warning] [Decorations] CAPPING events from decorations provider vscode.git 1850
2023-03-20 20:50:53.851 [warning] [Decorations] CAPPING events from decorations provider vscode.git 1850
2023-03-20 20:50:58.932 [warning] [Decorations] CAPPING events from decorations provider vscode.git 1850
2023-03-20 20:51:04.781 [warning] [Decorations] CAPPING events from decorations provider vscode.git 1850
2023-03-20 20:51:09.853 [warning] [Decorations] CAPPING events from decorations provider vscode.git 1850
2023-03-20 20:51:14.927 [warning] [Decorations] CAPPING events from decorations provider vscode.git 1850
2023-03-20 20:51:20.002 [warning] [Decorations] CAPPING events from decorations provider vscode.git 1850
2023-03-20 20:51:56.864 [warning] [Decorations] CAPPING events from decorations provider vscode.git 1850
2023-03-20 20:52:01.942 [warning] [Decorations] CAPPING events from decorations provider vscode.git 1850
2023-03-20 20:52:07.016 [warning] [Decorations] CAPPING events from decorations provider vscode.git 1850
2023-03-20 20:52:12.091 [warning] [Decorations] CAPPING events from decorations provider vscode.git 1850
2023-03-20 20:52:17.167 [warning] [Decorations] CAPPING events from decorations provider vscode.git 1850
2023-03-20 20:52:22.244 [warning] [Decorations] CAPPING events from decorations provider vscode.git 1850
2023-03-20 20:52:27.326 [warning] [Decorations] CAPPING events from decorations provider vscode.git 1850
2023-03-20 20:52:32.403 [warning] [Decorations] CAPPING events from decorations provider vscode.git 1850
2023-03-20 20:53:36.605 [warning] [Decorations] CAPPING events from decorations provider vscode.git 1850
2023-03-20 20:53:41.685 [warning] [Decorations] CAPPING events from decorations provider vscode.git 1850
2023-03-20 20:53:46.761 [warning] [Decorations] CAPPING events from decorations provider vscode.git 1852
2023-03-20 20:53:53.089 [warning] [Decorations] CAPPING events from decorations provider vscode.git 1852
2023-03-20 20:53:58.163 [warning] [Decorations] CAPPING events from decorations provider vscode.git 1852
2023-03-20 20:54:03.237 [warning] [Decorations] CAPPING events from decorations provider vscode.git 1852
2023-03-20 20:54:08.311 [warning] [Decorations] CAPPING events from decorations provider vscode.git 1852
2023-03-20 20:54:13.386 [warning] [Decorations] CAPPING events from decorations provider vscode.git 1852
2023-03-20 20:54:21.925 [warning] [Decorations] CAPPING events from decorations provider vscode.git 1852
2023-03-20 20:54:27.000 [warning] [Decorations] CAPPING events from decorations provider vscode.git 1852
2023-03-20 20:54:41.438 [warning] [Decorations] CAPPING events from decorations provider vscode.git 1852
2023-03-20 20:54:46.514 [warning] [Decorations] CAPPING events from decorations provider vscode.git 1853
2023-03-20 20:54:51.588 [warning] [Decorations] CAPPING events from decorations provider vscode.git 1853
2023-03-20 20:54:56.664 [warning] [Decorations] CAPPING events from decorations provider vscode.git 1853
2023-03-20 20:55:03.149 [warning] [Decorations] CAPPING events from decorations provider vscode.git 1853
2023-03-20 20:57:22.562 [warning] [Decorations] CAPPING events from decorations provider vscode.git 1853
2023-03-20 20:57:27.636 [warning] [Decorations] CAPPING events from decorations provider vscode.git 1853
2023-03-20 20:57:34.206 [warning] [Decorations] CAPPING events from decorations provider vscode.git 1853
2023-03-20 20:57:39.282 [warning] [Decorations] CAPPING events from decorations provider vscode.git 1853
2023-03-20 20:57:44.357 [warning] [Decorations] CAPPING events from decorations provider vscode.git 1853
2023-03-20 20:57:49.430 [warning] [Decorations] CAPPING events from decorations provider vscode.git 1853
2023-03-20 20:57:54.503 [warning] [Decorations] CAPPING events from decorations provider vscode.git 1853
2023-03-20 20:57:59.581 [warning] [Decorations] CAPPING events from decorations provider vscode.git 1853
2023-03-20 20:58:04.657 [warning] [Decorations] CAPPING events from decorations provider vscode.git 1853
2023-03-20 20:58:09.741 [warning] [Decorations] CAPPING events from decorations provider vscode.git 1853
2023-03-20 20:58:18.266 [warning] [Decorations] CAPPING events from decorations provider vscode.git 1853
2023-03-20 20:58:23.341 [warning] [Decorations] CAPPING events from decorations provider vscode.git 1853
2023-03-20 20:58:28.416 [warning] [Decorations] CAPPING events from decorations provider vscode.git 1853
2023-03-20 20:58:33.489 [warning] [Decorations] CAPPING events from decorations provider vscode.git 1853
2023-03-20 20:59:47.552 [warning] [Decorations] CAPPING events from decorations provider vscode.git 1853
2023-03-20 20:59:52.628 [warning] [Decorations] CAPPING events from decorations provider vscode.git 1853
2023-03-20 20:59:57.703 [warning] [Decorations] CAPPING events from decorations provider vscode.git 1853
2023-03-20 21:00:02.779 [warning] [Decorations] CAPPING events from decorations provider vscode.git 1853
2023-03-20 21:00:10.266 [warning] [Decorations] CAPPING events from decorations provider vscode.git 1853
2023-03-20 21:00:15.340 [warning] [Decorations] CAPPING events from decorations provider vscode.git 1853
2023-03-20 21:00:20.413 [warning] [Decorations] CAPPING events from decorations provider vscode.git 1853
2023-03-20 21:00:25.488 [warning] [Decorations] CAPPING events from decorations provider vscode.git 1853
2023-03-20 21:00:30.562 [warning] [Decorations] CAPPING events from decorations provider vscode.git 1853
2023-03-20 21:00:35.635 [warning] [Decorations] CAPPING events from decorations provider vscode.git 1853
2023-03-20 21:00:40.711 [warning] [Decorations] CAPPING events from decorations provider vscode.git 1853
2023-03-20 21:00:45.788 [warning] [Decorations] CAPPING events from decorations provider vscode.git 1853
2023-03-20 21:00:50.862 [warning] [Decorations] CAPPING events from decorations provider vscode.git 1853
2023-03-20 21:00:55.937 [warning] [Decorations] CAPPING events from decorations provider vscode.git 1853
2023-03-20 21:01:01.011 [warning] [Decorations] CAPPING events from decorations provider vscode.git 1853
2023-03-20 21:01:20.994 [warning] [Decorations] CAPPING events from decorations provider vscode.git 1853
2023-03-20 21:01:40.038 [warning] [Decorations] CAPPING events from decorations provider vscode.git 1853
2023-03-20 21:01:45.121 [warning] [Decorations] CAPPING events from decorations provider vscode.git 1853
2023-03-20 21:01:50.195 [warning] [Decorations] CAPPING events from decorations provider vscode.git 1853
2023-03-20 21:01:55.272 [warning] [Decorations] CAPPING events from decorations provider vscode.git 1853
2023-03-20 21:02:00.348 [warning] [Decorations] CAPPING events from decorations provider vscode.git 1853
2023-03-20 21:02:05.999 [warning] [Decorations] CAPPING events from decorations provider vscode.git 1853
2023-03-20 21:02:11.074 [warning] [Decorations] CAPPING events from decorations provider vscode.git 1853
2023-03-20 21:02:16.157 [warning] [Decorations] CAPPING events from decorations provider vscode.git 1853
2023-03-20 21:02:21.234 [warning] [Decorations] CAPPING events from decorations provider vscode.git 1853
2023-03-20 21:02:26.306 [warning] [Decorations] CAPPING events from decorations provider vscode.git 1853
2023-03-20 21:02:31.383 [warning] [Decorations] CAPPING events from decorations provider vscode.git 1853
2023-03-20 21:02:41.423 [warning] [Decorations] CAPPING events from decorations provider vscode.git 1853
2023-03-20 21:02:46.509 [warning] [Decorations] CAPPING events from decorations provider vscode.git 1853
2023-03-20 21:02:51.584 [warning] [Decorations] CAPPING events from decorations provider vscode.git 1853
2023-03-20 21:03:26.059 [warning] [Decorations] CAPPING events from decorations provider vscode.git 1853
2023-03-20 21:03:31.135 [warning] [Decorations] CAPPING events from decorations provider vscode.git 1853
2023-03-20 21:03:36.210 [warning] [Decorations] CAPPING events from decorations provider vscode.git 1853
2023-03-20 21:05:13.233 [warning] [Decorations] CAPPING events from decorations provider vscode.git 1853
2023-03-20 21:05:18.309 [warning] [Decorations] CAPPING events from decorations provider vscode.git 1853
2023-03-20 21:05:24.914 [warning] [Decorations] CAPPING events from decorations provider vscode.git 1853
2023-03-20 21:05:29.999 [warning] [Decorations] CAPPING events from decorations provider vscode.git 1853
2023-03-20 21:05:35.074 [warning] [Decorations] CAPPING events from decorations provider vscode.git 1853
2023-03-20 21:05:40.148 [warning] [Decorations] CAPPING events from decorations provider vscode.git 1853
2023-03-20 21:05:45.221 [warning] [Decorations] CAPPING events from decorations provider vscode.git 1853
2023-03-20 21:05:50.296 [warning] [Decorations] CAPPING events from decorations provider vscode.git 1853
2023-03-20 21:05:55.371 [warning] [Decorations] CAPPING events from decorations provider vscode.git 1853
2023-03-20 21:06:00.444 [warning] [Decorations] CAPPING events from decorations provider vscode.git 1853
2023-03-20 21:06:05.518 [warning] [Decorations] CAPPING events from decorations provider vscode.git 1853
2023-03-20 21:06:10.593 [warning] [Decorations] CAPPING events from decorations provider vscode.git 1853
2023-03-20 21:06:18.072 [warning] [Decorations] CAPPING events from decorations provider vscode.git 1853
2023-03-20 21:06:23.156 [warning] [Decorations] CAPPING events from decorations provider vscode.git 1853
2023-03-20 21:07:16.900 [warning] [Decorations] CAPPING events from decorations provider vscode.git 1853
2023-03-20 21:08:01.744 [warning] [Decorations] CAPPING events from decorations provider vscode.git 1854
2023-03-20 21:08:10.241 [warning] [Decorations] CAPPING events from decorations provider vscode.git 1854
2023-03-20 21:08:20.389 [warning] [Decorations] CAPPING events from decorations provider vscode.git 1855
2023-03-20 21:08:25.462 [warning] [Decorations] CAPPING events from decorations provider vscode.git 1855
2023-03-20 21:08:33.253 [warning] [Decorations] CAPPING events from decorations provider vscode.git 1855
2023-03-20 21:08:38.344 [warning] [Decorations] CAPPING events from decorations provider vscode.git 1855
2023-03-20 21:08:59.078 [warning] [Decorations] CAPPING events from decorations provider vscode.git 1855
2023-03-20 21:09:04.154 [warning] [Decorations] CAPPING events from decorations provider vscode.git 1855
2023-03-20 21:09:09.244 [warning] [Decorations] CAPPING events from decorations provider vscode.git 1855
2023-03-20 21:10:11.485 [warning] [Decorations] CAPPING events from decorations provider vscode.git 1855
2023-03-20 21:10:16.581 [warning] [Decorations] CAPPING events from decorations provider vscode.git 1855
2023-03-20 21:10:21.655 [warning] [Decorations] CAPPING events from decorations provider vscode.git 1856
2023-03-20 21:11:02.105 [warning] [Decorations] CAPPING events from decorations provider vscode.git 1856
2023-03-20 21:11:07.183 [warning] [Decorations] CAPPING events from decorations provider vscode.git 1856
2023-03-20 21:11:12.272 [warning] [Decorations] CAPPING events from decorations provider vscode.git 1856
2023-03-20 21:11:17.348 [warning] [Decorations] CAPPING events from decorations provider vscode.git 1856
2023-03-20 21:11:22.424 [warning] [Decorations] CAPPING events from decorations provider vscode.git 1856
2023-03-20 21:22:37.631 [warning] [Decorations] CAPPING events from decorations provider vscode.git 1856
2023-03-20 21:22:42.711 [warning] [Decorations] CAPPING events from decorations provider vscode.git 1857
2023-03-20 21:22:47.787 [warning] [Decorations] CAPPING events from decorations provider vscode.git 1857
2023-03-20 21:22:52.860 [warning] [Decorations] CAPPING events from decorations provider vscode.git 1857
2023-03-20 21:22:57.935 [warning] [Decorations] CAPPING events from decorations provider vscode.git 1857
2023-03-20 21:23:03.018 [warning] [Decorations] CAPPING events from decorations provider vscode.git 1857
2023-03-20 21:23:08.092 [warning] [Decorations] CAPPING events from decorations provider vscode.git 1857
2023-03-20 21:23:13.173 [warning] [Decorations] CAPPING events from decorations provider vscode.git 1857
2023-03-20 21:23:18.250 [warning] [Decorations] CAPPING events from decorations provider vscode.git 1857
2023-03-20 21:23:23.771 [warning] [Decorations] CAPPING events from decorations provider vscode.git 1857
2023-03-20 21:23:28.846 [warning] [Decorations] CAPPING events from decorations provider vscode.git 1857
2023-03-20 21:23:33.921 [warning] [Decorations] CAPPING events from decorations provider vscode.git 1857
2023-03-20 21:23:38.996 [warning] [Decorations] CAPPING events from decorations provider vscode.git 1857
2023-03-20 21:23:44.077 [warning] [Decorations] CAPPING events from decorations provider vscode.git 1857
2023-03-20 21:23:49.790 [warning] [Decorations] CAPPING events from decorations provider vscode.git 1857
2023-03-20 21:23:54.864 [warning] [Decorations] CAPPING events from decorations provider vscode.git 1857
2023-03-20 21:23:59.943 [warning] [Decorations] CAPPING events from decorations provider vscode.git 1857
2023-03-20 21:24:05.019 [warning] [Decorations] CAPPING events from decorations provider vscode.git 1857
2023-03-20 21:24:10.094 [warning] [Decorations] CAPPING events from decorations provider vscode.git 1857
2023-03-20 21:25:06.782 [warning] [Decorations] CAPPING events from decorations provider vscode.git 1857
2023-03-20 21:25:11.859 [warning] [Decorations] CAPPING events from decorations provider vscode.git 1857
2023-03-20 21:25:52.809 [warning] [Decorations] CAPPING events from decorations provider vscode.git 1857
2023-03-20 21:25:57.883 [warning] [Decorations] CAPPING events from decorations provider vscode.git 1857
2023-03-20 21:26:02.963 [warning] [Decorations] CAPPING events from decorations provider vscode.git 1857
2023-03-20 21:26:08.044 [warning] [Decorations] CAPPING events from decorations provider vscode.git 1857
2023-03-20 21:26:13.123 [warning] [Decorations] CAPPING events from decorations provider vscode.git 1857
2023-03-20 21:26:23.269 [warning] [Decorations] CAPPING events from decorations provider vscode.git 1857
2023-03-20 21:26:30.084 [warning] [Decorations] CAPPING events from decorations provider vscode.git 1857
2023-03-20 21:26:35.160 [warning] [Decorations] CAPPING events from decorations provider vscode.git 1857
2023-03-20 21:27:20.599 [warning] [Decorations] CAPPING events from decorations provider vscode.git 1857
2023-03-20 21:27:25.676 [warning] [Decorations] CAPPING events from decorations provider vscode.git 1857
2023-03-20 21:27:30.752 [warning] [Decorations] CAPPING events from decorations provider vscode.git 1857
2023-03-20 21:27:35.839 [warning] [Decorations] CAPPING events from decorations provider vscode.git 1857
2023-03-20 21:27:40.918 [warning] [Decorations] CAPPING events from decorations provider vscode.git 1857
2023-03-20 21:27:45.993 [warning] [Decorations] CAPPING events from decorations provider vscode.git 1857
2023-03-20 21:27:51.068 [warning] [Decorations] CAPPING events from decorations provider vscode.git 1857
2023-03-20 21:27:56.141 [warning] [Decorations] CAPPING events from decorations provider vscode.git 1857
2023-03-20 21:28:01.216 [warning] [Decorations] CAPPING events from decorations provider vscode.git 1857
2023-03-20 21:28:06.291 [warning] [Decorations] CAPPING events from decorations provider vscode.git 1857
2023-03-20 21:28:11.376 [warning] [Decorations] CAPPING events from decorations provider vscode.git 1857
2023-03-20 21:28:19.363 [warning] [Decorations] CAPPING events from decorations provider vscode.git 1857
2023-03-20 21:28:24.437 [warning] [Decorations] CAPPING events from decorations provider vscode.git 1858
2023-03-20 21:28:29.513 [warning] [Decorations] CAPPING events from decorations provider vscode.git 1858
2023-03-20 21:28:34.589 [warning] [Decorations] CAPPING events from decorations provider vscode.git 1858
2023-03-20 21:28:40.169 [warning] [Decorations] CAPPING events from decorations provider vscode.git 1858
2023-03-20 21:28:45.253 [warning] [Decorations] CAPPING events from decorations provider vscode.git 1858
2023-03-20 21:28:50.328 [warning] [Decorations] CAPPING events from decorations provider vscode.git 1858
2023-03-20 21:28:55.403 [warning] [Decorations] CAPPING events from decorations provider vscode.git 1858
2023-03-20 21:29:00.477 [warning] [Decorations] CAPPING events from decorations provider vscode.git 1858
2023-03-20 21:29:05.561 [warning] [Decorations] CAPPING events from decorations provider vscode.git 1858
2023-03-20 21:29:10.636 [warning] [Decorations] CAPPING events from decorations provider vscode.git 1858
2023-03-20 21:29:15.711 [warning] [Decorations] CAPPING events from decorations provider vscode.git 1858
2023-03-20 21:29:20.786 [warning] [Decorations] CAPPING events from decorations provider vscode.git 1858
2023-03-20 21:29:25.860 [warning] [Decorations] CAPPING events from decorations provider vscode.git 1858
2023-03-20 21:29:30.935 [warning] [Decorations] CAPPING events from decorations provider vscode.git 1858
2023-03-20 21:29:52.652 [warning] [Decorations] CAPPING events from decorations provider vscode.git 1858
2023-03-20 21:29:57.729 [warning] [Decorations] CAPPING events from decorations provider vscode.git 1858
2023-03-20 21:30:02.807 [warning] [Decorations] CAPPING events from decorations provider vscode.git 1858
2023-03-20 21:30:07.881 [warning] [Decorations] CAPPING events from decorations provider vscode.git 1858
2023-03-20 21:30:14.605 [warning] [Decorations] CAPPING events from decorations provider vscode.git 1858
2023-03-20 21:30:19.681 [warning] [Decorations] CAPPING events from decorations provider vscode.git 1858
2023-03-20 21:30:25.387 [warning] [Decorations] CAPPING events from decorations provider vscode.git 1858
2023-03-20 21:30:30.462 [warning] [Decorations] CAPPING events from decorations provider vscode.git 1858
2023-03-20 21:30:35.537 [warning] [Decorations] CAPPING events from decorations provider vscode.git 1858
2023-03-20 21:30:40.614 [warning] [Decorations] CAPPING events from decorations provider vscode.git 1858
2023-03-20 21:30:45.704 [warning] [Decorations] CAPPING events from decorations provider vscode.git 1858
2023-03-20 21:30:52.937 [warning] [Decorations] CAPPING events from decorations provider vscode.git 1858
2023-03-20 21:30:58.011 [warning] [Decorations] CAPPING events from decorations provider vscode.git 1858
2023-03-20 21:31:03.086 [warning] [Decorations] CAPPING events from decorations provider vscode.git 1858
2023-03-20 21:31:08.162 [warning] [Decorations] CAPPING events from decorations provider vscode.git 1858
2023-03-20 21:31:13.237 [warning] [Decorations] CAPPING events from decorations provider vscode.git 1858
2023-03-20 21:31:21.686 [warning] [Decorations] CAPPING events from decorations provider vscode.git 1859
2023-03-20 21:31:26.763 [warning] [Decorations] CAPPING events from decorations provider vscode.git 1859
2023-03-20 21:31:31.835 [warning] [Decorations] CAPPING events from decorations provider vscode.git 1859
2023-03-20 21:31:48.124 [warning] [Decorations] CAPPING events from decorations provider vscode.git 1859
2023-03-20 21:31:53.200 [warning] [Decorations] CAPPING events from decorations provider vscode.git 1859
2023-03-20 21:31:58.276 [warning] [Decorations] CAPPING events from decorations provider vscode.git 1859
2023-03-20 21:32:18.159 [warning] [Decorations] CAPPING events from decorations provider vscode.git 1859
2023-03-20 21:32:23.234 [warning] [Decorations] CAPPING events from decorations provider vscode.git 1859
2023-03-20 21:32:28.309 [warning] [Decorations] CAPPING events from decorations provider vscode.git 1859
2023-03-20 21:32:33.385 [warning] [Decorations] CAPPING events from decorations provider vscode.git 1859
2023-03-20 21:32:38.459 [warning] [Decorations] CAPPING events from decorations provider vscode.git 1859
2023-03-20 21:32:43.534 [warning] [Decorations] CAPPING events from decorations provider vscode.git 1859
2023-03-20 21:32:48.611 [warning] [Decorations] CAPPING events from decorations provider vscode.git 1859
2023-03-20 21:32:53.929 [warning] [Decorations] CAPPING events from decorations provider vscode.git 1859
2023-03-20 21:33:18.190 [warning] [Decorations] CAPPING events from decorations provider vscode.git 1859
2023-03-20 21:33:23.278 [warning] [Decorations] CAPPING events from decorations provider vscode.git 1859
2023-03-20 21:33:35.735 [warning] [Decorations] CAPPING events from decorations provider vscode.git 1859
2023-03-20 21:34:03.052 [warning] [Decorations] CAPPING events from decorations provider vscode.git 1859
2023-03-20 21:34:13.948 [warning] [Decorations] CAPPING events from decorations provider vscode.git 1859
2023-03-20 21:34:19.026 [warning] [Decorations] CAPPING events from decorations provider vscode.git 1860
2023-03-20 21:34:24.108 [warning] [Decorations] CAPPING events from decorations provider vscode.git 1860
2023-03-20 21:34:29.184 [warning] [Decorations] CAPPING events from decorations provider vscode.git 1860
2023-03-20 21:34:34.266 [warning] [Decorations] CAPPING events from decorations provider vscode.git 1860
2023-03-20 21:34:39.340 [warning] [Decorations] CAPPING events from decorations provider vscode.git 1860
2023-03-20 21:34:48.531 [warning] [Decorations] CAPPING events from decorations provider vscode.git 1860
2023-03-20 21:34:56.333 [warning] [Decorations] CAPPING events from decorations provider vscode.git 1860
2023-03-20 21:35:35.539 [warning] [Decorations] CAPPING events from decorations provider vscode.git 1861
2023-03-20 21:35:40.627 [warning] [Decorations] CAPPING events from decorations provider vscode.git 1861
2023-03-20 21:35:45.703 [warning] [Decorations] CAPPING events from decorations provider vscode.git 1861
2023-03-20 21:35:50.777 [warning] [Decorations] CAPPING events from decorations provider vscode.git 1861
2023-03-20 21:36:00.238 [warning] [Decorations] CAPPING events from decorations provider vscode.git 1861
2023-03-20 21:36:05.314 [warning] [Decorations] CAPPING events from decorations provider vscode.git 1861
2023-03-20 21:36:10.387 [warning] [Decorations] CAPPING events from decorations provider vscode.git 1861
2023-03-20 21:36:15.461 [warning] [Decorations] CAPPING events from decorations provider vscode.git 1861
2023-03-20 21:36:21.104 [warning] [Decorations] CAPPING events from decorations provider vscode.git 1861
2023-03-20 21:36:26.179 [warning] [Decorations] CAPPING events from decorations provider vscode.git 1861
2023-03-20 21:36:31.261 [warning] [Decorations] CAPPING events from decorations provider vscode.git 1861
2023-03-20 21:36:36.337 [warning] [Decorations] CAPPING events from decorations provider vscode.git 1861
2023-03-20 21:36:50.930 [warning] [Decorations] CAPPING events from decorations provider vscode.git 1861
2023-03-20 21:36:56.007 [warning] [Decorations] CAPPING events from decorations provider vscode.git 1861
2023-03-20 21:37:10.600 [warning] [Decorations] CAPPING events from decorations provider vscode.git 1861
2023-03-20 21:37:15.675 [warning] [Decorations] CAPPING events from decorations provider vscode.git 1861
2023-03-20 21:37:22.164 [warning] [Decorations] CAPPING events from decorations provider vscode.git 1861
2023-03-20 21:37:57.254 [warning] [Decorations] CAPPING events from decorations provider vscode.git 1862
2023-03-20 21:38:02.343 [warning] [Decorations] CAPPING events from decorations provider vscode.git 1862
2023-03-20 21:38:07.420 [warning] [Decorations] CAPPING events from decorations provider vscode.git 1862
2023-03-20 21:38:12.502 [warning] [Decorations] CAPPING events from decorations provider vscode.git 1862
2023-03-20 21:38:17.580 [warning] [Decorations] CAPPING events from decorations provider vscode.git 1862
2023-03-20 21:38:22.654 [warning] [Decorations] CAPPING events from decorations provider vscode.git 1862
2023-03-20 21:38:27.729 [warning] [Decorations] CAPPING events from decorations provider vscode.git 1862
2023-03-20 21:38:32.803 [warning] [Decorations] CAPPING events from decorations provider vscode.git 1862
2023-03-20 21:38:37.876 [warning] [Decorations] CAPPING events from decorations provider vscode.git 1862
2023-03-20 21:38:42.952 [warning] [Decorations] CAPPING events from decorations provider vscode.git 1862
2023-03-20 21:38:48.028 [warning] [Decorations] CAPPING events from decorations provider vscode.git 1862
2023-03-20 21:38:53.105 [warning] [Decorations] CAPPING events from decorations provider vscode.git 1862
2023-03-20 21:38:58.183 [warning] [Decorations] CAPPING events from decorations provider vscode.git 1862
2023-03-20 21:39:04.497 [warning] [Decorations] CAPPING events from decorations provider vscode.git 1863
2023-03-20 21:39:09.572 [warning] [Decorations] CAPPING events from decorations provider vscode.git 1863
2023-03-20 21:39:14.659 [warning] [Decorations] CAPPING events from decorations provider vscode.git 1863
2023-03-20 21:39:19.735 [warning] [Decorations] CAPPING events from decorations provider vscode.git 1863
2023-03-20 21:39:24.823 [warning] [Decorations] CAPPING events from decorations provider vscode.git 1863
2023-03-20 21:39:29.899 [warning] [Decorations] CAPPING events from decorations provider vscode.git 1863
2023-03-20 21:39:35.509 [warning] [Decorations] CAPPING events from decorations provider vscode.git 1863
2023-03-20 21:39:40.583 [warning] [Decorations] CAPPING events from decorations provider vscode.git 1863
2023-03-20 21:40:12.351 [warning] [Decorations] CAPPING events from decorations provider vscode.git 1863
2023-03-20 21:40:17.429 [warning] [Decorations] CAPPING events from decorations provider vscode.git 1863
2023-03-20 21:40:22.519 [warning] [Decorations] CAPPING events from decorations provider vscode.git 1863
2023-03-20 21:40:27.596 [warning] [Decorations] CAPPING events from decorations provider vscode.git 1863
2023-03-20 21:40:33.683 [warning] [Decorations] CAPPING events from decorations provider vscode.git 1863
2023-03-20 21:40:38.758 [warning] [Decorations] CAPPING events from decorations provider vscode.git 1863
2023-03-20 21:40:43.838 [warning] [Decorations] CAPPING events from decorations provider vscode.git 1863
2023-03-20 21:40:48.914 [warning] [Decorations] CAPPING events from decorations provider vscode.git 1863
2023-03-20 21:40:53.990 [warning] [Decorations] CAPPING events from decorations provider vscode.git 1863
2023-03-20 21:40:59.065 [warning] [Decorations] CAPPING events from decorations provider vscode.git 1863
2023-03-20 21:41:04.143 [warning] [Decorations] CAPPING events from decorations provider vscode.git 1863
2023-03-20 21:41:36.062 [warning] [Decorations] CAPPING events from decorations provider vscode.git 1863
2023-03-20 21:41:41.147 [warning] [Decorations] CAPPING events from decorations provider vscode.git 1863
2023-03-20 21:41:46.224 [warning] [Decorations] CAPPING events from decorations provider vscode.git 1863
2023-03-20 21:41:51.300 [warning] [Decorations] CAPPING events from decorations provider vscode.git 1863
2023-03-20 21:41:56.377 [warning] [Decorations] CAPPING events from decorations provider vscode.git 1863
2023-03-20 21:42:01.453 [warning] [Decorations] CAPPING events from decorations provider vscode.git 1863
2023-03-20 21:42:07.777 [warning] [Decorations] CAPPING events from decorations provider vscode.git 1864
2023-03-20 21:42:12.854 [warning] [Decorations] CAPPING events from decorations provider vscode.git 1864
2023-03-20 21:42:17.930 [warning] [Decorations] CAPPING events from decorations provider vscode.git 1864
2023-03-20 21:42:23.016 [warning] [Decorations] CAPPING events from decorations provider vscode.git 1864
2023-03-20 21:42:28.093 [warning] [Decorations] CAPPING events from decorations provider vscode.git 1864
2023-03-20 21:42:34.780 [warning] [Decorations] CAPPING events from decorations provider vscode.git 1864
2023-03-20 21:42:39.855 [warning] [Decorations] CAPPING events from decorations provider vscode.git 1864
2023-03-20 21:42:44.931 [warning] [Decorations] CAPPING events from decorations provider vscode.git 1864
2023-03-20 21:42:50.006 [warning] [Decorations] CAPPING events from decorations provider vscode.git 1864
2023-03-20 21:42:55.091 [warning] [Decorations] CAPPING events from decorations provider vscode.git 1864
2023-03-20 21:43:00.168 [warning] [Decorations] CAPPING events from decorations provider vscode.git 1864
2023-03-20 21:43:05.242 [warning] [Decorations] CAPPING events from decorations provider vscode.git 1864
2023-03-20 21:43:10.320 [warning] [Decorations] CAPPING events from decorations provider vscode.git 1864
2023-03-20 21:43:15.397 [warning] [Decorations] CAPPING events from decorations provider vscode.git 1864
2023-03-20 21:43:20.472 [warning] [Decorations] CAPPING events from decorations provider vscode.git 1864
2023-03-20 21:43:25.548 [warning] [Decorations] CAPPING events from decorations provider vscode.git 1864
2023-03-20 21:43:30.625 [warning] [Decorations] CAPPING events from decorations provider vscode.git 1864
2023-03-20 21:43:35.703 [warning] [Decorations] CAPPING events from decorations provider vscode.git 1864
2023-03-20 21:43:40.777 [warning] [Decorations] CAPPING events from decorations provider vscode.git 1864
2023-03-20 21:43:45.854 [warning] [Decorations] CAPPING events from decorations provider vscode.git 1864
2023-03-20 21:43:50.929 [warning] [Decorations] CAPPING events from decorations provider vscode.git 1864
2023-03-20 21:43:56.006 [warning] [Decorations] CAPPING events from decorations provider vscode.git 1864
2023-03-20 21:44:01.082 [warning] [Decorations] CAPPING events from decorations provider vscode.git 1864
2023-03-20 21:44:06.158 [warning] [Decorations] CAPPING events from decorations provider vscode.git 1864
2023-03-20 21:44:11.232 [warning] [Decorations] CAPPING events from decorations provider vscode.git 1864
2023-03-20 21:44:16.308 [warning] [Decorations] CAPPING events from decorations provider vscode.git 1864
2023-03-20 21:44:21.384 [warning] [Decorations] CAPPING events from decorations provider vscode.git 1864
2023-03-20 21:44:26.458 [warning] [Decorations] CAPPING events from decorations provider vscode.git 1864
2023-03-20 21:44:31.535 [warning] [Decorations] CAPPING events from decorations provider vscode.git 1864
2023-03-20 21:44:36.852 [warning] [Decorations] CAPPING events from decorations provider vscode.git 1865
2023-03-20 21:44:41.925 [warning] [Decorations] CAPPING events from decorations provider vscode.git 1865
2023-03-20 21:46:26.855 [warning] [Decorations] CAPPING events from decorations provider vscode.git 1865
2023-03-20 21:46:31.933 [warning] [Decorations] CAPPING events from decorations provider vscode.git 1865
2023-03-20 21:46:37.019 [warning] [Decorations] CAPPING events from decorations provider vscode.git 1865
2023-03-20 21:47:07.188 [warning] [Decorations] CAPPING events from decorations provider vscode.git 1865
2023-03-20 21:47:12.833 [warning] [Decorations] CAPPING events from decorations provider vscode.git 1865
2023-03-20 21:47:17.910 [warning] [Decorations] CAPPING events from decorations provider vscode.git 1865
2023-03-20 21:47:22.998 [warning] [Decorations] CAPPING events from decorations provider vscode.git 1865
2023-03-20 21:47:28.075 [warning] [Decorations] CAPPING events from decorations provider vscode.git 1865
2023-03-20 21:47:38.046 [warning] [Decorations] CAPPING events from decorations provider vscode.git 1865
2023-03-20 21:47:43.121 [warning] [Decorations] CAPPING events from decorations provider vscode.git 1865
