[Info  - 6:41:21 PM] Solidity by Nomic Foundation Starting ...
[Info  - 6:41:21 PM] env: production
[Info  - 6:41:21 PM] Client starting
[Info  - 6:41:22 PM] Language server starting
[Info  - 6:41:22 PM]   Release: hardhat-solidity@0.6.10
[Info  - 6:41:22 PM]   Environment: production
[Info  - 6:41:22 PM]   Telemetry Enabled: false
[Info  - 6:41:22 PM]   Telemetry Tracking Id: 0067dfea6e...
[Info  - 6:41:22 PM]   Workspace Folders:
[Info  - 6:41:22 PM]     root (file:///root)
[Info  - 6:41:22 PM] Fetching latest solidity versions
[Info  - 6:41:23 PM] Language server ready
[Info  - 6:41:23 PM] [indexing] Found projects:
[Info  - 6:41:23 PM] [indexing] -  Type: Hardhat
[Info  - 6:41:23 PM] [indexing]    Base path: /root
[Info  - 6:41:23 PM] [indexing]    Config file: /root/hardhat.config.js
[Info  - 6:41:23 PM] [indexing] -  Type: Hardhat
[Info  - 6:41:23 PM] [indexing]    Base path: /root/folder/hardhat-simple-storage-fcc
[Info  - 6:41:23 PM] [indexing]    Config file: /root/folder/hardhat-simple-storage-fcc/hardhat.config.js
[Info  - 6:41:23 PM] [indexing] Initializing /root/hardhat.config.js
[Info  - 6:41:23 PM] [indexing] Initializing /root/folder/hardhat-simple-storage-fcc/hardhat.config.js
[Info  - 6:41:23 PM] [root] Local HRE loaded
[Info  - 6:41:23 PM] [indexing] Done /root/hardhat.config.js
[Info  - 6:41:24 PM] [hardhat-simple-storage-fcc] Local HRE loaded
[Info  - 6:41:24 PM] [indexing] Done /root/folder/hardhat-simple-storage-fcc/hardhat.config.js
[Info  - 6:41:24 PM] [indexing] Scanning workspace folders for sol files
[Info  - 6:41:24 PM] [indexing] Scan complete, 987 sol files found
[Info  - 6:44:58 PM] [root] Config file changed. Restarting worker process.
[Info  - 6:44:58 PM] [root] Child process exited: null
[Info  - 6:44:58 PM] [root] Config file changed. Restarting worker process.
[Info  - 6:44:58 PM] [root] Child process exited: null
[Info  - 6:44:58 PM] [root] Local HRE loaded
[Info  - 6:47:19 PM] Telemetry disabled
[Info  - 6:54:42 PM] [root] Config file changed. Restarting worker process.
[Info  - 6:54:42 PM] [root] Child process exited: null
[Info  - 6:54:42 PM] [root] Config file changed. Restarting worker process.
[Info  - 6:54:42 PM] [root] Child process exited: null
[Error - 6:54:42 PM] [root] "Error loading HRE: Error: Cannot find module '@nomiclabs/hardhat-waffle'\nRequire stack:\n- /root/hardhat.config.js\n- /root/node_modules/hardhat/internal/core/config/config-loading.js\n- /root/node_modules/hardhat/register.js\n- /root/.vscode-server/extensions/nomicfoundation.hardhat-solidity-0.6.10/server/out/worker/WorkerProcess.js"
[Info  - 6:54:42 PM] [root] Child process exited: 1
[Info  - 6:54:57 PM] [root] Config file changed. Restarting worker process.
[Error - 6:54:57 PM] [root] "Error loading HRE: Error: Cannot find module '@nomiclabs/hardhat-waffle'\nRequire stack:\n- /root/hardhat.config.js\n- /root/node_modules/hardhat/internal/core/config/config-loading.js\n- /root/node_modules/hardhat/register.js\n- /root/.vscode-server/extensions/nomicfoundation.hardhat-solidity-0.6.10/server/out/worker/WorkerProcess.js"
[Info  - 6:54:57 PM] [root] Child process exited: 1
[Info  - 6:56:33 PM] [root] Config file changed. Restarting worker process.
[Error - 6:56:33 PM] [root] "Error loading HRE: Error: Cannot find module 'dotenv'\nRequire stack:\n- /root/hardhat.config.js\n- /root/node_modules/hardhat/internal/core/config/config-loading.js\n- /root/node_modules/hardhat/register.js\n- /root/.vscode-server/extensions/nomicfoundation.hardhat-solidity-0.6.10/server/out/worker/WorkerProcess.js"
[Info  - 6:56:33 PM] [root] Child process exited: 1
[Info  - 6:57:15 PM] [root] Config file changed. Restarting worker process.
[Error - 6:57:15 PM] [root] "Error loading HRE: Error: Cannot find module 'nomiclabs/hardhat-waffle'\nRequire stack:\n- /root/hardhat.config.js\n- /root/node_modules/hardhat/internal/core/config/config-loading.js\n- /root/node_modules/hardhat/register.js\n- /root/.vscode-server/extensions/nomicfoundation.hardhat-solidity-0.6.10/server/out/worker/WorkerProcess.js"
[Info  - 6:57:15 PM] [root] Child process exited: 1
[Info  - 6:57:15 PM] [root] Config file changed. Restarting worker process.
[Error - 6:57:16 PM] [root] "Error loading HRE: Error: Cannot find module 'nomiclabs/hardhat-waffle'\nRequire stack:\n- /root/hardhat.config.js\n- /root/node_modules/hardhat/internal/core/config/config-loading.js\n- /root/node_modules/hardhat/register.js\n- /root/.vscode-server/extensions/nomicfoundation.hardhat-solidity-0.6.10/server/out/worker/WorkerProcess.js"
[Info  - 6:57:16 PM] [root] Child process exited: 1
[Info  - 7:26:50 PM] [root] Config file changed. Restarting worker process.
[Error - 7:26:50 PM] [root] "Error loading HRE: Error: Cannot find module 'dotenv'\nRequire stack:\n- /root/hardhat.config.js\n- /root/node_modules/hardhat/internal/core/config/config-loading.js\n- /root/node_modules/hardhat/register.js\n- /root/.vscode-server/extensions/nomicfoundation.hardhat-solidity-0.6.10/server/out/worker/WorkerProcess.js"
[Info  - 7:26:50 PM] [root] Child process exited: 1
