2023-03-07 21:08:04.177 [info] Log level: Info
2023-03-07 21:08:04.177 [info] Validating found git in: "git"
2023-03-07 21:08:04.177 [info] Using git "2.34.1" from "git"
2023-03-07 21:08:04.177 [info] > git rev-parse --show-toplevel [7ms]
2023-03-07 21:08:04.200 [info] > git rev-parse --git-dir --git-common-dir [18ms]
2023-03-07 21:08:04.207 [info] Open repository: /root
2023-03-07 21:08:04.314 [info] > git rev-parse --show-toplevel [102ms]
2023-03-07 21:08:04.322 [info] > git rev-parse --show-toplevel [5ms]
2023-03-07 21:08:04.326 [info] > git config --get commit.template [11ms]
2023-03-07 21:08:04.327 [info] > git rev-parse --show-toplevel [2ms]
2023-03-07 21:08:04.413 [info] > git for-each-ref --format=%(refname)%00%(upstream:short)%00%(objectname)%00%(upstream:track)%00%(upstream:remotename)%00%(upstream:remoteref) refs/heads/main refs/remotes/main [80ms]
2023-03-07 21:08:04.418 [info] > git rev-parse --show-toplevel [88ms]
2023-03-07 21:08:04.423 [info] > git rev-parse --show-toplevel [2ms]
2023-03-07 21:08:04.426 [info] > git rev-parse --show-toplevel [1ms]
2023-03-07 21:08:04.430 [info] > git rev-parse --show-toplevel [1ms]
2023-03-07 21:08:04.432 [info] > git rev-parse --git-dir --git-common-dir [0ms]
2023-03-07 21:08:04.434 [info] Open repository: /root/.nvm
2023-03-07 21:08:04.443 [info] > git rev-parse --show-toplevel [6ms]
2023-03-07 21:08:04.450 [info] > git rev-parse --show-toplevel [3ms]
2023-03-07 21:08:04.454 [info] > git config --get commit.template [14ms]
2023-03-07 21:08:04.455 [info] > git rev-parse --show-toplevel [1ms]
2023-03-07 21:08:04.461 [info] > git status -z -uall [44ms]
2023-03-07 21:08:04.503 [info] > git rev-parse --show-toplevel [46ms]
2023-03-07 21:08:04.509 [info] > git for-each-ref --format %(refname) %(objectname) %(*objectname) refs/tags [49ms]
2023-03-07 21:08:04.513 [info] > git status -z -uall [2ms]
2023-03-07 21:08:04.513 [info] > git config --get commit.template [4ms]
2023-03-07 21:08:04.513 [info] > git rev-parse --show-toplevel [7ms]
2023-03-07 21:08:04.530 [info] > git rev-parse --show-toplevel [14ms]
2023-03-07 21:08:04.535 [info] > git config --get commit.template [4ms]
2023-03-07 21:08:04.535 [info] > git for-each-ref --format=%(refname)%00%(upstream:short)%00%(objectname)%00%(upstream:track)%00%(upstream:remotename)%00%(upstream:remoteref) refs/heads/main refs/remotes/main [8ms]
2023-03-07 21:08:04.537 [info] > git rev-parse --git-dir --git-common-dir [5ms]
2023-03-07 21:08:04.540 [info] Open repository: /root/hardhat-simple-storage-fcc
2023-03-07 21:08:04.549 [info] > git rev-parse --show-toplevel [6ms]
2023-03-07 21:08:04.554 [info] > git config --get commit.template [6ms]
2023-03-07 21:08:04.554 [info] > git for-each-ref --format %(refname) %(objectname) %(*objectname) refs/tags [9ms]
2023-03-07 21:08:04.558 [info] > git status -z -uall [21ms]
2023-03-07 21:08:04.604 [info] > git rev-parse --show-toplevel [52ms]
2023-03-07 21:08:04.695 [info] > git status -z -uall [138ms]
2023-03-07 21:08:04.908 [info] > git for-each-ref --format=%(refname)%00%(upstream:short)%00%(objectname)%00%(upstream:track)%00%(upstream:remotename)%00%(upstream:remoteref) refs/heads/main refs/remotes/main [299ms]
2023-03-07 21:08:04.920 [info] > git status -z -uall [8ms]
2023-03-07 21:08:04.920 [info] > git check-ignore -v -z --stdin [2ms]
2023-03-07 21:08:04.991 [info] > git show --textconv :contracts/FundMe.sol [12ms]
2023-03-07 21:08:04.992 [info] > git ls-files --stage -- /root/contracts/FundMe.sol [11ms]
2023-03-07 21:08:04.999 [info] > git cat-file -s 222a2d9c727980c1b5e6a7a81e1c934336b682a1 [3ms]
2023-03-07 21:08:08.232 [info] > git config --get commit.template [4ms]
2023-03-07 21:08:08.232 [info] > git for-each-ref --format=%(refname)%00%(upstream:short)%00%(objectname)%00%(upstream:track)%00%(upstream:remotename)%00%(upstream:remoteref) refs/heads/main refs/remotes/main [1ms]
2023-03-07 21:08:08.252 [info] > git status -z -uall [17ms]
2023-03-07 21:08:14.470 [info] > git config --get commit.template [0ms]
2023-03-07 21:08:14.473 [info] > git for-each-ref --format=%(refname)%00%(upstream:short)%00%(objectname)%00%(upstream:track)%00%(upstream:remotename)%00%(upstream:remoteref) refs/heads/main refs/remotes/main [0ms]
2023-03-07 21:08:14.491 [info] > git status -z -uall [15ms]
2023-03-07 21:08:19.524 [info] > git config --get commit.template [2ms]
2023-03-07 21:08:19.524 [info] > git for-each-ref --format=%(refname)%00%(upstream:short)%00%(objectname)%00%(upstream:track)%00%(upstream:remotename)%00%(upstream:remoteref) refs/heads/main refs/remotes/main [1ms]
2023-03-07 21:08:19.541 [info] > git status -z -uall [15ms]
2023-03-07 21:08:24.570 [info] > git config --get commit.template [0ms]
2023-03-07 21:08:24.573 [info] > git for-each-ref --format=%(refname)%00%(upstream:short)%00%(objectname)%00%(upstream:track)%00%(upstream:remotename)%00%(upstream:remoteref) refs/heads/main refs/remotes/main [1ms]
2023-03-07 21:08:24.590 [info] > git status -z -uall [15ms]
2023-03-07 21:08:29.622 [info] > git config --get commit.template [0ms]
2023-03-07 21:08:29.625 [info] > git for-each-ref --format=%(refname)%00%(upstream:short)%00%(objectname)%00%(upstream:track)%00%(upstream:remotename)%00%(upstream:remoteref) refs/heads/main refs/remotes/main [1ms]
2023-03-07 21:08:29.642 [info] > git status -z -uall [15ms]
2023-03-07 21:08:35.573 [info] > git config --get commit.template [3ms]
2023-03-07 21:08:35.573 [info] > git for-each-ref --format=%(refname)%00%(upstream:short)%00%(objectname)%00%(upstream:track)%00%(upstream:remotename)%00%(upstream:remoteref) refs/heads/main refs/remotes/main [1ms]
2023-03-07 21:08:35.590 [info] > git status -z -uall [14ms]
2023-03-07 21:08:40.626 [info] > git config --get commit.template [3ms]
2023-03-07 21:08:40.626 [info] > git for-each-ref --format=%(refname)%00%(upstream:short)%00%(objectname)%00%(upstream:track)%00%(upstream:remotename)%00%(upstream:remoteref) refs/heads/main refs/remotes/main [0ms]
2023-03-07 21:08:40.644 [info] > git status -z -uall [16ms]
2023-03-07 21:08:45.671 [info] > git config --get commit.template [1ms]
2023-03-07 21:08:45.675 [info] > git for-each-ref --format=%(refname)%00%(upstream:short)%00%(objectname)%00%(upstream:track)%00%(upstream:remotename)%00%(upstream:remoteref) refs/heads/main refs/remotes/main [0ms]
2023-03-07 21:08:45.692 [info] > git status -z -uall [15ms]
2023-03-07 21:08:52.575 [info] > git config --get commit.template [1ms]
2023-03-07 21:08:52.580 [info] > git for-each-ref --format=%(refname)%00%(upstream:short)%00%(objectname)%00%(upstream:track)%00%(upstream:remotename)%00%(upstream:remoteref) refs/heads/main refs/remotes/main [1ms]
2023-03-07 21:08:52.601 [info] > git status -z -uall [18ms]
2023-03-07 21:08:57.635 [info] > git config --get commit.template [1ms]
2023-03-07 21:08:57.638 [info] > git for-each-ref --format=%(refname)%00%(upstream:short)%00%(objectname)%00%(upstream:track)%00%(upstream:remotename)%00%(upstream:remoteref) refs/heads/main refs/remotes/main [1ms]
2023-03-07 21:08:57.655 [info] > git status -z -uall [15ms]
2023-03-07 21:09:02.685 [info] > git config --get commit.template [0ms]
2023-03-07 21:09:02.689 [info] > git for-each-ref --format=%(refname)%00%(upstream:short)%00%(objectname)%00%(upstream:track)%00%(upstream:remotename)%00%(upstream:remoteref) refs/heads/main refs/remotes/main [0ms]
2023-03-07 21:09:02.706 [info] > git status -z -uall [15ms]
2023-03-07 21:09:07.733 [info] > git config --get commit.template [0ms]
2023-03-07 21:09:07.736 [info] > git for-each-ref --format=%(refname)%00%(upstream:short)%00%(objectname)%00%(upstream:track)%00%(upstream:remotename)%00%(upstream:remoteref) refs/heads/main refs/remotes/main [0ms]
2023-03-07 21:09:07.753 [info] > git status -z -uall [15ms]
2023-03-07 21:09:12.780 [info] > git config --get commit.template [0ms]
2023-03-07 21:09:12.783 [info] > git for-each-ref --format=%(refname)%00%(upstream:short)%00%(objectname)%00%(upstream:track)%00%(upstream:remotename)%00%(upstream:remoteref) refs/heads/main refs/remotes/main [0ms]
2023-03-07 21:09:12.801 [info] > git status -z -uall [15ms]
2023-03-07 21:09:17.830 [info] > git config --get commit.template [1ms]
2023-03-07 21:09:17.833 [info] > git for-each-ref --format=%(refname)%00%(upstream:short)%00%(objectname)%00%(upstream:track)%00%(upstream:remotename)%00%(upstream:remoteref) refs/heads/main refs/remotes/main [1ms]
2023-03-07 21:09:17.850 [info] > git status -z -uall [15ms]
2023-03-07 21:09:22.876 [info] > git config --get commit.template [1ms]
2023-03-07 21:09:22.879 [info] > git for-each-ref --format=%(refname)%00%(upstream:short)%00%(objectname)%00%(upstream:track)%00%(upstream:remotename)%00%(upstream:remoteref) refs/heads/main refs/remotes/main [1ms]
2023-03-07 21:09:22.896 [info] > git status -z -uall [14ms]
2023-03-07 21:09:27.925 [info] > git config --get commit.template [0ms]
2023-03-07 21:09:27.927 [info] > git for-each-ref --format=%(refname)%00%(upstream:short)%00%(objectname)%00%(upstream:track)%00%(upstream:remotename)%00%(upstream:remoteref) refs/heads/main refs/remotes/main [0ms]
2023-03-07 21:09:27.944 [info] > git status -z -uall [14ms]
2023-03-07 21:09:32.974 [info] > git config --get commit.template [3ms]
2023-03-07 21:09:32.974 [info] > git for-each-ref --format=%(refname)%00%(upstream:short)%00%(objectname)%00%(upstream:track)%00%(upstream:remotename)%00%(upstream:remoteref) refs/heads/main refs/remotes/main [0ms]
2023-03-07 21:09:32.992 [info] > git status -z -uall [15ms]
2023-03-07 21:09:38.021 [info] > git config --get commit.template [1ms]
2023-03-07 21:09:38.024 [info] > git for-each-ref --format=%(refname)%00%(upstream:short)%00%(objectname)%00%(upstream:track)%00%(upstream:remotename)%00%(upstream:remoteref) refs/heads/main refs/remotes/main [1ms]
2023-03-07 21:09:38.042 [info] > git status -z -uall [15ms]
2023-03-07 21:09:43.068 [info] > git config --get commit.template [0ms]
2023-03-07 21:09:43.071 [info] > git for-each-ref --format=%(refname)%00%(upstream:short)%00%(objectname)%00%(upstream:track)%00%(upstream:remotename)%00%(upstream:remoteref) refs/heads/main refs/remotes/main [1ms]
2023-03-07 21:09:43.088 [info] > git status -z -uall [15ms]
2023-03-07 21:09:48.115 [info] > git config --get commit.template [0ms]
2023-03-07 21:09:48.117 [info] > git for-each-ref --format=%(refname)%00%(upstream:short)%00%(objectname)%00%(upstream:track)%00%(upstream:remotename)%00%(upstream:remoteref) refs/heads/main refs/remotes/main [0ms]
2023-03-07 21:09:48.135 [info] > git status -z -uall [15ms]
2023-03-07 21:09:53.162 [info] > git config --get commit.template [1ms]
2023-03-07 21:09:53.165 [info] > git for-each-ref --format=%(refname)%00%(upstream:short)%00%(objectname)%00%(upstream:track)%00%(upstream:remotename)%00%(upstream:remoteref) refs/heads/main refs/remotes/main [1ms]
2023-03-07 21:09:53.182 [info] > git status -z -uall [15ms]
2023-03-07 21:09:58.213 [info] > git config --get commit.template [3ms]
2023-03-07 21:09:58.213 [info] > git for-each-ref --format=%(refname)%00%(upstream:short)%00%(objectname)%00%(upstream:track)%00%(upstream:remotename)%00%(upstream:remoteref) refs/heads/main refs/remotes/main [1ms]
2023-03-07 21:09:58.231 [info] > git status -z -uall [14ms]
2023-03-07 21:10:03.256 [info] > git config --get commit.template [0ms]
2023-03-07 21:10:03.259 [info] > git for-each-ref --format=%(refname)%00%(upstream:short)%00%(objectname)%00%(upstream:track)%00%(upstream:remotename)%00%(upstream:remoteref) refs/heads/main refs/remotes/main [0ms]
2023-03-07 21:10:03.278 [info] > git status -z -uall [17ms]
2023-03-07 21:10:08.305 [info] > git config --get commit.template [1ms]
2023-03-07 21:10:08.309 [info] > git for-each-ref --format=%(refname)%00%(upstream:short)%00%(objectname)%00%(upstream:track)%00%(upstream:remotename)%00%(upstream:remoteref) refs/heads/main refs/remotes/main [1ms]
2023-03-07 21:10:08.326 [info] > git status -z -uall [14ms]
2023-03-07 21:10:13.354 [info] > git config --get commit.template [1ms]
2023-03-07 21:10:13.357 [info] > git for-each-ref --format=%(refname)%00%(upstream:short)%00%(objectname)%00%(upstream:track)%00%(upstream:remotename)%00%(upstream:remoteref) refs/heads/main refs/remotes/main [1ms]
2023-03-07 21:10:13.374 [info] > git status -z -uall [15ms]
2023-03-07 21:10:18.404 [info] > git config --get commit.template [3ms]
2023-03-07 21:10:18.405 [info] > git for-each-ref --format=%(refname)%00%(upstream:short)%00%(objectname)%00%(upstream:track)%00%(upstream:remotename)%00%(upstream:remoteref) refs/heads/main refs/remotes/main [0ms]
2023-03-07 21:10:18.421 [info] > git status -z -uall [14ms]
2023-03-07 21:10:23.451 [info] > git config --get commit.template [3ms]
2023-03-07 21:10:23.451 [info] > git for-each-ref --format=%(refname)%00%(upstream:short)%00%(objectname)%00%(upstream:track)%00%(upstream:remotename)%00%(upstream:remoteref) refs/heads/main refs/remotes/main [1ms]
2023-03-07 21:10:23.468 [info] > git status -z -uall [15ms]
2023-03-07 21:10:28.499 [info] > git config --get commit.template [3ms]
2023-03-07 21:10:28.500 [info] > git for-each-ref --format=%(refname)%00%(upstream:short)%00%(objectname)%00%(upstream:track)%00%(upstream:remotename)%00%(upstream:remoteref) refs/heads/main refs/remotes/main [1ms]
2023-03-07 21:10:28.517 [info] > git status -z -uall [14ms]
2023-03-07 21:10:33.544 [info] > git config --get commit.template [1ms]
2023-03-07 21:10:33.547 [info] > git for-each-ref --format=%(refname)%00%(upstream:short)%00%(objectname)%00%(upstream:track)%00%(upstream:remotename)%00%(upstream:remoteref) refs/heads/main refs/remotes/main [1ms]
2023-03-07 21:10:33.564 [info] > git status -z -uall [15ms]
2023-03-07 21:10:38.595 [info] > git config --get commit.template [3ms]
2023-03-07 21:10:38.595 [info] > git for-each-ref --format=%(refname)%00%(upstream:short)%00%(objectname)%00%(upstream:track)%00%(upstream:remotename)%00%(upstream:remoteref) refs/heads/main refs/remotes/main [1ms]
2023-03-07 21:10:38.612 [info] > git status -z -uall [15ms]
2023-03-07 21:10:43.641 [info] > git config --get commit.template [3ms]
2023-03-07 21:10:43.642 [info] > git for-each-ref --format=%(refname)%00%(upstream:short)%00%(objectname)%00%(upstream:track)%00%(upstream:remotename)%00%(upstream:remoteref) refs/heads/main refs/remotes/main [1ms]
2023-03-07 21:10:43.658 [info] > git status -z -uall [14ms]
2023-03-07 21:10:48.689 [info] > git config --get commit.template [3ms]
2023-03-07 21:10:48.689 [info] > git for-each-ref --format=%(refname)%00%(upstream:short)%00%(objectname)%00%(upstream:track)%00%(upstream:remotename)%00%(upstream:remoteref) refs/heads/main refs/remotes/main [1ms]
2023-03-07 21:10:48.706 [info] > git status -z -uall [15ms]
2023-03-07 21:10:53.732 [info] > git config --get commit.template [0ms]
2023-03-07 21:10:53.736 [info] > git for-each-ref --format=%(refname)%00%(upstream:short)%00%(objectname)%00%(upstream:track)%00%(upstream:remotename)%00%(upstream:remoteref) refs/heads/main refs/remotes/main [1ms]
2023-03-07 21:10:53.754 [info] > git status -z -uall [15ms]
2023-03-07 21:10:58.783 [info] > git config --get commit.template [0ms]
2023-03-07 21:10:58.786 [info] > git for-each-ref --format=%(refname)%00%(upstream:short)%00%(objectname)%00%(upstream:track)%00%(upstream:remotename)%00%(upstream:remoteref) refs/heads/main refs/remotes/main [0ms]
2023-03-07 21:10:58.803 [info] > git status -z -uall [14ms]
2023-03-07 21:11:03.833 [info] > git config --get commit.template [3ms]
2023-03-07 21:11:03.833 [info] > git for-each-ref --format=%(refname)%00%(upstream:short)%00%(objectname)%00%(upstream:track)%00%(upstream:remotename)%00%(upstream:remoteref) refs/heads/main refs/remotes/main [1ms]
2023-03-07 21:11:03.850 [info] > git status -z -uall [15ms]
2023-03-07 21:11:08.879 [info] > git config --get commit.template [0ms]
2023-03-07 21:11:08.882 [info] > git for-each-ref --format=%(refname)%00%(upstream:short)%00%(objectname)%00%(upstream:track)%00%(upstream:remotename)%00%(upstream:remoteref) refs/heads/main refs/remotes/main [0ms]
2023-03-07 21:11:08.899 [info] > git status -z -uall [14ms]
2023-03-07 21:11:13.926 [info] > git config --get commit.template [1ms]
2023-03-07 21:11:13.930 [info] > git for-each-ref --format=%(refname)%00%(upstream:short)%00%(objectname)%00%(upstream:track)%00%(upstream:remotename)%00%(upstream:remoteref) refs/heads/main refs/remotes/main [2ms]
2023-03-07 21:11:13.947 [info] > git status -z -uall [15ms]
2023-03-07 21:11:18.979 [info] > git config --get commit.template [3ms]
2023-03-07 21:11:18.979 [info] > git for-each-ref --format=%(refname)%00%(upstream:short)%00%(objectname)%00%(upstream:track)%00%(upstream:remotename)%00%(upstream:remoteref) refs/heads/main refs/remotes/main [0ms]
2023-03-07 21:11:18.996 [info] > git status -z -uall [14ms]
2023-03-07 21:11:24.023 [info] > git config --get commit.template [0ms]
2023-03-07 21:11:24.026 [info] > git for-each-ref --format=%(refname)%00%(upstream:short)%00%(objectname)%00%(upstream:track)%00%(upstream:remotename)%00%(upstream:remoteref) refs/heads/main refs/remotes/main [1ms]
2023-03-07 21:11:24.043 [info] > git status -z -uall [15ms]
2023-03-07 21:11:29.072 [info] > git config --get commit.template [0ms]
2023-03-07 21:11:29.074 [info] > git for-each-ref --format=%(refname)%00%(upstream:short)%00%(objectname)%00%(upstream:track)%00%(upstream:remotename)%00%(upstream:remoteref) refs/heads/main refs/remotes/main [0ms]
2023-03-07 21:11:29.091 [info] > git status -z -uall [14ms]
2023-03-07 21:11:34.121 [info] > git config --get commit.template [3ms]
2023-03-07 21:11:34.121 [info] > git for-each-ref --format=%(refname)%00%(upstream:short)%00%(objectname)%00%(upstream:track)%00%(upstream:remotename)%00%(upstream:remoteref) refs/heads/main refs/remotes/main [1ms]
2023-03-07 21:11:34.138 [info] > git status -z -uall [15ms]
2023-03-07 21:23:21.832 [info] > git config --get commit.template [4ms]
2023-03-07 21:23:21.832 [info] > git for-each-ref --format=%(refname)%00%(upstream:short)%00%(objectname)%00%(upstream:track)%00%(upstream:remotename)%00%(upstream:remoteref) refs/heads/main refs/remotes/main [2ms]
2023-03-07 21:23:21.849 [info] > git status -z -uall [15ms]
