2023-03-21 17:25:45.574 [info] Log level: Info
2023-03-21 17:25:45.574 [info] Validating found git in: "git"
2023-03-21 17:25:45.574 [info] Using git "2.34.1" from "git"
2023-03-21 17:25:45.574 [info] > git rev-parse --show-toplevel [686ms]
2023-03-21 17:25:45.576 [info] > git rev-parse --git-dir --git-common-dir [4ms]
2023-03-21 17:25:45.582 [info] Open repository: /root
2023-03-21 17:25:45.596 [info] > git rev-parse --show-toplevel [9ms]
2023-03-21 17:25:45.607 [info] > git rev-parse --show-toplevel [5ms]
2023-03-21 17:25:45.615 [info] > git config --get commit.template [18ms]
2023-03-21 17:25:45.620 [info] > git rev-parse --show-toplevel [6ms]
2023-03-21 17:25:45.630 [info] > git rev-parse --show-toplevel [5ms]
2023-03-21 17:25:45.636 [info] > git for-each-ref --format=%(refname)%00%(upstream:short)%00%(objectname)%00%(upstream:track)%00%(upstream:remotename)%00%(upstream:remoteref) refs/heads/main refs/remotes/main [7ms]
2023-03-21 17:25:45.773 [info] > git rev-parse --show-toplevel [140ms]
2023-03-21 17:25:45.794 [info] > git status -z -uall [153ms]
2023-03-21 17:25:45.794 [info] > git rev-parse --show-toplevel [17ms]
2023-03-21 17:25:45.891 [info] > git rev-parse --show-toplevel [95ms]
2023-03-21 17:25:45.897 [info] > git rev-parse --git-dir --git-common-dir [3ms]
2023-03-21 17:25:45.899 [info] Open repository: /root/.nvm
2023-03-21 17:25:45.904 [info] > git config --get commit.template [13ms]
2023-03-21 17:25:45.916 [info] > git rev-parse --show-toplevel [12ms]
2023-03-21 17:25:45.935 [info] > git rev-parse --show-toplevel [17ms]
2023-03-21 17:25:45.938 [info] > git config --get commit.template [22ms]
2023-03-21 17:25:45.940 [info] > git rev-parse --show-toplevel [1ms]
2023-03-21 17:25:45.943 [info] > git for-each-ref --format=%(refname)%00%(upstream:short)%00%(objectname)%00%(upstream:track)%00%(upstream:remotename)%00%(upstream:remoteref) refs/heads/main refs/remotes/main [20ms]
2023-03-21 17:25:45.957 [info] > git rev-parse --show-toplevel [15ms]
2023-03-21 17:25:45.970 [info] > git status -z -uall [25ms]
2023-03-21 17:25:45.971 [info] > git rev-parse --show-toplevel [9ms]
2023-03-21 17:25:45.975 [info] > git for-each-ref --format %(refname) %(objectname) %(*objectname) refs/tags [18ms]
2023-03-21 17:25:45.979 [info] > git rev-parse --show-toplevel [5ms]
2023-03-21 17:25:45.985 [info] > git status -z -uall [7ms]
2023-03-21 17:25:45.985 [info] > git rev-parse --show-toplevel [3ms]
2023-03-21 17:25:45.994 [info] > git rev-parse --git-dir --git-common-dir [5ms]
2023-03-21 17:25:45.997 [info] Open repository: /root/hardhat-simple-storage-fcc
2023-03-21 17:25:46.009 [info] > git rev-parse --show-toplevel [7ms]
2023-03-21 17:25:46.014 [info] > git rev-parse --show-toplevel [1ms]
2023-03-21 17:25:46.017 [info] > git config --get commit.template [12ms]
2023-03-21 17:25:46.023 [info] > git for-each-ref --format=%(refname)%00%(upstream:short)%00%(objectname)%00%(upstream:track)%00%(upstream:remotename)%00%(upstream:remoteref) refs/heads/main refs/remotes/main [2ms]
2023-03-21 17:25:46.027 [info] > git status -z -uall [1ms]
2023-03-21 17:25:46.125 [info] > git check-ignore -v -z --stdin [2ms]
2023-03-21 17:25:46.322 [info] > git show --textconv :test/unit/FundMe.test.js [4ms]
2023-03-21 17:25:46.324 [info] > git ls-files --stage -- /root/test/unit/FundMe.test.js [4ms]
2023-03-21 17:25:46.331 [info] > git cat-file -s 89b11748d8513d6fbf4fd293c9b1a345482a4844 [1ms]
2023-03-21 17:25:52.608 [info] > git config --get commit.template [3ms]
2023-03-21 17:25:52.608 [info] > git for-each-ref --format=%(refname)%00%(upstream:short)%00%(objectname)%00%(upstream:track)%00%(upstream:remotename)%00%(upstream:remoteref) refs/heads/main refs/remotes/main [1ms]
2023-03-21 17:25:52.623 [info] > git status -z -uall [13ms]
2023-03-21 17:25:59.609 [info] > git config --get commit.template [2ms]
2023-03-21 17:25:59.610 [info] > git for-each-ref --format=%(refname)%00%(upstream:short)%00%(objectname)%00%(upstream:track)%00%(upstream:remotename)%00%(upstream:remoteref) refs/heads/main refs/remotes/main [2ms]
2023-03-21 17:25:59.625 [info] > git status -z -uall [13ms]
2023-03-21 17:26:04.634 [info] > git config --get commit.template [3ms]
2023-03-21 17:26:04.635 [info] > git for-each-ref --format=%(refname)%00%(upstream:short)%00%(objectname)%00%(upstream:track)%00%(upstream:remotename)%00%(upstream:remoteref) refs/heads/main refs/remotes/main [1ms]
2023-03-21 17:26:04.650 [info] > git status -z -uall [12ms]
2023-03-21 17:26:09.661 [info] > git config --get commit.template [3ms]
2023-03-21 17:26:09.662 [info] > git for-each-ref --format=%(refname)%00%(upstream:short)%00%(objectname)%00%(upstream:track)%00%(upstream:remotename)%00%(upstream:remoteref) refs/heads/main refs/remotes/main [1ms]
2023-03-21 17:26:09.677 [info] > git status -z -uall [13ms]
2023-03-21 17:26:14.687 [info] > git for-each-ref --format=%(refname)%00%(upstream:short)%00%(objectname)%00%(upstream:track)%00%(upstream:remotename)%00%(upstream:remoteref) refs/heads/main refs/remotes/main [1ms]
2023-03-21 17:26:14.687 [info] > git config --get commit.template [3ms]
2023-03-21 17:26:14.703 [info] > git status -z -uall [13ms]
2023-03-21 17:26:15.481 [info] > git show --textconv :contracts/FundMe.sol [4ms]
2023-03-21 17:26:15.482 [info] > git ls-files --stage -- /root/contracts/FundMe.sol [2ms]
2023-03-21 17:26:15.485 [info] > git cat-file -s 98cc65dbc92754c65dd9900b334c98cdb7836f6d [0ms]
2023-03-21 17:26:15.705 [info] > git check-ignore -v -z --stdin [1ms]
2023-03-21 17:26:19.711 [info] > git config --get commit.template [0ms]
2023-03-21 17:26:19.713 [info] > git for-each-ref --format=%(refname)%00%(upstream:short)%00%(objectname)%00%(upstream:track)%00%(upstream:remotename)%00%(upstream:remoteref) refs/heads/main refs/remotes/main [1ms]
2023-03-21 17:26:19.728 [info] > git status -z -uall [13ms]
2023-03-21 17:27:17.832 [info] > git config --get commit.template [0ms]
2023-03-21 17:27:17.835 [info] > git for-each-ref --format=%(refname)%00%(upstream:short)%00%(objectname)%00%(upstream:track)%00%(upstream:remotename)%00%(upstream:remoteref) refs/heads/main refs/remotes/main [1ms]
2023-03-21 17:27:17.851 [info] > git status -z -uall [13ms]
2023-03-21 17:27:22.860 [info] > git config --get commit.template [3ms]
2023-03-21 17:27:22.860 [info] > git for-each-ref --format=%(refname)%00%(upstream:short)%00%(objectname)%00%(upstream:track)%00%(upstream:remotename)%00%(upstream:remoteref) refs/heads/main refs/remotes/main [0ms]
2023-03-21 17:27:22.875 [info] > git status -z -uall [13ms]
2023-03-21 17:27:27.885 [info] > git config --get commit.template [2ms]
2023-03-21 17:27:27.886 [info] > git for-each-ref --format=%(refname)%00%(upstream:short)%00%(objectname)%00%(upstream:track)%00%(upstream:remotename)%00%(upstream:remoteref) refs/heads/main refs/remotes/main [1ms]
2023-03-21 17:27:27.900 [info] > git status -z -uall [12ms]
2023-03-21 17:27:32.909 [info] > git config --get commit.template [1ms]
2023-03-21 17:27:32.912 [info] > git for-each-ref --format=%(refname)%00%(upstream:short)%00%(objectname)%00%(upstream:track)%00%(upstream:remotename)%00%(upstream:remoteref) refs/heads/main refs/remotes/main [1ms]
2023-03-21 17:27:32.927 [info] > git status -z -uall [13ms]
2023-03-21 17:27:37.936 [info] > git config --get commit.template [3ms]
2023-03-21 17:27:37.936 [info] > git for-each-ref --format=%(refname)%00%(upstream:short)%00%(objectname)%00%(upstream:track)%00%(upstream:remotename)%00%(upstream:remoteref) refs/heads/main refs/remotes/main [1ms]
2023-03-21 17:27:37.951 [info] > git status -z -uall [13ms]
2023-03-21 17:27:42.961 [info] > git config --get commit.template [3ms]
2023-03-21 17:27:42.961 [info] > git for-each-ref --format=%(refname)%00%(upstream:short)%00%(objectname)%00%(upstream:track)%00%(upstream:remotename)%00%(upstream:remoteref) refs/heads/main refs/remotes/main [1ms]
2023-03-21 17:27:42.976 [info] > git status -z -uall [13ms]
2023-03-21 17:27:47.984 [info] > git config --get commit.template [0ms]
2023-03-21 17:27:47.986 [info] > git for-each-ref --format=%(refname)%00%(upstream:short)%00%(objectname)%00%(upstream:track)%00%(upstream:remotename)%00%(upstream:remoteref) refs/heads/main refs/remotes/main [0ms]
2023-03-21 17:27:48.002 [info] > git status -z -uall [14ms]
2023-03-21 17:27:53.009 [info] > git config --get commit.template [1ms]
2023-03-21 17:27:53.012 [info] > git for-each-ref --format=%(refname)%00%(upstream:short)%00%(objectname)%00%(upstream:track)%00%(upstream:remotename)%00%(upstream:remoteref) refs/heads/main refs/remotes/main [1ms]
2023-03-21 17:27:53.027 [info] > git status -z -uall [13ms]
2023-03-21 17:27:58.035 [info] > git config --get commit.template [1ms]
2023-03-21 17:27:58.038 [info] > git for-each-ref --format=%(refname)%00%(upstream:short)%00%(objectname)%00%(upstream:track)%00%(upstream:remotename)%00%(upstream:remoteref) refs/heads/main refs/remotes/main [1ms]
2023-03-21 17:27:58.054 [info] > git status -z -uall [13ms]
2023-03-21 17:28:03.063 [info] > git config --get commit.template [2ms]
2023-03-21 17:28:03.063 [info] > git for-each-ref --format=%(refname)%00%(upstream:short)%00%(objectname)%00%(upstream:track)%00%(upstream:remotename)%00%(upstream:remoteref) refs/heads/main refs/remotes/main [1ms]
2023-03-21 17:28:03.082 [info] > git status -z -uall [13ms]
2023-03-21 17:28:08.094 [info] > git config --get commit.template [3ms]
2023-03-21 17:28:08.094 [info] > git for-each-ref --format=%(refname)%00%(upstream:short)%00%(objectname)%00%(upstream:track)%00%(upstream:remotename)%00%(upstream:remoteref) refs/heads/main refs/remotes/main [0ms]
2023-03-21 17:28:08.113 [info] > git status -z -uall [13ms]
2023-03-21 17:28:13.122 [info] > git config --get commit.template [2ms]
2023-03-21 17:28:13.123 [info] > git for-each-ref --format=%(refname)%00%(upstream:short)%00%(objectname)%00%(upstream:track)%00%(upstream:remotename)%00%(upstream:remoteref) refs/heads/main refs/remotes/main [1ms]
2023-03-21 17:28:13.142 [info] > git status -z -uall [13ms]
2023-03-21 17:28:19.592 [info] > git config --get commit.template [1ms]
2023-03-21 17:28:19.594 [info] > git for-each-ref --format=%(refname)%00%(upstream:short)%00%(objectname)%00%(upstream:track)%00%(upstream:remotename)%00%(upstream:remoteref) refs/heads/main refs/remotes/main [0ms]
2023-03-21 17:28:19.610 [info] > git status -z -uall [14ms]
2023-03-21 17:28:24.617 [info] > git config --get commit.template [0ms]
2023-03-21 17:28:24.620 [info] > git for-each-ref --format=%(refname)%00%(upstream:short)%00%(objectname)%00%(upstream:track)%00%(upstream:remotename)%00%(upstream:remoteref) refs/heads/main refs/remotes/main [1ms]
2023-03-21 17:28:24.636 [info] > git status -z -uall [14ms]
2023-03-21 17:28:29.643 [info] > git config --get commit.template [1ms]
2023-03-21 17:28:29.646 [info] > git for-each-ref --format=%(refname)%00%(upstream:short)%00%(objectname)%00%(upstream:track)%00%(upstream:remotename)%00%(upstream:remoteref) refs/heads/main refs/remotes/main [1ms]
2023-03-21 17:28:29.660 [info] > git status -z -uall [12ms]
2023-03-21 17:28:34.669 [info] > git config --get commit.template [3ms]
2023-03-21 17:28:34.669 [info] > git for-each-ref --format=%(refname)%00%(upstream:short)%00%(objectname)%00%(upstream:track)%00%(upstream:remotename)%00%(upstream:remoteref) refs/heads/main refs/remotes/main [1ms]
2023-03-21 17:28:34.684 [info] > git status -z -uall [13ms]
2023-03-21 17:28:39.694 [info] > git config --get commit.template [3ms]
2023-03-21 17:28:39.694 [info] > git for-each-ref --format=%(refname)%00%(upstream:short)%00%(objectname)%00%(upstream:track)%00%(upstream:remotename)%00%(upstream:remoteref) refs/heads/main refs/remotes/main [0ms]
2023-03-21 17:28:39.710 [info] > git status -z -uall [14ms]
2023-03-21 17:28:44.720 [info] > git config --get commit.template [3ms]
2023-03-21 17:28:44.720 [info] > git for-each-ref --format=%(refname)%00%(upstream:short)%00%(objectname)%00%(upstream:track)%00%(upstream:remotename)%00%(upstream:remoteref) refs/heads/main refs/remotes/main [1ms]
2023-03-21 17:28:44.735 [info] > git status -z -uall [13ms]
2023-03-21 17:28:49.745 [info] > git config --get commit.template [3ms]
2023-03-21 17:28:49.745 [info] > git for-each-ref --format=%(refname)%00%(upstream:short)%00%(objectname)%00%(upstream:track)%00%(upstream:remotename)%00%(upstream:remoteref) refs/heads/main refs/remotes/main [1ms]
2023-03-21 17:28:49.760 [info] > git status -z -uall [13ms]
2023-03-21 17:28:54.767 [info] > git config --get commit.template [1ms]
2023-03-21 17:28:54.769 [info] > git for-each-ref --format=%(refname)%00%(upstream:short)%00%(objectname)%00%(upstream:track)%00%(upstream:remotename)%00%(upstream:remoteref) refs/heads/main refs/remotes/main [0ms]
2023-03-21 17:28:54.785 [info] > git status -z -uall [14ms]
2023-03-21 17:28:59.797 [info] > git config --get commit.template [3ms]
2023-03-21 17:28:59.797 [info] > git for-each-ref --format=%(refname)%00%(upstream:short)%00%(objectname)%00%(upstream:track)%00%(upstream:remotename)%00%(upstream:remoteref) refs/heads/main refs/remotes/main [1ms]
2023-03-21 17:28:59.815 [info] > git status -z -uall [15ms]
2023-03-21 17:29:00.680 [info] > git ls-files --stage -- /root/deploy/01-deploy-fund-me.js [1ms]
2023-03-21 17:29:00.683 [info] > git show --textconv :deploy/01-deploy-fund-me.js [7ms]
2023-03-21 17:29:00.683 [info] > git cat-file -s de1075b3cecb0718b5ce89bde54fec103569fa10 [1ms]
2023-03-21 17:29:00.939 [info] > git check-ignore -v -z --stdin [1ms]
2023-03-21 17:29:04.824 [info] > git config --get commit.template [2ms]
2023-03-21 17:29:04.825 [info] > git for-each-ref --format=%(refname)%00%(upstream:short)%00%(objectname)%00%(upstream:track)%00%(upstream:remotename)%00%(upstream:remoteref) refs/heads/main refs/remotes/main [1ms]
2023-03-21 17:29:04.840 [info] > git status -z -uall [14ms]
2023-03-21 17:29:09.850 [info] > git config --get commit.template [3ms]
2023-03-21 17:29:09.850 [info] > git for-each-ref --format=%(refname)%00%(upstream:short)%00%(objectname)%00%(upstream:track)%00%(upstream:remotename)%00%(upstream:remoteref) refs/heads/main refs/remotes/main [1ms]
2023-03-21 17:29:09.866 [info] > git status -z -uall [14ms]
2023-03-21 17:29:14.874 [info] > git config --get commit.template [0ms]
2023-03-21 17:29:14.877 [info] > git for-each-ref --format=%(refname)%00%(upstream:short)%00%(objectname)%00%(upstream:track)%00%(upstream:remotename)%00%(upstream:remoteref) refs/heads/main refs/remotes/main [1ms]
2023-03-21 17:29:14.892 [info] > git status -z -uall [13ms]
2023-03-21 17:29:19.899 [info] > git config --get commit.template [1ms]
2023-03-21 17:29:19.902 [info] > git for-each-ref --format=%(refname)%00%(upstream:short)%00%(objectname)%00%(upstream:track)%00%(upstream:remotename)%00%(upstream:remoteref) refs/heads/main refs/remotes/main [1ms]
2023-03-21 17:29:19.918 [info] > git status -z -uall [14ms]
2023-03-21 17:29:24.927 [info] > git config --get commit.template [0ms]
2023-03-21 17:29:24.931 [info] > git for-each-ref --format=%(refname)%00%(upstream:short)%00%(objectname)%00%(upstream:track)%00%(upstream:remotename)%00%(upstream:remoteref) refs/heads/main refs/remotes/main [1ms]
2023-03-21 17:29:24.946 [info] > git status -z -uall [13ms]
2023-03-21 17:29:26.598 [info] > git show --textconv :contracts/PriceConverter.sol [3ms]
2023-03-21 17:29:26.598 [info] > git ls-files --stage -- /root/contracts/PriceConverter.sol [0ms]
2023-03-21 17:29:26.601 [info] > git cat-file -s 0193ca7a9436956cd3f50da3682fe00a9229be4f [0ms]
2023-03-21 17:29:29.954 [info] > git config --get commit.template [1ms]
2023-03-21 17:29:29.957 [info] > git for-each-ref --format=%(refname)%00%(upstream:short)%00%(objectname)%00%(upstream:track)%00%(upstream:remotename)%00%(upstream:remoteref) refs/heads/main refs/remotes/main [1ms]
2023-03-21 17:29:29.972 [info] > git status -z -uall [13ms]
2023-03-21 17:29:34.981 [info] > git config --get commit.template [2ms]
2023-03-21 17:29:34.982 [info] > git for-each-ref --format=%(refname)%00%(upstream:short)%00%(objectname)%00%(upstream:track)%00%(upstream:remotename)%00%(upstream:remoteref) refs/heads/main refs/remotes/main [0ms]
2023-03-21 17:29:34.996 [info] > git status -z -uall [13ms]
2023-03-21 17:29:40.006 [info] > git config --get commit.template [3ms]
2023-03-21 17:29:40.006 [info] > git for-each-ref --format=%(refname)%00%(upstream:short)%00%(objectname)%00%(upstream:track)%00%(upstream:remotename)%00%(upstream:remoteref) refs/heads/main refs/remotes/main [0ms]
2023-03-21 17:29:40.021 [info] > git status -z -uall [13ms]
2023-03-21 17:29:45.027 [info] > git config --get commit.template [1ms]
2023-03-21 17:29:45.029 [info] > git for-each-ref --format=%(refname)%00%(upstream:short)%00%(objectname)%00%(upstream:track)%00%(upstream:remotename)%00%(upstream:remoteref) refs/heads/main refs/remotes/main [0ms]
2023-03-21 17:29:45.045 [info] > git status -z -uall [13ms]
2023-03-21 17:29:50.053 [info] > git config --get commit.template [3ms]
2023-03-21 17:29:50.053 [info] > git for-each-ref --format=%(refname)%00%(upstream:short)%00%(objectname)%00%(upstream:track)%00%(upstream:remotename)%00%(upstream:remoteref) refs/heads/main refs/remotes/main [0ms]
2023-03-21 17:29:50.068 [info] > git status -z -uall [13ms]
2023-03-21 17:29:55.078 [info] > git config --get commit.template [2ms]
2023-03-21 17:29:55.078 [info] > git for-each-ref --format=%(refname)%00%(upstream:short)%00%(objectname)%00%(upstream:track)%00%(upstream:remotename)%00%(upstream:remoteref) refs/heads/main refs/remotes/main [1ms]
2023-03-21 17:29:55.093 [info] > git status -z -uall [13ms]
2023-03-21 17:30:00.102 [info] > git config --get commit.template [3ms]
2023-03-21 17:30:00.102 [info] > git for-each-ref --format=%(refname)%00%(upstream:short)%00%(objectname)%00%(upstream:track)%00%(upstream:remotename)%00%(upstream:remoteref) refs/heads/main refs/remotes/main [0ms]
2023-03-21 17:30:00.118 [info] > git status -z -uall [14ms]
2023-03-21 17:30:05.126 [info] > git config --get commit.template [3ms]
2023-03-21 17:30:05.126 [info] > git for-each-ref --format=%(refname)%00%(upstream:short)%00%(objectname)%00%(upstream:track)%00%(upstream:remotename)%00%(upstream:remoteref) refs/heads/main refs/remotes/main [1ms]
2023-03-21 17:30:05.141 [info] > git status -z -uall [13ms]
2023-03-21 17:30:10.152 [info] > git config --get commit.template [3ms]
2023-03-21 17:30:10.152 [info] > git for-each-ref --format=%(refname)%00%(upstream:short)%00%(objectname)%00%(upstream:track)%00%(upstream:remotename)%00%(upstream:remoteref) refs/heads/main refs/remotes/main [1ms]
2023-03-21 17:30:10.168 [info] > git status -z -uall [14ms]
2023-03-21 17:30:15.177 [info] > git config --get commit.template [2ms]
2023-03-21 17:30:15.178 [info] > git for-each-ref --format=%(refname)%00%(upstream:short)%00%(objectname)%00%(upstream:track)%00%(upstream:remotename)%00%(upstream:remoteref) refs/heads/main refs/remotes/main [1ms]
2023-03-21 17:30:15.193 [info] > git status -z -uall [13ms]
2023-03-21 17:30:20.203 [info] > git config --get commit.template [3ms]
2023-03-21 17:30:20.203 [info] > git for-each-ref --format=%(refname)%00%(upstream:short)%00%(objectname)%00%(upstream:track)%00%(upstream:remotename)%00%(upstream:remoteref) refs/heads/main refs/remotes/main [0ms]
2023-03-21 17:30:20.218 [info] > git status -z -uall [13ms]
2023-03-21 17:30:25.226 [info] > git config --get commit.template [1ms]
2023-03-21 17:30:25.229 [info] > git for-each-ref --format=%(refname)%00%(upstream:short)%00%(objectname)%00%(upstream:track)%00%(upstream:remotename)%00%(upstream:remoteref) refs/heads/main refs/remotes/main [0ms]
2023-03-21 17:30:25.244 [info] > git status -z -uall [13ms]
2023-03-21 17:30:30.254 [info] > git config --get commit.template [2ms]
2023-03-21 17:30:30.255 [info] > git for-each-ref --format=%(refname)%00%(upstream:short)%00%(objectname)%00%(upstream:track)%00%(upstream:remotename)%00%(upstream:remoteref) refs/heads/main refs/remotes/main [1ms]
2023-03-21 17:30:30.270 [info] > git status -z -uall [13ms]
2023-03-21 17:30:46.303 [info] > git config --get commit.template [2ms]
2023-03-21 17:30:46.303 [info] > git for-each-ref --format=%(refname)%00%(upstream:short)%00%(objectname)%00%(upstream:track)%00%(upstream:remotename)%00%(upstream:remoteref) refs/heads/main refs/remotes/main [1ms]
2023-03-21 17:30:46.320 [info] > git status -z -uall [15ms]
2023-03-21 17:30:51.330 [info] > git config --get commit.template [2ms]
2023-03-21 17:30:51.331 [info] > git for-each-ref --format=%(refname)%00%(upstream:short)%00%(objectname)%00%(upstream:track)%00%(upstream:remotename)%00%(upstream:remoteref) refs/heads/main refs/remotes/main [1ms]
2023-03-21 17:30:51.346 [info] > git status -z -uall [13ms]
2023-03-21 17:30:56.353 [info] > git config --get commit.template [0ms]
2023-03-21 17:30:56.356 [info] > git for-each-ref --format=%(refname)%00%(upstream:short)%00%(objectname)%00%(upstream:track)%00%(upstream:remotename)%00%(upstream:remoteref) refs/heads/main refs/remotes/main [1ms]
2023-03-21 17:30:56.371 [info] > git status -z -uall [13ms]
2023-03-21 17:31:03.964 [info] > git config --get commit.template [3ms]
2023-03-21 17:31:03.964 [info] > git for-each-ref --format=%(refname)%00%(upstream:short)%00%(objectname)%00%(upstream:track)%00%(upstream:remotename)%00%(upstream:remoteref) refs/heads/main refs/remotes/main [0ms]
2023-03-21 17:31:03.981 [info] > git status -z -uall [13ms]
2023-03-21 17:31:08.988 [info] > git config --get commit.template [2ms]
2023-03-21 17:31:08.989 [info] > git for-each-ref --format=%(refname)%00%(upstream:short)%00%(objectname)%00%(upstream:track)%00%(upstream:remotename)%00%(upstream:remoteref) refs/heads/main refs/remotes/main [0ms]
2023-03-21 17:31:09.004 [info] > git status -z -uall [13ms]
2023-03-21 17:31:14.014 [info] > git config --get commit.template [3ms]
2023-03-21 17:31:14.014 [info] > git for-each-ref --format=%(refname)%00%(upstream:short)%00%(objectname)%00%(upstream:track)%00%(upstream:remotename)%00%(upstream:remoteref) refs/heads/main refs/remotes/main [1ms]
2023-03-21 17:31:14.029 [info] > git status -z -uall [12ms]
2023-03-21 17:31:19.037 [info] > git config --get commit.template [2ms]
2023-03-21 17:31:19.037 [info] > git for-each-ref --format=%(refname)%00%(upstream:short)%00%(objectname)%00%(upstream:track)%00%(upstream:remotename)%00%(upstream:remoteref) refs/heads/main refs/remotes/main [0ms]
2023-03-21 17:31:19.052 [info] > git status -z -uall [13ms]
2023-03-21 17:31:25.447 [info] > git config --get commit.template [3ms]
2023-03-21 17:31:25.447 [info] > git for-each-ref --format=%(refname)%00%(upstream:short)%00%(objectname)%00%(upstream:track)%00%(upstream:remotename)%00%(upstream:remoteref) refs/heads/main refs/remotes/main [0ms]
2023-03-21 17:31:25.463 [info] > git status -z -uall [13ms]
2023-03-21 17:31:30.472 [info] > git config --get commit.template [2ms]
2023-03-21 17:31:30.473 [info] > git for-each-ref --format=%(refname)%00%(upstream:short)%00%(objectname)%00%(upstream:track)%00%(upstream:remotename)%00%(upstream:remoteref) refs/heads/main refs/remotes/main [1ms]
2023-03-21 17:31:30.487 [info] > git status -z -uall [13ms]
2023-03-21 17:31:35.497 [info] > git config --get commit.template [3ms]
2023-03-21 17:31:35.497 [info] > git for-each-ref --format=%(refname)%00%(upstream:short)%00%(objectname)%00%(upstream:track)%00%(upstream:remotename)%00%(upstream:remoteref) refs/heads/main refs/remotes/main [1ms]
2023-03-21 17:31:35.512 [info] > git status -z -uall [13ms]
2023-03-21 17:31:40.521 [info] > git config --get commit.template [3ms]
2023-03-21 17:31:40.521 [info] > git for-each-ref --format=%(refname)%00%(upstream:short)%00%(objectname)%00%(upstream:track)%00%(upstream:remotename)%00%(upstream:remoteref) refs/heads/main refs/remotes/main [0ms]
2023-03-21 17:31:40.536 [info] > git status -z -uall [13ms]
2023-03-21 17:31:45.546 [info] > git config --get commit.template [3ms]
2023-03-21 17:31:45.546 [info] > git for-each-ref --format=%(refname)%00%(upstream:short)%00%(objectname)%00%(upstream:track)%00%(upstream:remotename)%00%(upstream:remoteref) refs/heads/main refs/remotes/main [1ms]
2023-03-21 17:31:45.561 [info] > git status -z -uall [13ms]
2023-03-21 17:31:50.569 [info] > git config --get commit.template [3ms]
2023-03-21 17:31:50.569 [info] > git for-each-ref --format=%(refname)%00%(upstream:short)%00%(objectname)%00%(upstream:track)%00%(upstream:remotename)%00%(upstream:remoteref) refs/heads/main refs/remotes/main [1ms]
2023-03-21 17:31:50.584 [info] > git status -z -uall [13ms]
2023-03-21 17:31:55.594 [info] > git config --get commit.template [3ms]
2023-03-21 17:31:55.594 [info] > git for-each-ref --format=%(refname)%00%(upstream:short)%00%(objectname)%00%(upstream:track)%00%(upstream:remotename)%00%(upstream:remoteref) refs/heads/main refs/remotes/main [1ms]
2023-03-21 17:31:55.608 [info] > git status -z -uall [12ms]
2023-03-21 17:32:00.618 [info] > git config --get commit.template [3ms]
2023-03-21 17:32:00.618 [info] > git for-each-ref --format=%(refname)%00%(upstream:short)%00%(objectname)%00%(upstream:track)%00%(upstream:remotename)%00%(upstream:remoteref) refs/heads/main refs/remotes/main [1ms]
2023-03-21 17:32:00.633 [info] > git status -z -uall [13ms]
2023-03-21 17:32:05.642 [info] > git config --get commit.template [3ms]
2023-03-21 17:32:05.642 [info] > git for-each-ref --format=%(refname)%00%(upstream:short)%00%(objectname)%00%(upstream:track)%00%(upstream:remotename)%00%(upstream:remoteref) refs/heads/main refs/remotes/main [1ms]
2023-03-21 17:32:05.657 [info] > git status -z -uall [13ms]
2023-03-21 17:32:10.666 [info] > git config --get commit.template [2ms]
2023-03-21 17:32:10.666 [info] > git for-each-ref --format=%(refname)%00%(upstream:short)%00%(objectname)%00%(upstream:track)%00%(upstream:remotename)%00%(upstream:remoteref) refs/heads/main refs/remotes/main [0ms]
2023-03-21 17:32:10.682 [info] > git status -z -uall [13ms]
2023-03-21 17:32:15.692 [info] > git config --get commit.template [3ms]
2023-03-21 17:32:15.692 [info] > git for-each-ref --format=%(refname)%00%(upstream:short)%00%(objectname)%00%(upstream:track)%00%(upstream:remotename)%00%(upstream:remoteref) refs/heads/main refs/remotes/main [0ms]
2023-03-21 17:32:15.707 [info] > git status -z -uall [13ms]
2023-03-21 17:32:20.717 [info] > git config --get commit.template [2ms]
2023-03-21 17:32:20.717 [info] > git for-each-ref --format=%(refname)%00%(upstream:short)%00%(objectname)%00%(upstream:track)%00%(upstream:remotename)%00%(upstream:remoteref) refs/heads/main refs/remotes/main [0ms]
2023-03-21 17:32:20.732 [info] > git status -z -uall [13ms]
2023-03-21 17:32:25.743 [info] > git config --get commit.template [3ms]
2023-03-21 17:32:25.743 [info] > git for-each-ref --format=%(refname)%00%(upstream:short)%00%(objectname)%00%(upstream:track)%00%(upstream:remotename)%00%(upstream:remoteref) refs/heads/main refs/remotes/main [0ms]
2023-03-21 17:32:25.758 [info] > git status -z -uall [13ms]
2023-03-21 17:32:30.767 [info] > git config --get commit.template [3ms]
2023-03-21 17:32:30.767 [info] > git for-each-ref --format=%(refname)%00%(upstream:short)%00%(objectname)%00%(upstream:track)%00%(upstream:remotename)%00%(upstream:remoteref) refs/heads/main refs/remotes/main [0ms]
2023-03-21 17:32:30.782 [info] > git status -z -uall [13ms]
2023-03-21 17:32:35.791 [info] > git config --get commit.template [3ms]
2023-03-21 17:32:35.791 [info] > git for-each-ref --format=%(refname)%00%(upstream:short)%00%(objectname)%00%(upstream:track)%00%(upstream:remotename)%00%(upstream:remoteref) refs/heads/main refs/remotes/main [0ms]
2023-03-21 17:32:35.806 [info] > git status -z -uall [13ms]
2023-03-21 17:32:40.815 [info] > git config --get commit.template [3ms]
2023-03-21 17:32:40.815 [info] > git for-each-ref --format=%(refname)%00%(upstream:short)%00%(objectname)%00%(upstream:track)%00%(upstream:remotename)%00%(upstream:remoteref) refs/heads/main refs/remotes/main [0ms]
2023-03-21 17:32:40.831 [info] > git status -z -uall [13ms]
2023-03-21 17:32:45.839 [info] > git config --get commit.template [2ms]
2023-03-21 17:32:45.840 [info] > git for-each-ref --format=%(refname)%00%(upstream:short)%00%(objectname)%00%(upstream:track)%00%(upstream:remotename)%00%(upstream:remoteref) refs/heads/main refs/remotes/main [1ms]
2023-03-21 17:32:45.855 [info] > git status -z -uall [13ms]
2023-03-21 17:32:50.864 [info] > git config --get commit.template [2ms]
2023-03-21 17:32:50.864 [info] > git for-each-ref --format=%(refname)%00%(upstream:short)%00%(objectname)%00%(upstream:track)%00%(upstream:remotename)%00%(upstream:remoteref) refs/heads/main refs/remotes/main [1ms]
2023-03-21 17:32:50.879 [info] > git status -z -uall [13ms]
2023-03-21 17:32:55.889 [info] > git config --get commit.template [3ms]
2023-03-21 17:32:55.889 [info] > git for-each-ref --format=%(refname)%00%(upstream:short)%00%(objectname)%00%(upstream:track)%00%(upstream:remotename)%00%(upstream:remoteref) refs/heads/main refs/remotes/main [0ms]
2023-03-21 17:32:55.904 [info] > git status -z -uall [13ms]
2023-03-21 17:33:00.913 [info] > git for-each-ref --format=%(refname)%00%(upstream:short)%00%(objectname)%00%(upstream:track)%00%(upstream:remotename)%00%(upstream:remoteref) refs/heads/main refs/remotes/main [0ms]
2023-03-21 17:33:00.913 [info] > git config --get commit.template [3ms]
2023-03-21 17:33:00.928 [info] > git status -z -uall [13ms]
2023-03-21 17:33:05.937 [info] > git config --get commit.template [3ms]
2023-03-21 17:33:05.937 [info] > git for-each-ref --format=%(refname)%00%(upstream:short)%00%(objectname)%00%(upstream:track)%00%(upstream:remotename)%00%(upstream:remoteref) refs/heads/main refs/remotes/main [1ms]
2023-03-21 17:33:05.953 [info] > git status -z -uall [14ms]
2023-03-21 17:33:10.960 [info] > git config --get commit.template [1ms]
2023-03-21 17:33:10.963 [info] > git for-each-ref --format=%(refname)%00%(upstream:short)%00%(objectname)%00%(upstream:track)%00%(upstream:remotename)%00%(upstream:remoteref) refs/heads/main refs/remotes/main [1ms]
2023-03-21 17:33:10.978 [info] > git status -z -uall [13ms]
2023-03-21 17:33:15.987 [info] > git config --get commit.template [2ms]
2023-03-21 17:33:15.987 [info] > git for-each-ref --format=%(refname)%00%(upstream:short)%00%(objectname)%00%(upstream:track)%00%(upstream:remotename)%00%(upstream:remoteref) refs/heads/main refs/remotes/main [1ms]
2023-03-21 17:33:16.001 [info] > git status -z -uall [12ms]
2023-03-21 17:33:21.009 [info] > git config --get commit.template [1ms]
2023-03-21 17:33:21.012 [info] > git for-each-ref --format=%(refname)%00%(upstream:short)%00%(objectname)%00%(upstream:track)%00%(upstream:remotename)%00%(upstream:remoteref) refs/heads/main refs/remotes/main [1ms]
2023-03-21 17:33:21.027 [info] > git status -z -uall [13ms]
2023-03-21 17:33:26.037 [info] > git config --get commit.template [2ms]
2023-03-21 17:33:26.037 [info] > git for-each-ref --format=%(refname)%00%(upstream:short)%00%(objectname)%00%(upstream:track)%00%(upstream:remotename)%00%(upstream:remoteref) refs/heads/main refs/remotes/main [1ms]
2023-03-21 17:33:26.052 [info] > git status -z -uall [13ms]
2023-03-21 17:33:33.337 [info] > git config --get commit.template [2ms]
2023-03-21 17:33:33.338 [info] > git for-each-ref --format=%(refname)%00%(upstream:short)%00%(objectname)%00%(upstream:track)%00%(upstream:remotename)%00%(upstream:remoteref) refs/heads/main refs/remotes/main [1ms]
2023-03-21 17:33:33.353 [info] > git status -z -uall [13ms]
2023-03-21 17:33:38.362 [info] > git config --get commit.template [3ms]
2023-03-21 17:33:38.362 [info] > git for-each-ref --format=%(refname)%00%(upstream:short)%00%(objectname)%00%(upstream:track)%00%(upstream:remotename)%00%(upstream:remoteref) refs/heads/main refs/remotes/main [1ms]
2023-03-21 17:33:38.377 [info] > git status -z -uall [13ms]
2023-03-21 17:33:43.387 [info] > git config --get commit.template [2ms]
2023-03-21 17:33:43.387 [info] > git for-each-ref --format=%(refname)%00%(upstream:short)%00%(objectname)%00%(upstream:track)%00%(upstream:remotename)%00%(upstream:remoteref) refs/heads/main refs/remotes/main [1ms]
2023-03-21 17:33:43.403 [info] > git status -z -uall [14ms]
2023-03-21 17:33:48.413 [info] > git for-each-ref --format=%(refname)%00%(upstream:short)%00%(objectname)%00%(upstream:track)%00%(upstream:remotename)%00%(upstream:remoteref) refs/heads/main refs/remotes/main [1ms]
2023-03-21 17:33:48.414 [info] > git config --get commit.template [4ms]
2023-03-21 17:33:48.429 [info] > git status -z -uall [13ms]
2023-03-21 17:33:53.437 [info] > git config --get commit.template [2ms]
2023-03-21 17:33:53.438 [info] > git for-each-ref --format=%(refname)%00%(upstream:short)%00%(objectname)%00%(upstream:track)%00%(upstream:remotename)%00%(upstream:remoteref) refs/heads/main refs/remotes/main [1ms]
2023-03-21 17:33:53.453 [info] > git status -z -uall [13ms]
2023-03-21 17:33:58.463 [info] > git config --get commit.template [3ms]
2023-03-21 17:33:58.463 [info] > git for-each-ref --format=%(refname)%00%(upstream:short)%00%(objectname)%00%(upstream:track)%00%(upstream:remotename)%00%(upstream:remoteref) refs/heads/main refs/remotes/main [1ms]
2023-03-21 17:33:58.478 [info] > git status -z -uall [13ms]
2023-03-21 17:34:03.486 [info] > git config --get commit.template [1ms]
2023-03-21 17:34:03.489 [info] > git for-each-ref --format=%(refname)%00%(upstream:short)%00%(objectname)%00%(upstream:track)%00%(upstream:remotename)%00%(upstream:remoteref) refs/heads/main refs/remotes/main [1ms]
2023-03-21 17:34:03.505 [info] > git status -z -uall [13ms]
2023-03-21 17:34:08.515 [info] > git config --get commit.template [2ms]
2023-03-21 17:34:08.516 [info] > git for-each-ref --format=%(refname)%00%(upstream:short)%00%(objectname)%00%(upstream:track)%00%(upstream:remotename)%00%(upstream:remoteref) refs/heads/main refs/remotes/main [1ms]
2023-03-21 17:34:08.531 [info] > git status -z -uall [13ms]
2023-03-21 17:34:13.541 [info] > git config --get commit.template [3ms]
2023-03-21 17:34:13.541 [info] > git for-each-ref --format=%(refname)%00%(upstream:short)%00%(objectname)%00%(upstream:track)%00%(upstream:remotename)%00%(upstream:remoteref) refs/heads/main refs/remotes/main [1ms]
2023-03-21 17:34:13.556 [info] > git status -z -uall [13ms]
2023-03-21 17:34:18.563 [info] > git config --get commit.template [1ms]
2023-03-21 17:34:18.566 [info] > git for-each-ref --format=%(refname)%00%(upstream:short)%00%(objectname)%00%(upstream:track)%00%(upstream:remotename)%00%(upstream:remoteref) refs/heads/main refs/remotes/main [1ms]
2023-03-21 17:34:18.581 [info] > git status -z -uall [13ms]
2023-03-21 17:34:25.291 [info] > git config --get commit.template [2ms]
2023-03-21 17:34:25.291 [info] > git for-each-ref --format=%(refname)%00%(upstream:short)%00%(objectname)%00%(upstream:track)%00%(upstream:remotename)%00%(upstream:remoteref) refs/heads/main refs/remotes/main [1ms]
2023-03-21 17:34:25.309 [info] > git status -z -uall [16ms]
2023-03-21 17:34:30.319 [info] > git config --get commit.template [2ms]
2023-03-21 17:34:30.319 [info] > git for-each-ref --format=%(refname)%00%(upstream:short)%00%(objectname)%00%(upstream:track)%00%(upstream:remotename)%00%(upstream:remoteref) refs/heads/main refs/remotes/main [0ms]
2023-03-21 17:34:30.334 [info] > git status -z -uall [13ms]
2023-03-21 17:34:35.343 [info] > git config --get commit.template [3ms]
2023-03-21 17:34:35.343 [info] > git for-each-ref --format=%(refname)%00%(upstream:short)%00%(objectname)%00%(upstream:track)%00%(upstream:remotename)%00%(upstream:remoteref) refs/heads/main refs/remotes/main [0ms]
2023-03-21 17:34:35.358 [info] > git status -z -uall [13ms]
2023-03-21 17:34:40.369 [info] > git config --get commit.template [3ms]
2023-03-21 17:34:40.369 [info] > git for-each-ref --format=%(refname)%00%(upstream:short)%00%(objectname)%00%(upstream:track)%00%(upstream:remotename)%00%(upstream:remoteref) refs/heads/main refs/remotes/main [0ms]
2023-03-21 17:34:40.384 [info] > git status -z -uall [13ms]
2023-03-21 17:34:42.936 [info] > git ls-files --stage -- /root/deploy/00-deploy-mocks.js [1ms]
2023-03-21 17:34:42.939 [info] > git show --textconv :deploy/00-deploy-mocks.js [6ms]
2023-03-21 17:34:42.940 [info] > git cat-file -s 457b3e6fa66593ea1fcacbebe545cfb1dc677632 [1ms]
2023-03-21 17:34:43.173 [info] > git check-ignore -v -z --stdin [1ms]
2023-03-21 17:34:45.392 [info] > git config --get commit.template [0ms]
2023-03-21 17:34:45.395 [info] > git for-each-ref --format=%(refname)%00%(upstream:short)%00%(objectname)%00%(upstream:track)%00%(upstream:remotename)%00%(upstream:remoteref) refs/heads/main refs/remotes/main [1ms]
2023-03-21 17:34:45.410 [info] > git status -z -uall [13ms]
2023-03-21 17:34:50.418 [info] > git config --get commit.template [2ms]
2023-03-21 17:34:50.419 [info] > git for-each-ref --format=%(refname)%00%(upstream:short)%00%(objectname)%00%(upstream:track)%00%(upstream:remotename)%00%(upstream:remoteref) refs/heads/main refs/remotes/main [0ms]
2023-03-21 17:34:50.434 [info] > git status -z -uall [12ms]
2023-03-21 17:34:55.439 [info] > git config --get commit.template [0ms]
2023-03-21 17:34:55.442 [info] > git for-each-ref --format=%(refname)%00%(upstream:short)%00%(objectname)%00%(upstream:track)%00%(upstream:remotename)%00%(upstream:remoteref) refs/heads/main refs/remotes/main [1ms]
2023-03-21 17:34:55.457 [info] > git status -z -uall [13ms]
2023-03-21 17:35:00.465 [info] > git config --get commit.template [1ms]
2023-03-21 17:35:00.468 [info] > git for-each-ref --format=%(refname)%00%(upstream:short)%00%(objectname)%00%(upstream:track)%00%(upstream:remotename)%00%(upstream:remoteref) refs/heads/main refs/remotes/main [0ms]
2023-03-21 17:35:00.484 [info] > git status -z -uall [13ms]
2023-03-21 17:35:05.492 [info] > git config --get commit.template [1ms]
2023-03-21 17:35:05.495 [info] > git for-each-ref --format=%(refname)%00%(upstream:short)%00%(objectname)%00%(upstream:track)%00%(upstream:remotename)%00%(upstream:remoteref) refs/heads/main refs/remotes/main [1ms]
2023-03-21 17:35:05.510 [info] > git status -z -uall [13ms]
2023-03-21 17:35:10.516 [info] > git config --get commit.template [1ms]
2023-03-21 17:35:10.520 [info] > git for-each-ref --format=%(refname)%00%(upstream:short)%00%(objectname)%00%(upstream:track)%00%(upstream:remotename)%00%(upstream:remoteref) refs/heads/main refs/remotes/main [1ms]
2023-03-21 17:35:10.535 [info] > git status -z -uall [13ms]
2023-03-21 17:35:15.543 [info] > git config --get commit.template [1ms]
2023-03-21 17:35:15.546 [info] > git for-each-ref --format=%(refname)%00%(upstream:short)%00%(objectname)%00%(upstream:track)%00%(upstream:remotename)%00%(upstream:remoteref) refs/heads/main refs/remotes/main [1ms]
2023-03-21 17:35:15.562 [info] > git status -z -uall [14ms]
2023-03-21 17:35:20.569 [info] > git config --get commit.template [1ms]
2023-03-21 17:35:20.572 [info] > git for-each-ref --format=%(refname)%00%(upstream:short)%00%(objectname)%00%(upstream:track)%00%(upstream:remotename)%00%(upstream:remoteref) refs/heads/main refs/remotes/main [1ms]
2023-03-21 17:35:20.587 [info] > git status -z -uall [13ms]
2023-03-21 17:35:25.597 [info] > git config --get commit.template [2ms]
2023-03-21 17:35:25.597 [info] > git for-each-ref --format=%(refname)%00%(upstream:short)%00%(objectname)%00%(upstream:track)%00%(upstream:remotename)%00%(upstream:remoteref) refs/heads/main refs/remotes/main [1ms]
2023-03-21 17:35:25.612 [info] > git status -z -uall [13ms]
2023-03-21 17:35:30.621 [info] > git config --get commit.template [2ms]
2023-03-21 17:35:30.622 [info] > git for-each-ref --format=%(refname)%00%(upstream:short)%00%(objectname)%00%(upstream:track)%00%(upstream:remotename)%00%(upstream:remoteref) refs/heads/main refs/remotes/main [1ms]
2023-03-21 17:35:30.637 [info] > git status -z -uall [13ms]
2023-03-21 17:35:35.646 [info] > git config --get commit.template [2ms]
2023-03-21 17:35:35.647 [info] > git for-each-ref --format=%(refname)%00%(upstream:short)%00%(objectname)%00%(upstream:track)%00%(upstream:remotename)%00%(upstream:remoteref) refs/heads/main refs/remotes/main [1ms]
2023-03-21 17:35:35.662 [info] > git status -z -uall [13ms]
2023-03-21 17:35:40.672 [info] > git config --get commit.template [2ms]
2023-03-21 17:35:40.672 [info] > git for-each-ref --format=%(refname)%00%(upstream:short)%00%(objectname)%00%(upstream:track)%00%(upstream:remotename)%00%(upstream:remoteref) refs/heads/main refs/remotes/main [1ms]
2023-03-21 17:35:40.687 [info] > git status -z -uall [13ms]
2023-03-21 17:35:45.697 [info] > git config --get commit.template [3ms]
2023-03-21 17:35:45.697 [info] > git for-each-ref --format=%(refname)%00%(upstream:short)%00%(objectname)%00%(upstream:track)%00%(upstream:remotename)%00%(upstream:remoteref) refs/heads/main refs/remotes/main [0ms]
2023-03-21 17:35:45.713 [info] > git status -z -uall [13ms]
2023-03-21 17:35:50.723 [info] > git config --get commit.template [2ms]
2023-03-21 17:35:50.724 [info] > git for-each-ref --format=%(refname)%00%(upstream:short)%00%(objectname)%00%(upstream:track)%00%(upstream:remotename)%00%(upstream:remoteref) refs/heads/main refs/remotes/main [1ms]
2023-03-21 17:35:50.739 [info] > git status -z -uall [12ms]
2023-03-21 17:35:55.749 [info] > git config --get commit.template [3ms]
2023-03-21 17:35:55.749 [info] > git for-each-ref --format=%(refname)%00%(upstream:short)%00%(objectname)%00%(upstream:track)%00%(upstream:remotename)%00%(upstream:remoteref) refs/heads/main refs/remotes/main [0ms]
2023-03-21 17:35:55.765 [info] > git status -z -uall [13ms]
2023-03-21 17:36:00.774 [info] > git config --get commit.template [2ms]
2023-03-21 17:36:00.775 [info] > git for-each-ref --format=%(refname)%00%(upstream:short)%00%(objectname)%00%(upstream:track)%00%(upstream:remotename)%00%(upstream:remoteref) refs/heads/main refs/remotes/main [1ms]
2023-03-21 17:36:00.790 [info] > git status -z -uall [12ms]
2023-03-21 17:36:05.799 [info] > git config --get commit.template [2ms]
2023-03-21 17:36:05.800 [info] > git for-each-ref --format=%(refname)%00%(upstream:short)%00%(objectname)%00%(upstream:track)%00%(upstream:remotename)%00%(upstream:remoteref) refs/heads/main refs/remotes/main [1ms]
2023-03-21 17:36:05.815 [info] > git status -z -uall [13ms]
2023-03-21 17:36:11.317 [info] > git config --get commit.template [3ms]
2023-03-21 17:36:11.317 [info] > git for-each-ref --format=%(refname)%00%(upstream:short)%00%(objectname)%00%(upstream:track)%00%(upstream:remotename)%00%(upstream:remoteref) refs/heads/main refs/remotes/main [0ms]
2023-03-21 17:36:11.332 [info] > git status -z -uall [13ms]
2023-03-21 17:36:16.854 [info] > git config --get commit.template [3ms]
2023-03-21 17:36:16.854 [info] > git for-each-ref --format=%(refname)%00%(upstream:short)%00%(objectname)%00%(upstream:track)%00%(upstream:remotename)%00%(upstream:remoteref) refs/heads/main refs/remotes/main [1ms]
2023-03-21 17:36:16.870 [info] > git status -z -uall [13ms]
2023-03-21 17:36:21.880 [info] > git config --get commit.template [3ms]
2023-03-21 17:36:21.880 [info] > git for-each-ref --format=%(refname)%00%(upstream:short)%00%(objectname)%00%(upstream:track)%00%(upstream:remotename)%00%(upstream:remoteref) refs/heads/main refs/remotes/main [0ms]
2023-03-21 17:36:21.896 [info] > git status -z -uall [13ms]
2023-03-21 17:36:26.906 [info] > git config --get commit.template [3ms]
2023-03-21 17:36:26.906 [info] > git for-each-ref --format=%(refname)%00%(upstream:short)%00%(objectname)%00%(upstream:track)%00%(upstream:remotename)%00%(upstream:remoteref) refs/heads/main refs/remotes/main [0ms]
2023-03-21 17:36:26.922 [info] > git status -z -uall [13ms]
2023-03-21 17:36:31.932 [info] > git config --get commit.template [3ms]
2023-03-21 17:36:31.932 [info] > git for-each-ref --format=%(refname)%00%(upstream:short)%00%(objectname)%00%(upstream:track)%00%(upstream:remotename)%00%(upstream:remoteref) refs/heads/main refs/remotes/main [0ms]
2023-03-21 17:36:31.949 [info] > git status -z -uall [13ms]
2023-03-21 17:36:34.772 [info] > git ls-files --stage -- /root/hardhat.config.js [1ms]
2023-03-21 17:36:34.774 [info] > git show --textconv :hardhat.config.js [6ms]
2023-03-21 17:36:34.775 [info] > git cat-file -s aaf7178d7e84e108f82512d09b0b87e19daa9017 [0ms]
2023-03-21 17:36:36.959 [info] > git config --get commit.template [3ms]
2023-03-21 17:36:36.959 [info] > git for-each-ref --format=%(refname)%00%(upstream:short)%00%(objectname)%00%(upstream:track)%00%(upstream:remotename)%00%(upstream:remoteref) refs/heads/main refs/remotes/main [0ms]
2023-03-21 17:36:36.975 [info] > git status -z -uall [13ms]
2023-03-21 17:36:41.983 [info] > git config --get commit.template [3ms]
2023-03-21 17:36:41.983 [info] > git for-each-ref --format=%(refname)%00%(upstream:short)%00%(objectname)%00%(upstream:track)%00%(upstream:remotename)%00%(upstream:remoteref) refs/heads/main refs/remotes/main [0ms]
2023-03-21 17:36:41.999 [info] > git status -z -uall [13ms]
2023-03-21 17:36:47.006 [info] > git config --get commit.template [1ms]
2023-03-21 17:36:47.008 [info] > git for-each-ref --format=%(refname)%00%(upstream:short)%00%(objectname)%00%(upstream:track)%00%(upstream:remotename)%00%(upstream:remoteref) refs/heads/main refs/remotes/main [0ms]
2023-03-21 17:36:47.024 [info] > git status -z -uall [13ms]
2023-03-21 17:36:52.032 [info] > git config --get commit.template [3ms]
2023-03-21 17:36:52.032 [info] > git for-each-ref --format=%(refname)%00%(upstream:short)%00%(objectname)%00%(upstream:track)%00%(upstream:remotename)%00%(upstream:remoteref) refs/heads/main refs/remotes/main [1ms]
2023-03-21 17:36:52.047 [info] > git status -z -uall [13ms]
2023-03-21 17:36:57.056 [info] > git config --get commit.template [3ms]
2023-03-21 17:36:57.057 [info] > git for-each-ref --format=%(refname)%00%(upstream:short)%00%(objectname)%00%(upstream:track)%00%(upstream:remotename)%00%(upstream:remoteref) refs/heads/main refs/remotes/main [1ms]
2023-03-21 17:36:57.072 [info] > git status -z -uall [13ms]
2023-03-21 17:37:02.082 [info] > git config --get commit.template [3ms]
2023-03-21 17:37:02.082 [info] > git for-each-ref --format=%(refname)%00%(upstream:short)%00%(objectname)%00%(upstream:track)%00%(upstream:remotename)%00%(upstream:remoteref) refs/heads/main refs/remotes/main [0ms]
2023-03-21 17:37:02.098 [info] > git status -z -uall [13ms]
2023-03-21 17:37:07.107 [info] > git config --get commit.template [3ms]
2023-03-21 17:37:07.107 [info] > git for-each-ref --format=%(refname)%00%(upstream:short)%00%(objectname)%00%(upstream:track)%00%(upstream:remotename)%00%(upstream:remoteref) refs/heads/main refs/remotes/main [1ms]
2023-03-21 17:37:07.123 [info] > git status -z -uall [14ms]
2023-03-21 17:37:12.132 [info] > git config --get commit.template [3ms]
2023-03-21 17:37:12.132 [info] > git for-each-ref --format=%(refname)%00%(upstream:short)%00%(objectname)%00%(upstream:track)%00%(upstream:remotename)%00%(upstream:remoteref) refs/heads/main refs/remotes/main [1ms]
2023-03-21 17:37:12.147 [info] > git status -z -uall [13ms]
2023-03-21 17:37:17.157 [info] > git config --get commit.template [3ms]
2023-03-21 17:37:17.157 [info] > git for-each-ref --format=%(refname)%00%(upstream:short)%00%(objectname)%00%(upstream:track)%00%(upstream:remotename)%00%(upstream:remoteref) refs/heads/main refs/remotes/main [0ms]
2023-03-21 17:37:17.173 [info] > git status -z -uall [14ms]
2023-03-21 17:37:51.746 [info] > git config --get commit.template [3ms]
2023-03-21 17:37:51.746 [info] > git for-each-ref --format=%(refname)%00%(upstream:short)%00%(objectname)%00%(upstream:track)%00%(upstream:remotename)%00%(upstream:remoteref) refs/heads/main refs/remotes/main [0ms]
2023-03-21 17:37:51.762 [info] > git status -z -uall [14ms]
2023-03-21 17:37:56.771 [info] > git config --get commit.template [2ms]
2023-03-21 17:37:56.773 [info] > git for-each-ref --format=%(refname)%00%(upstream:short)%00%(objectname)%00%(upstream:track)%00%(upstream:remotename)%00%(upstream:remoteref) refs/heads/main refs/remotes/main [0ms]
2023-03-21 17:37:56.788 [info] > git status -z -uall [13ms]
2023-03-21 17:38:01.799 [info] > git config --get commit.template [4ms]
2023-03-21 17:38:01.799 [info] > git for-each-ref --format=%(refname)%00%(upstream:short)%00%(objectname)%00%(upstream:track)%00%(upstream:remotename)%00%(upstream:remoteref) refs/heads/main refs/remotes/main [1ms]
2023-03-21 17:38:01.814 [info] > git status -z -uall [13ms]
2023-03-21 17:38:06.824 [info] > git config --get commit.template [3ms]
2023-03-21 17:38:06.824 [info] > git for-each-ref --format=%(refname)%00%(upstream:short)%00%(objectname)%00%(upstream:track)%00%(upstream:remotename)%00%(upstream:remoteref) refs/heads/main refs/remotes/main [1ms]
2023-03-21 17:38:06.839 [info] > git status -z -uall [13ms]
2023-03-21 17:38:11.849 [info] > git for-each-ref --format=%(refname)%00%(upstream:short)%00%(objectname)%00%(upstream:track)%00%(upstream:remotename)%00%(upstream:remoteref) refs/heads/main refs/remotes/main [1ms]
2023-03-21 17:38:11.849 [info] > git config --get commit.template [3ms]
2023-03-21 17:38:11.865 [info] > git status -z -uall [14ms]
2023-03-21 17:38:16.874 [info] > git config --get commit.template [2ms]
2023-03-21 17:38:16.874 [info] > git for-each-ref --format=%(refname)%00%(upstream:short)%00%(objectname)%00%(upstream:track)%00%(upstream:remotename)%00%(upstream:remoteref) refs/heads/main refs/remotes/main [1ms]
2023-03-21 17:38:16.889 [info] > git status -z -uall [13ms]
2023-03-21 17:38:21.899 [info] > git config --get commit.template [3ms]
2023-03-21 17:38:21.899 [info] > git for-each-ref --format=%(refname)%00%(upstream:short)%00%(objectname)%00%(upstream:track)%00%(upstream:remotename)%00%(upstream:remoteref) refs/heads/main refs/remotes/main [0ms]
2023-03-21 17:38:21.914 [info] > git status -z -uall [13ms]
2023-03-21 17:38:26.923 [info] > git config --get commit.template [3ms]
2023-03-21 17:38:26.923 [info] > git for-each-ref --format=%(refname)%00%(upstream:short)%00%(objectname)%00%(upstream:track)%00%(upstream:remotename)%00%(upstream:remoteref) refs/heads/main refs/remotes/main [0ms]
2023-03-21 17:38:26.939 [info] > git status -z -uall [13ms]
2023-03-21 17:38:31.950 [info] > git config --get commit.template [2ms]
2023-03-21 17:38:31.950 [info] > git for-each-ref --format=%(refname)%00%(upstream:short)%00%(objectname)%00%(upstream:track)%00%(upstream:remotename)%00%(upstream:remoteref) refs/heads/main refs/remotes/main [1ms]
2023-03-21 17:38:31.965 [info] > git status -z -uall [13ms]
2023-03-21 17:38:36.975 [info] > git config --get commit.template [2ms]
2023-03-21 17:38:36.977 [info] > git for-each-ref --format=%(refname)%00%(upstream:short)%00%(objectname)%00%(upstream:track)%00%(upstream:remotename)%00%(upstream:remoteref) refs/heads/main refs/remotes/main [0ms]
2023-03-21 17:38:36.993 [info] > git status -z -uall [13ms]
2023-03-21 18:13:48.167 [info] > git config --get commit.template [9ms]
2023-03-21 18:13:48.168 [info] > git for-each-ref --format=%(refname)%00%(upstream:short)%00%(objectname)%00%(upstream:track)%00%(upstream:remotename)%00%(upstream:remoteref) refs/heads/main refs/remotes/main [1ms]
2023-03-21 18:13:48.192 [info] > git status -z -uall [15ms]
