[Info  - 2:35:37 PM] Solidity by Nomic Foundation Starting ...
[Info  - 2:35:37 PM] env: production
[Info  - 2:35:37 PM] Client starting
[Info  - 2:35:38 PM] Language server starting
[Info  - 2:35:38 PM]   Release: hardhat-solidity@0.6.11
[Info  - 2:35:38 PM]   Environment: production
[Info  - 2:35:38 PM]   Telemetry Enabled: false
[Info  - 2:35:38 PM]   Telemetry Tracking Id: 0067dfea6e...
[Info  - 2:35:38 PM]   Workspace Folders:
[Info  - 2:35:38 PM]     root (file:///root)
[Info  - 2:35:38 PM] Fetching latest solidity versions
[Info  - 2:35:38 PM] Language server ready
[Info  - 2:35:38 PM] [indexing] Found projects:
[Info  - 2:35:38 PM] [indexing] -  Type: Hardhat
[Info  - 2:35:38 PM] [indexing]    Base path: /root
[Info  - 2:35:38 PM] [indexing]    Config file: /root/hardhat.config.js
[Info  - 2:35:38 PM] [indexing] -  Type: Hardhat
[Info  - 2:35:38 PM] [indexing]    Base path: /root/folder/hardhat-simple-storage-fcc
[Info  - 2:35:38 PM] [indexing]    Config file: /root/folder/hardhat-simple-storage-fcc/hardhat.config.js
[Info  - 2:35:38 PM] [indexing] Initializing /root/hardhat.config.js
[Error - 2:35:39 PM] [root] "Error loading HRE: HardhatError: HH8: There's one or more errors in your config file:\n\n  * Invalid value undefined for HardhatConfig.networks.goerli.url - Expected a value of type string.\n  * Invalid account: #0 for network: goerli - Expected string, received undefined\n\nTo learn more about Hardhat's configuration, please go to https://hardhat.org/config/"
[Info  - 2:35:39 PM] [root] Child process exited: 1
[Info  - 2:35:39 PM] [indexing] Done /root/hardhat.config.js
[Info  - 2:35:39 PM] [indexing] Initializing /root/folder/hardhat-simple-storage-fcc/hardhat.config.js
[Info  - 2:35:40 PM] [hardhat-simple-storage-fcc] Local HRE loaded
[Info  - 2:35:40 PM] [indexing] Done /root/folder/hardhat-simple-storage-fcc/hardhat.config.js
[Info  - 2:35:40 PM] [indexing] Scanning workspace folders for sol files
[Info  - 2:35:40 PM] [indexing] Scan complete, 989 sol files found
[Info  - 2:35:40 PM] [indexing] Analyzing 989 solidity files
[Info  - 2:36:09 PM] Telemetry disabled
