2023-02-25 14:35:30.473 [info] Log level: Info
2023-02-25 14:35:30.473 [info] Validating found git in: "git"
2023-02-25 14:35:30.473 [info] Using git "2.34.1" from "git"
2023-02-25 14:35:30.476 [info] > git rev-parse --show-toplevel [14ms]
2023-02-25 14:35:30.476 [info] fatal: not a git repository (or any of the parent directories): .git
2023-02-25 14:35:30.482 [info] > git rev-parse --show-toplevel [4ms]
2023-02-25 14:35:30.482 [info] fatal: not a git repository (or any of the parent directories): .git
2023-02-25 14:35:30.485 [info] > git rev-parse --show-toplevel [0ms]
2023-02-25 14:35:30.485 [info] fatal: not a git repository (or any of the parent directories): .git
2023-02-25 14:35:30.488 [info] > git rev-parse --show-toplevel [1ms]
2023-02-25 14:35:30.488 [info] fatal: not a git repository (or any of the parent directories): .git
2023-02-25 14:35:30.491 [info] > git rev-parse --show-toplevel [1ms]
2023-02-25 14:35:30.494 [info] > git rev-parse --git-dir --git-common-dir [1ms]
2023-02-25 14:35:30.500 [info] Open repository: /root/folder/hardhat-simple-storage-fcc
2023-02-25 14:35:30.508 [info] > git rev-parse --show-toplevel [5ms]
2023-02-25 14:35:30.508 [info] fatal: not a git repository (or any of the parent directories): .git
2023-02-25 14:35:30.515 [info] > git config --get commit.template [8ms]
2023-02-25 14:35:30.520 [info] > git for-each-ref --format=%(refname)%00%(upstream:short)%00%(objectname)%00%(upstream:track)%00%(upstream:remotename)%00%(upstream:remoteref) refs/heads/main refs/remotes/main [1ms]
2023-02-25 14:35:30.526 [info] > git status -z -uall [3ms]
2023-02-25 14:35:30.526 [info] > git for-each-ref --sort -committerdate --format %(refname) %(objectname) %(*objectname) [1ms]
2023-02-25 14:35:30.616 [info] > git config --get commit.template [11ms]
2023-02-25 14:35:30.641 [info] > git for-each-ref --format=%(refname)%00%(upstream:short)%00%(objectname)%00%(upstream:track)%00%(upstream:remotename)%00%(upstream:remoteref) refs/heads/main refs/remotes/main [1ms]
2023-02-25 14:35:30.648 [info] > git status -z -uall [5ms]
2023-02-25 14:35:30.649 [info] > git for-each-ref --sort -committerdate --format %(refname) %(objectname) %(*objectname) [2ms]
2023-02-25 14:35:31.030 [info] > git check-ignore -v -z --stdin [1ms]
