2023-03-05 21:33:56.535 [info] Log level: Info
2023-03-05 21:33:56.535 [info] Validating found git in: "git"
2023-03-05 21:33:56.535 [info] Using git "2.34.1" from "git"
2023-03-05 21:33:56.538 [info] > git rev-parse --show-toplevel [29ms]
2023-03-05 21:33:56.566 [info] > git rev-parse --git-dir --git-common-dir [12ms]
2023-03-05 21:33:56.575 [info] Open repository: /root
2023-03-05 21:33:56.590 [info] > git rev-parse --show-toplevel [8ms]
2023-03-05 21:33:56.616 [info] > git rev-parse --show-toplevel [22ms]
2023-03-05 21:33:56.621 [info] > git config --get commit.template [32ms]
2023-03-05 21:33:56.751 [info] > git rev-parse --show-toplevel [131ms]
2023-03-05 21:33:56.781 [info] > git rev-parse --show-toplevel [25ms]
2023-03-05 21:33:56.899 [info] > git rev-parse --show-toplevel [111ms]
2023-03-05 21:33:56.904 [info] > git for-each-ref --format=%(refname)%00%(upstream:short)%00%(objectname)%00%(upstream:track)%00%(upstream:remotename)%00%(upstream:remoteref) refs/heads/main refs/remotes/main [127ms]
2023-03-05 21:33:56.911 [info] > git rev-parse --show-toplevel [7ms]
2023-03-05 21:33:56.917 [info] > git rev-parse --show-toplevel [1ms]
2023-03-05 21:33:56.923 [info] > git rev-parse --git-dir --git-common-dir [1ms]
2023-03-05 21:33:56.927 [info] Open repository: /root/.nvm
2023-03-05 21:33:56.943 [info] > git rev-parse --show-toplevel [10ms]
2023-03-05 21:33:56.952 [info] > git config --get commit.template [11ms]
2023-03-05 21:33:56.953 [info] > git rev-parse --show-toplevel [3ms]
2023-03-05 21:33:56.964 [info] > git rev-parse --show-toplevel [7ms]
2023-03-05 21:33:56.971 [info] > git status -z -uall [63ms]
2023-03-05 21:33:57.031 [info] > git for-each-ref --format %(refname) %(objectname) %(*objectname) refs/tags [68ms]
2023-03-05 21:33:57.059 [info] > git rev-parse --show-toplevel [88ms]
2023-03-05 21:33:57.073 [info] > git status -z -uall [39ms]
2023-03-05 21:33:57.078 [info] > git rev-parse --show-toplevel [13ms]
2023-03-05 21:33:57.085 [info] > git config --get commit.template [44ms]
2023-03-05 21:33:57.290 [info] > git rev-parse --show-toplevel [205ms]
2023-03-05 21:33:57.307 [info] > git rev-parse --git-dir --git-common-dir [12ms]
2023-03-05 21:33:57.311 [info] Open repository: /root/hardhat-simple-storage-fcc
2023-03-05 21:33:57.317 [info] > git config --get commit.template [35ms]
2023-03-05 21:33:57.322 [info] > git check-ignore -v -z --stdin [23ms]
2023-03-05 21:33:57.323 [info] > git rev-parse --show-toplevel [7ms]
2023-03-05 21:33:57.327 [info] > git for-each-ref --format=%(refname)%00%(upstream:short)%00%(objectname)%00%(upstream:track)%00%(upstream:remotename)%00%(upstream:remoteref) refs/heads/main refs/remotes/main [22ms]
2023-03-05 21:33:57.337 [info] > git rev-parse --show-toplevel [10ms]
2023-03-05 21:33:57.351 [info] > git config --get commit.template [29ms]
2023-03-05 21:33:57.353 [info] > git show --textconv :deploy/01-deploy-fund-me.js [8ms]
2023-03-05 21:33:57.353 [info] > git ls-files --stage -- /root/deploy/01-deploy-fund-me.js [3ms]
2023-03-05 21:33:57.360 [info] > git for-each-ref --format %(refname) %(objectname) %(*objectname) refs/tags [23ms]
2023-03-05 21:33:57.368 [info] > git status -z -uall [37ms]
2023-03-05 21:33:57.368 [info] > git status -z -uall [4ms]
2023-03-05 21:33:57.369 [info] > git cat-file -s 8df4b9f75e05fea50def9dcf11221b3c13229024 [11ms]
2023-03-05 21:33:57.410 [info] > git for-each-ref --format=%(refname)%00%(upstream:short)%00%(objectname)%00%(upstream:track)%00%(upstream:remotename)%00%(upstream:remoteref) refs/heads/main refs/remotes/main [43ms]
2023-03-05 21:33:57.417 [info] > git status -z -uall [2ms]
2023-03-05 21:33:57.857 [info] > git check-ignore -v -z --stdin [1ms]
2023-03-05 21:34:02.512 [info] > git config --get commit.template [3ms]
2023-03-05 21:34:02.513 [info] > git for-each-ref --format=%(refname)%00%(upstream:short)%00%(objectname)%00%(upstream:track)%00%(upstream:remotename)%00%(upstream:remoteref) refs/heads/main refs/remotes/main [0ms]
2023-03-05 21:34:02.530 [info] > git status -z -uall [15ms]
2023-03-05 21:34:07.559 [info] > git config --get commit.template [0ms]
2023-03-05 21:34:07.562 [info] > git for-each-ref --format=%(refname)%00%(upstream:short)%00%(objectname)%00%(upstream:track)%00%(upstream:remotename)%00%(upstream:remoteref) refs/heads/main refs/remotes/main [0ms]
2023-03-05 21:34:07.581 [info] > git status -z -uall [15ms]
2023-03-05 21:34:12.607 [info] > git config --get commit.template [1ms]
2023-03-05 21:34:12.610 [info] > git for-each-ref --format=%(refname)%00%(upstream:short)%00%(objectname)%00%(upstream:track)%00%(upstream:remotename)%00%(upstream:remoteref) refs/heads/main refs/remotes/main [1ms]
2023-03-05 21:34:12.628 [info] > git status -z -uall [15ms]
2023-03-05 21:34:17.662 [info] > git config --get commit.template [1ms]
2023-03-05 21:34:17.670 [info] > git for-each-ref --format=%(refname)%00%(upstream:short)%00%(objectname)%00%(upstream:track)%00%(upstream:remotename)%00%(upstream:remoteref) refs/heads/main refs/remotes/main [0ms]
2023-03-05 21:34:17.696 [info] > git status -z -uall [16ms]
2023-03-05 21:34:22.732 [info] > git config --get commit.template [5ms]
2023-03-05 21:34:22.732 [info] > git for-each-ref --format=%(refname)%00%(upstream:short)%00%(objectname)%00%(upstream:track)%00%(upstream:remotename)%00%(upstream:remoteref) refs/heads/main refs/remotes/main [0ms]
2023-03-05 21:34:22.751 [info] > git status -z -uall [16ms]
2023-03-05 21:34:27.777 [info] > git config --get commit.template [0ms]
2023-03-05 21:34:27.780 [info] > git for-each-ref --format=%(refname)%00%(upstream:short)%00%(objectname)%00%(upstream:track)%00%(upstream:remotename)%00%(upstream:remoteref) refs/heads/main refs/remotes/main [0ms]
2023-03-05 21:34:27.798 [info] > git status -z -uall [14ms]
2023-03-05 21:34:32.826 [info] > git config --get commit.template [2ms]
2023-03-05 21:34:32.829 [info] > git for-each-ref --format=%(refname)%00%(upstream:short)%00%(objectname)%00%(upstream:track)%00%(upstream:remotename)%00%(upstream:remoteref) refs/heads/main refs/remotes/main [1ms]
2023-03-05 21:34:32.847 [info] > git status -z -uall [14ms]
2023-03-05 21:34:37.876 [info] > git config --get commit.template [3ms]
2023-03-05 21:34:37.876 [info] > git for-each-ref --format=%(refname)%00%(upstream:short)%00%(objectname)%00%(upstream:track)%00%(upstream:remotename)%00%(upstream:remoteref) refs/heads/main refs/remotes/main [1ms]
2023-03-05 21:34:37.895 [info] > git status -z -uall [16ms]
2023-03-05 21:34:42.924 [info] > git config --get commit.template [3ms]
2023-03-05 21:34:42.924 [info] > git for-each-ref --format=%(refname)%00%(upstream:short)%00%(objectname)%00%(upstream:track)%00%(upstream:remotename)%00%(upstream:remoteref) refs/heads/main refs/remotes/main [1ms]
2023-03-05 21:34:42.941 [info] > git status -z -uall [14ms]
2023-03-05 21:34:47.971 [info] > git config --get commit.template [3ms]
2023-03-05 21:34:47.971 [info] > git for-each-ref --format=%(refname)%00%(upstream:short)%00%(objectname)%00%(upstream:track)%00%(upstream:remotename)%00%(upstream:remoteref) refs/heads/main refs/remotes/main [0ms]
2023-03-05 21:34:47.989 [info] > git status -z -uall [15ms]
2023-03-05 21:56:44.307 [info] > git config --get commit.template [1ms]
2023-03-05 21:56:44.311 [info] > git for-each-ref --format=%(refname)%00%(upstream:short)%00%(objectname)%00%(upstream:track)%00%(upstream:remotename)%00%(upstream:remoteref) refs/heads/main refs/remotes/main [1ms]
2023-03-05 21:56:44.330 [info] > git status -z -uall [16ms]
